2018-04-08 12:03:24,051 MCT_Register INFO     ###### START MCT_REGISTER ######

2018-04-08 12:03:39,819 MCT_Register INFO     MSG RECEIVED FROM DISPATCH: 1002
2018-04-08 12:03:39,857 MCT_Register INFO     PLAYER ID NOT REGISTERED: playerVirtual1
2018-04-08 12:03:39,865 MCT_Register INFO     playerVirtual1 register 1
2018-04-08 12:03:39,916 MCT_Register INFO     ------------------------------------------

2018-04-08 12:03:40,009 MCT_Register INFO     MSG RECEIVED FROM DISPATCH: 1002
2018-04-08 12:03:40,014 MCT_Register INFO     PLAYER ID NOT REGISTERED: playerVirtual4
2018-04-08 12:03:40,064 MCT_Register INFO     playerVirtual4 register 1
2018-04-08 12:03:40,133 MCT_Register INFO     ------------------------------------------

2018-04-08 12:03:40,134 MCT_Register INFO     MSG RECEIVED FROM DISPATCH: 1002
2018-04-08 12:03:40,140 MCT_Register INFO     PLAYER ID NOT REGISTERED: playerVirtual8
2018-04-08 12:03:40,353 MCT_Register INFO     playerVirtual8 register 1
2018-04-08 12:03:40,396 MCT_Register INFO     ------------------------------------------

2018-04-08 12:03:40,498 MCT_Register INFO     MSG RECEIVED FROM DISPATCH: 1002
2018-04-08 12:03:40,505 MCT_Register INFO     PLAYER ID NOT REGISTERED: playerVirtual2
2018-04-08 12:03:40,577 MCT_Register INFO     playerVirtual2 register 1
2018-04-08 12:03:40,633 MCT_Register INFO     ------------------------------------------

2018-04-08 12:03:40,633 MCT_Register INFO     MSG RECEIVED FROM DISPATCH: 1002
2018-04-08 12:03:40,644 MCT_Register INFO     PLAYER ID NOT REGISTERED: playerVirtual3
2018-04-08 12:03:40,699 MCT_Register INFO     playerVirtual3 register 1
2018-04-08 12:03:40,758 MCT_Register INFO     ------------------------------------------

2018-04-08 12:03:40,862 MCT_Register INFO     MSG RECEIVED FROM DISPATCH: 1002
2018-04-08 12:03:40,870 MCT_Register INFO     PLAYER ID NOT REGISTERED: playerVirtual6
2018-04-08 12:03:40,875 MCT_Register INFO     playerVirtual6 register 1
2018-04-08 12:03:40,923 MCT_Register INFO     ------------------------------------------

2018-04-08 12:03:41,024 MCT_Register INFO     MSG RECEIVED FROM DISPATCH: 1002
2018-04-08 12:03:41,032 MCT_Register INFO     PLAYER ID NOT REGISTERED: playerVirtual5
2018-04-08 12:03:41,174 MCT_Register INFO     playerVirtual5 register 1
2018-04-08 12:03:41,227 MCT_Register INFO     ------------------------------------------

2018-04-08 12:03:41,482 MCT_Register INFO     MSG RECEIVED FROM DISPATCH: 1002
2018-04-08 12:03:41,489 MCT_Register INFO     PLAYER ID NOT REGISTERED: playerVirtual9
2018-04-08 12:03:41,719 MCT_Register INFO     playerVirtual9 register 1
2018-04-08 12:03:41,764 MCT_Register INFO     ------------------------------------------

2018-04-08 12:03:41,885 MCT_Register INFO     MSG RECEIVED FROM DISPATCH: 1002
2018-04-08 12:03:41,890 MCT_Register INFO     PLAYER ID NOT REGISTERED: playerVirtual7
2018-04-08 12:03:42,118 MCT_Register INFO     playerVirtual7 register 1
2018-04-08 12:03:42,165 MCT_Register INFO     ------------------------------------------

2018-04-08 12:03:42,312 MCT_Register INFO     MSG RECEIVED FROM DISPATCH: 1002
2018-04-08 12:03:42,324 MCT_Register INFO     PLAYER ID NOT REGISTERED: playerVirtual0
2018-04-08 12:03:42,331 MCT_Register INFO     playerVirtual0 register 1
2018-04-08 12:03:42,376 MCT_Register INFO     ------------------------------------------

2018-04-08 12:08:48,418 MCT_Register INFO     MSG RECEIVED FROM DISPATCH: 1002
2018-04-08 12:08:48,427 MCT_Register INFO     PLAYER ID NOT REGISTERED: playerVirtual10
2018-04-08 12:08:48,467 MCT_Register INFO     playerVirtual10 register 1
2018-04-08 12:08:48,522 MCT_Register INFO     ------------------------------------------

2018-04-08 12:13:43,424 MCT_Register INFO     MSG RECEIVED FROM DISPATCH: 1002
2018-04-08 12:13:43,433 MCT_Register INFO     PLAYER ID NOT REGISTERED: playerVirtual11
2018-04-08 12:13:43,687 MCT_Register INFO     playerVirtual11 register 1
2018-04-08 12:13:43,731 MCT_Register INFO     ------------------------------------------

2018-04-08 12:18:48,941 MCT_Register INFO     MSG RECEIVED FROM DISPATCH: 1002
2018-04-08 12:18:48,952 MCT_Register INFO     PLAYER ID NOT REGISTERED: playerVirtual12
2018-04-08 12:18:48,969 MCT_Register INFO     playerVirtual12 register 1
2018-04-08 12:18:49,026 MCT_Register INFO     ------------------------------------------

2018-04-08 12:23:48,614 MCT_Register INFO     MSG RECEIVED FROM DISPATCH: 1002
2018-04-08 12:23:48,620 MCT_Register INFO     PLAYER ID NOT REGISTERED: playerVirtual13
2018-04-08 12:23:48,625 MCT_Register INFO     playerVirtual13 register 1
2018-04-08 12:23:48,673 MCT_Register INFO     ------------------------------------------

2018-04-08 12:28:43,735 MCT_Register INFO     MSG RECEIVED FROM DISPATCH: 1002
2018-04-08 12:28:43,742 MCT_Register INFO     PLAYER ID NOT REGISTERED: playerVirtual14
2018-04-08 12:28:43,746 MCT_Register INFO     playerVirtual14 register 1
2018-04-08 12:28:43,795 MCT_Register INFO     ------------------------------------------

2018-04-08 12:33:44,238 MCT_Register INFO     MSG RECEIVED FROM DISPATCH: 1002
2018-04-08 12:33:44,246 MCT_Register INFO     PLAYER ID NOT REGISTERED: playerVirtual15
2018-04-08 12:33:44,251 MCT_Register INFO     playerVirtual15 register 1
2018-04-08 12:33:44,298 MCT_Register INFO     ------------------------------------------

2018-04-08 12:38:49,779 MCT_Register INFO     MSG RECEIVED FROM DISPATCH: 1002
2018-04-08 12:38:49,796 MCT_Register INFO     PLAYER ID NOT REGISTERED: playerVirtual16
2018-04-08 12:38:49,861 MCT_Register INFO     playerVirtual16 register 1
2018-04-08 12:38:49,907 MCT_Register INFO     ------------------------------------------

2018-04-08 12:43:49,577 MCT_Register INFO     MSG RECEIVED FROM DISPATCH: 1002
2018-04-08 12:43:49,587 MCT_Register INFO     PLAYER ID NOT REGISTERED: playerVirtual17
2018-04-08 12:43:49,595 MCT_Register INFO     playerVirtual17 register 1
2018-04-08 12:43:49,654 MCT_Register INFO     ------------------------------------------

2018-04-08 12:48:48,243 MCT_Register INFO     MSG RECEIVED FROM DISPATCH: 1002
2018-04-08 12:48:48,253 MCT_Register INFO     PLAYER ID NOT REGISTERED: playerVirtual18
2018-04-08 12:48:48,258 MCT_Register INFO     playerVirtual18 register 1
2018-04-08 12:48:48,306 MCT_Register INFO     ------------------------------------------

2018-04-08 12:53:46,151 MCT_Register INFO     MSG RECEIVED FROM DISPATCH: 1002
2018-04-08 12:53:46,159 MCT_Register INFO     PLAYER ID NOT REGISTERED: playerVirtual19
2018-04-08 12:53:46,619 MCT_Register INFO     playerVirtual19 register 1
2018-04-08 12:53:46,669 MCT_Register INFO     ------------------------------------------

2018-04-08 12:58:47,889 MCT_Register INFO     MSG RECEIVED FROM DISPATCH: 1002
2018-04-08 12:58:47,899 MCT_Register INFO     PLAYER ID NOT REGISTERED: playerVirtual20
2018-04-08 12:58:47,907 MCT_Register INFO     playerVirtual20 register 1
2018-04-08 12:58:47,964 MCT_Register INFO     ------------------------------------------

2018-04-08 13:03:47,223 MCT_Register INFO     MSG RECEIVED FROM DISPATCH: 1002
2018-04-08 13:03:47,232 MCT_Register INFO     PLAYER ID NOT REGISTERED: playerVirtual21
2018-04-08 13:03:47,237 MCT_Register INFO     playerVirtual21 register 1
2018-04-08 13:03:47,283 MCT_Register INFO     ------------------------------------------

2018-04-08 13:08:50,304 MCT_Register INFO     MSG RECEIVED FROM DISPATCH: 1002
2018-04-08 13:08:50,315 MCT_Register INFO     PLAYER ID NOT REGISTERED: playerVirtual22
2018-04-08 13:08:50,322 MCT_Register INFO     playerVirtual22 register 1
2018-04-08 13:08:50,374 MCT_Register INFO     ------------------------------------------

2018-04-08 13:13:52,167 MCT_Register INFO     MSG RECEIVED FROM DISPATCH: 1002
2018-04-08 13:13:52,176 MCT_Register INFO     PLAYER ID NOT REGISTERED: playerVirtual23
2018-04-08 13:13:52,183 MCT_Register INFO     playerVirtual23 register 1
2018-04-08 13:13:52,228 MCT_Register INFO     ------------------------------------------

2018-04-08 13:18:44,622 MCT_Register INFO     MSG RECEIVED FROM DISPATCH: 1002
2018-04-08 13:18:44,634 MCT_Register INFO     PLAYER ID NOT REGISTERED: playerVirtual24
2018-04-08 13:18:44,642 MCT_Register INFO     playerVirtual24 register 1
2018-04-08 13:18:44,695 MCT_Register INFO     ------------------------------------------

2018-04-08 13:23:45,979 MCT_Register INFO     MSG RECEIVED FROM DISPATCH: 1002
2018-04-08 13:23:45,990 MCT_Register INFO     PLAYER ID NOT REGISTERED: playerVirtual25
2018-04-08 13:23:45,996 MCT_Register INFO     playerVirtual25 register 1
2018-04-08 13:23:46,043 MCT_Register INFO     ------------------------------------------

2018-04-08 13:28:48,614 MCT_Register INFO     MSG RECEIVED FROM DISPATCH: 1002
2018-04-08 13:28:48,621 MCT_Register INFO     PLAYER ID NOT REGISTERED: playerVirtual26
2018-04-08 13:28:48,626 MCT_Register INFO     playerVirtual26 register 1
2018-04-08 13:28:48,674 MCT_Register INFO     ------------------------------------------

2018-04-08 13:33:48,383 MCT_Register INFO     MSG RECEIVED FROM DISPATCH: 1002
2018-04-08 13:33:48,391 MCT_Register INFO     PLAYER ID NOT REGISTERED: playerVirtual27
2018-04-08 13:33:48,464 MCT_Register INFO     playerVirtual27 register 1
2018-04-08 13:33:48,515 MCT_Register INFO     ------------------------------------------

2018-04-08 13:38:47,530 MCT_Register INFO     MSG RECEIVED FROM DISPATCH: 1002
2018-04-08 13:38:47,536 MCT_Register INFO     PLAYER ID NOT REGISTERED: playerVirtual28
2018-04-08 13:38:47,561 MCT_Register INFO     playerVirtual28 register 1
2018-04-08 13:38:47,615 MCT_Register INFO     ------------------------------------------

2018-04-08 13:43:49,347 MCT_Register INFO     MSG RECEIVED FROM DISPATCH: 1002
2018-04-08 13:43:49,354 MCT_Register INFO     PLAYER ID NOT REGISTERED: playerVirtual29
2018-04-08 13:43:49,357 MCT_Register INFO     playerVirtual29 register 1
2018-04-08 13:43:49,409 MCT_Register INFO     ------------------------------------------

2018-04-08 13:48:48,817 MCT_Register INFO     MSG RECEIVED FROM DISPATCH: 1002
2018-04-08 13:48:48,824 MCT_Register INFO     PLAYER ID NOT REGISTERED: playerVirtual30
2018-04-08 13:48:48,830 MCT_Register INFO     playerVirtual30 register 1
2018-04-08 13:48:48,886 MCT_Register INFO     ------------------------------------------

2018-04-08 13:53:45,526 MCT_Register INFO     MSG RECEIVED FROM DISPATCH: 1002
2018-04-08 13:53:45,532 MCT_Register INFO     PLAYER ID NOT REGISTERED: playerVirtual31
2018-04-08 13:53:45,542 MCT_Register INFO     playerVirtual31 register 1
2018-04-08 13:53:45,592 MCT_Register INFO     ------------------------------------------

2018-04-08 13:58:50,418 MCT_Register INFO     MSG RECEIVED FROM DISPATCH: 1002
2018-04-08 13:58:50,426 MCT_Register INFO     PLAYER ID NOT REGISTERED: playerVirtual32
2018-04-08 13:58:50,433 MCT_Register INFO     playerVirtual32 register 1
2018-04-08 13:58:50,487 MCT_Register INFO     ------------------------------------------

2018-04-08 14:03:49,943 MCT_Register INFO     MSG RECEIVED FROM DISPATCH: 1002
2018-04-08 14:03:49,950 MCT_Register INFO     PLAYER ID NOT REGISTERED: playerVirtual33
2018-04-08 14:03:49,982 MCT_Register INFO     playerVirtual33 register 1
2018-04-08 14:03:50,031 MCT_Register INFO     ------------------------------------------

2018-04-08 14:08:48,571 MCT_Register INFO     MSG RECEIVED FROM DISPATCH: 1002
2018-04-08 14:08:48,576 MCT_Register INFO     PLAYER ID NOT REGISTERED: playerVirtual34
2018-04-08 14:08:48,581 MCT_Register INFO     playerVirtual34 register 1
2018-04-08 14:08:48,633 MCT_Register INFO     ------------------------------------------

2018-04-08 14:13:46,928 MCT_Register INFO     MSG RECEIVED FROM DISPATCH: 1002
2018-04-08 14:13:46,935 MCT_Register INFO     PLAYER ID NOT REGISTERED: playerVirtual35
2018-04-08 14:13:47,090 MCT_Register INFO     playerVirtual35 register 1
2018-04-08 14:13:47,153 MCT_Register INFO     ------------------------------------------

2018-04-08 14:18:49,015 MCT_Register INFO     MSG RECEIVED FROM DISPATCH: 1002
2018-04-08 14:18:49,026 MCT_Register INFO     PLAYER ID NOT REGISTERED: playerVirtual36
2018-04-08 14:18:49,069 MCT_Register INFO     playerVirtual36 register 1
2018-04-08 14:18:49,139 MCT_Register INFO     ------------------------------------------

2018-04-08 14:23:45,265 MCT_Register INFO     MSG RECEIVED FROM DISPATCH: 1002
2018-04-08 14:23:45,273 MCT_Register INFO     PLAYER ID NOT REGISTERED: playerVirtual37
2018-04-08 14:23:45,288 MCT_Register INFO     playerVirtual37 register 1
2018-04-08 14:23:45,337 MCT_Register INFO     ------------------------------------------

2018-04-08 14:28:46,064 MCT_Register INFO     MSG RECEIVED FROM DISPATCH: 1002
2018-04-08 14:28:46,072 MCT_Register INFO     PLAYER ID NOT REGISTERED: playerVirtual38
2018-04-08 14:28:46,078 MCT_Register INFO     playerVirtual38 register 1
2018-04-08 14:28:46,140 MCT_Register INFO     ------------------------------------------

2018-04-08 14:33:49,664 MCT_Register INFO     MSG RECEIVED FROM DISPATCH: 1002
2018-04-08 14:33:49,670 MCT_Register INFO     PLAYER ID NOT REGISTERED: playerVirtual39
2018-04-08 14:33:49,676 MCT_Register INFO     playerVirtual39 register 1
2018-04-08 14:33:49,725 MCT_Register INFO     ------------------------------------------

2018-04-08 14:38:47,968 MCT_Register INFO     MSG RECEIVED FROM DISPATCH: 1002
2018-04-08 14:38:47,974 MCT_Register INFO     PLAYER ID NOT REGISTERED: playerVirtual40
2018-04-08 14:38:47,997 MCT_Register INFO     playerVirtual40 register 1
2018-04-08 14:38:48,041 MCT_Register INFO     ------------------------------------------

2018-04-08 14:43:53,343 MCT_Register INFO     MSG RECEIVED FROM DISPATCH: 1002
2018-04-08 14:43:53,347 MCT_Register INFO     PLAYER ID NOT REGISTERED: playerVirtual41
2018-04-08 14:43:53,351 MCT_Register INFO     playerVirtual41 register 1
2018-04-08 14:43:53,396 MCT_Register INFO     ------------------------------------------

2018-04-08 14:48:57,657 MCT_Register INFO     MSG RECEIVED FROM DISPATCH: 1002
2018-04-08 14:48:57,661 MCT_Register INFO     PLAYER ID NOT REGISTERED: playerVirtual42
2018-04-08 14:48:57,783 MCT_Register INFO     playerVirtual42 register 1
2018-04-08 14:48:57,850 MCT_Register INFO     ------------------------------------------

2018-04-08 14:53:51,574 MCT_Register INFO     MSG RECEIVED FROM DISPATCH: 1002
2018-04-08 14:53:51,581 MCT_Register INFO     PLAYER ID NOT REGISTERED: playerVirtual43
2018-04-08 14:53:51,591 MCT_Register INFO     playerVirtual43 register 1
2018-04-08 14:53:51,652 MCT_Register INFO     ------------------------------------------

2018-04-08 14:58:47,337 MCT_Register INFO     MSG RECEIVED FROM DISPATCH: 1002
2018-04-08 14:58:47,343 MCT_Register INFO     PLAYER ID NOT REGISTERED: playerVirtual44
2018-04-08 14:58:47,348 MCT_Register INFO     playerVirtual44 register 1
2018-04-08 14:58:47,399 MCT_Register INFO     ------------------------------------------

2018-04-08 15:03:50,492 MCT_Register INFO     MSG RECEIVED FROM DISPATCH: 1002
2018-04-08 15:03:50,504 MCT_Register INFO     PLAYER ID NOT REGISTERED: playerVirtual45
2018-04-08 15:03:50,520 MCT_Register INFO     playerVirtual45 register 1
2018-04-08 15:03:50,570 MCT_Register INFO     ------------------------------------------

2018-04-08 15:08:49,345 MCT_Register INFO     MSG RECEIVED FROM DISPATCH: 1002
2018-04-08 15:08:49,350 MCT_Register INFO     PLAYER ID NOT REGISTERED: playerVirtual46
2018-04-08 15:08:49,357 MCT_Register INFO     playerVirtual46 register 1
2018-04-08 15:08:49,405 MCT_Register INFO     ------------------------------------------

2018-04-08 15:13:54,342 MCT_Register INFO     MSG RECEIVED FROM DISPATCH: 1002
2018-04-08 15:13:54,347 MCT_Register INFO     PLAYER ID NOT REGISTERED: playerVirtual47
2018-04-08 15:13:54,357 MCT_Register INFO     playerVirtual47 register 1
2018-04-08 15:13:54,408 MCT_Register INFO     ------------------------------------------

2018-04-08 15:18:50,407 MCT_Register INFO     MSG RECEIVED FROM DISPATCH: 1002
2018-04-08 15:18:50,416 MCT_Register INFO     PLAYER ID NOT REGISTERED: playerVirtual48
2018-04-08 15:18:50,421 MCT_Register INFO     playerVirtual48 register 1
2018-04-08 15:18:50,475 MCT_Register INFO     ------------------------------------------

2018-04-08 15:23:45,992 MCT_Register INFO     MSG RECEIVED FROM DISPATCH: 1002
2018-04-08 15:23:45,999 MCT_Register INFO     PLAYER ID NOT REGISTERED: playerVirtual49
2018-04-08 15:23:46,031 MCT_Register INFO     playerVirtual49 register 1
2018-04-08 15:23:46,084 MCT_Register INFO     ------------------------------------------

2018-04-08 15:28:52,473 MCT_Register INFO     MSG RECEIVED FROM DISPATCH: 1002
2018-04-08 15:28:52,481 MCT_Register INFO     PLAYER ID NOT REGISTERED: playerVirtual50
2018-04-08 15:28:52,508 MCT_Register INFO     playerVirtual50 register 1
2018-04-08 15:28:52,555 MCT_Register INFO     ------------------------------------------

2018-04-08 15:33:48,791 MCT_Register INFO     MSG RECEIVED FROM DISPATCH: 1002
2018-04-08 15:33:48,800 MCT_Register INFO     PLAYER ID NOT REGISTERED: playerVirtual51
2018-04-08 15:33:48,832 MCT_Register INFO     playerVirtual51 register 1
2018-04-08 15:33:48,885 MCT_Register INFO     ------------------------------------------

2018-04-08 15:38:53,394 MCT_Register INFO     MSG RECEIVED FROM DISPATCH: 1002
2018-04-08 15:38:53,400 MCT_Register INFO     PLAYER ID NOT REGISTERED: playerVirtual52
2018-04-08 15:38:53,409 MCT_Register INFO     playerVirtual52 register 1
2018-04-08 15:38:53,458 MCT_Register INFO     ------------------------------------------

2018-04-08 15:43:50,187 MCT_Register INFO     MSG RECEIVED FROM DISPATCH: 1002
2018-04-08 15:43:50,191 MCT_Register INFO     PLAYER ID NOT REGISTERED: playerVirtual53
2018-04-08 15:43:50,197 MCT_Register INFO     playerVirtual53 register 1
2018-04-08 15:43:50,254 MCT_Register INFO     ------------------------------------------

2018-04-08 15:48:50,073 MCT_Register INFO     MSG RECEIVED FROM DISPATCH: 1002
2018-04-08 15:48:50,078 MCT_Register INFO     PLAYER ID NOT REGISTERED: playerVirtual54
2018-04-08 15:48:50,088 MCT_Register INFO     playerVirtual54 register 1
2018-04-08 15:48:50,157 MCT_Register INFO     ------------------------------------------

2018-04-08 15:53:52,716 MCT_Register INFO     MSG RECEIVED FROM DISPATCH: 1002
2018-04-08 15:53:52,722 MCT_Register INFO     PLAYER ID NOT REGISTERED: playerVirtual55
2018-04-08 15:53:52,768 MCT_Register INFO     playerVirtual55 register 1
2018-04-08 15:53:52,823 MCT_Register INFO     ------------------------------------------

2018-04-08 15:58:53,515 MCT_Register INFO     MSG RECEIVED FROM DISPATCH: 1002
2018-04-08 15:58:53,521 MCT_Register INFO     PLAYER ID NOT REGISTERED: playerVirtual56
2018-04-08 15:58:53,526 MCT_Register INFO     playerVirtual56 register 1
2018-04-08 15:58:53,578 MCT_Register INFO     ------------------------------------------

2018-04-08 16:03:50,170 MCT_Register INFO     MSG RECEIVED FROM DISPATCH: 1002
2018-04-08 16:03:50,176 MCT_Register INFO     PLAYER ID NOT REGISTERED: playerVirtual57
2018-04-08 16:03:50,186 MCT_Register INFO     playerVirtual57 register 1
2018-04-08 16:03:50,238 MCT_Register INFO     ------------------------------------------

2018-04-08 16:08:49,643 MCT_Register INFO     MSG RECEIVED FROM DISPATCH: 1002
2018-04-08 16:08:49,648 MCT_Register INFO     PLAYER ID NOT REGISTERED: playerVirtual58
2018-04-08 16:08:49,740 MCT_Register INFO     playerVirtual58 register 1
2018-04-08 16:08:49,789 MCT_Register INFO     ------------------------------------------

2018-04-08 16:13:46,561 MCT_Register INFO     MSG RECEIVED FROM DISPATCH: 1002
2018-04-08 16:13:46,566 MCT_Register INFO     PLAYER ID NOT REGISTERED: playerVirtual59
2018-04-08 16:13:46,576 MCT_Register INFO     playerVirtual59 register 1
2018-04-08 16:13:46,623 MCT_Register INFO     ------------------------------------------

2018-04-08 16:18:50,338 MCT_Register INFO     MSG RECEIVED FROM DISPATCH: 1002
2018-04-08 16:18:50,344 MCT_Register INFO     PLAYER ID NOT REGISTERED: playerVirtual60
2018-04-08 16:18:50,390 MCT_Register INFO     playerVirtual60 register 1
2018-04-08 16:18:50,447 MCT_Register INFO     ------------------------------------------

2018-04-08 16:23:47,979 MCT_Register INFO     MSG RECEIVED FROM DISPATCH: 1002
2018-04-08 16:23:47,988 MCT_Register INFO     PLAYER ID NOT REGISTERED: playerVirtual61
2018-04-08 16:23:48,005 MCT_Register INFO     playerVirtual61 register 1
2018-04-08 16:23:48,057 MCT_Register INFO     ------------------------------------------

2018-04-08 16:28:50,195 MCT_Register INFO     MSG RECEIVED FROM DISPATCH: 1002
2018-04-08 16:28:50,208 MCT_Register INFO     PLAYER ID NOT REGISTERED: playerVirtual62
2018-04-08 16:28:50,224 MCT_Register INFO     playerVirtual62 register 1
2018-04-08 16:28:50,276 MCT_Register INFO     ------------------------------------------

2018-04-08 16:33:56,176 MCT_Register INFO     MSG RECEIVED FROM DISPATCH: 1002
2018-04-08 16:33:56,184 MCT_Register INFO     PLAYER ID NOT REGISTERED: playerVirtual63
2018-04-08 16:33:56,201 MCT_Register INFO     playerVirtual63 register 1
2018-04-08 16:33:56,248 MCT_Register INFO     ------------------------------------------

2018-04-08 16:38:55,996 MCT_Register INFO     MSG RECEIVED FROM DISPATCH: 1002
2018-04-08 16:38:56,005 MCT_Register INFO     PLAYER ID NOT REGISTERED: playerVirtual64
2018-04-08 16:38:56,015 MCT_Register INFO     playerVirtual64 register 1
2018-04-08 16:38:56,067 MCT_Register INFO     ------------------------------------------

2018-04-08 16:43:53,328 MCT_Register INFO     MSG RECEIVED FROM DISPATCH: 1002
2018-04-08 16:43:53,338 MCT_Register INFO     PLAYER ID NOT REGISTERED: playerVirtual65
2018-04-08 16:43:53,344 MCT_Register INFO     playerVirtual65 register 1
2018-04-08 16:43:53,400 MCT_Register INFO     ------------------------------------------

2018-04-08 16:48:51,175 MCT_Register INFO     MSG RECEIVED FROM DISPATCH: 1002
2018-04-08 16:48:51,180 MCT_Register INFO     PLAYER ID NOT REGISTERED: playerVirtual66
2018-04-08 16:48:51,219 MCT_Register INFO     playerVirtual66 register 1
2018-04-08 16:48:51,273 MCT_Register INFO     ------------------------------------------

2018-04-08 16:53:48,463 MCT_Register INFO     MSG RECEIVED FROM DISPATCH: 1002
2018-04-08 16:53:48,470 MCT_Register INFO     PLAYER ID NOT REGISTERED: playerVirtual67
2018-04-08 16:53:48,479 MCT_Register INFO     playerVirtual67 register 1
2018-04-08 16:53:48,531 MCT_Register INFO     ------------------------------------------

2018-04-08 16:58:50,982 MCT_Register INFO     MSG RECEIVED FROM DISPATCH: 1002
2018-04-08 16:58:50,986 MCT_Register INFO     PLAYER ID NOT REGISTERED: playerVirtual68
2018-04-08 16:58:50,992 MCT_Register INFO     playerVirtual68 register 1
2018-04-08 16:58:51,048 MCT_Register INFO     ------------------------------------------

2018-04-08 17:03:54,267 MCT_Register INFO     MSG RECEIVED FROM DISPATCH: 1002
2018-04-08 17:03:54,276 MCT_Register INFO     PLAYER ID NOT REGISTERED: playerVirtual69
2018-04-08 17:03:54,283 MCT_Register INFO     playerVirtual69 register 1
2018-04-08 17:03:54,335 MCT_Register INFO     ------------------------------------------

2018-04-08 17:08:49,262 MCT_Register INFO     MSG RECEIVED FROM DISPATCH: 1002
2018-04-08 17:08:49,269 MCT_Register INFO     PLAYER ID NOT REGISTERED: playerVirtual70
2018-04-08 17:08:49,275 MCT_Register INFO     playerVirtual70 register 1
2018-04-08 17:08:49,334 MCT_Register INFO     ------------------------------------------

2018-04-08 17:13:57,559 MCT_Register INFO     MSG RECEIVED FROM DISPATCH: 1002
2018-04-08 17:13:57,565 MCT_Register INFO     PLAYER ID NOT REGISTERED: playerVirtual71
2018-04-08 17:13:57,572 MCT_Register INFO     playerVirtual71 register 1
2018-04-08 17:13:57,628 MCT_Register INFO     ------------------------------------------

2018-04-08 17:18:48,804 MCT_Register INFO     MSG RECEIVED FROM DISPATCH: 1002
2018-04-08 17:18:48,812 MCT_Register INFO     PLAYER ID NOT REGISTERED: playerVirtual72
2018-04-08 17:18:48,818 MCT_Register INFO     playerVirtual72 register 1
2018-04-08 17:18:48,883 MCT_Register INFO     ------------------------------------------

2018-04-08 17:23:52,563 MCT_Register INFO     MSG RECEIVED FROM DISPATCH: 1002
2018-04-08 17:23:52,572 MCT_Register INFO     PLAYER ID NOT REGISTERED: playerVirtual73
2018-04-08 17:23:52,613 MCT_Register INFO     playerVirtual73 register 1
2018-04-08 17:23:52,687 MCT_Register INFO     ------------------------------------------

2018-04-08 17:28:52,276 MCT_Register INFO     MSG RECEIVED FROM DISPATCH: 1002
2018-04-08 17:28:52,283 MCT_Register INFO     PLAYER ID NOT REGISTERED: playerVirtual74
2018-04-08 17:28:52,289 MCT_Register INFO     playerVirtual74 register 1
2018-04-08 17:28:52,344 MCT_Register INFO     ------------------------------------------

2018-04-08 17:33:53,033 MCT_Register INFO     MSG RECEIVED FROM DISPATCH: 1002
2018-04-08 17:33:53,044 MCT_Register INFO     PLAYER ID NOT REGISTERED: playerVirtual75
2018-04-08 17:33:53,050 MCT_Register INFO     playerVirtual75 register 1
2018-04-08 17:33:53,094 MCT_Register INFO     ------------------------------------------

2018-04-08 17:38:52,333 MCT_Register INFO     MSG RECEIVED FROM DISPATCH: 1002
2018-04-08 17:38:52,341 MCT_Register INFO     PLAYER ID NOT REGISTERED: playerVirtual76
2018-04-08 17:38:52,348 MCT_Register INFO     playerVirtual76 register 1
2018-04-08 17:38:52,414 MCT_Register INFO     ------------------------------------------

2018-04-08 17:43:49,911 MCT_Register INFO     MSG RECEIVED FROM DISPATCH: 1002
2018-04-08 17:43:49,914 MCT_Register INFO     PLAYER ID NOT REGISTERED: playerVirtual77
2018-04-08 17:43:50,006 MCT_Register INFO     playerVirtual77 register 1
2018-04-08 17:43:50,054 MCT_Register INFO     ------------------------------------------

2018-04-08 17:48:50,772 MCT_Register INFO     MSG RECEIVED FROM DISPATCH: 1002
2018-04-08 17:48:50,777 MCT_Register INFO     PLAYER ID NOT REGISTERED: playerVirtual78
2018-04-08 17:48:50,783 MCT_Register INFO     playerVirtual78 register 1
2018-04-08 17:48:50,831 MCT_Register INFO     ------------------------------------------

2018-04-08 17:53:53,279 MCT_Register INFO     MSG RECEIVED FROM DISPATCH: 1002
2018-04-08 17:53:53,286 MCT_Register INFO     PLAYER ID NOT REGISTERED: playerVirtual79
2018-04-08 17:53:53,291 MCT_Register INFO     playerVirtual79 register 1
2018-04-08 17:53:53,347 MCT_Register INFO     ------------------------------------------

2018-04-08 17:58:58,291 MCT_Register INFO     MSG RECEIVED FROM DISPATCH: 1002
2018-04-08 17:58:58,301 MCT_Register INFO     PLAYER ID NOT REGISTERED: playerVirtual80
2018-04-08 17:58:58,310 MCT_Register INFO     playerVirtual80 register 1
2018-04-08 17:58:58,370 MCT_Register INFO     ------------------------------------------

2018-04-08 18:03:53,218 MCT_Register INFO     MSG RECEIVED FROM DISPATCH: 1002
2018-04-08 18:03:53,223 MCT_Register INFO     PLAYER ID NOT REGISTERED: playerVirtual81
2018-04-08 18:03:53,230 MCT_Register INFO     playerVirtual81 register 1
2018-04-08 18:03:53,275 MCT_Register INFO     ------------------------------------------

2018-04-08 18:08:50,353 MCT_Register INFO     MSG RECEIVED FROM DISPATCH: 1002
2018-04-08 18:08:50,359 MCT_Register INFO     PLAYER ID NOT REGISTERED: playerVirtual82
2018-04-08 18:08:50,363 MCT_Register INFO     playerVirtual82 register 1
2018-04-08 18:08:50,419 MCT_Register INFO     ------------------------------------------

2018-04-08 18:13:49,859 MCT_Register INFO     MSG RECEIVED FROM DISPATCH: 1002
2018-04-08 18:13:49,865 MCT_Register INFO     PLAYER ID NOT REGISTERED: playerVirtual83
2018-04-08 18:13:49,872 MCT_Register INFO     playerVirtual83 register 1
2018-04-08 18:13:49,916 MCT_Register INFO     ------------------------------------------

2018-04-08 18:18:54,505 MCT_Register INFO     MSG RECEIVED FROM DISPATCH: 1002
2018-04-08 18:18:54,514 MCT_Register INFO     PLAYER ID NOT REGISTERED: playerVirtual84
2018-04-08 18:18:54,523 MCT_Register INFO     playerVirtual84 register 1
2018-04-08 18:18:54,591 MCT_Register INFO     ------------------------------------------

2018-04-08 18:23:48,318 MCT_Register INFO     MSG RECEIVED FROM DISPATCH: 1002
2018-04-08 18:23:48,321 MCT_Register INFO     PLAYER ID NOT REGISTERED: playerVirtual85
2018-04-08 18:23:48,671 MCT_Register INFO     playerVirtual85 register 1
2018-04-08 18:23:48,720 MCT_Register INFO     ------------------------------------------

2018-04-08 18:28:51,700 MCT_Register INFO     MSG RECEIVED FROM DISPATCH: 1002
2018-04-08 18:28:51,706 MCT_Register INFO     PLAYER ID NOT REGISTERED: playerVirtual86
2018-04-08 18:28:51,710 MCT_Register INFO     playerVirtual86 register 1
2018-04-08 18:28:51,764 MCT_Register INFO     ------------------------------------------

2018-04-08 18:33:49,252 MCT_Register INFO     MSG RECEIVED FROM DISPATCH: 1002
2018-04-08 18:33:49,255 MCT_Register INFO     PLAYER ID NOT REGISTERED: playerVirtual87
2018-04-08 18:33:49,260 MCT_Register INFO     playerVirtual87 register 1
2018-04-08 18:33:49,310 MCT_Register INFO     ------------------------------------------

2018-04-08 18:38:49,935 MCT_Register INFO     MSG RECEIVED FROM DISPATCH: 1002
2018-04-08 18:38:49,939 MCT_Register INFO     PLAYER ID NOT REGISTERED: playerVirtual88
2018-04-08 18:38:49,945 MCT_Register INFO     playerVirtual88 register 1
2018-04-08 18:38:49,986 MCT_Register INFO     ------------------------------------------

2018-04-08 18:43:50,219 MCT_Register INFO     MSG RECEIVED FROM DISPATCH: 1002
2018-04-08 18:43:50,227 MCT_Register INFO     PLAYER ID NOT REGISTERED: playerVirtual89
2018-04-08 18:43:50,232 MCT_Register INFO     playerVirtual89 register 1
2018-04-08 18:43:50,274 MCT_Register INFO     ------------------------------------------

2018-04-08 18:48:49,327 MCT_Register INFO     MSG RECEIVED FROM DISPATCH: 1002
2018-04-08 18:48:49,337 MCT_Register INFO     PLAYER ID NOT REGISTERED: playerVirtual90
2018-04-08 18:48:49,344 MCT_Register INFO     playerVirtual90 register 1
2018-04-08 18:48:49,392 MCT_Register INFO     ------------------------------------------

2018-04-08 18:53:48,676 MCT_Register INFO     MSG RECEIVED FROM DISPATCH: 1002
2018-04-08 18:53:48,685 MCT_Register INFO     PLAYER ID NOT REGISTERED: playerVirtual91
2018-04-08 18:53:48,691 MCT_Register INFO     playerVirtual91 register 1
2018-04-08 18:53:48,746 MCT_Register INFO     ------------------------------------------

2018-04-08 18:58:55,297 MCT_Register INFO     MSG RECEIVED FROM DISPATCH: 1002
2018-04-08 18:58:55,309 MCT_Register INFO     PLAYER ID NOT REGISTERED: playerVirtual92
2018-04-08 18:58:55,355 MCT_Register INFO     playerVirtual92 register 1
2018-04-08 18:58:55,399 MCT_Register INFO     ------------------------------------------

2018-04-08 19:03:53,886 MCT_Register INFO     MSG RECEIVED FROM DISPATCH: 1002
2018-04-08 19:03:53,892 MCT_Register INFO     PLAYER ID NOT REGISTERED: playerVirtual93
2018-04-08 19:03:53,898 MCT_Register INFO     playerVirtual93 register 1
2018-04-08 19:03:53,944 MCT_Register INFO     ------------------------------------------

2018-04-08 19:08:54,541 MCT_Register INFO     MSG RECEIVED FROM DISPATCH: 1002
2018-04-08 19:08:54,549 MCT_Register INFO     PLAYER ID NOT REGISTERED: playerVirtual94
2018-04-08 19:08:54,554 MCT_Register INFO     playerVirtual94 register 1
2018-04-08 19:08:54,610 MCT_Register INFO     ------------------------------------------

2018-04-08 19:13:53,437 MCT_Register INFO     MSG RECEIVED FROM DISPATCH: 1002
2018-04-08 19:13:53,446 MCT_Register INFO     PLAYER ID NOT REGISTERED: playerVirtual95
2018-04-08 19:13:53,457 MCT_Register INFO     playerVirtual95 register 1
2018-04-08 19:13:53,509 MCT_Register INFO     ------------------------------------------

2018-04-08 19:18:57,297 MCT_Register INFO     MSG RECEIVED FROM DISPATCH: 1002
2018-04-08 19:18:57,303 MCT_Register INFO     PLAYER ID NOT REGISTERED: playerVirtual96
2018-04-08 19:18:57,312 MCT_Register INFO     playerVirtual96 register 1
2018-04-08 19:18:57,368 MCT_Register INFO     ------------------------------------------

2018-04-08 19:23:52,955 MCT_Register INFO     MSG RECEIVED FROM DISPATCH: 1002
2018-04-08 19:23:52,961 MCT_Register INFO     PLAYER ID NOT REGISTERED: playerVirtual97
2018-04-08 19:23:52,966 MCT_Register INFO     playerVirtual97 register 1
2018-04-08 19:23:53,013 MCT_Register INFO     ------------------------------------------

2018-04-08 19:28:59,469 MCT_Register INFO     MSG RECEIVED FROM DISPATCH: 1002
2018-04-08 19:28:59,480 MCT_Register INFO     PLAYER ID NOT REGISTERED: playerVirtual98
2018-04-08 19:28:59,489 MCT_Register INFO     playerVirtual98 register 1
2018-04-08 19:28:59,544 MCT_Register INFO     ------------------------------------------

2018-04-08 19:33:49,881 MCT_Register INFO     MSG RECEIVED FROM DISPATCH: 1002
2018-04-08 19:33:49,894 MCT_Register INFO     PLAYER ID NOT REGISTERED: playerVirtual99
2018-04-08 19:33:49,900 MCT_Register INFO     playerVirtual99 register 1
2018-04-08 19:33:49,947 MCT_Register INFO     ------------------------------------------

2018-04-08 21:31:03,063 MCT_Register INFO     ###### STOP MCT_REGISTER ######

