2018-02-21 22:59:10,506 MCT_Register INFO     ###### START MCT_REGISTER ######

2018-02-21 22:59:47,124 MCT_Register INFO     MSG RECEIVED FROM DISPATCH: 1002
2018-02-21 22:59:47,172 MCT_Register INFO     PLAYER ID NOT REGISTERED: playerVirtual1
2018-02-21 22:59:47,212 MCT_Register INFO     playerVirtual1 register 1
2018-02-21 22:59:47,279 MCT_Register INFO     ------------------------------------------

2018-02-21 22:59:47,283 MCT_Register INFO     MSG RECEIVED FROM DISPATCH: 1002
2018-02-21 22:59:47,296 MCT_Register INFO     PLAYER ID NOT REGISTERED: playerVirtual2
2018-02-21 22:59:47,313 MCT_Register INFO     playerVirtual2 register 1
2018-02-21 22:59:47,373 MCT_Register INFO     ------------------------------------------

2018-02-21 22:59:47,381 MCT_Register INFO     MSG RECEIVED FROM DISPATCH: 1002
2018-02-21 22:59:47,384 MCT_Register INFO     PLAYER ID NOT REGISTERED: playerVirtual0
2018-02-21 22:59:47,404 MCT_Register INFO     playerVirtual0 register 1
2018-02-21 22:59:47,461 MCT_Register INFO     ------------------------------------------

2018-02-21 23:04:46,783 MCT_Register INFO     MSG RECEIVED FROM DISPATCH: 1002
2018-02-21 23:04:46,787 MCT_Register INFO     PLAYER ID NOT REGISTERED: playerVirtual3
2018-02-21 23:04:46,792 MCT_Register INFO     playerVirtual3 register 1
2018-02-21 23:04:46,851 MCT_Register INFO     ------------------------------------------

2018-02-21 23:09:49,306 MCT_Register INFO     MSG RECEIVED FROM DISPATCH: 1002
2018-02-21 23:09:49,313 MCT_Register INFO     PLAYER ID NOT REGISTERED: playerVirtual4
2018-02-21 23:09:49,317 MCT_Register INFO     playerVirtual4 register 1
2018-02-21 23:09:49,375 MCT_Register INFO     ------------------------------------------

2018-02-21 23:11:42,734 MCT_Register INFO     MSG RECEIVED FROM DISPATCH: 1002
2018-02-21 23:11:42,740 MCT_Register INFO     PLAYER ID NOT REGISTERED: playerVirtual1899
2018-02-21 23:11:42,750 MCT_Register INFO     playerVirtual1899 register 1
2018-02-21 23:11:42,806 MCT_Register INFO     ------------------------------------------

2018-02-21 23:14:44,676 MCT_Register INFO     MSG RECEIVED FROM DISPATCH: 1002
2018-02-21 23:14:44,686 MCT_Register INFO     PLAYER ID NOT REGISTERED: playerVirtual5
2018-02-21 23:14:44,693 MCT_Register INFO     playerVirtual5 register 1
2018-02-21 23:14:44,752 MCT_Register INFO     ------------------------------------------

2018-02-21 23:19:45,021 MCT_Register INFO     MSG RECEIVED FROM DISPATCH: 1002
2018-02-21 23:19:45,031 MCT_Register INFO     PLAYER ID NOT REGISTERED: playerVirtual6
2018-02-21 23:19:45,036 MCT_Register INFO     playerVirtual6 register 1
2018-02-21 23:19:45,097 MCT_Register INFO     ------------------------------------------

2018-02-21 23:23:39,731 MCT_Register INFO     MSG RECEIVED FROM DISPATCH: 1002
2018-02-21 23:23:39,740 MCT_Register INFO     PLAYER ID NOT REGISTERED: playerVirtual1879
2018-02-21 23:23:39,749 MCT_Register INFO     playerVirtual1879 register 1
2018-02-21 23:23:39,810 MCT_Register INFO     ------------------------------------------

2018-02-21 23:24:51,084 MCT_Register INFO     MSG RECEIVED FROM DISPATCH: 1002
2018-02-21 23:24:51,092 MCT_Register INFO     PLAYER ID NOT REGISTERED: playerVirtual7
2018-02-21 23:24:51,098 MCT_Register INFO     playerVirtual7 register 1
2018-02-21 23:24:51,145 MCT_Register INFO     ------------------------------------------

2018-02-21 23:29:52,001 MCT_Register INFO     MSG RECEIVED FROM DISPATCH: 1002
2018-02-21 23:29:52,012 MCT_Register INFO     PLAYER ID NOT REGISTERED: playerVirtual8
2018-02-21 23:29:52,020 MCT_Register INFO     playerVirtual8 register 1
2018-02-21 23:29:52,082 MCT_Register INFO     ------------------------------------------

2018-02-21 23:34:48,968 MCT_Register INFO     MSG RECEIVED FROM DISPATCH: 1002
2018-02-21 23:34:48,978 MCT_Register INFO     PLAYER ID NOT REGISTERED: playerVirtual9
2018-02-21 23:34:49,050 MCT_Register INFO     playerVirtual9 register 1
2018-02-21 23:34:49,113 MCT_Register INFO     ------------------------------------------

2018-02-21 23:39:45,471 MCT_Register INFO     MSG RECEIVED FROM DISPATCH: 1002
2018-02-21 23:39:45,481 MCT_Register INFO     PLAYER ID NOT REGISTERED: playerVirtual10
2018-02-21 23:39:45,488 MCT_Register INFO     playerVirtual10 register 1
2018-02-21 23:39:45,538 MCT_Register INFO     ------------------------------------------

2018-02-21 23:44:20,059 MCT_Register INFO     MSG RECEIVED FROM DISPATCH: 1002
2018-02-21 23:44:20,070 MCT_Register INFO     PLAYER ID NOT REGISTERED: playerVirtual1229
2018-02-21 23:44:20,075 MCT_Register INFO     playerVirtual1229 register 1
2018-02-21 23:44:20,132 MCT_Register INFO     ------------------------------------------

2018-02-21 23:44:44,605 MCT_Register INFO     MSG RECEIVED FROM DISPATCH: 1002
2018-02-21 23:44:44,614 MCT_Register INFO     PLAYER ID NOT REGISTERED: playerVirtual11
2018-02-21 23:44:44,622 MCT_Register INFO     playerVirtual11 register 1
2018-02-21 23:44:44,672 MCT_Register INFO     ------------------------------------------

2018-02-21 23:49:49,319 MCT_Register INFO     MSG RECEIVED FROM DISPATCH: 1002
2018-02-21 23:49:49,326 MCT_Register INFO     PLAYER ID NOT REGISTERED: playerVirtual12
2018-02-21 23:49:49,334 MCT_Register INFO     playerVirtual12 register 1
2018-02-21 23:49:49,385 MCT_Register INFO     ------------------------------------------

2018-02-21 23:54:43,751 MCT_Register INFO     MSG RECEIVED FROM DISPATCH: 1002
2018-02-21 23:54:43,762 MCT_Register INFO     PLAYER ID NOT REGISTERED: playerVirtual13
2018-02-21 23:54:43,769 MCT_Register INFO     playerVirtual13 register 1
2018-02-21 23:54:43,824 MCT_Register INFO     ------------------------------------------

2018-02-21 23:59:44,686 MCT_Register INFO     MSG RECEIVED FROM DISPATCH: 1002
2018-02-21 23:59:44,696 MCT_Register INFO     PLAYER ID NOT REGISTERED: playerVirtual14
2018-02-21 23:59:44,701 MCT_Register INFO     playerVirtual14 register 1
2018-02-21 23:59:44,754 MCT_Register INFO     ------------------------------------------

2018-02-21 23:59:58,138 MCT_Register INFO     MSG RECEIVED FROM DISPATCH: 1002
2018-02-21 23:59:58,146 MCT_Register INFO     PLAYER ID NOT REGISTERED: playerVirtual1463
2018-02-21 23:59:58,190 MCT_Register INFO     playerVirtual1463 register 1
2018-02-21 23:59:58,241 MCT_Register INFO     ------------------------------------------

2018-02-22 00:04:43,512 MCT_Register INFO     MSG RECEIVED FROM DISPATCH: 1002
2018-02-22 00:04:43,521 MCT_Register INFO     PLAYER ID NOT REGISTERED: playerVirtual15
2018-02-22 00:04:43,613 MCT_Register INFO     playerVirtual15 register 1
2018-02-22 00:04:43,666 MCT_Register INFO     ------------------------------------------

2018-02-22 00:09:43,960 MCT_Register INFO     MSG RECEIVED FROM DISPATCH: 1002
2018-02-22 00:09:43,971 MCT_Register INFO     PLAYER ID NOT REGISTERED: playerVirtual16
2018-02-22 00:09:44,042 MCT_Register INFO     playerVirtual16 register 1
2018-02-22 00:09:44,098 MCT_Register INFO     ------------------------------------------

2018-02-22 00:14:46,174 MCT_Register INFO     MSG RECEIVED FROM DISPATCH: 1002
2018-02-22 00:14:46,178 MCT_Register INFO     PLAYER ID NOT REGISTERED: playerVirtual17
2018-02-22 00:14:46,186 MCT_Register INFO     playerVirtual17 register 1
2018-02-22 00:14:46,240 MCT_Register INFO     ------------------------------------------

2018-02-22 00:19:11,581 MCT_Register INFO     MSG RECEIVED FROM DISPATCH: 1002
2018-02-22 00:19:11,591 MCT_Register INFO     PLAYER ID NOT REGISTERED: playerVirtual1559
2018-02-22 00:19:11,600 MCT_Register INFO     playerVirtual1559 register 1
2018-02-22 00:19:11,656 MCT_Register INFO     ------------------------------------------

2018-02-22 00:19:55,708 MCT_Register INFO     MSG RECEIVED FROM DISPATCH: 1002
2018-02-22 00:19:55,713 MCT_Register INFO     PLAYER ID NOT REGISTERED: playerVirtual18
2018-02-22 00:19:55,719 MCT_Register INFO     playerVirtual18 register 1
2018-02-22 00:19:55,775 MCT_Register INFO     ------------------------------------------

2018-02-22 00:24:50,906 MCT_Register INFO     MSG RECEIVED FROM DISPATCH: 1002
2018-02-22 00:24:50,916 MCT_Register INFO     PLAYER ID NOT REGISTERED: playerVirtual19
2018-02-22 00:24:50,927 MCT_Register INFO     playerVirtual19 register 1
2018-02-22 00:24:50,977 MCT_Register INFO     ------------------------------------------

2018-02-22 00:42:52,130 MCT_Register INFO     MSG RECEIVED FROM DISPATCH: 1002
2018-02-22 00:42:52,140 MCT_Register INFO     PLAYER ID NOT REGISTERED: playerVirtual1261
2018-02-22 00:42:52,148 MCT_Register INFO     playerVirtual1261 register 1
2018-02-22 00:42:52,209 MCT_Register INFO     ------------------------------------------

2018-02-22 01:10:08,962 MCT_Register INFO     MSG RECEIVED FROM DISPATCH: 1002
2018-02-22 01:10:08,970 MCT_Register INFO     PLAYER ID NOT REGISTERED: playerVirtual1237
2018-02-22 01:10:08,975 MCT_Register INFO     playerVirtual1237 register 1
2018-02-22 01:10:09,030 MCT_Register INFO     ------------------------------------------

2018-02-22 01:41:04,972 MCT_Register INFO     MSG RECEIVED FROM DISPATCH: 1002
2018-02-22 01:41:04,980 MCT_Register INFO     PLAYER ID NOT REGISTERED: playerVirtual1972
2018-02-22 01:41:04,986 MCT_Register INFO     playerVirtual1972 register 1
2018-02-22 01:41:05,047 MCT_Register INFO     ------------------------------------------

2018-02-22 02:14:50,654 MCT_Register INFO     MSG RECEIVED FROM DISPATCH: 1002
2018-02-22 02:14:50,658 MCT_Register INFO     PLAYER ID NOT REGISTERED: playerVirtual1044
2018-02-22 02:14:50,663 MCT_Register INFO     playerVirtual1044 register 1
2018-02-22 02:14:50,714 MCT_Register INFO     ------------------------------------------

2018-02-22 02:52:04,851 MCT_Register INFO     MSG RECEIVED FROM DISPATCH: 1002
2018-02-22 02:52:04,859 MCT_Register INFO     PLAYER ID NOT REGISTERED: playerVirtual1963
2018-02-22 02:52:04,869 MCT_Register INFO     playerVirtual1963 register 1
2018-02-22 02:52:04,926 MCT_Register INFO     ------------------------------------------

2018-02-22 03:32:42,316 MCT_Register INFO     MSG RECEIVED FROM DISPATCH: 1002
2018-02-22 03:32:42,325 MCT_Register INFO     PLAYER ID NOT REGISTERED: playerVirtual1161
2018-02-22 03:32:42,386 MCT_Register INFO     playerVirtual1161 register 1
2018-02-22 03:32:42,439 MCT_Register INFO     ------------------------------------------

2018-02-22 04:16:29,694 MCT_Register INFO     MSG RECEIVED FROM DISPATCH: 1002
2018-02-22 04:16:29,705 MCT_Register INFO     PLAYER ID NOT REGISTERED: playerVirtual1686
2018-02-22 04:16:29,717 MCT_Register INFO     playerVirtual1686 register 1
2018-02-22 04:16:29,773 MCT_Register INFO     ------------------------------------------

2018-02-22 05:02:56,186 MCT_Register INFO     MSG RECEIVED FROM DISPATCH: 1002
2018-02-22 05:02:56,193 MCT_Register INFO     PLAYER ID NOT REGISTERED: playerVirtual1406
2018-02-22 05:02:56,199 MCT_Register INFO     playerVirtual1406 register 1
2018-02-22 05:02:56,252 MCT_Register INFO     ------------------------------------------

2018-02-22 05:52:29,233 MCT_Register INFO     MSG RECEIVED FROM DISPATCH: 1002
2018-02-22 05:52:29,237 MCT_Register INFO     PLAYER ID NOT REGISTERED: playerVirtual1831
2018-02-22 05:52:29,242 MCT_Register INFO     playerVirtual1831 register 1
2018-02-22 05:52:29,287 MCT_Register INFO     ------------------------------------------

2018-02-22 06:44:31,986 MCT_Register INFO     MSG RECEIVED FROM DISPATCH: 1002
2018-02-22 06:44:32,044 MCT_Register INFO     PLAYER ID NOT REGISTERED: playerVirtual1340
2018-02-22 06:44:32,049 MCT_Register INFO     playerVirtual1340 register 1
2018-02-22 06:44:32,102 MCT_Register INFO     ------------------------------------------

2018-02-22 07:42:40,599 MCT_Register INFO     MSG RECEIVED FROM DISPATCH: 1002
2018-02-22 07:42:40,609 MCT_Register INFO     PLAYER ID NOT REGISTERED: playerVirtual1792
2018-02-22 07:42:40,616 MCT_Register INFO     playerVirtual1792 register 1
2018-02-22 07:42:40,665 MCT_Register INFO     ------------------------------------------

2018-02-22 08:46:21,694 MCT_Register INFO     MSG RECEIVED FROM DISPATCH: 1002
2018-02-22 08:46:21,704 MCT_Register INFO     PLAYER ID NOT REGISTERED: playerVirtual1752
2018-02-22 08:46:21,710 MCT_Register INFO     playerVirtual1752 register 1
2018-02-22 08:46:21,770 MCT_Register INFO     ------------------------------------------

2018-02-22 09:51:43,359 MCT_Register INFO     MSG RECEIVED FROM DISPATCH: 1002
2018-02-22 09:51:43,366 MCT_Register INFO     PLAYER ID NOT REGISTERED: playerVirtual1584
2018-02-22 09:51:43,375 MCT_Register INFO     playerVirtual1584 register 1
2018-02-22 09:51:43,424 MCT_Register INFO     ------------------------------------------

2018-02-22 10:08:55,935 MCT_Register INFO     ###### STOP MCT_REGISTER ######

