2018-02-27 18:44:14,997 MCT_Register INFO     ###### START MCT_REGISTER ######

2018-02-27 18:44:34,961 MCT_Register INFO     MSG RECEIVED FROM DISPATCH: 1002
2018-02-27 18:44:34,996 MCT_Register INFO     PLAYER ID NOT REGISTERED: playerVirtual1
2018-02-27 18:44:35,009 MCT_Register INFO     playerVirtual1 register 1
2018-02-27 18:44:35,072 MCT_Register INFO     ------------------------------------------

2018-02-27 18:44:35,227 MCT_Register INFO     MSG RECEIVED FROM DISPATCH: 1002
2018-02-27 18:44:35,240 MCT_Register INFO     PLAYER ID NOT REGISTERED: playerVirtual2
2018-02-27 18:44:35,313 MCT_Register INFO     playerVirtual2 register 1
2018-02-27 18:44:35,390 MCT_Register INFO     ------------------------------------------

2018-02-27 18:49:33,326 MCT_Register INFO     MSG RECEIVED FROM DISPATCH: 1002
2018-02-27 18:49:33,333 MCT_Register INFO     PLAYER ID NOT REGISTERED: playerVirtual3
2018-02-27 18:49:33,340 MCT_Register INFO     playerVirtual3 register 1
2018-02-27 18:49:33,388 MCT_Register INFO     ------------------------------------------

2018-02-27 18:54:35,073 MCT_Register INFO     MSG RECEIVED FROM DISPATCH: 1002
2018-02-27 18:54:35,082 MCT_Register INFO     PLAYER ID NOT REGISTERED: playerVirtual4
2018-02-27 18:54:35,089 MCT_Register INFO     playerVirtual4 register 1
2018-02-27 18:54:35,143 MCT_Register INFO     ------------------------------------------

2018-02-27 18:54:41,799 MCT_Register INFO     MSG RECEIVED FROM DISPATCH: 1002
2018-02-27 18:54:41,804 MCT_Register INFO     PLAYER ID NOT REGISTERED: playerVirtual0
2018-02-27 18:54:41,952 MCT_Register INFO     playerVirtual0 register 1
2018-02-27 18:54:42,002 MCT_Register INFO     ------------------------------------------

2018-02-27 18:59:31,120 MCT_Register INFO     MSG RECEIVED FROM DISPATCH: 1002
2018-02-27 18:59:31,126 MCT_Register INFO     PLAYER ID NOT REGISTERED: playerVirtual5
2018-02-27 18:59:31,131 MCT_Register INFO     playerVirtual5 register 1
2018-02-27 18:59:31,193 MCT_Register INFO     ------------------------------------------

2018-02-27 19:04:33,926 MCT_Register INFO     MSG RECEIVED FROM DISPATCH: 1002
2018-02-27 19:04:33,931 MCT_Register INFO     PLAYER ID NOT REGISTERED: playerVirtual6
2018-02-27 19:04:33,943 MCT_Register INFO     playerVirtual6 register 1
2018-02-27 19:04:33,991 MCT_Register INFO     ------------------------------------------

2018-02-27 19:06:51,915 MCT_Register INFO     MSG RECEIVED FROM DISPATCH: 1002
2018-02-27 19:06:51,921 MCT_Register INFO     PLAYER ID NOT REGISTERED: playerVirtual1804
2018-02-27 19:06:51,928 MCT_Register INFO     playerVirtual1804 register 1
2018-02-27 19:06:51,978 MCT_Register INFO     ------------------------------------------

2018-02-27 19:09:33,502 MCT_Register INFO     MSG RECEIVED FROM DISPATCH: 1002
2018-02-27 19:09:33,509 MCT_Register INFO     PLAYER ID NOT REGISTERED: playerVirtual7
2018-02-27 19:09:33,514 MCT_Register INFO     playerVirtual7 register 1
2018-02-27 19:09:33,565 MCT_Register INFO     ------------------------------------------

2018-02-27 19:14:33,974 MCT_Register INFO     MSG RECEIVED FROM DISPATCH: 1002
2018-02-27 19:14:33,983 MCT_Register INFO     PLAYER ID NOT REGISTERED: playerVirtual8
2018-02-27 19:14:33,990 MCT_Register INFO     playerVirtual8 register 1
2018-02-27 19:14:34,036 MCT_Register INFO     ------------------------------------------

2018-02-27 19:19:32,428 MCT_Register INFO     MSG RECEIVED FROM DISPATCH: 1002
2018-02-27 19:19:32,436 MCT_Register INFO     PLAYER ID NOT REGISTERED: playerVirtual9
2018-02-27 19:19:32,442 MCT_Register INFO     playerVirtual9 register 1
2018-02-27 19:19:32,489 MCT_Register INFO     ------------------------------------------

2018-02-27 19:19:39,958 MCT_Register INFO     MSG RECEIVED FROM DISPATCH: 1002
2018-02-27 19:19:39,964 MCT_Register INFO     PLAYER ID NOT REGISTERED: playerVirtual1271
2018-02-27 19:19:39,969 MCT_Register INFO     playerVirtual1271 register 1
2018-02-27 19:19:40,025 MCT_Register INFO     ------------------------------------------

2018-02-27 19:24:37,240 MCT_Register INFO     MSG RECEIVED FROM DISPATCH: 1002
2018-02-27 19:24:37,251 MCT_Register INFO     PLAYER ID NOT REGISTERED: playerVirtual10
2018-02-27 19:24:37,255 MCT_Register INFO     playerVirtual10 register 1
2018-02-27 19:24:37,297 MCT_Register INFO     ------------------------------------------

2018-02-27 19:29:37,207 MCT_Register INFO     MSG RECEIVED FROM DISPATCH: 1002
2018-02-27 19:29:37,215 MCT_Register INFO     PLAYER ID NOT REGISTERED: playerVirtual11
2018-02-27 19:29:37,221 MCT_Register INFO     playerVirtual11 register 1
2018-02-27 19:29:37,263 MCT_Register INFO     ------------------------------------------

2018-02-27 19:31:50,426 MCT_Register INFO     MSG RECEIVED FROM DISPATCH: 1002
2018-02-27 19:31:50,431 MCT_Register INFO     PLAYER ID NOT REGISTERED: playerVirtual1937
2018-02-27 19:31:50,435 MCT_Register INFO     playerVirtual1937 register 1
2018-02-27 19:31:50,491 MCT_Register INFO     ------------------------------------------

2018-02-27 19:34:31,785 MCT_Register INFO     MSG RECEIVED FROM DISPATCH: 1002
2018-02-27 19:34:31,791 MCT_Register INFO     PLAYER ID NOT REGISTERED: playerVirtual12
2018-02-27 19:34:31,801 MCT_Register INFO     playerVirtual12 register 1
2018-02-27 19:34:31,857 MCT_Register INFO     ------------------------------------------

2018-02-27 19:39:35,024 MCT_Register INFO     MSG RECEIVED FROM DISPATCH: 1002
2018-02-27 19:39:35,030 MCT_Register INFO     PLAYER ID NOT REGISTERED: playerVirtual13
2018-02-27 19:39:35,158 MCT_Register INFO     playerVirtual13 register 1
2018-02-27 19:39:35,217 MCT_Register INFO     ------------------------------------------

2018-02-27 19:42:44,420 MCT_Register INFO     MSG RECEIVED FROM DISPATCH: 1002
2018-02-27 19:42:44,428 MCT_Register INFO     PLAYER ID NOT REGISTERED: playerVirtual1368
2018-02-27 19:42:44,434 MCT_Register INFO     playerVirtual1368 register 1
2018-02-27 19:42:44,485 MCT_Register INFO     ------------------------------------------

2018-02-27 19:44:30,999 MCT_Register INFO     MSG RECEIVED FROM DISPATCH: 1002
2018-02-27 19:44:31,006 MCT_Register INFO     PLAYER ID NOT REGISTERED: playerVirtual14
2018-02-27 19:44:31,011 MCT_Register INFO     playerVirtual14 register 1
2018-02-27 19:44:31,056 MCT_Register INFO     ------------------------------------------

2018-02-27 19:49:36,843 MCT_Register INFO     MSG RECEIVED FROM DISPATCH: 1002
2018-02-27 19:49:36,848 MCT_Register INFO     PLAYER ID NOT REGISTERED: playerVirtual15
2018-02-27 19:49:36,939 MCT_Register INFO     playerVirtual15 register 1
2018-02-27 19:49:36,989 MCT_Register INFO     ------------------------------------------

2018-02-27 19:54:33,685 MCT_Register INFO     MSG RECEIVED FROM DISPATCH: 1002
2018-02-27 19:54:33,696 MCT_Register INFO     PLAYER ID NOT REGISTERED: playerVirtual16
2018-02-27 19:54:33,701 MCT_Register INFO     playerVirtual16 register 1
2018-02-27 19:54:33,749 MCT_Register INFO     ------------------------------------------

2018-02-27 19:57:53,708 MCT_Register INFO     MSG RECEIVED FROM DISPATCH: 1002
2018-02-27 19:57:53,720 MCT_Register INFO     PLAYER ID NOT REGISTERED: playerVirtual1239
2018-02-27 19:57:53,726 MCT_Register INFO     playerVirtual1239 register 1
2018-02-27 19:57:53,777 MCT_Register INFO     ------------------------------------------

2018-02-27 19:59:32,875 MCT_Register INFO     MSG RECEIVED FROM DISPATCH: 1002
2018-02-27 19:59:32,884 MCT_Register INFO     PLAYER ID NOT REGISTERED: playerVirtual17
2018-02-27 19:59:32,892 MCT_Register INFO     playerVirtual17 register 1
2018-02-27 19:59:32,940 MCT_Register INFO     ------------------------------------------

2018-02-27 20:04:36,697 MCT_Register INFO     MSG RECEIVED FROM DISPATCH: 1002
2018-02-27 20:04:36,704 MCT_Register INFO     PLAYER ID NOT REGISTERED: playerVirtual18
2018-02-27 20:04:36,753 MCT_Register INFO     playerVirtual18 register 1
2018-02-27 20:04:36,820 MCT_Register INFO     ------------------------------------------

2018-02-27 20:09:36,720 MCT_Register INFO     MSG RECEIVED FROM DISPATCH: 1002
2018-02-27 20:09:36,728 MCT_Register INFO     PLAYER ID NOT REGISTERED: playerVirtual19
2018-02-27 20:09:36,733 MCT_Register INFO     playerVirtual19 register 1
2018-02-27 20:09:36,775 MCT_Register INFO     ------------------------------------------

2018-02-27 20:20:05,761 MCT_Register INFO     MSG RECEIVED FROM DISPATCH: 1002
2018-02-27 20:20:05,767 MCT_Register INFO     PLAYER ID NOT REGISTERED: playerVirtual1691
2018-02-27 20:20:05,771 MCT_Register INFO     playerVirtual1691 register 1
2018-02-27 20:20:05,825 MCT_Register INFO     ------------------------------------------

2018-02-27 20:45:25,897 MCT_Register INFO     MSG RECEIVED FROM DISPATCH: 1002
2018-02-27 20:45:25,900 MCT_Register INFO     PLAYER ID NOT REGISTERED: playerVirtual1909
2018-02-27 20:45:25,905 MCT_Register INFO     playerVirtual1909 register 1
2018-02-27 20:45:25,954 MCT_Register INFO     ------------------------------------------

2018-02-27 21:14:52,948 MCT_Register INFO     MSG RECEIVED FROM DISPATCH: 1002
2018-02-27 21:14:52,955 MCT_Register INFO     PLAYER ID NOT REGISTERED: playerVirtual1600
2018-02-27 21:14:52,990 MCT_Register INFO     playerVirtual1600 register 1
2018-02-27 21:14:53,042 MCT_Register INFO     ------------------------------------------

2018-02-27 21:46:37,884 MCT_Register INFO     MSG RECEIVED FROM DISPATCH: 1002
2018-02-27 21:46:37,892 MCT_Register INFO     PLAYER ID NOT REGISTERED: playerVirtual1303
2018-02-27 21:46:37,897 MCT_Register INFO     playerVirtual1303 register 1
2018-02-27 21:46:37,952 MCT_Register INFO     ------------------------------------------

2018-02-27 21:57:42,943 MCT_Register INFO     ###### STOP MCT_REGISTER ######

