2018-02-14 14:14:23,547 MCT_Register INFO     ###### START MCT_REGISTER ######

2018-02-14 14:14:47,275 MCT_Register INFO     MSG RECEIVED FROM DISPATCH: 1002
2018-02-14 14:14:47,317 MCT_Register INFO     PLAYER ID NOT REGISTERED: playerVirtual1
2018-02-14 14:14:47,324 MCT_Register INFO     PLAYER REGISTERED: playerVirtual1
2018-02-14 14:14:47,378 MCT_Register INFO     ------------------------------------------

2018-02-14 14:14:47,396 MCT_Register INFO     MSG RECEIVED FROM DISPATCH: 1002
2018-02-14 14:14:47,409 MCT_Register INFO     PLAYER ID NOT REGISTERED: playerVirtual11
2018-02-14 14:14:47,457 MCT_Register INFO     PLAYER REGISTERED: playerVirtual11
2018-02-14 14:14:47,519 MCT_Register INFO     ------------------------------------------

2018-02-14 14:14:47,669 MCT_Register INFO     MSG RECEIVED FROM DISPATCH: 1002
2018-02-14 14:14:47,676 MCT_Register INFO     PLAYER ID NOT REGISTERED: playerVirtual4
2018-02-14 14:14:47,728 MCT_Register INFO     PLAYER REGISTERED: playerVirtual4
2018-02-14 14:14:47,778 MCT_Register INFO     ------------------------------------------

2018-02-14 14:14:48,216 MCT_Register INFO     MSG RECEIVED FROM DISPATCH: 1002
2018-02-14 14:14:48,221 MCT_Register INFO     PLAYER ID NOT REGISTERED: playerVirtual8
2018-02-14 14:14:48,243 MCT_Register INFO     PLAYER REGISTERED: playerVirtual8
2018-02-14 14:14:48,304 MCT_Register INFO     ------------------------------------------

2018-02-14 14:14:48,399 MCT_Register INFO     MSG RECEIVED FROM DISPATCH: 1002
2018-02-14 14:14:48,406 MCT_Register INFO     PLAYER ID NOT REGISTERED: playerVirtual2
2018-02-14 14:14:48,510 MCT_Register INFO     PLAYER REGISTERED: playerVirtual2
2018-02-14 14:14:48,562 MCT_Register INFO     ------------------------------------------

2018-02-14 14:14:48,650 MCT_Register INFO     MSG RECEIVED FROM DISPATCH: 1002
2018-02-14 14:14:48,658 MCT_Register INFO     PLAYER ID NOT REGISTERED: playerVirtual13
2018-02-14 14:14:48,712 MCT_Register INFO     PLAYER REGISTERED: playerVirtual13
2018-02-14 14:14:48,772 MCT_Register INFO     ------------------------------------------

2018-02-14 14:14:48,773 MCT_Register INFO     MSG RECEIVED FROM DISPATCH: 1002
2018-02-14 14:14:48,785 MCT_Register INFO     PLAYER ID NOT REGISTERED: playerVirtual3
2018-02-14 14:14:48,793 MCT_Register INFO     PLAYER REGISTERED: playerVirtual3
2018-02-14 14:14:48,848 MCT_Register INFO     ------------------------------------------

2018-02-14 14:14:48,866 MCT_Register INFO     MSG RECEIVED FROM DISPATCH: 1002
2018-02-14 14:14:48,873 MCT_Register INFO     PLAYER ID NOT REGISTERED: playerVirtual6
2018-02-14 14:14:48,887 MCT_Register INFO     PLAYER REGISTERED: playerVirtual6
2018-02-14 14:14:48,950 MCT_Register INFO     ------------------------------------------

2018-02-14 14:14:49,067 MCT_Register INFO     MSG RECEIVED FROM DISPATCH: 1002
2018-02-14 14:14:49,073 MCT_Register INFO     PLAYER ID NOT REGISTERED: playerVirtual15
2018-02-14 14:14:49,128 MCT_Register INFO     PLAYER REGISTERED: playerVirtual15
2018-02-14 14:14:49,178 MCT_Register INFO     ------------------------------------------

2018-02-14 14:14:49,196 MCT_Register INFO     MSG RECEIVED FROM DISPATCH: 1002
2018-02-14 14:14:49,204 MCT_Register INFO     PLAYER ID NOT REGISTERED: playerVirtual17
2018-02-14 14:14:49,213 MCT_Register INFO     PLAYER REGISTERED: playerVirtual17
2018-02-14 14:14:49,272 MCT_Register INFO     ------------------------------------------

2018-02-14 14:14:49,436 MCT_Register INFO     MSG RECEIVED FROM DISPATCH: 1002
2018-02-14 14:14:49,444 MCT_Register INFO     PLAYER ID NOT REGISTERED: playerVirtual19
2018-02-14 14:14:49,451 MCT_Register INFO     PLAYER REGISTERED: playerVirtual19
2018-02-14 14:14:49,516 MCT_Register INFO     ------------------------------------------

2018-02-14 14:14:49,532 MCT_Register INFO     MSG RECEIVED FROM DISPATCH: 1002
2018-02-14 14:14:49,543 MCT_Register INFO     PLAYER ID NOT REGISTERED: playerVirtual5
2018-02-14 14:14:49,549 MCT_Register INFO     PLAYER REGISTERED: playerVirtual5
2018-02-14 14:14:49,603 MCT_Register INFO     ------------------------------------------

2018-02-14 14:14:49,950 MCT_Register INFO     MSG RECEIVED FROM DISPATCH: 1002
2018-02-14 14:14:49,957 MCT_Register INFO     PLAYER ID NOT REGISTERED: playerVirtual9
2018-02-14 14:14:49,995 MCT_Register INFO     PLAYER REGISTERED: playerVirtual9
2018-02-14 14:14:50,045 MCT_Register INFO     ------------------------------------------

2018-02-14 14:14:50,130 MCT_Register INFO     MSG RECEIVED FROM DISPATCH: 1002
2018-02-14 14:14:50,135 MCT_Register INFO     PLAYER ID NOT REGISTERED: playerVirtual7
2018-02-14 14:14:50,209 MCT_Register INFO     PLAYER REGISTERED: playerVirtual7
2018-02-14 14:14:50,267 MCT_Register INFO     ------------------------------------------

2018-02-14 14:14:50,270 MCT_Register INFO     MSG RECEIVED FROM DISPATCH: 1002
2018-02-14 14:14:50,276 MCT_Register INFO     PLAYER ID NOT REGISTERED: playerVirtual14
2018-02-14 14:14:50,301 MCT_Register INFO     PLAYER REGISTERED: playerVirtual14
2018-02-14 14:14:50,364 MCT_Register INFO     ------------------------------------------

2018-02-14 14:14:50,566 MCT_Register INFO     MSG RECEIVED FROM DISPATCH: 1002
2018-02-14 14:14:50,574 MCT_Register INFO     PLAYER ID NOT REGISTERED: playerVirtual12
2018-02-14 14:14:50,583 MCT_Register INFO     PLAYER REGISTERED: playerVirtual12
2018-02-14 14:14:50,642 MCT_Register INFO     ------------------------------------------

2018-02-14 14:14:50,741 MCT_Register INFO     MSG RECEIVED FROM DISPATCH: 1002
2018-02-14 14:14:50,747 MCT_Register INFO     PLAYER ID NOT REGISTERED: playerVirtual0
2018-02-14 14:14:50,813 MCT_Register INFO     PLAYER REGISTERED: playerVirtual0
2018-02-14 14:14:50,876 MCT_Register INFO     ------------------------------------------

2018-02-14 14:14:50,964 MCT_Register INFO     MSG RECEIVED FROM DISPATCH: 1002
2018-02-14 14:14:50,973 MCT_Register INFO     PLAYER ID NOT REGISTERED: playerVirtual16
2018-02-14 14:14:51,022 MCT_Register INFO     PLAYER REGISTERED: playerVirtual16
2018-02-14 14:14:51,076 MCT_Register INFO     ------------------------------------------

2018-02-14 14:14:51,079 MCT_Register INFO     MSG RECEIVED FROM DISPATCH: 1002
2018-02-14 14:14:51,089 MCT_Register INFO     PLAYER ID NOT REGISTERED: playerVirtual18
2018-02-14 14:14:51,096 MCT_Register INFO     PLAYER REGISTERED: playerVirtual18
2018-02-14 14:14:51,154 MCT_Register INFO     ------------------------------------------

2018-02-14 14:14:51,261 MCT_Register INFO     MSG RECEIVED FROM DISPATCH: 1002
2018-02-14 14:14:51,269 MCT_Register INFO     PLAYER ID NOT REGISTERED: playerVirtual10
2018-02-14 14:14:51,320 MCT_Register INFO     PLAYER REGISTERED: playerVirtual10
2018-02-14 14:14:51,375 MCT_Register INFO     ------------------------------------------

2018-02-14 18:27:05,936 MCT_Register INFO     ###### STOP MCT_REGISTER ######

