2018-02-12 23:27:42,821 MCT_Register INFO     ###### START MCT_REGISTER ######

2018-02-12 23:28:07,748 MCT_Register INFO     MSG RECEIVED FROM DISPATCH: 1002
2018-02-12 23:28:07,782 MCT_Register INFO     PLAYER ID NOT REGISTERED: playerVirtual1
2018-02-12 23:28:07,814 MCT_Register INFO     PLAYER REGISTERED: playerVirtual1
2018-02-12 23:28:07,865 MCT_Register INFO     ------------------------------------------

2018-02-12 23:28:07,866 MCT_Register INFO     MSG RECEIVED FROM DISPATCH: 1002
2018-02-12 23:28:07,877 MCT_Register INFO     PLAYER ID NOT REGISTERED: playerVirtual11
2018-02-12 23:28:07,884 MCT_Register INFO     PLAYER REGISTERED: playerVirtual11
2018-02-12 23:28:07,942 MCT_Register INFO     ------------------------------------------

2018-02-12 23:28:07,970 MCT_Register INFO     MSG RECEIVED FROM DISPATCH: 1002
2018-02-12 23:28:07,981 MCT_Register INFO     PLAYER ID NOT REGISTERED: playerVirtual4
2018-02-12 23:28:08,093 MCT_Register INFO     PLAYER REGISTERED: playerVirtual4
2018-02-12 23:28:08,147 MCT_Register INFO     ------------------------------------------

2018-02-12 23:28:08,148 MCT_Register INFO     MSG RECEIVED FROM DISPATCH: 1002
2018-02-12 23:28:08,153 MCT_Register INFO     PLAYER ID NOT REGISTERED: playerVirtual8
2018-02-12 23:28:08,297 MCT_Register INFO     PLAYER REGISTERED: playerVirtual8
2018-02-12 23:28:08,354 MCT_Register INFO     ------------------------------------------

2018-02-12 23:28:08,509 MCT_Register INFO     MSG RECEIVED FROM DISPATCH: 1002
2018-02-12 23:28:08,516 MCT_Register INFO     PLAYER ID NOT REGISTERED: playerVirtual2
2018-02-12 23:28:08,527 MCT_Register INFO     PLAYER REGISTERED: playerVirtual2
2018-02-12 23:28:08,581 MCT_Register INFO     ------------------------------------------

2018-02-12 23:28:08,750 MCT_Register INFO     MSG RECEIVED FROM DISPATCH: 1002
2018-02-12 23:28:08,761 MCT_Register INFO     PLAYER ID NOT REGISTERED: playerVirtual13
2018-02-12 23:28:08,772 MCT_Register INFO     PLAYER REGISTERED: playerVirtual13
2018-02-12 23:28:08,825 MCT_Register INFO     ------------------------------------------

2018-02-12 23:28:08,997 MCT_Register INFO     MSG RECEIVED FROM DISPATCH: 1002
2018-02-12 23:28:09,005 MCT_Register INFO     PLAYER ID NOT REGISTERED: playerVirtual3
2018-02-12 23:28:09,026 MCT_Register INFO     PLAYER REGISTERED: playerVirtual3
2018-02-12 23:28:09,093 MCT_Register INFO     ------------------------------------------

2018-02-12 23:28:09,201 MCT_Register INFO     MSG RECEIVED FROM DISPATCH: 1002
2018-02-12 23:28:09,217 MCT_Register INFO     PLAYER ID NOT REGISTERED: playerVirtual6
2018-02-12 23:28:09,282 MCT_Register INFO     PLAYER REGISTERED: playerVirtual6
2018-02-12 23:28:09,338 MCT_Register INFO     ------------------------------------------

2018-02-12 23:28:09,370 MCT_Register INFO     MSG RECEIVED FROM DISPATCH: 1002
2018-02-12 23:28:09,381 MCT_Register INFO     PLAYER ID NOT REGISTERED: playerVirtual15
2018-02-12 23:28:09,440 MCT_Register INFO     PLAYER REGISTERED: playerVirtual15
2018-02-12 23:28:09,499 MCT_Register INFO     ------------------------------------------

2018-02-12 23:28:09,624 MCT_Register INFO     MSG RECEIVED FROM DISPATCH: 1002
2018-02-12 23:28:09,633 MCT_Register INFO     PLAYER ID NOT REGISTERED: playerVirtual17
2018-02-12 23:28:09,644 MCT_Register INFO     PLAYER REGISTERED: playerVirtual17
2018-02-12 23:28:09,702 MCT_Register INFO     ------------------------------------------

2018-02-12 23:28:09,706 MCT_Register INFO     MSG RECEIVED FROM DISPATCH: 1002
2018-02-12 23:28:09,714 MCT_Register INFO     PLAYER ID NOT REGISTERED: playerVirtual19
2018-02-12 23:28:09,718 MCT_Register INFO     PLAYER REGISTERED: playerVirtual19
2018-02-12 23:28:09,767 MCT_Register INFO     ------------------------------------------

2018-02-12 23:28:09,868 MCT_Register INFO     MSG RECEIVED FROM DISPATCH: 1002
2018-02-12 23:28:09,881 MCT_Register INFO     PLAYER ID NOT REGISTERED: playerVirtual5
2018-02-12 23:28:09,887 MCT_Register INFO     PLAYER REGISTERED: playerVirtual5
2018-02-12 23:28:09,941 MCT_Register INFO     ------------------------------------------

2018-02-12 23:28:10,022 MCT_Register INFO     MSG RECEIVED FROM DISPATCH: 1002
2018-02-12 23:28:10,036 MCT_Register INFO     PLAYER ID NOT REGISTERED: playerVirtual9
2018-02-12 23:28:10,047 MCT_Register INFO     PLAYER REGISTERED: playerVirtual9
2018-02-12 23:28:10,093 MCT_Register INFO     ------------------------------------------

2018-02-12 23:28:10,094 MCT_Register INFO     MSG RECEIVED FROM DISPATCH: 1002
2018-02-12 23:28:10,108 MCT_Register INFO     PLAYER ID NOT REGISTERED: playerVirtual7
2018-02-12 23:28:10,124 MCT_Register INFO     PLAYER REGISTERED: playerVirtual7
2018-02-12 23:28:10,175 MCT_Register INFO     ------------------------------------------

2018-02-12 23:28:10,310 MCT_Register INFO     MSG RECEIVED FROM DISPATCH: 1002
2018-02-12 23:28:10,317 MCT_Register INFO     PLAYER ID NOT REGISTERED: playerVirtual14
2018-02-12 23:28:10,325 MCT_Register INFO     PLAYER REGISTERED: playerVirtual14
2018-02-12 23:28:10,383 MCT_Register INFO     ------------------------------------------

2018-02-12 23:28:10,468 MCT_Register INFO     MSG RECEIVED FROM DISPATCH: 1002
2018-02-12 23:28:10,480 MCT_Register INFO     PLAYER ID NOT REGISTERED: playerVirtual12
2018-02-12 23:28:10,621 MCT_Register INFO     PLAYER REGISTERED: playerVirtual12
2018-02-12 23:28:10,674 MCT_Register INFO     ------------------------------------------

2018-02-12 23:28:10,676 MCT_Register INFO     MSG RECEIVED FROM DISPATCH: 1002
2018-02-12 23:28:10,685 MCT_Register INFO     PLAYER ID NOT REGISTERED: playerVirtual0
2018-02-12 23:28:10,691 MCT_Register INFO     PLAYER REGISTERED: playerVirtual0
2018-02-12 23:28:10,736 MCT_Register INFO     ------------------------------------------

2018-02-12 23:28:10,874 MCT_Register INFO     MSG RECEIVED FROM DISPATCH: 1002
2018-02-12 23:28:10,882 MCT_Register INFO     PLAYER ID NOT REGISTERED: playerVirtual16
2018-02-12 23:28:10,906 MCT_Register INFO     PLAYER REGISTERED: playerVirtual16
2018-02-12 23:28:10,961 MCT_Register INFO     ------------------------------------------

2018-02-12 23:28:11,151 MCT_Register INFO     MSG RECEIVED FROM DISPATCH: 1002
2018-02-12 23:28:11,160 MCT_Register INFO     PLAYER ID NOT REGISTERED: playerVirtual18
2018-02-12 23:28:11,170 MCT_Register INFO     PLAYER REGISTERED: playerVirtual18
2018-02-12 23:28:11,220 MCT_Register INFO     ------------------------------------------

2018-02-12 23:28:11,356 MCT_Register INFO     MSG RECEIVED FROM DISPATCH: 1002
2018-02-12 23:28:11,363 MCT_Register INFO     PLAYER ID NOT REGISTERED: playerVirtual10
2018-02-12 23:28:11,369 MCT_Register INFO     PLAYER REGISTERED: playerVirtual10
2018-02-12 23:28:11,424 MCT_Register INFO     ------------------------------------------

2018-02-13 03:54:45,115 MCT_Register INFO     ###### STOP MCT_REGISTER ######

