2018-02-28 19:30:28,670 MCT_Register INFO     ###### START MCT_REGISTER ######

2018-02-28 19:30:40,817 MCT_Register INFO     MSG RECEIVED FROM DISPATCH: 1002
2018-02-28 19:30:40,850 MCT_Register INFO     PLAYER ID NOT REGISTERED: playerVirtual1
2018-02-28 19:30:40,886 MCT_Register INFO     playerVirtual1 register 1
2018-02-28 19:30:40,953 MCT_Register INFO     ------------------------------------------

2018-02-28 19:30:40,960 MCT_Register INFO     MSG RECEIVED FROM DISPATCH: 1002
2018-02-28 19:30:40,968 MCT_Register INFO     PLAYER ID NOT REGISTERED: playerVirtual2
2018-02-28 19:30:40,974 MCT_Register INFO     playerVirtual2 register 1
2018-02-28 19:30:41,025 MCT_Register INFO     ------------------------------------------

2018-02-28 19:35:40,657 MCT_Register INFO     MSG RECEIVED FROM DISPATCH: 1002
2018-02-28 19:35:40,663 MCT_Register INFO     PLAYER ID NOT REGISTERED: playerVirtual3
2018-02-28 19:35:40,669 MCT_Register INFO     playerVirtual3 register 1
2018-02-28 19:35:40,724 MCT_Register INFO     ------------------------------------------

2018-02-28 19:40:39,395 MCT_Register INFO     MSG RECEIVED FROM DISPATCH: 1002
2018-02-28 19:40:39,403 MCT_Register INFO     PLAYER ID NOT REGISTERED: playerVirtual4
2018-02-28 19:40:39,416 MCT_Register INFO     playerVirtual4 register 1
2018-02-28 19:40:39,471 MCT_Register INFO     ------------------------------------------

2018-02-28 19:40:47,789 MCT_Register INFO     MSG RECEIVED FROM DISPATCH: 1002
2018-02-28 19:40:47,810 MCT_Register INFO     PLAYER ID NOT REGISTERED: playerVirtual0
2018-02-28 19:40:47,819 MCT_Register INFO     playerVirtual0 register 1
2018-02-28 19:40:47,874 MCT_Register INFO     ------------------------------------------

2018-02-28 19:45:42,952 MCT_Register INFO     MSG RECEIVED FROM DISPATCH: 1002
2018-02-28 19:45:42,957 MCT_Register INFO     PLAYER ID NOT REGISTERED: playerVirtual5
2018-02-28 19:45:42,962 MCT_Register INFO     playerVirtual5 register 1
2018-02-28 19:45:43,013 MCT_Register INFO     ------------------------------------------

2018-02-28 19:50:42,749 MCT_Register INFO     MSG RECEIVED FROM DISPATCH: 1002
2018-02-28 19:50:42,757 MCT_Register INFO     PLAYER ID NOT REGISTERED: playerVirtual6
2018-02-28 19:50:42,763 MCT_Register INFO     playerVirtual6 register 1
2018-02-28 19:50:42,820 MCT_Register INFO     ------------------------------------------

2018-02-28 19:52:57,140 MCT_Register INFO     MSG RECEIVED FROM DISPATCH: 1002
2018-02-28 19:52:57,147 MCT_Register INFO     PLAYER ID NOT REGISTERED: playerVirtual1693
2018-02-28 19:52:57,151 MCT_Register INFO     playerVirtual1693 register 1
2018-02-28 19:52:57,210 MCT_Register INFO     ------------------------------------------

2018-02-28 19:55:39,644 MCT_Register INFO     MSG RECEIVED FROM DISPATCH: 1002
2018-02-28 19:55:39,654 MCT_Register INFO     PLAYER ID NOT REGISTERED: playerVirtual7
2018-02-28 19:55:39,669 MCT_Register INFO     playerVirtual7 register 1
2018-02-28 19:55:39,717 MCT_Register INFO     ------------------------------------------

2018-02-28 20:00:47,923 MCT_Register INFO     MSG RECEIVED FROM DISPATCH: 1002
2018-02-28 20:00:47,930 MCT_Register INFO     PLAYER ID NOT REGISTERED: playerVirtual8
2018-02-28 20:00:47,942 MCT_Register INFO     playerVirtual8 register 1
2018-02-28 20:00:47,997 MCT_Register INFO     ------------------------------------------

2018-02-28 20:05:41,856 MCT_Register INFO     MSG RECEIVED FROM DISPATCH: 1002
2018-02-28 20:05:41,867 MCT_Register INFO     PLAYER ID NOT REGISTERED: playerVirtual9
2018-02-28 20:05:41,873 MCT_Register INFO     playerVirtual9 register 1
2018-02-28 20:05:41,928 MCT_Register INFO     ------------------------------------------

2018-02-28 20:05:42,023 MCT_Register INFO     MSG RECEIVED FROM DISPATCH: 1002
2018-02-28 20:05:42,034 MCT_Register INFO     PLAYER ID NOT REGISTERED: playerVirtual1917
2018-02-28 20:05:42,095 MCT_Register INFO     playerVirtual1917 register 1
2018-02-28 20:05:42,145 MCT_Register INFO     ------------------------------------------

2018-02-28 20:10:46,960 MCT_Register INFO     MSG RECEIVED FROM DISPATCH: 1002
2018-02-28 20:10:46,967 MCT_Register INFO     PLAYER ID NOT REGISTERED: playerVirtual10
2018-02-28 20:10:46,973 MCT_Register INFO     playerVirtual10 register 1
2018-02-28 20:10:47,036 MCT_Register INFO     ------------------------------------------

2018-02-28 20:15:40,970 MCT_Register INFO     MSG RECEIVED FROM DISPATCH: 1002
2018-02-28 20:15:40,978 MCT_Register INFO     PLAYER ID NOT REGISTERED: playerVirtual11
2018-02-28 20:15:41,033 MCT_Register INFO     playerVirtual11 register 1
2018-02-28 20:15:41,089 MCT_Register INFO     ------------------------------------------

2018-02-28 20:17:51,436 MCT_Register INFO     MSG RECEIVED FROM DISPATCH: 1002
2018-02-28 20:17:51,445 MCT_Register INFO     PLAYER ID NOT REGISTERED: playerVirtual1632
2018-02-28 20:17:51,453 MCT_Register INFO     playerVirtual1632 register 1
2018-02-28 20:17:51,506 MCT_Register INFO     ------------------------------------------

2018-02-28 20:20:42,670 MCT_Register INFO     MSG RECEIVED FROM DISPATCH: 1002
2018-02-28 20:20:42,677 MCT_Register INFO     PLAYER ID NOT REGISTERED: playerVirtual12
2018-02-28 20:20:42,683 MCT_Register INFO     playerVirtual12 register 1
2018-02-28 20:20:42,731 MCT_Register INFO     ------------------------------------------

2018-02-28 20:25:41,021 MCT_Register INFO     MSG RECEIVED FROM DISPATCH: 1002
2018-02-28 20:25:41,029 MCT_Register INFO     PLAYER ID NOT REGISTERED: playerVirtual13
2018-02-28 20:25:41,037 MCT_Register INFO     playerVirtual13 register 1
2018-02-28 20:25:41,088 MCT_Register INFO     ------------------------------------------

2018-02-28 20:28:44,865 MCT_Register INFO     MSG RECEIVED FROM DISPATCH: 1002
2018-02-28 20:28:44,876 MCT_Register INFO     PLAYER ID NOT REGISTERED: playerVirtual1137
2018-02-28 20:28:44,911 MCT_Register INFO     playerVirtual1137 register 1
2018-02-28 20:28:44,970 MCT_Register INFO     ------------------------------------------

2018-02-28 20:30:38,515 MCT_Register INFO     MSG RECEIVED FROM DISPATCH: 1002
2018-02-28 20:30:38,522 MCT_Register INFO     PLAYER ID NOT REGISTERED: playerVirtual14
2018-02-28 20:30:38,591 MCT_Register INFO     playerVirtual14 register 1
2018-02-28 20:30:38,641 MCT_Register INFO     ------------------------------------------

2018-02-28 20:35:40,405 MCT_Register INFO     MSG RECEIVED FROM DISPATCH: 1002
2018-02-28 20:35:40,412 MCT_Register INFO     PLAYER ID NOT REGISTERED: playerVirtual15
2018-02-28 20:35:40,419 MCT_Register INFO     playerVirtual15 register 1
2018-02-28 20:35:40,471 MCT_Register INFO     ------------------------------------------

2018-02-28 20:40:45,700 MCT_Register INFO     MSG RECEIVED FROM DISPATCH: 1002
2018-02-28 20:40:45,708 MCT_Register INFO     PLAYER ID NOT REGISTERED: playerVirtual16
2018-02-28 20:40:45,716 MCT_Register INFO     playerVirtual16 register 1
2018-02-28 20:40:45,777 MCT_Register INFO     ------------------------------------------

2018-02-28 20:42:23,294 MCT_Register INFO     MSG RECEIVED FROM DISPATCH: 1002
2018-02-28 20:42:23,300 MCT_Register INFO     PLAYER ID NOT REGISTERED: playerVirtual1189
2018-02-28 20:42:23,311 MCT_Register INFO     playerVirtual1189 register 1
2018-02-28 20:42:23,357 MCT_Register INFO     ------------------------------------------

2018-02-28 20:45:45,137 MCT_Register INFO     MSG RECEIVED FROM DISPATCH: 1002
2018-02-28 20:45:45,147 MCT_Register INFO     PLAYER ID NOT REGISTERED: playerVirtual17
2018-02-28 20:45:45,253 MCT_Register INFO     playerVirtual17 register 1
2018-02-28 20:45:45,302 MCT_Register INFO     ------------------------------------------

2018-02-28 20:50:43,510 MCT_Register INFO     MSG RECEIVED FROM DISPATCH: 1002
2018-02-28 20:50:43,520 MCT_Register INFO     PLAYER ID NOT REGISTERED: playerVirtual18
2018-02-28 20:50:43,525 MCT_Register INFO     playerVirtual18 register 1
2018-02-28 20:50:43,587 MCT_Register INFO     ------------------------------------------

2018-02-28 20:55:42,375 MCT_Register INFO     MSG RECEIVED FROM DISPATCH: 1002
2018-02-28 20:55:42,382 MCT_Register INFO     PLAYER ID NOT REGISTERED: playerVirtual19
2018-02-28 20:55:42,901 MCT_Register INFO     playerVirtual19 register 1
2018-02-28 20:55:42,946 MCT_Register INFO     ------------------------------------------

2018-02-28 21:04:53,939 MCT_Register INFO     MSG RECEIVED FROM DISPATCH: 1002
2018-02-28 21:04:53,946 MCT_Register INFO     PLAYER ID NOT REGISTERED: playerVirtual1525
2018-02-28 21:04:53,955 MCT_Register INFO     playerVirtual1525 register 1
2018-02-28 21:04:54,009 MCT_Register INFO     ------------------------------------------

2018-02-28 21:30:28,809 MCT_Register INFO     MSG RECEIVED FROM DISPATCH: 1002
2018-02-28 21:30:28,818 MCT_Register INFO     PLAYER ID NOT REGISTERED: playerVirtual1502
2018-02-28 21:30:28,825 MCT_Register INFO     playerVirtual1502 register 1
2018-02-28 21:30:28,880 MCT_Register INFO     ------------------------------------------

2018-02-28 21:59:31,959 MCT_Register INFO     MSG RECEIVED FROM DISPATCH: 1002
2018-02-28 21:59:31,964 MCT_Register INFO     PLAYER ID NOT REGISTERED: playerVirtual1114
2018-02-28 21:59:32,113 MCT_Register INFO     playerVirtual1114 register 1
2018-02-28 21:59:32,163 MCT_Register INFO     ------------------------------------------

2018-02-28 22:31:03,000 MCT_Register INFO     MSG RECEIVED FROM DISPATCH: 1002
2018-02-28 22:31:03,004 MCT_Register INFO     PLAYER ID NOT REGISTERED: playerVirtual1141
2018-02-28 22:31:03,010 MCT_Register INFO     playerVirtual1141 register 1
2018-02-28 22:31:03,079 MCT_Register INFO     ------------------------------------------

2018-02-28 23:06:27,209 MCT_Register INFO     MSG RECEIVED FROM DISPATCH: 1002
2018-02-28 23:06:27,216 MCT_Register INFO     PLAYER ID NOT REGISTERED: playerVirtual1561
2018-02-28 23:06:27,223 MCT_Register INFO     playerVirtual1561 register 1
2018-02-28 23:06:27,283 MCT_Register INFO     ------------------------------------------

2018-02-28 23:13:26,706 MCT_Register INFO     ###### STOP MCT_REGISTER ######

