2018-02-09 07:02:34,118 MCT_Register INFO     ###### START MCT_REGISTER ######

2018-02-09 07:02:52,145 MCT_Register INFO     MSG RECEIVED FROM DISPATCH: 1002
2018-02-09 07:02:52,166 MCT_Register INFO     PLAYER ID NOT REGISTERED: playerVirtual0
2018-02-09 07:02:52,171 MCT_Register INFO     PLAYER REGISTERED: playerVirtual0
2018-02-09 07:02:52,177 MCT_Register INFO     ------------------------------------------

2018-02-09 07:02:52,223 MCT_Register INFO     MSG RECEIVED FROM DISPATCH: 1002
2018-02-09 07:02:52,226 MCT_Register INFO     PLAYER ID NOT REGISTERED: playerVirtual2
2018-02-09 07:02:52,229 MCT_Register INFO     PLAYER REGISTERED: playerVirtual2
2018-02-09 07:02:52,236 MCT_Register INFO     ------------------------------------------

2018-02-09 07:02:52,262 MCT_Register INFO     MSG RECEIVED FROM DISPATCH: 1002
2018-02-09 07:02:52,265 MCT_Register INFO     PLAYER ID NOT REGISTERED: playerVirtual5
2018-02-09 07:02:52,268 MCT_Register INFO     PLAYER REGISTERED: playerVirtual5
2018-02-09 07:02:52,275 MCT_Register INFO     ------------------------------------------

2018-02-09 07:02:52,314 MCT_Register INFO     MSG RECEIVED FROM DISPATCH: 1002
2018-02-09 07:02:52,318 MCT_Register INFO     PLAYER ID NOT REGISTERED: playerVirtual3
2018-02-09 07:02:52,320 MCT_Register INFO     PLAYER REGISTERED: playerVirtual3
2018-02-09 07:02:52,327 MCT_Register INFO     ------------------------------------------

2018-02-09 07:02:52,346 MCT_Register INFO     MSG RECEIVED FROM DISPATCH: 1002
2018-02-09 07:02:52,349 MCT_Register INFO     PLAYER ID NOT REGISTERED: playerVirtual4
2018-02-09 07:02:52,352 MCT_Register INFO     PLAYER REGISTERED: playerVirtual4
2018-02-09 07:02:52,360 MCT_Register INFO     ------------------------------------------

2018-02-09 07:02:52,401 MCT_Register INFO     MSG RECEIVED FROM DISPATCH: 1002
2018-02-09 07:02:52,404 MCT_Register INFO     PLAYER ID NOT REGISTERED: playerVirtual1
2018-02-09 07:02:52,407 MCT_Register INFO     PLAYER REGISTERED: playerVirtual1
2018-02-09 07:02:52,414 MCT_Register INFO     ------------------------------------------

2018-02-09 07:02:52,433 MCT_Register INFO     MSG RECEIVED FROM DISPATCH: 1002
2018-02-09 07:02:52,436 MCT_Register INFO     PLAYER ID NOT REGISTERED: playerVirtual6
2018-02-09 07:02:52,439 MCT_Register INFO     PLAYER REGISTERED: playerVirtual6
2018-02-09 07:02:52,446 MCT_Register INFO     ------------------------------------------

2018-02-09 07:02:52,463 MCT_Register INFO     MSG RECEIVED FROM DISPATCH: 1002
2018-02-09 07:02:52,468 MCT_Register INFO     PLAYER ID NOT REGISTERED: playerVirtual7
2018-02-09 07:02:52,470 MCT_Register INFO     PLAYER REGISTERED: playerVirtual7
2018-02-09 07:02:52,479 MCT_Register INFO     ------------------------------------------

2018-02-09 07:02:52,481 MCT_Register INFO     MSG RECEIVED FROM DISPATCH: 1002
2018-02-09 07:02:52,484 MCT_Register INFO     PLAYER ID NOT REGISTERED: playerVirtual8
2018-02-09 07:02:52,494 MCT_Register INFO     PLAYER REGISTERED: playerVirtual8
2018-02-09 07:02:52,503 MCT_Register INFO     ------------------------------------------

2018-02-09 07:02:52,504 MCT_Register INFO     MSG RECEIVED FROM DISPATCH: 1002
2018-02-09 07:02:52,509 MCT_Register INFO     PLAYER ID NOT REGISTERED: playerVirtual9
2018-02-09 07:02:52,511 MCT_Register INFO     PLAYER REGISTERED: playerVirtual9
2018-02-09 07:02:52,519 MCT_Register INFO     ------------------------------------------

2018-02-09 07:03:08,192 MCT_Register INFO     MSG RECEIVED FROM DISPATCH: 1002
2018-02-09 07:03:08,195 MCT_Register INFO     PLAYER ID NOT REGISTERED: playerVirtual10
2018-02-09 07:03:08,198 MCT_Register INFO     PLAYER REGISTERED: playerVirtual10
2018-02-09 07:03:08,206 MCT_Register INFO     ------------------------------------------

2018-02-09 07:03:08,223 MCT_Register INFO     MSG RECEIVED FROM DISPATCH: 1002
2018-02-09 07:03:08,226 MCT_Register INFO     PLAYER ID NOT REGISTERED: playerVirtual11
2018-02-09 07:03:08,229 MCT_Register INFO     PLAYER REGISTERED: playerVirtual11
2018-02-09 07:03:08,241 MCT_Register INFO     ------------------------------------------

2018-02-09 07:03:08,242 MCT_Register INFO     MSG RECEIVED FROM DISPATCH: 1002
2018-02-09 07:03:08,245 MCT_Register INFO     PLAYER ID NOT REGISTERED: playerVirtual13
2018-02-09 07:03:08,247 MCT_Register INFO     PLAYER REGISTERED: playerVirtual13
2018-02-09 07:03:08,254 MCT_Register INFO     ------------------------------------------

2018-02-09 07:03:08,278 MCT_Register INFO     MSG RECEIVED FROM DISPATCH: 1002
2018-02-09 07:03:08,281 MCT_Register INFO     PLAYER ID NOT REGISTERED: playerVirtual12
2018-02-09 07:03:08,284 MCT_Register INFO     PLAYER REGISTERED: playerVirtual12
2018-02-09 07:03:08,291 MCT_Register INFO     ------------------------------------------

2018-02-09 07:03:08,317 MCT_Register INFO     MSG RECEIVED FROM DISPATCH: 1002
2018-02-09 07:03:08,320 MCT_Register INFO     PLAYER ID NOT REGISTERED: playerVirtual14
2018-02-09 07:03:08,322 MCT_Register INFO     PLAYER REGISTERED: playerVirtual14
2018-02-09 07:03:08,329 MCT_Register INFO     ------------------------------------------

2018-02-09 07:03:08,355 MCT_Register INFO     MSG RECEIVED FROM DISPATCH: 1002
2018-02-09 07:03:08,358 MCT_Register INFO     PLAYER ID NOT REGISTERED: playerVirtual15
2018-02-09 07:03:08,361 MCT_Register INFO     PLAYER REGISTERED: playerVirtual15
2018-02-09 07:03:08,368 MCT_Register INFO     ------------------------------------------

2018-02-09 07:08:08,456 MCT_Register INFO     MSG RECEIVED FROM DISPATCH: 1002
2018-02-09 07:08:08,459 MCT_Register INFO     PLAYER ID NOT REGISTERED: playerVirtual16
2018-02-09 07:08:08,461 MCT_Register INFO     PLAYER REGISTERED: playerVirtual16
2018-02-09 07:08:08,469 MCT_Register INFO     ------------------------------------------

2018-02-09 07:08:08,491 MCT_Register INFO     MSG RECEIVED FROM DISPATCH: 1002
2018-02-09 07:08:08,494 MCT_Register INFO     PLAYER ID NOT REGISTERED: playerVirtual17
2018-02-09 07:08:08,497 MCT_Register INFO     PLAYER REGISTERED: playerVirtual17
2018-02-09 07:08:08,504 MCT_Register INFO     ------------------------------------------

2018-02-09 07:08:08,527 MCT_Register INFO     MSG RECEIVED FROM DISPATCH: 1002
2018-02-09 07:08:08,530 MCT_Register INFO     PLAYER ID NOT REGISTERED: playerVirtual19
2018-02-09 07:08:08,532 MCT_Register INFO     PLAYER REGISTERED: playerVirtual19
2018-02-09 07:08:08,540 MCT_Register INFO     ------------------------------------------

2018-02-09 07:08:08,568 MCT_Register INFO     MSG RECEIVED FROM DISPATCH: 1002
2018-02-09 07:08:08,571 MCT_Register INFO     PLAYER ID NOT REGISTERED: playerVirtual18
2018-02-09 07:08:08,574 MCT_Register INFO     PLAYER REGISTERED: playerVirtual18
2018-02-09 07:08:08,580 MCT_Register INFO     ------------------------------------------

2018-02-09 07:08:08,603 MCT_Register INFO     MSG RECEIVED FROM DISPATCH: 1002
2018-02-09 07:08:08,606 MCT_Register INFO     PLAYER ID NOT REGISTERED: playerVirtual20
2018-02-09 07:08:08,608 MCT_Register INFO     PLAYER REGISTERED: playerVirtual20
2018-02-09 07:08:08,616 MCT_Register INFO     ------------------------------------------

2018-02-09 07:08:08,660 MCT_Register INFO     MSG RECEIVED FROM DISPATCH: 1002
2018-02-09 07:08:08,664 MCT_Register INFO     PLAYER ID NOT REGISTERED: playerVirtual21
2018-02-09 07:08:08,666 MCT_Register INFO     PLAYER REGISTERED: playerVirtual21
2018-02-09 07:08:08,673 MCT_Register INFO     ------------------------------------------

2018-02-09 07:13:12,010 MCT_Register INFO     MSG RECEIVED FROM DISPATCH: 1002
2018-02-09 07:13:12,013 MCT_Register INFO     PLAYER ID NOT REGISTERED: playerVirtual22
2018-02-09 07:13:12,016 MCT_Register INFO     PLAYER REGISTERED: playerVirtual22
2018-02-09 07:13:12,023 MCT_Register INFO     ------------------------------------------

2018-02-09 07:13:12,045 MCT_Register INFO     MSG RECEIVED FROM DISPATCH: 1002
2018-02-09 07:13:12,049 MCT_Register INFO     PLAYER ID NOT REGISTERED: playerVirtual23
2018-02-09 07:13:12,052 MCT_Register INFO     PLAYER REGISTERED: playerVirtual23
2018-02-09 07:13:12,059 MCT_Register INFO     ------------------------------------------

2018-02-09 07:13:12,094 MCT_Register INFO     MSG RECEIVED FROM DISPATCH: 1002
2018-02-09 07:13:12,097 MCT_Register INFO     PLAYER ID NOT REGISTERED: playerVirtual24
2018-02-09 07:13:12,099 MCT_Register INFO     PLAYER REGISTERED: playerVirtual24
2018-02-09 07:13:12,106 MCT_Register INFO     ------------------------------------------

2018-02-09 07:13:12,136 MCT_Register INFO     MSG RECEIVED FROM DISPATCH: 1002
2018-02-09 07:13:12,139 MCT_Register INFO     PLAYER ID NOT REGISTERED: playerVirtual25
2018-02-09 07:13:12,142 MCT_Register INFO     PLAYER REGISTERED: playerVirtual25
2018-02-09 07:13:12,151 MCT_Register INFO     ------------------------------------------

2018-02-09 07:13:12,154 MCT_Register INFO     MSG RECEIVED FROM DISPATCH: 1002
2018-02-09 07:13:12,157 MCT_Register INFO     PLAYER ID NOT REGISTERED: playerVirtual27
2018-02-09 07:13:12,159 MCT_Register INFO     PLAYER REGISTERED: playerVirtual27
2018-02-09 07:13:12,167 MCT_Register INFO     ------------------------------------------

2018-02-09 07:13:12,189 MCT_Register INFO     MSG RECEIVED FROM DISPATCH: 1002
2018-02-09 07:13:12,192 MCT_Register INFO     PLAYER ID NOT REGISTERED: playerVirtual26
2018-02-09 07:13:12,194 MCT_Register INFO     PLAYER REGISTERED: playerVirtual26
2018-02-09 07:13:12,202 MCT_Register INFO     ------------------------------------------

2018-02-09 07:18:11,713 MCT_Register INFO     MSG RECEIVED FROM DISPATCH: 1002
2018-02-09 07:18:11,717 MCT_Register INFO     PLAYER ID NOT REGISTERED: playerVirtual28
2018-02-09 07:18:11,719 MCT_Register INFO     PLAYER REGISTERED: playerVirtual28
2018-02-09 07:18:11,726 MCT_Register INFO     ------------------------------------------

2018-02-09 07:18:11,791 MCT_Register INFO     MSG RECEIVED FROM DISPATCH: 1002
2018-02-09 07:18:11,795 MCT_Register INFO     PLAYER ID NOT REGISTERED: playerVirtual30
2018-02-09 07:18:11,797 MCT_Register INFO     PLAYER REGISTERED: playerVirtual30
2018-02-09 07:18:11,806 MCT_Register INFO     ------------------------------------------

2018-02-09 07:18:11,808 MCT_Register INFO     MSG RECEIVED FROM DISPATCH: 1002
2018-02-09 07:18:11,811 MCT_Register INFO     PLAYER ID NOT REGISTERED: playerVirtual29
2018-02-09 07:18:11,814 MCT_Register INFO     PLAYER REGISTERED: playerVirtual29
2018-02-09 07:18:11,823 MCT_Register INFO     ------------------------------------------

2018-02-09 07:18:11,856 MCT_Register INFO     MSG RECEIVED FROM DISPATCH: 1002
2018-02-09 07:18:11,861 MCT_Register INFO     PLAYER ID NOT REGISTERED: playerVirtual31
2018-02-09 07:18:11,863 MCT_Register INFO     PLAYER REGISTERED: playerVirtual31
2018-02-09 07:18:11,872 MCT_Register INFO     ------------------------------------------

2018-02-09 07:18:11,873 MCT_Register INFO     MSG RECEIVED FROM DISPATCH: 1002
2018-02-09 07:18:11,876 MCT_Register INFO     PLAYER ID NOT REGISTERED: playerVirtual32
2018-02-09 07:18:11,879 MCT_Register INFO     PLAYER REGISTERED: playerVirtual32
2018-02-09 07:18:11,885 MCT_Register INFO     ------------------------------------------

2018-02-09 07:18:11,908 MCT_Register INFO     MSG RECEIVED FROM DISPATCH: 1002
2018-02-09 07:18:11,911 MCT_Register INFO     PLAYER ID NOT REGISTERED: playerVirtual33
2018-02-09 07:18:11,913 MCT_Register INFO     PLAYER REGISTERED: playerVirtual33
2018-02-09 07:18:11,920 MCT_Register INFO     ------------------------------------------

2018-02-09 07:23:10,236 MCT_Register INFO     MSG RECEIVED FROM DISPATCH: 1002
2018-02-09 07:23:10,239 MCT_Register INFO     PLAYER ID NOT REGISTERED: playerVirtual34
2018-02-09 07:23:10,241 MCT_Register INFO     PLAYER REGISTERED: playerVirtual34
2018-02-09 07:23:10,249 MCT_Register INFO     ------------------------------------------

2018-02-09 07:23:10,266 MCT_Register INFO     MSG RECEIVED FROM DISPATCH: 1002
2018-02-09 07:23:10,270 MCT_Register INFO     PLAYER ID NOT REGISTERED: playerVirtual35
2018-02-09 07:23:10,272 MCT_Register INFO     PLAYER REGISTERED: playerVirtual35
2018-02-09 07:23:10,279 MCT_Register INFO     ------------------------------------------

2018-02-09 07:23:10,308 MCT_Register INFO     MSG RECEIVED FROM DISPATCH: 1002
2018-02-09 07:23:10,311 MCT_Register INFO     PLAYER ID NOT REGISTERED: playerVirtual37
2018-02-09 07:23:10,313 MCT_Register INFO     PLAYER REGISTERED: playerVirtual37
2018-02-09 07:23:10,321 MCT_Register INFO     ------------------------------------------

2018-02-09 07:23:10,345 MCT_Register INFO     MSG RECEIVED FROM DISPATCH: 1002
2018-02-09 07:23:10,348 MCT_Register INFO     PLAYER ID NOT REGISTERED: playerVirtual36
2018-02-09 07:23:10,351 MCT_Register INFO     PLAYER REGISTERED: playerVirtual36
2018-02-09 07:23:10,358 MCT_Register INFO     ------------------------------------------

2018-02-09 07:23:10,377 MCT_Register INFO     MSG RECEIVED FROM DISPATCH: 1002
2018-02-09 07:23:10,380 MCT_Register INFO     PLAYER ID NOT REGISTERED: playerVirtual38
2018-02-09 07:23:10,383 MCT_Register INFO     PLAYER REGISTERED: playerVirtual38
2018-02-09 07:23:10,390 MCT_Register INFO     ------------------------------------------

2018-02-09 07:23:10,409 MCT_Register INFO     MSG RECEIVED FROM DISPATCH: 1002
2018-02-09 07:23:10,412 MCT_Register INFO     PLAYER ID NOT REGISTERED: playerVirtual39
2018-02-09 07:23:10,414 MCT_Register INFO     PLAYER REGISTERED: playerVirtual39
2018-02-09 07:23:10,422 MCT_Register INFO     ------------------------------------------

2018-02-09 07:28:11,488 MCT_Register INFO     MSG RECEIVED FROM DISPATCH: 1002
2018-02-09 07:28:11,492 MCT_Register INFO     PLAYER ID NOT REGISTERED: playerVirtual40
2018-02-09 07:28:11,495 MCT_Register INFO     PLAYER REGISTERED: playerVirtual40
2018-02-09 07:28:11,502 MCT_Register INFO     ------------------------------------------

2018-02-09 07:28:11,589 MCT_Register INFO     MSG RECEIVED FROM DISPATCH: 1002
2018-02-09 07:28:11,592 MCT_Register INFO     PLAYER ID NOT REGISTERED: playerVirtual41
2018-02-09 07:28:11,594 MCT_Register INFO     PLAYER REGISTERED: playerVirtual41
2018-02-09 07:28:11,601 MCT_Register INFO     ------------------------------------------

2018-02-09 07:28:11,623 MCT_Register INFO     MSG RECEIVED FROM DISPATCH: 1002
2018-02-09 07:28:11,626 MCT_Register INFO     PLAYER ID NOT REGISTERED: playerVirtual42
2018-02-09 07:28:11,628 MCT_Register INFO     PLAYER REGISTERED: playerVirtual42
2018-02-09 07:28:11,635 MCT_Register INFO     ------------------------------------------

2018-02-09 07:28:11,698 MCT_Register INFO     MSG RECEIVED FROM DISPATCH: 1002
2018-02-09 07:28:11,702 MCT_Register INFO     PLAYER ID NOT REGISTERED: playerVirtual43
2018-02-09 07:28:11,704 MCT_Register INFO     PLAYER REGISTERED: playerVirtual43
2018-02-09 07:28:11,711 MCT_Register INFO     ------------------------------------------

2018-02-09 07:28:11,737 MCT_Register INFO     MSG RECEIVED FROM DISPATCH: 1002
2018-02-09 07:28:11,740 MCT_Register INFO     PLAYER ID NOT REGISTERED: playerVirtual44
2018-02-09 07:28:11,744 MCT_Register INFO     PLAYER REGISTERED: playerVirtual44
2018-02-09 07:28:11,753 MCT_Register INFO     ------------------------------------------

2018-02-09 07:28:11,754 MCT_Register INFO     MSG RECEIVED FROM DISPATCH: 1002
2018-02-09 07:28:11,757 MCT_Register INFO     PLAYER ID NOT REGISTERED: playerVirtual45
2018-02-09 07:28:11,761 MCT_Register INFO     PLAYER REGISTERED: playerVirtual45
2018-02-09 07:28:11,768 MCT_Register INFO     ------------------------------------------

2018-02-09 07:33:15,748 MCT_Register INFO     MSG RECEIVED FROM DISPATCH: 1002
2018-02-09 07:33:15,752 MCT_Register INFO     PLAYER ID NOT REGISTERED: playerVirtual46
2018-02-09 07:33:15,755 MCT_Register INFO     PLAYER REGISTERED: playerVirtual46
2018-02-09 07:33:15,762 MCT_Register INFO     ------------------------------------------

2018-02-09 07:33:15,794 MCT_Register INFO     MSG RECEIVED FROM DISPATCH: 1002
2018-02-09 07:33:15,797 MCT_Register INFO     PLAYER ID NOT REGISTERED: playerVirtual48
2018-02-09 07:33:15,799 MCT_Register INFO     PLAYER REGISTERED: playerVirtual48
2018-02-09 07:33:15,806 MCT_Register INFO     ------------------------------------------

2018-02-09 07:33:15,885 MCT_Register INFO     MSG RECEIVED FROM DISPATCH: 1002
2018-02-09 07:33:15,889 MCT_Register INFO     PLAYER ID NOT REGISTERED: playerVirtual47
2018-02-09 07:33:15,892 MCT_Register INFO     PLAYER REGISTERED: playerVirtual47
2018-02-09 07:33:15,899 MCT_Register INFO     ------------------------------------------

2018-02-09 07:33:15,926 MCT_Register INFO     MSG RECEIVED FROM DISPATCH: 1002
2018-02-09 07:33:15,930 MCT_Register INFO     PLAYER ID NOT REGISTERED: playerVirtual49
2018-02-09 07:33:15,933 MCT_Register INFO     PLAYER REGISTERED: playerVirtual49
2018-02-09 07:33:15,944 MCT_Register INFO     ------------------------------------------

2018-02-09 07:33:15,944 MCT_Register INFO     MSG RECEIVED FROM DISPATCH: 1002
2018-02-09 07:33:15,948 MCT_Register INFO     PLAYER ID NOT REGISTERED: playerVirtual50
2018-02-09 07:33:15,951 MCT_Register INFO     PLAYER REGISTERED: playerVirtual50
2018-02-09 07:33:15,957 MCT_Register INFO     ------------------------------------------

2018-02-09 07:33:15,961 MCT_Register INFO     MSG RECEIVED FROM DISPATCH: 1002
2018-02-09 07:33:15,964 MCT_Register INFO     PLAYER ID NOT REGISTERED: playerVirtual51
2018-02-09 07:33:15,966 MCT_Register INFO     PLAYER REGISTERED: playerVirtual51
2018-02-09 07:33:15,972 MCT_Register INFO     ------------------------------------------

2018-02-09 07:38:12,156 MCT_Register INFO     MSG RECEIVED FROM DISPATCH: 1002
2018-02-09 07:38:12,159 MCT_Register INFO     PLAYER ID NOT REGISTERED: playerVirtual52
2018-02-09 07:38:12,162 MCT_Register INFO     PLAYER REGISTERED: playerVirtual52
2018-02-09 07:38:12,169 MCT_Register INFO     ------------------------------------------

2018-02-09 07:38:12,246 MCT_Register INFO     MSG RECEIVED FROM DISPATCH: 1002
2018-02-09 07:38:12,250 MCT_Register INFO     PLAYER ID NOT REGISTERED: playerVirtual53
2018-02-09 07:38:12,253 MCT_Register INFO     PLAYER REGISTERED: playerVirtual53
2018-02-09 07:38:12,260 MCT_Register INFO     ------------------------------------------

2018-02-09 07:38:12,295 MCT_Register INFO     MSG RECEIVED FROM DISPATCH: 1002
2018-02-09 07:38:12,298 MCT_Register INFO     PLAYER ID NOT REGISTERED: playerVirtual54
2018-02-09 07:38:12,300 MCT_Register INFO     PLAYER REGISTERED: playerVirtual54
2018-02-09 07:38:12,309 MCT_Register INFO     ------------------------------------------

2018-02-09 07:38:12,333 MCT_Register INFO     MSG RECEIVED FROM DISPATCH: 1002
2018-02-09 07:38:12,336 MCT_Register INFO     PLAYER ID NOT REGISTERED: playerVirtual55
2018-02-09 07:38:12,338 MCT_Register INFO     PLAYER REGISTERED: playerVirtual55
2018-02-09 07:38:12,346 MCT_Register INFO     ------------------------------------------

2018-02-09 07:38:12,381 MCT_Register INFO     MSG RECEIVED FROM DISPATCH: 1002
2018-02-09 07:38:12,384 MCT_Register INFO     PLAYER ID NOT REGISTERED: playerVirtual56
2018-02-09 07:38:12,386 MCT_Register INFO     PLAYER REGISTERED: playerVirtual56
2018-02-09 07:38:12,393 MCT_Register INFO     ------------------------------------------

2018-02-09 07:38:12,416 MCT_Register INFO     MSG RECEIVED FROM DISPATCH: 1002
2018-02-09 07:38:12,419 MCT_Register INFO     PLAYER ID NOT REGISTERED: playerVirtual57
2018-02-09 07:38:12,421 MCT_Register INFO     PLAYER REGISTERED: playerVirtual57
2018-02-09 07:38:12,428 MCT_Register INFO     ------------------------------------------

2018-02-09 07:43:10,827 MCT_Register INFO     MSG RECEIVED FROM DISPATCH: 1002
2018-02-09 07:43:10,830 MCT_Register INFO     PLAYER ID NOT REGISTERED: playerVirtual58
2018-02-09 07:43:10,833 MCT_Register INFO     PLAYER REGISTERED: playerVirtual58
2018-02-09 07:43:10,840 MCT_Register INFO     ------------------------------------------

2018-02-09 07:43:10,901 MCT_Register INFO     MSG RECEIVED FROM DISPATCH: 1002
2018-02-09 07:43:10,904 MCT_Register INFO     PLAYER ID NOT REGISTERED: playerVirtual59
2018-02-09 07:43:10,906 MCT_Register INFO     PLAYER REGISTERED: playerVirtual59
2018-02-09 07:43:10,913 MCT_Register INFO     ------------------------------------------

2018-02-09 07:43:10,950 MCT_Register INFO     MSG RECEIVED FROM DISPATCH: 1002
2018-02-09 07:43:10,953 MCT_Register INFO     PLAYER ID NOT REGISTERED: playerVirtual60
2018-02-09 07:43:10,956 MCT_Register INFO     PLAYER REGISTERED: playerVirtual60
2018-02-09 07:43:10,963 MCT_Register INFO     ------------------------------------------

2018-02-09 07:43:10,989 MCT_Register INFO     MSG RECEIVED FROM DISPATCH: 1002
2018-02-09 07:43:10,992 MCT_Register INFO     PLAYER ID NOT REGISTERED: playerVirtual61
2018-02-09 07:43:10,995 MCT_Register INFO     PLAYER REGISTERED: playerVirtual61
2018-02-09 07:43:11,002 MCT_Register INFO     ------------------------------------------

2018-02-09 07:43:11,020 MCT_Register INFO     MSG RECEIVED FROM DISPATCH: 1002
2018-02-09 07:43:11,023 MCT_Register INFO     PLAYER ID NOT REGISTERED: playerVirtual63
2018-02-09 07:43:11,026 MCT_Register INFO     PLAYER REGISTERED: playerVirtual63
2018-02-09 07:43:11,033 MCT_Register INFO     ------------------------------------------

2018-02-09 07:43:11,060 MCT_Register INFO     MSG RECEIVED FROM DISPATCH: 1002
2018-02-09 07:43:11,064 MCT_Register INFO     PLAYER ID NOT REGISTERED: playerVirtual62
2018-02-09 07:43:11,067 MCT_Register INFO     PLAYER REGISTERED: playerVirtual62
2018-02-09 07:43:11,074 MCT_Register INFO     ------------------------------------------

2018-02-09 07:48:10,364 MCT_Register INFO     MSG RECEIVED FROM DISPATCH: 1002
2018-02-09 07:48:10,367 MCT_Register INFO     PLAYER ID NOT REGISTERED: playerVirtual64
2018-02-09 07:48:10,370 MCT_Register INFO     PLAYER REGISTERED: playerVirtual64
2018-02-09 07:48:10,378 MCT_Register INFO     ------------------------------------------

2018-02-09 07:48:10,440 MCT_Register INFO     MSG RECEIVED FROM DISPATCH: 1002
2018-02-09 07:48:10,443 MCT_Register INFO     PLAYER ID NOT REGISTERED: playerVirtual65
2018-02-09 07:48:10,446 MCT_Register INFO     PLAYER REGISTERED: playerVirtual65
2018-02-09 07:48:10,453 MCT_Register INFO     ------------------------------------------

2018-02-09 07:48:10,477 MCT_Register INFO     MSG RECEIVED FROM DISPATCH: 1002
2018-02-09 07:48:10,480 MCT_Register INFO     PLAYER ID NOT REGISTERED: playerVirtual67
2018-02-09 07:48:10,482 MCT_Register INFO     PLAYER REGISTERED: playerVirtual67
2018-02-09 07:48:10,489 MCT_Register INFO     ------------------------------------------

2018-02-09 07:48:10,502 MCT_Register INFO     MSG RECEIVED FROM DISPATCH: 1002
2018-02-09 07:48:10,505 MCT_Register INFO     PLAYER ID NOT REGISTERED: playerVirtual66
2018-02-09 07:48:10,508 MCT_Register INFO     PLAYER REGISTERED: playerVirtual66
2018-02-09 07:48:10,515 MCT_Register INFO     ------------------------------------------

2018-02-09 07:48:10,580 MCT_Register INFO     MSG RECEIVED FROM DISPATCH: 1002
2018-02-09 07:48:10,583 MCT_Register INFO     PLAYER ID NOT REGISTERED: playerVirtual68
2018-02-09 07:48:10,586 MCT_Register INFO     PLAYER REGISTERED: playerVirtual68
2018-02-09 07:48:10,593 MCT_Register INFO     ------------------------------------------

2018-02-09 07:48:10,725 MCT_Register INFO     MSG RECEIVED FROM DISPATCH: 1002
2018-02-09 07:48:10,732 MCT_Register INFO     PLAYER ID NOT REGISTERED: playerVirtual69
2018-02-09 07:48:10,734 MCT_Register INFO     PLAYER REGISTERED: playerVirtual69
2018-02-09 07:48:10,744 MCT_Register INFO     ------------------------------------------

2018-02-09 07:53:10,536 MCT_Register INFO     MSG RECEIVED FROM DISPATCH: 1002
2018-02-09 07:53:10,539 MCT_Register INFO     PLAYER ID NOT REGISTERED: playerVirtual70
2018-02-09 07:53:10,541 MCT_Register INFO     PLAYER REGISTERED: playerVirtual70
2018-02-09 07:53:10,549 MCT_Register INFO     ------------------------------------------

2018-02-09 07:53:10,576 MCT_Register INFO     MSG RECEIVED FROM DISPATCH: 1002
2018-02-09 07:53:10,579 MCT_Register INFO     PLAYER ID NOT REGISTERED: playerVirtual71
2018-02-09 07:53:10,581 MCT_Register INFO     PLAYER REGISTERED: playerVirtual71
2018-02-09 07:53:10,588 MCT_Register INFO     ------------------------------------------

2018-02-09 07:53:10,636 MCT_Register INFO     MSG RECEIVED FROM DISPATCH: 1002
2018-02-09 07:53:10,639 MCT_Register INFO     PLAYER ID NOT REGISTERED: playerVirtual72
2018-02-09 07:53:10,642 MCT_Register INFO     PLAYER REGISTERED: playerVirtual72
2018-02-09 07:53:10,648 MCT_Register INFO     ------------------------------------------

2018-02-09 07:53:10,689 MCT_Register INFO     MSG RECEIVED FROM DISPATCH: 1002
2018-02-09 07:53:10,692 MCT_Register INFO     PLAYER ID NOT REGISTERED: playerVirtual73
2018-02-09 07:53:10,695 MCT_Register INFO     PLAYER REGISTERED: playerVirtual73
2018-02-09 07:53:10,702 MCT_Register INFO     ------------------------------------------

2018-02-09 07:53:10,738 MCT_Register INFO     MSG RECEIVED FROM DISPATCH: 1002
2018-02-09 07:53:10,741 MCT_Register INFO     PLAYER ID NOT REGISTERED: playerVirtual74
2018-02-09 07:53:10,743 MCT_Register INFO     PLAYER REGISTERED: playerVirtual74
2018-02-09 07:53:10,752 MCT_Register INFO     ------------------------------------------

2018-02-09 07:53:10,754 MCT_Register INFO     MSG RECEIVED FROM DISPATCH: 1002
2018-02-09 07:53:10,758 MCT_Register INFO     PLAYER ID NOT REGISTERED: playerVirtual75
2018-02-09 07:53:10,760 MCT_Register INFO     PLAYER REGISTERED: playerVirtual75
2018-02-09 07:53:10,766 MCT_Register INFO     ------------------------------------------

2018-02-09 07:58:09,328 MCT_Register INFO     MSG RECEIVED FROM DISPATCH: 1002
2018-02-09 07:58:09,331 MCT_Register INFO     PLAYER ID NOT REGISTERED: playerVirtual76
2018-02-09 07:58:09,333 MCT_Register INFO     PLAYER REGISTERED: playerVirtual76
2018-02-09 07:58:09,341 MCT_Register INFO     ------------------------------------------

2018-02-09 07:58:09,356 MCT_Register INFO     MSG RECEIVED FROM DISPATCH: 1002
2018-02-09 07:58:09,359 MCT_Register INFO     PLAYER ID NOT REGISTERED: playerVirtual78
2018-02-09 07:58:09,362 MCT_Register INFO     PLAYER REGISTERED: playerVirtual78
2018-02-09 07:58:09,369 MCT_Register INFO     ------------------------------------------

2018-02-09 07:58:09,405 MCT_Register INFO     MSG RECEIVED FROM DISPATCH: 1002
2018-02-09 07:58:09,408 MCT_Register INFO     PLAYER ID NOT REGISTERED: playerVirtual80
2018-02-09 07:58:09,411 MCT_Register INFO     PLAYER REGISTERED: playerVirtual80
2018-02-09 07:58:09,418 MCT_Register INFO     ------------------------------------------

2018-02-09 07:58:09,629 MCT_Register INFO     MSG RECEIVED FROM DISPATCH: 1002
2018-02-09 07:58:09,632 MCT_Register INFO     PLAYER ID NOT REGISTERED: playerVirtual77
2018-02-09 07:58:09,634 MCT_Register INFO     PLAYER REGISTERED: playerVirtual77
2018-02-09 07:58:09,642 MCT_Register INFO     ------------------------------------------

2018-02-09 07:58:09,665 MCT_Register INFO     MSG RECEIVED FROM DISPATCH: 1002
2018-02-09 07:58:09,669 MCT_Register INFO     PLAYER ID NOT REGISTERED: playerVirtual79
2018-02-09 07:58:09,672 MCT_Register INFO     PLAYER REGISTERED: playerVirtual79
2018-02-09 07:58:09,678 MCT_Register INFO     ------------------------------------------

2018-02-09 07:58:09,695 MCT_Register INFO     MSG RECEIVED FROM DISPATCH: 1002
2018-02-09 07:58:09,698 MCT_Register INFO     PLAYER ID NOT REGISTERED: playerVirtual81
2018-02-09 07:58:09,700 MCT_Register INFO     PLAYER REGISTERED: playerVirtual81
2018-02-09 07:58:09,707 MCT_Register INFO     ------------------------------------------

2018-02-09 08:03:16,759 MCT_Register INFO     MSG RECEIVED FROM DISPATCH: 1002
2018-02-09 08:03:16,762 MCT_Register INFO     PLAYER ID NOT REGISTERED: playerVirtual82
2018-02-09 08:03:16,765 MCT_Register INFO     PLAYER REGISTERED: playerVirtual82
2018-02-09 08:03:16,772 MCT_Register INFO     ------------------------------------------

2018-02-09 08:03:16,802 MCT_Register INFO     MSG RECEIVED FROM DISPATCH: 1002
2018-02-09 08:03:16,805 MCT_Register INFO     PLAYER ID NOT REGISTERED: playerVirtual84
2018-02-09 08:03:16,807 MCT_Register INFO     PLAYER REGISTERED: playerVirtual84
2018-02-09 08:03:16,814 MCT_Register INFO     ------------------------------------------

2018-02-09 08:03:16,894 MCT_Register INFO     MSG RECEIVED FROM DISPATCH: 1002
2018-02-09 08:03:16,897 MCT_Register INFO     PLAYER ID NOT REGISTERED: playerVirtual86
2018-02-09 08:03:16,899 MCT_Register INFO     PLAYER REGISTERED: playerVirtual86
2018-02-09 08:03:16,907 MCT_Register INFO     ------------------------------------------

2018-02-09 08:03:17,101 MCT_Register INFO     MSG RECEIVED FROM DISPATCH: 1002
2018-02-09 08:03:17,104 MCT_Register INFO     PLAYER ID NOT REGISTERED: playerVirtual83
2018-02-09 08:03:17,107 MCT_Register INFO     PLAYER REGISTERED: playerVirtual83
2018-02-09 08:03:17,115 MCT_Register INFO     ------------------------------------------

2018-02-09 08:03:17,136 MCT_Register INFO     MSG RECEIVED FROM DISPATCH: 1002
2018-02-09 08:03:17,140 MCT_Register INFO     PLAYER ID NOT REGISTERED: playerVirtual87
2018-02-09 08:03:17,142 MCT_Register INFO     PLAYER REGISTERED: playerVirtual87
2018-02-09 08:03:17,149 MCT_Register INFO     ------------------------------------------

2018-02-09 08:03:17,167 MCT_Register INFO     MSG RECEIVED FROM DISPATCH: 1002
2018-02-09 08:03:17,170 MCT_Register INFO     PLAYER ID NOT REGISTERED: playerVirtual85
2018-02-09 08:03:17,172 MCT_Register INFO     PLAYER REGISTERED: playerVirtual85
2018-02-09 08:03:17,179 MCT_Register INFO     ------------------------------------------

2018-02-09 08:08:12,785 MCT_Register INFO     MSG RECEIVED FROM DISPATCH: 1002
2018-02-09 08:08:12,788 MCT_Register INFO     PLAYER ID NOT REGISTERED: playerVirtual88
2018-02-09 08:08:12,790 MCT_Register INFO     PLAYER REGISTERED: playerVirtual88
2018-02-09 08:08:12,798 MCT_Register INFO     ------------------------------------------

2018-02-09 08:08:12,834 MCT_Register INFO     MSG RECEIVED FROM DISPATCH: 1002
2018-02-09 08:08:12,837 MCT_Register INFO     PLAYER ID NOT REGISTERED: playerVirtual90
2018-02-09 08:08:12,839 MCT_Register INFO     PLAYER REGISTERED: playerVirtual90
2018-02-09 08:08:12,846 MCT_Register INFO     ------------------------------------------

2018-02-09 08:08:12,903 MCT_Register INFO     MSG RECEIVED FROM DISPATCH: 1002
2018-02-09 08:08:12,906 MCT_Register INFO     PLAYER ID NOT REGISTERED: playerVirtual92
2018-02-09 08:08:12,908 MCT_Register INFO     PLAYER REGISTERED: playerVirtual92
2018-02-09 08:08:12,915 MCT_Register INFO     ------------------------------------------

2018-02-09 08:08:13,174 MCT_Register INFO     MSG RECEIVED FROM DISPATCH: 1002
2018-02-09 08:08:13,177 MCT_Register INFO     PLAYER ID NOT REGISTERED: playerVirtual89
2018-02-09 08:08:13,180 MCT_Register INFO     PLAYER REGISTERED: playerVirtual89
2018-02-09 08:08:13,187 MCT_Register INFO     ------------------------------------------

2018-02-09 08:08:13,203 MCT_Register INFO     MSG RECEIVED FROM DISPATCH: 1002
2018-02-09 08:08:13,207 MCT_Register INFO     PLAYER ID NOT REGISTERED: playerVirtual93
2018-02-09 08:08:13,209 MCT_Register INFO     PLAYER REGISTERED: playerVirtual93
2018-02-09 08:08:13,216 MCT_Register INFO     ------------------------------------------

2018-02-09 08:08:13,234 MCT_Register INFO     MSG RECEIVED FROM DISPATCH: 1002
2018-02-09 08:08:13,237 MCT_Register INFO     PLAYER ID NOT REGISTERED: playerVirtual91
2018-02-09 08:08:13,239 MCT_Register INFO     PLAYER REGISTERED: playerVirtual91
2018-02-09 08:08:13,246 MCT_Register INFO     ------------------------------------------

2018-02-09 08:13:10,023 MCT_Register INFO     MSG RECEIVED FROM DISPATCH: 1002
2018-02-09 08:13:10,026 MCT_Register INFO     PLAYER ID NOT REGISTERED: playerVirtual95
2018-02-09 08:13:10,029 MCT_Register INFO     PLAYER REGISTERED: playerVirtual95
2018-02-09 08:13:10,036 MCT_Register INFO     ------------------------------------------

2018-02-09 08:13:10,089 MCT_Register INFO     MSG RECEIVED FROM DISPATCH: 1002
2018-02-09 08:13:10,093 MCT_Register INFO     PLAYER ID NOT REGISTERED: playerVirtual98
2018-02-09 08:13:10,096 MCT_Register INFO     PLAYER REGISTERED: playerVirtual98
2018-02-09 08:13:10,103 MCT_Register INFO     ------------------------------------------

2018-02-09 08:13:10,181 MCT_Register INFO     MSG RECEIVED FROM DISPATCH: 1002
2018-02-09 08:13:10,184 MCT_Register INFO     PLAYER ID NOT REGISTERED: playerVirtual99
2018-02-09 08:13:10,186 MCT_Register INFO     PLAYER REGISTERED: playerVirtual99
2018-02-09 08:13:10,193 MCT_Register INFO     ------------------------------------------

2018-02-09 08:13:10,342 MCT_Register INFO     MSG RECEIVED FROM DISPATCH: 1002
2018-02-09 08:13:10,345 MCT_Register INFO     PLAYER ID NOT REGISTERED: playerVirtual94
2018-02-09 08:13:10,348 MCT_Register INFO     PLAYER REGISTERED: playerVirtual94
2018-02-09 08:13:10,355 MCT_Register INFO     ------------------------------------------

2018-02-09 08:13:10,387 MCT_Register INFO     MSG RECEIVED FROM DISPATCH: 1002
2018-02-09 08:13:10,391 MCT_Register INFO     PLAYER ID NOT REGISTERED: playerVirtual96
2018-02-09 08:13:10,393 MCT_Register INFO     PLAYER REGISTERED: playerVirtual96
2018-02-09 08:13:10,400 MCT_Register INFO     ------------------------------------------

2018-02-09 08:13:10,538 MCT_Register INFO     MSG RECEIVED FROM DISPATCH: 1002
2018-02-09 08:13:10,541 MCT_Register INFO     PLAYER ID NOT REGISTERED: playerVirtual97
2018-02-09 08:13:10,544 MCT_Register INFO     PLAYER REGISTERED: playerVirtual97
2018-02-09 08:13:10,551 MCT_Register INFO     ------------------------------------------

