2018-02-28 23:18:09,080 MCT_Register INFO     ###### START MCT_REGISTER ######

2018-02-28 23:18:29,295 MCT_Register INFO     MSG RECEIVED FROM DISPATCH: 1002
2018-02-28 23:18:29,329 MCT_Register INFO     PLAYER ID NOT REGISTERED: playerVirtual1
2018-02-28 23:18:29,338 MCT_Register INFO     playerVirtual1 register 1
2018-02-28 23:18:29,391 MCT_Register INFO     ------------------------------------------

2018-02-28 23:18:29,418 MCT_Register INFO     MSG RECEIVED FROM DISPATCH: 1002
2018-02-28 23:18:29,426 MCT_Register INFO     PLAYER ID NOT REGISTERED: playerVirtual2
2018-02-28 23:18:29,433 MCT_Register INFO     playerVirtual2 register 1
2018-02-28 23:18:29,481 MCT_Register INFO     ------------------------------------------

2018-02-28 23:23:32,972 MCT_Register INFO     MSG RECEIVED FROM DISPATCH: 1002
2018-02-28 23:23:32,980 MCT_Register INFO     PLAYER ID NOT REGISTERED: playerVirtual3
2018-02-28 23:23:32,984 MCT_Register INFO     playerVirtual3 register 1
2018-02-28 23:23:33,029 MCT_Register INFO     ------------------------------------------

2018-02-28 23:28:27,618 MCT_Register INFO     MSG RECEIVED FROM DISPATCH: 1002
2018-02-28 23:28:27,630 MCT_Register INFO     PLAYER ID NOT REGISTERED: playerVirtual4
2018-02-28 23:28:27,652 MCT_Register INFO     playerVirtual4 register 1
2018-02-28 23:28:27,713 MCT_Register INFO     ------------------------------------------

2018-02-28 23:28:34,128 MCT_Register INFO     MSG RECEIVED FROM DISPATCH: 1002
2018-02-28 23:28:34,139 MCT_Register INFO     PLAYER ID NOT REGISTERED: playerVirtual0
2018-02-28 23:28:34,148 MCT_Register INFO     playerVirtual0 register 1
2018-02-28 23:28:34,213 MCT_Register INFO     ------------------------------------------

2018-02-28 23:33:34,486 MCT_Register INFO     MSG RECEIVED FROM DISPATCH: 1002
2018-02-28 23:33:34,493 MCT_Register INFO     PLAYER ID NOT REGISTERED: playerVirtual5
2018-02-28 23:33:34,498 MCT_Register INFO     playerVirtual5 register 1
2018-02-28 23:33:34,543 MCT_Register INFO     ------------------------------------------

2018-02-28 23:38:29,789 MCT_Register INFO     MSG RECEIVED FROM DISPATCH: 1002
2018-02-28 23:38:29,798 MCT_Register INFO     PLAYER ID NOT REGISTERED: playerVirtual6
2018-02-28 23:38:29,804 MCT_Register INFO     playerVirtual6 register 1
2018-02-28 23:38:29,856 MCT_Register INFO     ------------------------------------------

2018-02-28 23:40:42,161 MCT_Register INFO     MSG RECEIVED FROM DISPATCH: 1002
2018-02-28 23:40:42,166 MCT_Register INFO     PLAYER ID NOT REGISTERED: playerVirtual1666
2018-02-28 23:40:42,172 MCT_Register INFO     playerVirtual1666 register 1
2018-02-28 23:40:42,236 MCT_Register INFO     ------------------------------------------

2018-02-28 23:43:27,728 MCT_Register INFO     MSG RECEIVED FROM DISPATCH: 1002
2018-02-28 23:43:27,734 MCT_Register INFO     PLAYER ID NOT REGISTERED: playerVirtual7
2018-02-28 23:43:27,740 MCT_Register INFO     playerVirtual7 register 1
2018-02-28 23:43:27,793 MCT_Register INFO     ------------------------------------------

2018-02-28 23:48:30,053 MCT_Register INFO     MSG RECEIVED FROM DISPATCH: 1002
2018-02-28 23:48:30,061 MCT_Register INFO     PLAYER ID NOT REGISTERED: playerVirtual8
2018-02-28 23:48:30,066 MCT_Register INFO     playerVirtual8 register 1
2018-02-28 23:48:30,118 MCT_Register INFO     ------------------------------------------

2018-02-28 23:53:27,858 MCT_Register INFO     MSG RECEIVED FROM DISPATCH: 1002
2018-02-28 23:53:27,866 MCT_Register INFO     PLAYER ID NOT REGISTERED: playerVirtual9
2018-02-28 23:53:27,918 MCT_Register INFO     playerVirtual9 register 1
2018-02-28 23:53:27,974 MCT_Register INFO     ------------------------------------------

2018-02-28 23:53:28,058 MCT_Register INFO     MSG RECEIVED FROM DISPATCH: 1002
2018-02-28 23:53:28,069 MCT_Register INFO     PLAYER ID NOT REGISTERED: playerVirtual1960
2018-02-28 23:53:28,075 MCT_Register INFO     playerVirtual1960 register 1
2018-02-28 23:53:28,129 MCT_Register INFO     ------------------------------------------

2018-02-28 23:58:29,473 MCT_Register INFO     MSG RECEIVED FROM DISPATCH: 1002
2018-02-28 23:58:29,484 MCT_Register INFO     PLAYER ID NOT REGISTERED: playerVirtual10
2018-02-28 23:58:29,488 MCT_Register INFO     playerVirtual10 register 1
2018-02-28 23:58:29,542 MCT_Register INFO     ------------------------------------------

2018-03-01 00:03:26,690 MCT_Register INFO     MSG RECEIVED FROM DISPATCH: 1002
2018-03-01 00:03:26,694 MCT_Register INFO     PLAYER ID NOT REGISTERED: playerVirtual11
2018-03-01 00:03:26,836 MCT_Register INFO     playerVirtual11 register 1
2018-03-01 00:03:26,885 MCT_Register INFO     ------------------------------------------

2018-03-01 00:05:33,624 MCT_Register INFO     MSG RECEIVED FROM DISPATCH: 1002
2018-03-01 00:05:33,629 MCT_Register INFO     PLAYER ID NOT REGISTERED: playerVirtual1374
2018-03-01 00:05:33,634 MCT_Register INFO     playerVirtual1374 register 1
2018-03-01 00:05:33,686 MCT_Register INFO     ------------------------------------------

2018-03-01 00:08:32,257 MCT_Register INFO     MSG RECEIVED FROM DISPATCH: 1002
2018-03-01 00:08:32,266 MCT_Register INFO     PLAYER ID NOT REGISTERED: playerVirtual12
2018-03-01 00:08:32,274 MCT_Register INFO     playerVirtual12 register 1
2018-03-01 00:08:32,332 MCT_Register INFO     ------------------------------------------

2018-03-01 00:13:31,007 MCT_Register INFO     MSG RECEIVED FROM DISPATCH: 1002
2018-03-01 00:13:31,017 MCT_Register INFO     PLAYER ID NOT REGISTERED: playerVirtual13
2018-03-01 00:13:31,023 MCT_Register INFO     playerVirtual13 register 1
2018-03-01 00:13:31,084 MCT_Register INFO     ------------------------------------------

2018-03-01 00:16:22,089 MCT_Register INFO     MSG RECEIVED FROM DISPATCH: 1002
2018-03-01 00:16:22,102 MCT_Register INFO     PLAYER ID NOT REGISTERED: playerVirtual1432
2018-03-01 00:16:22,145 MCT_Register INFO     playerVirtual1432 register 1
2018-03-01 00:16:22,195 MCT_Register INFO     ------------------------------------------

2018-03-01 00:18:33,237 MCT_Register INFO     MSG RECEIVED FROM DISPATCH: 1002
2018-03-01 00:18:33,249 MCT_Register INFO     PLAYER ID NOT REGISTERED: playerVirtual14
2018-03-01 00:18:33,255 MCT_Register INFO     playerVirtual14 register 1
2018-03-01 00:18:33,308 MCT_Register INFO     ------------------------------------------

2018-03-01 00:23:32,614 MCT_Register INFO     MSG RECEIVED FROM DISPATCH: 1002
2018-03-01 00:23:32,623 MCT_Register INFO     PLAYER ID NOT REGISTERED: playerVirtual15
2018-03-01 00:23:32,631 MCT_Register INFO     playerVirtual15 register 1
2018-03-01 00:23:32,687 MCT_Register INFO     ------------------------------------------

2018-03-01 00:28:32,435 MCT_Register INFO     MSG RECEIVED FROM DISPATCH: 1002
2018-03-01 00:28:32,449 MCT_Register INFO     PLAYER ID NOT REGISTERED: playerVirtual16
2018-03-01 00:28:32,457 MCT_Register INFO     playerVirtual16 register 1
2018-03-01 00:28:32,522 MCT_Register INFO     ------------------------------------------

2018-03-01 00:31:28,602 MCT_Register INFO     MSG RECEIVED FROM DISPATCH: 1002
2018-03-01 00:31:28,610 MCT_Register INFO     PLAYER ID NOT REGISTERED: playerVirtual1519
2018-03-01 00:31:28,648 MCT_Register INFO     playerVirtual1519 register 1
2018-03-01 00:31:28,697 MCT_Register INFO     ------------------------------------------

2018-03-01 00:33:28,840 MCT_Register INFO     MSG RECEIVED FROM DISPATCH: 1002
2018-03-01 00:33:28,848 MCT_Register INFO     PLAYER ID NOT REGISTERED: playerVirtual17
2018-03-01 00:33:28,892 MCT_Register INFO     playerVirtual17 register 1
2018-03-01 00:33:28,950 MCT_Register INFO     ------------------------------------------

2018-03-01 00:38:27,184 MCT_Register INFO     MSG RECEIVED FROM DISPATCH: 1002
2018-03-01 00:38:27,194 MCT_Register INFO     PLAYER ID NOT REGISTERED: playerVirtual18
2018-03-01 00:38:27,201 MCT_Register INFO     playerVirtual18 register 1
2018-03-01 00:38:27,261 MCT_Register INFO     ------------------------------------------

2018-03-01 00:43:34,118 MCT_Register INFO     MSG RECEIVED FROM DISPATCH: 1002
2018-03-01 00:43:34,126 MCT_Register INFO     PLAYER ID NOT REGISTERED: playerVirtual19
2018-03-01 00:43:34,137 MCT_Register INFO     playerVirtual19 register 1
2018-03-01 00:43:34,194 MCT_Register INFO     ------------------------------------------

2018-03-01 00:53:39,341 MCT_Register INFO     MSG RECEIVED FROM DISPATCH: 1002
2018-03-01 00:53:39,352 MCT_Register INFO     PLAYER ID NOT REGISTERED: playerVirtual1977
2018-03-01 00:53:39,357 MCT_Register INFO     playerVirtual1977 register 1
2018-03-01 00:53:39,408 MCT_Register INFO     ------------------------------------------

2018-03-01 01:18:48,413 MCT_Register INFO     MSG RECEIVED FROM DISPATCH: 1002
2018-03-01 01:18:48,424 MCT_Register INFO     PLAYER ID NOT REGISTERED: playerVirtual1391
2018-03-01 01:18:48,461 MCT_Register INFO     playerVirtual1391 register 1
2018-03-01 01:18:48,514 MCT_Register INFO     ------------------------------------------

2018-03-01 01:48:04,484 MCT_Register INFO     MSG RECEIVED FROM DISPATCH: 1002
2018-03-01 01:48:04,493 MCT_Register INFO     PLAYER ID NOT REGISTERED: playerVirtual1172
2018-03-01 01:48:04,531 MCT_Register INFO     playerVirtual1172 register 1
2018-03-01 01:48:04,592 MCT_Register INFO     ------------------------------------------

2018-03-01 02:19:47,329 MCT_Register INFO     MSG RECEIVED FROM DISPATCH: 1002
2018-03-01 02:19:47,339 MCT_Register INFO     PLAYER ID NOT REGISTERED: playerVirtual1773
2018-03-01 02:19:47,348 MCT_Register INFO     playerVirtual1773 register 1
2018-03-01 02:19:47,391 MCT_Register INFO     ------------------------------------------

2018-03-01 02:26:31,831 MCT_Register INFO     ###### STOP MCT_REGISTER ######

