2018-03-04 20:56:36,269 MCT_Register INFO     ###### START MCT_REGISTER ######

2018-03-04 20:56:50,523 MCT_Register INFO     MSG RECEIVED FROM DISPATCH: 1002
2018-03-04 20:56:50,560 MCT_Register INFO     PLAYER ID NOT REGISTERED: playerVirtual1
2018-03-04 20:56:50,571 MCT_Register INFO     playerVirtual1 register 1
2018-03-04 20:56:50,627 MCT_Register INFO     ------------------------------------------

2018-03-04 20:56:50,631 MCT_Register INFO     MSG RECEIVED FROM DISPATCH: 1002
2018-03-04 20:56:50,640 MCT_Register INFO     PLAYER ID NOT REGISTERED: playerVirtual2
2018-03-04 20:56:50,645 MCT_Register INFO     playerVirtual2 register 1
2018-03-04 20:56:50,694 MCT_Register INFO     ------------------------------------------

2018-03-04 21:01:47,879 MCT_Register INFO     MSG RECEIVED FROM DISPATCH: 1002
2018-03-04 21:01:47,885 MCT_Register INFO     PLAYER ID NOT REGISTERED: playerVirtual3
2018-03-04 21:01:47,891 MCT_Register INFO     playerVirtual3 register 1
2018-03-04 21:01:47,947 MCT_Register INFO     ------------------------------------------

2018-03-04 21:06:50,938 MCT_Register INFO     MSG RECEIVED FROM DISPATCH: 1002
2018-03-04 21:06:50,946 MCT_Register INFO     PLAYER ID NOT REGISTERED: playerVirtual4
2018-03-04 21:06:50,954 MCT_Register INFO     playerVirtual4 register 1
2018-03-04 21:06:51,004 MCT_Register INFO     ------------------------------------------

2018-03-04 21:07:04,051 MCT_Register INFO     MSG RECEIVED FROM DISPATCH: 1002
2018-03-04 21:07:04,057 MCT_Register INFO     PLAYER ID NOT REGISTERED: playerVirtual0
2018-03-04 21:07:04,063 MCT_Register INFO     playerVirtual0 register 1
2018-03-04 21:07:04,113 MCT_Register INFO     ------------------------------------------

2018-03-04 21:11:50,162 MCT_Register INFO     MSG RECEIVED FROM DISPATCH: 1002
2018-03-04 21:11:50,169 MCT_Register INFO     PLAYER ID NOT REGISTERED: playerVirtual5
2018-03-04 21:11:50,236 MCT_Register INFO     playerVirtual5 register 1
2018-03-04 21:11:50,289 MCT_Register INFO     ------------------------------------------

2018-03-04 21:16:51,831 MCT_Register INFO     MSG RECEIVED FROM DISPATCH: 1002
2018-03-04 21:16:51,839 MCT_Register INFO     PLAYER ID NOT REGISTERED: playerVirtual6
2018-03-04 21:16:51,868 MCT_Register INFO     playerVirtual6 register 1
2018-03-04 21:16:51,920 MCT_Register INFO     ------------------------------------------

2018-03-04 21:19:10,909 MCT_Register INFO     MSG RECEIVED FROM DISPATCH: 1002
2018-03-04 21:19:10,917 MCT_Register INFO     PLAYER ID NOT REGISTERED: playerVirtual1057
2018-03-04 21:19:10,924 MCT_Register INFO     playerVirtual1057 register 1
2018-03-04 21:19:10,980 MCT_Register INFO     ------------------------------------------

2018-03-04 21:21:48,092 MCT_Register INFO     MSG RECEIVED FROM DISPATCH: 1002
2018-03-04 21:21:48,101 MCT_Register INFO     PLAYER ID NOT REGISTERED: playerVirtual7
2018-03-04 21:21:48,107 MCT_Register INFO     playerVirtual7 register 1
2018-03-04 21:21:48,163 MCT_Register INFO     ------------------------------------------

2018-03-04 21:26:50,564 MCT_Register INFO     MSG RECEIVED FROM DISPATCH: 1002
2018-03-04 21:26:50,573 MCT_Register INFO     PLAYER ID NOT REGISTERED: playerVirtual8
2018-03-04 21:26:50,579 MCT_Register INFO     playerVirtual8 register 1
2018-03-04 21:26:50,633 MCT_Register INFO     ------------------------------------------

2018-03-04 21:31:54,848 MCT_Register INFO     MSG RECEIVED FROM DISPATCH: 1002
2018-03-04 21:31:54,860 MCT_Register INFO     PLAYER ID NOT REGISTERED: playerVirtual1184
2018-03-04 21:31:54,868 MCT_Register INFO     playerVirtual1184 register 1
2018-03-04 21:31:54,917 MCT_Register INFO     ------------------------------------------

2018-03-04 21:31:55,019 MCT_Register INFO     MSG RECEIVED FROM DISPATCH: 1002
2018-03-04 21:31:55,030 MCT_Register INFO     PLAYER ID NOT REGISTERED: playerVirtual9
2018-03-04 21:31:55,037 MCT_Register INFO     playerVirtual9 register 1
2018-03-04 21:31:55,085 MCT_Register INFO     ------------------------------------------

2018-03-04 21:36:51,239 MCT_Register INFO     MSG RECEIVED FROM DISPATCH: 1002
2018-03-04 21:36:51,246 MCT_Register INFO     PLAYER ID NOT REGISTERED: playerVirtual10
2018-03-04 21:36:51,252 MCT_Register INFO     playerVirtual10 register 1
2018-03-04 21:36:51,309 MCT_Register INFO     ------------------------------------------

2018-03-04 21:41:51,654 MCT_Register INFO     MSG RECEIVED FROM DISPATCH: 1002
2018-03-04 21:41:51,662 MCT_Register INFO     PLAYER ID NOT REGISTERED: playerVirtual11
2018-03-04 21:41:51,667 MCT_Register INFO     playerVirtual11 register 1
2018-03-04 21:41:51,713 MCT_Register INFO     ------------------------------------------

2018-03-04 21:44:03,807 MCT_Register INFO     MSG RECEIVED FROM DISPATCH: 1002
2018-03-04 21:44:03,821 MCT_Register INFO     PLAYER ID NOT REGISTERED: playerVirtual1489
2018-03-04 21:44:03,827 MCT_Register INFO     playerVirtual1489 register 1
2018-03-04 21:44:03,874 MCT_Register INFO     ------------------------------------------

2018-03-04 21:46:48,242 MCT_Register INFO     MSG RECEIVED FROM DISPATCH: 1002
2018-03-04 21:46:48,253 MCT_Register INFO     PLAYER ID NOT REGISTERED: playerVirtual12
2018-03-04 21:46:48,288 MCT_Register INFO     playerVirtual12 register 1
2018-03-04 21:46:48,344 MCT_Register INFO     ------------------------------------------

2018-03-04 21:51:51,500 MCT_Register INFO     MSG RECEIVED FROM DISPATCH: 1002
2018-03-04 21:51:51,506 MCT_Register INFO     PLAYER ID NOT REGISTERED: playerVirtual13
2018-03-04 21:51:51,545 MCT_Register INFO     playerVirtual13 register 1
2018-03-04 21:51:51,605 MCT_Register INFO     ------------------------------------------

2018-03-04 21:55:00,020 MCT_Register INFO     MSG RECEIVED FROM DISPATCH: 1002
2018-03-04 21:55:00,026 MCT_Register INFO     PLAYER ID NOT REGISTERED: playerVirtual1793
2018-03-04 21:55:00,032 MCT_Register INFO     playerVirtual1793 register 1
2018-03-04 21:55:00,096 MCT_Register INFO     ------------------------------------------

2018-03-04 21:56:53,034 MCT_Register INFO     MSG RECEIVED FROM DISPATCH: 1002
2018-03-04 21:56:53,043 MCT_Register INFO     PLAYER ID NOT REGISTERED: playerVirtual14
2018-03-04 21:56:53,070 MCT_Register INFO     playerVirtual14 register 1
2018-03-04 21:56:53,125 MCT_Register INFO     ------------------------------------------

2018-03-04 22:01:54,204 MCT_Register INFO     MSG RECEIVED FROM DISPATCH: 1002
2018-03-04 22:01:54,209 MCT_Register INFO     PLAYER ID NOT REGISTERED: playerVirtual15
2018-03-04 22:01:54,218 MCT_Register INFO     playerVirtual15 register 1
2018-03-04 22:01:54,279 MCT_Register INFO     ------------------------------------------

2018-03-04 22:06:50,696 MCT_Register INFO     MSG RECEIVED FROM DISPATCH: 1002
2018-03-04 22:06:50,707 MCT_Register INFO     PLAYER ID NOT REGISTERED: playerVirtual16
2018-03-04 22:06:50,718 MCT_Register INFO     playerVirtual16 register 1
2018-03-04 22:06:50,773 MCT_Register INFO     ------------------------------------------

2018-03-04 22:08:40,658 MCT_Register INFO     MSG RECEIVED FROM DISPATCH: 1002
2018-03-04 22:08:40,666 MCT_Register INFO     PLAYER ID NOT REGISTERED: playerVirtual1835
2018-03-04 22:08:40,696 MCT_Register INFO     playerVirtual1835 register 1
2018-03-04 22:08:40,754 MCT_Register INFO     ------------------------------------------

2018-03-04 22:11:48,990 MCT_Register INFO     MSG RECEIVED FROM DISPATCH: 1002
2018-03-04 22:11:48,997 MCT_Register INFO     PLAYER ID NOT REGISTERED: playerVirtual17
2018-03-04 22:11:49,040 MCT_Register INFO     playerVirtual17 register 1
2018-03-04 22:11:49,102 MCT_Register INFO     ------------------------------------------

2018-03-04 22:16:51,092 MCT_Register INFO     MSG RECEIVED FROM DISPATCH: 1002
2018-03-04 22:16:51,098 MCT_Register INFO     PLAYER ID NOT REGISTERED: playerVirtual18
2018-03-04 22:16:51,103 MCT_Register INFO     playerVirtual18 register 1
2018-03-04 22:16:51,165 MCT_Register INFO     ------------------------------------------

2018-03-04 22:21:57,591 MCT_Register INFO     MSG RECEIVED FROM DISPATCH: 1002
2018-03-04 22:21:57,601 MCT_Register INFO     PLAYER ID NOT REGISTERED: playerVirtual19
2018-03-04 22:21:57,643 MCT_Register INFO     playerVirtual19 register 1
2018-03-04 22:21:57,700 MCT_Register INFO     ------------------------------------------

2018-03-04 22:31:16,600 MCT_Register INFO     MSG RECEIVED FROM DISPATCH: 1002
2018-03-04 22:31:16,608 MCT_Register INFO     PLAYER ID NOT REGISTERED: playerVirtual1088
2018-03-04 22:31:16,614 MCT_Register INFO     playerVirtual1088 register 1
2018-03-04 22:31:16,662 MCT_Register INFO     ------------------------------------------

2018-03-04 23:56:40,791 MCT_Register INFO     MSG RECEIVED FROM DISPATCH: 1002
2018-03-04 23:56:40,797 MCT_Register INFO     PLAYER ID NOT REGISTERED: playerVirtual1743
2018-03-04 23:56:40,805 MCT_Register INFO     playerVirtual1743 register 1
2018-03-04 23:56:40,861 MCT_Register INFO     ------------------------------------------

2018-03-05 00:21:56,564 MCT_Register INFO     ###### STOP MCT_REGISTER ######

