2018-02-16 05:11:49,663 MCT_Register INFO     ###### START MCT_REGISTER ######

2018-02-16 05:12:08,813 MCT_Register INFO     MSG RECEIVED FROM DISPATCH: 1002
2018-02-16 05:12:08,834 MCT_Register INFO     PLAYER ID NOT REGISTERED: playerVirtual14
2018-02-16 05:12:08,840 MCT_Register INFO     PLAYER REGISTERED: playerVirtual14
2018-02-16 05:12:08,849 MCT_Register INFO     ------------------------------------------

2018-02-16 05:12:08,850 MCT_Register INFO     MSG RECEIVED FROM DISPATCH: 1002
2018-02-16 05:12:08,853 MCT_Register INFO     PLAYER ID NOT REGISTERED: playerVirtual16
2018-02-16 05:12:08,856 MCT_Register INFO     PLAYER REGISTERED: playerVirtual16
2018-02-16 05:12:08,862 MCT_Register INFO     ------------------------------------------

2018-02-16 05:12:08,921 MCT_Register INFO     MSG RECEIVED FROM DISPATCH: 1002
2018-02-16 05:12:08,925 MCT_Register INFO     PLAYER ID NOT REGISTERED: playerVirtual19
2018-02-16 05:12:08,927 MCT_Register INFO     PLAYER REGISTERED: playerVirtual19
2018-02-16 05:12:08,935 MCT_Register INFO     ------------------------------------------

2018-02-16 05:12:08,935 MCT_Register INFO     MSG RECEIVED FROM DISPATCH: 1002
2018-02-16 05:12:08,938 MCT_Register INFO     PLAYER ID NOT REGISTERED: playerVirtual7
2018-02-16 05:12:08,940 MCT_Register INFO     PLAYER REGISTERED: playerVirtual7
2018-02-16 05:12:08,947 MCT_Register INFO     ------------------------------------------

2018-02-16 05:12:09,035 MCT_Register INFO     MSG RECEIVED FROM DISPATCH: 1002
2018-02-16 05:12:09,039 MCT_Register INFO     PLAYER ID NOT REGISTERED: playerVirtual3
2018-02-16 05:12:09,047 MCT_Register INFO     PLAYER REGISTERED: playerVirtual3
2018-02-16 05:12:09,054 MCT_Register INFO     ------------------------------------------

2018-02-16 05:12:09,084 MCT_Register INFO     MSG RECEIVED FROM DISPATCH: 1002
2018-02-16 05:12:09,087 MCT_Register INFO     PLAYER ID NOT REGISTERED: playerVirtual0
2018-02-16 05:12:09,090 MCT_Register INFO     PLAYER REGISTERED: playerVirtual0
2018-02-16 05:12:09,097 MCT_Register INFO     ------------------------------------------

2018-02-16 05:12:09,116 MCT_Register INFO     MSG RECEIVED FROM DISPATCH: 1002
2018-02-16 05:12:09,119 MCT_Register INFO     PLAYER ID NOT REGISTERED: playerVirtual5
2018-02-16 05:12:09,122 MCT_Register INFO     PLAYER REGISTERED: playerVirtual5
2018-02-16 05:12:09,131 MCT_Register INFO     ------------------------------------------

2018-02-16 05:12:09,131 MCT_Register INFO     MSG RECEIVED FROM DISPATCH: 1002
2018-02-16 05:12:09,134 MCT_Register INFO     PLAYER ID NOT REGISTERED: playerVirtual6
2018-02-16 05:12:09,137 MCT_Register INFO     PLAYER REGISTERED: playerVirtual6
2018-02-16 05:12:09,144 MCT_Register INFO     ------------------------------------------

2018-02-16 05:12:09,165 MCT_Register INFO     MSG RECEIVED FROM DISPATCH: 1002
2018-02-16 05:12:09,168 MCT_Register INFO     PLAYER ID NOT REGISTERED: playerVirtual1
2018-02-16 05:12:09,170 MCT_Register INFO     PLAYER REGISTERED: playerVirtual1
2018-02-16 05:12:09,179 MCT_Register INFO     ------------------------------------------

2018-02-16 05:12:09,179 MCT_Register INFO     MSG RECEIVED FROM DISPATCH: 1002
2018-02-16 05:12:09,183 MCT_Register INFO     PLAYER ID NOT REGISTERED: playerVirtual8
2018-02-16 05:12:09,185 MCT_Register INFO     PLAYER REGISTERED: playerVirtual8
2018-02-16 05:12:09,192 MCT_Register INFO     ------------------------------------------

2018-02-16 05:12:09,221 MCT_Register INFO     MSG RECEIVED FROM DISPATCH: 1002
2018-02-16 05:12:09,223 MCT_Register INFO     PLAYER ID NOT REGISTERED: playerVirtual11
2018-02-16 05:12:09,226 MCT_Register INFO     PLAYER REGISTERED: playerVirtual11
2018-02-16 05:12:09,233 MCT_Register INFO     ------------------------------------------

2018-02-16 05:12:09,257 MCT_Register INFO     MSG RECEIVED FROM DISPATCH: 1002
2018-02-16 05:12:09,260 MCT_Register INFO     PLAYER ID NOT REGISTERED: playerVirtual15
2018-02-16 05:12:09,262 MCT_Register INFO     PLAYER REGISTERED: playerVirtual15
2018-02-16 05:12:09,271 MCT_Register INFO     ------------------------------------------

2018-02-16 05:12:09,314 MCT_Register INFO     MSG RECEIVED FROM DISPATCH: 1002
2018-02-16 05:12:09,317 MCT_Register INFO     PLAYER ID NOT REGISTERED: playerVirtual17
2018-02-16 05:12:09,320 MCT_Register INFO     PLAYER REGISTERED: playerVirtual17
2018-02-16 05:12:09,327 MCT_Register INFO     ------------------------------------------

2018-02-16 05:12:09,340 MCT_Register INFO     MSG RECEIVED FROM DISPATCH: 1002
2018-02-16 05:12:09,343 MCT_Register INFO     PLAYER ID NOT REGISTERED: playerVirtual18
2018-02-16 05:12:09,345 MCT_Register INFO     PLAYER REGISTERED: playerVirtual18
2018-02-16 05:12:09,353 MCT_Register INFO     ------------------------------------------

2018-02-16 05:12:09,380 MCT_Register INFO     MSG RECEIVED FROM DISPATCH: 1002
2018-02-16 05:12:09,383 MCT_Register INFO     PLAYER ID NOT REGISTERED: playerVirtual9
2018-02-16 05:12:09,386 MCT_Register INFO     PLAYER REGISTERED: playerVirtual9
2018-02-16 05:12:09,393 MCT_Register INFO     ------------------------------------------

2018-02-16 05:12:09,457 MCT_Register INFO     MSG RECEIVED FROM DISPATCH: 1002
2018-02-16 05:12:09,466 MCT_Register INFO     PLAYER ID NOT REGISTERED: playerVirtual10
2018-02-16 05:12:09,469 MCT_Register INFO     PLAYER REGISTERED: playerVirtual10
2018-02-16 05:12:09,476 MCT_Register INFO     ------------------------------------------

2018-02-16 05:12:09,528 MCT_Register INFO     MSG RECEIVED FROM DISPATCH: 1002
2018-02-16 05:12:09,531 MCT_Register INFO     PLAYER ID NOT REGISTERED: playerVirtual12
2018-02-16 05:12:09,534 MCT_Register INFO     PLAYER REGISTERED: playerVirtual12
2018-02-16 05:12:09,544 MCT_Register INFO     ------------------------------------------

2018-02-16 05:12:09,544 MCT_Register INFO     MSG RECEIVED FROM DISPATCH: 1002
2018-02-16 05:12:09,547 MCT_Register INFO     PLAYER ID NOT REGISTERED: playerVirtual13
2018-02-16 05:12:09,550 MCT_Register INFO     PLAYER REGISTERED: playerVirtual13
2018-02-16 05:12:09,558 MCT_Register INFO     ------------------------------------------

2018-02-16 05:12:09,615 MCT_Register INFO     MSG RECEIVED FROM DISPATCH: 1002
2018-02-16 05:12:09,618 MCT_Register INFO     PLAYER ID NOT REGISTERED: playerVirtual2
2018-02-16 05:12:09,621 MCT_Register INFO     PLAYER REGISTERED: playerVirtual2
2018-02-16 05:12:09,628 MCT_Register INFO     ------------------------------------------

2018-02-16 05:12:09,664 MCT_Register INFO     MSG RECEIVED FROM DISPATCH: 1002
2018-02-16 05:12:09,667 MCT_Register INFO     PLAYER ID NOT REGISTERED: playerVirtual4
2018-02-16 05:12:09,672 MCT_Register INFO     PLAYER REGISTERED: playerVirtual4
2018-02-16 05:12:09,679 MCT_Register INFO     ------------------------------------------

2018-02-16 11:58:50,519 MCT_Register INFO     ###### STOP MCT_REGISTER ######

