2018-02-15 15:38:52,416 MCT_Register INFO     ###### START MCT_REGISTER ######

2018-02-15 15:39:17,693 MCT_Register INFO     MSG RECEIVED FROM DISPATCH: 1002
2018-02-15 15:39:17,713 MCT_Register INFO     PLAYER ID NOT REGISTERED: playerVirtual1
2018-02-15 15:39:17,745 MCT_Register INFO     PLAYER REGISTERED: playerVirtual1
2018-02-15 15:39:17,797 MCT_Register INFO     ------------------------------------------

2018-02-15 15:39:17,928 MCT_Register INFO     MSG RECEIVED FROM DISPATCH: 1002
2018-02-15 15:39:17,937 MCT_Register INFO     PLAYER ID NOT REGISTERED: playerVirtual11
2018-02-15 15:39:17,945 MCT_Register INFO     PLAYER REGISTERED: playerVirtual11
2018-02-15 15:39:18,010 MCT_Register INFO     ------------------------------------------

2018-02-15 15:39:18,031 MCT_Register INFO     MSG RECEIVED FROM DISPATCH: 1002
2018-02-15 15:39:18,039 MCT_Register INFO     PLAYER ID NOT REGISTERED: playerVirtual4
2018-02-15 15:39:18,048 MCT_Register INFO     PLAYER REGISTERED: playerVirtual4
2018-02-15 15:39:18,106 MCT_Register INFO     ------------------------------------------

2018-02-15 15:39:18,254 MCT_Register INFO     MSG RECEIVED FROM DISPATCH: 1002
2018-02-15 15:39:18,261 MCT_Register INFO     PLAYER ID NOT REGISTERED: playerVirtual8
2018-02-15 15:39:18,268 MCT_Register INFO     PLAYER REGISTERED: playerVirtual8
2018-02-15 15:39:18,325 MCT_Register INFO     ------------------------------------------

2018-02-15 15:39:18,396 MCT_Register INFO     MSG RECEIVED FROM DISPATCH: 1002
2018-02-15 15:39:18,407 MCT_Register INFO     PLAYER ID NOT REGISTERED: playerVirtual2
2018-02-15 15:39:18,477 MCT_Register INFO     PLAYER REGISTERED: playerVirtual2
2018-02-15 15:39:18,528 MCT_Register INFO     ------------------------------------------

2018-02-15 15:39:18,721 MCT_Register INFO     MSG RECEIVED FROM DISPATCH: 1002
2018-02-15 15:39:18,727 MCT_Register INFO     PLAYER ID NOT REGISTERED: playerVirtual13
2018-02-15 15:39:18,756 MCT_Register INFO     PLAYER REGISTERED: playerVirtual13
2018-02-15 15:39:18,802 MCT_Register INFO     ------------------------------------------

2018-02-15 15:39:19,273 MCT_Register INFO     MSG RECEIVED FROM DISPATCH: 1002
2018-02-15 15:39:19,282 MCT_Register INFO     PLAYER ID NOT REGISTERED: playerVirtual3
2018-02-15 15:39:19,327 MCT_Register INFO     PLAYER REGISTERED: playerVirtual3
2018-02-15 15:39:19,382 MCT_Register INFO     ------------------------------------------

2018-02-15 15:39:19,533 MCT_Register INFO     MSG RECEIVED FROM DISPATCH: 1002
2018-02-15 15:39:19,541 MCT_Register INFO     PLAYER ID NOT REGISTERED: playerVirtual6
2018-02-15 15:39:19,544 MCT_Register INFO     PLAYER REGISTERED: playerVirtual6
2018-02-15 15:39:19,597 MCT_Register INFO     ------------------------------------------

2018-02-15 15:39:19,734 MCT_Register INFO     MSG RECEIVED FROM DISPATCH: 1002
2018-02-15 15:39:19,742 MCT_Register INFO     PLAYER ID NOT REGISTERED: playerVirtual15
2018-02-15 15:39:19,754 MCT_Register INFO     PLAYER REGISTERED: playerVirtual15
2018-02-15 15:39:19,805 MCT_Register INFO     ------------------------------------------

2018-02-15 15:39:19,900 MCT_Register INFO     MSG RECEIVED FROM DISPATCH: 1002
2018-02-15 15:39:19,909 MCT_Register INFO     PLAYER ID NOT REGISTERED: playerVirtual17
2018-02-15 15:39:19,914 MCT_Register INFO     PLAYER REGISTERED: playerVirtual17
2018-02-15 15:39:19,993 MCT_Register INFO     ------------------------------------------

2018-02-15 15:39:20,081 MCT_Register INFO     MSG RECEIVED FROM DISPATCH: 1002
2018-02-15 15:39:20,087 MCT_Register INFO     PLAYER ID NOT REGISTERED: playerVirtual19
2018-02-15 15:39:20,094 MCT_Register INFO     PLAYER REGISTERED: playerVirtual19
2018-02-15 15:39:20,147 MCT_Register INFO     ------------------------------------------

2018-02-15 15:39:20,223 MCT_Register INFO     MSG RECEIVED FROM DISPATCH: 1002
2018-02-15 15:39:20,235 MCT_Register INFO     PLAYER ID NOT REGISTERED: playerVirtual5
2018-02-15 15:39:20,719 MCT_Register INFO     PLAYER REGISTERED: playerVirtual5
2018-02-15 15:39:20,764 MCT_Register INFO     ------------------------------------------

2018-02-15 15:39:21,241 MCT_Register INFO     MSG RECEIVED FROM DISPATCH: 1002
2018-02-15 15:39:21,245 MCT_Register INFO     PLAYER ID NOT REGISTERED: playerVirtual9
2018-02-15 15:39:21,253 MCT_Register INFO     PLAYER REGISTERED: playerVirtual9
2018-02-15 15:39:21,303 MCT_Register INFO     ------------------------------------------

2018-02-15 15:39:21,388 MCT_Register INFO     MSG RECEIVED FROM DISPATCH: 1002
2018-02-15 15:39:21,396 MCT_Register INFO     PLAYER ID NOT REGISTERED: playerVirtual7
2018-02-15 15:39:21,437 MCT_Register INFO     PLAYER REGISTERED: playerVirtual7
2018-02-15 15:39:21,498 MCT_Register INFO     ------------------------------------------

2018-02-15 15:39:21,587 MCT_Register INFO     MSG RECEIVED FROM DISPATCH: 1002
2018-02-15 15:39:21,594 MCT_Register INFO     PLAYER ID NOT REGISTERED: playerVirtual14
2018-02-15 15:39:21,601 MCT_Register INFO     PLAYER REGISTERED: playerVirtual14
2018-02-15 15:39:21,658 MCT_Register INFO     ------------------------------------------

2018-02-15 15:39:21,756 MCT_Register INFO     MSG RECEIVED FROM DISPATCH: 1002
2018-02-15 15:39:21,763 MCT_Register INFO     PLAYER ID NOT REGISTERED: playerVirtual12
2018-02-15 15:39:21,767 MCT_Register INFO     PLAYER REGISTERED: playerVirtual12
2018-02-15 15:39:21,821 MCT_Register INFO     ------------------------------------------

2018-02-15 15:39:21,826 MCT_Register INFO     MSG RECEIVED FROM DISPATCH: 1002
2018-02-15 15:39:21,832 MCT_Register INFO     PLAYER ID NOT REGISTERED: playerVirtual0
2018-02-15 15:39:21,842 MCT_Register INFO     PLAYER REGISTERED: playerVirtual0
2018-02-15 15:39:21,901 MCT_Register INFO     ------------------------------------------

2018-02-15 15:39:22,019 MCT_Register INFO     MSG RECEIVED FROM DISPATCH: 1002
2018-02-15 15:39:22,024 MCT_Register INFO     PLAYER ID NOT REGISTERED: playerVirtual16
2018-02-15 15:39:22,032 MCT_Register INFO     PLAYER REGISTERED: playerVirtual16
2018-02-15 15:39:22,087 MCT_Register INFO     ------------------------------------------

2018-02-15 15:39:22,171 MCT_Register INFO     MSG RECEIVED FROM DISPATCH: 1002
2018-02-15 15:39:22,183 MCT_Register INFO     PLAYER ID NOT REGISTERED: playerVirtual18
2018-02-15 15:39:22,234 MCT_Register INFO     PLAYER REGISTERED: playerVirtual18
2018-02-15 15:39:22,288 MCT_Register INFO     ------------------------------------------

2018-02-15 15:39:22,372 MCT_Register INFO     MSG RECEIVED FROM DISPATCH: 1002
2018-02-15 15:39:22,382 MCT_Register INFO     PLAYER ID NOT REGISTERED: playerVirtual10
2018-02-15 15:39:22,390 MCT_Register INFO     PLAYER REGISTERED: playerVirtual10
2018-02-15 15:39:22,432 MCT_Register INFO     ------------------------------------------

2018-02-16 08:22:10,202 MCT_Register INFO     ###### STOP MCT_REGISTER ######

