2018-03-02 22:46:35,565 MCT_Register INFO     ###### START MCT_REGISTER ######

2018-03-02 22:47:14,185 MCT_Register INFO     MSG RECEIVED FROM DISPATCH: 1002
2018-03-02 22:47:14,227 MCT_Register INFO     PLAYER ID NOT REGISTERED: playerVirtual1
2018-03-02 22:47:14,264 MCT_Register INFO     playerVirtual1 register 1
2018-03-02 22:47:14,326 MCT_Register INFO     ------------------------------------------

2018-03-02 22:47:14,328 MCT_Register INFO     MSG RECEIVED FROM DISPATCH: 1002
2018-03-02 22:47:14,341 MCT_Register INFO     PLAYER ID NOT REGISTERED: playerVirtual2
2018-03-02 22:47:14,347 MCT_Register INFO     playerVirtual2 register 1
2018-03-02 22:47:14,393 MCT_Register INFO     ------------------------------------------

2018-03-02 22:52:15,645 MCT_Register INFO     MSG RECEIVED FROM DISPATCH: 1002
2018-03-02 22:52:15,650 MCT_Register INFO     PLAYER ID NOT REGISTERED: playerVirtual3
2018-03-02 22:52:15,689 MCT_Register INFO     playerVirtual3 register 1
2018-03-02 22:52:15,737 MCT_Register INFO     ------------------------------------------

2018-03-02 22:57:17,541 MCT_Register INFO     MSG RECEIVED FROM DISPATCH: 1002
2018-03-02 22:57:17,552 MCT_Register INFO     PLAYER ID NOT REGISTERED: playerVirtual4
2018-03-02 22:57:17,584 MCT_Register INFO     playerVirtual4 register 1
2018-03-02 22:57:17,637 MCT_Register INFO     ------------------------------------------

2018-03-02 22:57:17,646 MCT_Register INFO     MSG RECEIVED FROM DISPATCH: 1002
2018-03-02 22:57:17,652 MCT_Register INFO     PLAYER ID NOT REGISTERED: playerVirtual0
2018-03-02 22:57:17,668 MCT_Register INFO     playerVirtual0 register 1
2018-03-02 22:57:17,728 MCT_Register INFO     ------------------------------------------

2018-03-02 23:02:16,136 MCT_Register INFO     MSG RECEIVED FROM DISPATCH: 1002
2018-03-02 23:02:16,144 MCT_Register INFO     PLAYER ID NOT REGISTERED: playerVirtual5
2018-03-02 23:02:16,152 MCT_Register INFO     playerVirtual5 register 1
2018-03-02 23:02:16,212 MCT_Register INFO     ------------------------------------------

2018-03-02 23:07:14,746 MCT_Register INFO     MSG RECEIVED FROM DISPATCH: 1002
2018-03-02 23:07:14,756 MCT_Register INFO     PLAYER ID NOT REGISTERED: playerVirtual6
2018-03-02 23:07:14,761 MCT_Register INFO     playerVirtual6 register 1
2018-03-02 23:07:14,812 MCT_Register INFO     ------------------------------------------

2018-03-02 23:09:31,234 MCT_Register INFO     MSG RECEIVED FROM DISPATCH: 1002
2018-03-02 23:09:31,245 MCT_Register INFO     PLAYER ID NOT REGISTERED: playerVirtual1877
2018-03-02 23:09:31,256 MCT_Register INFO     playerVirtual1877 register 1
2018-03-02 23:09:31,307 MCT_Register INFO     ------------------------------------------

2018-03-02 23:12:17,022 MCT_Register INFO     MSG RECEIVED FROM DISPATCH: 1002
2018-03-02 23:12:17,028 MCT_Register INFO     PLAYER ID NOT REGISTERED: playerVirtual7
2018-03-02 23:12:17,071 MCT_Register INFO     playerVirtual7 register 1
2018-03-02 23:12:17,125 MCT_Register INFO     ------------------------------------------

2018-03-02 23:17:13,470 MCT_Register INFO     MSG RECEIVED FROM DISPATCH: 1002
2018-03-02 23:17:13,475 MCT_Register INFO     PLAYER ID NOT REGISTERED: playerVirtual8
2018-03-02 23:17:13,481 MCT_Register INFO     playerVirtual8 register 1
2018-03-02 23:17:13,531 MCT_Register INFO     ------------------------------------------

2018-03-02 23:22:19,366 MCT_Register INFO     MSG RECEIVED FROM DISPATCH: 1002
2018-03-02 23:22:19,381 MCT_Register INFO     PLAYER ID NOT REGISTERED: playerVirtual1200
2018-03-02 23:22:19,387 MCT_Register INFO     playerVirtual1200 register 1
2018-03-02 23:22:19,440 MCT_Register INFO     ------------------------------------------

2018-03-02 23:22:19,548 MCT_Register INFO     MSG RECEIVED FROM DISPATCH: 1002
2018-03-02 23:22:19,561 MCT_Register INFO     PLAYER ID NOT REGISTERED: playerVirtual9
2018-03-02 23:22:19,698 MCT_Register INFO     playerVirtual9 register 1
2018-03-02 23:22:19,749 MCT_Register INFO     ------------------------------------------

2018-03-02 23:27:13,682 MCT_Register INFO     MSG RECEIVED FROM DISPATCH: 1002
2018-03-02 23:27:13,691 MCT_Register INFO     PLAYER ID NOT REGISTERED: playerVirtual10
2018-03-02 23:27:13,700 MCT_Register INFO     playerVirtual10 register 1
2018-03-02 23:27:13,751 MCT_Register INFO     ------------------------------------------

2018-03-02 23:32:14,788 MCT_Register INFO     MSG RECEIVED FROM DISPATCH: 1002
2018-03-02 23:32:14,799 MCT_Register INFO     PLAYER ID NOT REGISTERED: playerVirtual11
2018-03-02 23:32:14,829 MCT_Register INFO     playerVirtual11 register 1
2018-03-02 23:32:14,883 MCT_Register INFO     ------------------------------------------

2018-03-02 23:34:29,176 MCT_Register INFO     MSG RECEIVED FROM DISPATCH: 1002
2018-03-02 23:34:29,182 MCT_Register INFO     PLAYER ID NOT REGISTERED: playerVirtual1852
2018-03-02 23:34:29,188 MCT_Register INFO     playerVirtual1852 register 1
2018-03-02 23:34:29,246 MCT_Register INFO     ------------------------------------------

2018-03-02 23:37:12,893 MCT_Register INFO     MSG RECEIVED FROM DISPATCH: 1002
2018-03-02 23:37:12,904 MCT_Register INFO     PLAYER ID NOT REGISTERED: playerVirtual12
2018-03-02 23:37:12,910 MCT_Register INFO     playerVirtual12 register 1
2018-03-02 23:37:12,965 MCT_Register INFO     ------------------------------------------

2018-03-02 23:42:15,881 MCT_Register INFO     MSG RECEIVED FROM DISPATCH: 1002
2018-03-02 23:42:15,887 MCT_Register INFO     PLAYER ID NOT REGISTERED: playerVirtual13
2018-03-02 23:42:15,893 MCT_Register INFO     playerVirtual13 register 1
2018-03-02 23:42:15,956 MCT_Register INFO     ------------------------------------------

2018-03-02 23:45:25,614 MCT_Register INFO     MSG RECEIVED FROM DISPATCH: 1002
2018-03-02 23:45:25,621 MCT_Register INFO     PLAYER ID NOT REGISTERED: playerVirtual1769
2018-03-02 23:45:25,639 MCT_Register INFO     playerVirtual1769 register 1
2018-03-02 23:45:25,693 MCT_Register INFO     ------------------------------------------

2018-03-02 23:47:13,929 MCT_Register INFO     MSG RECEIVED FROM DISPATCH: 1002
2018-03-02 23:47:13,937 MCT_Register INFO     PLAYER ID NOT REGISTERED: playerVirtual14
2018-03-02 23:47:13,944 MCT_Register INFO     playerVirtual14 register 1
2018-03-02 23:47:14,004 MCT_Register INFO     ------------------------------------------

2018-03-02 23:52:14,519 MCT_Register INFO     MSG RECEIVED FROM DISPATCH: 1002
2018-03-02 23:52:14,529 MCT_Register INFO     PLAYER ID NOT REGISTERED: playerVirtual15
2018-03-02 23:52:14,559 MCT_Register INFO     playerVirtual15 register 1
2018-03-02 23:52:14,610 MCT_Register INFO     ------------------------------------------

2018-03-02 23:57:14,688 MCT_Register INFO     MSG RECEIVED FROM DISPATCH: 1002
2018-03-02 23:57:14,692 MCT_Register INFO     PLAYER ID NOT REGISTERED: playerVirtual16
2018-03-02 23:57:14,697 MCT_Register INFO     playerVirtual16 register 1
2018-03-02 23:57:14,759 MCT_Register INFO     ------------------------------------------

2018-03-03 00:02:16,862 MCT_Register INFO     MSG RECEIVED FROM DISPATCH: 1002
2018-03-03 00:02:16,877 MCT_Register INFO     PLAYER ID NOT REGISTERED: playerVirtual17
2018-03-03 00:02:16,882 MCT_Register INFO     playerVirtual17 register 1
2018-03-03 00:02:16,935 MCT_Register INFO     ------------------------------------------

2018-03-03 00:07:12,437 MCT_Register INFO     MSG RECEIVED FROM DISPATCH: 1002
2018-03-03 00:07:12,442 MCT_Register INFO     PLAYER ID NOT REGISTERED: playerVirtual18
2018-03-03 00:07:12,448 MCT_Register INFO     playerVirtual18 register 1
2018-03-03 00:07:12,497 MCT_Register INFO     ------------------------------------------

2018-03-03 00:09:44,070 MCT_Register INFO     MSG RECEIVED FROM DISPATCH: 1002
2018-03-03 00:09:44,079 MCT_Register INFO     PLAYER ID NOT REGISTERED: playerVirtual1959
2018-03-03 00:09:44,086 MCT_Register INFO     playerVirtual1959 register 1
2018-03-03 00:09:44,136 MCT_Register INFO     ------------------------------------------

2018-03-03 00:12:16,121 MCT_Register INFO     MSG RECEIVED FROM DISPATCH: 1002
2018-03-03 00:12:16,126 MCT_Register INFO     PLAYER ID NOT REGISTERED: playerVirtual19
2018-03-03 00:12:16,185 MCT_Register INFO     playerVirtual19 register 1
2018-03-03 00:12:16,240 MCT_Register INFO     ------------------------------------------

2018-03-03 00:33:24,532 MCT_Register INFO     MSG RECEIVED FROM DISPATCH: 1002
2018-03-03 00:33:24,540 MCT_Register INFO     PLAYER ID NOT REGISTERED: playerVirtual1940
2018-03-03 00:33:24,549 MCT_Register INFO     playerVirtual1940 register 1
2018-03-03 00:33:24,600 MCT_Register INFO     ------------------------------------------

2018-03-03 01:01:05,303 MCT_Register INFO     MSG RECEIVED FROM DISPATCH: 1002
2018-03-03 01:01:05,314 MCT_Register INFO     PLAYER ID NOT REGISTERED: playerVirtual1728
2018-03-03 01:01:05,361 MCT_Register INFO     playerVirtual1728 register 1
2018-03-03 01:01:05,410 MCT_Register INFO     ------------------------------------------

2018-03-03 01:32:06,264 MCT_Register INFO     MSG RECEIVED FROM DISPATCH: 1002
2018-03-03 01:32:06,271 MCT_Register INFO     PLAYER ID NOT REGISTERED: playerVirtual1806
2018-03-03 01:32:06,281 MCT_Register INFO     playerVirtual1806 register 1
2018-03-03 01:32:06,335 MCT_Register INFO     ------------------------------------------

2018-03-03 02:05:47,209 MCT_Register INFO     MSG RECEIVED FROM DISPATCH: 1002
2018-03-03 02:05:47,216 MCT_Register INFO     PLAYER ID NOT REGISTERED: playerVirtual1721
2018-03-03 02:05:47,228 MCT_Register INFO     playerVirtual1721 register 1
2018-03-03 02:05:47,287 MCT_Register INFO     ------------------------------------------

2018-03-03 02:43:12,872 MCT_Register INFO     MSG RECEIVED FROM DISPATCH: 1002
2018-03-03 02:43:12,880 MCT_Register INFO     PLAYER ID NOT REGISTERED: playerVirtual1022
2018-03-03 02:43:12,886 MCT_Register INFO     playerVirtual1022 register 1
2018-03-03 02:43:12,946 MCT_Register INFO     ------------------------------------------

2018-03-03 03:23:55,201 MCT_Register INFO     MSG RECEIVED FROM DISPATCH: 1002
2018-03-03 03:23:55,209 MCT_Register INFO     PLAYER ID NOT REGISTERED: playerVirtual1963
2018-03-03 03:23:55,216 MCT_Register INFO     playerVirtual1963 register 1
2018-03-03 03:23:55,272 MCT_Register INFO     ------------------------------------------

2018-03-03 04:07:45,886 MCT_Register INFO     MSG RECEIVED FROM DISPATCH: 1002
2018-03-03 04:07:45,891 MCT_Register INFO     PLAYER ID NOT REGISTERED: playerVirtual1015
2018-03-03 04:07:45,898 MCT_Register INFO     playerVirtual1015 register 1
2018-03-03 04:07:45,954 MCT_Register INFO     ------------------------------------------

2018-03-03 04:54:13,390 MCT_Register INFO     MSG RECEIVED FROM DISPATCH: 1002
2018-03-03 04:54:13,400 MCT_Register INFO     PLAYER ID NOT REGISTERED: playerVirtual1845
2018-03-03 04:54:13,445 MCT_Register INFO     playerVirtual1845 register 1
2018-03-03 04:54:13,503 MCT_Register INFO     ------------------------------------------

2018-03-03 05:43:52,423 MCT_Register INFO     MSG RECEIVED FROM DISPATCH: 1002
2018-03-03 05:43:52,428 MCT_Register INFO     PLAYER ID NOT REGISTERED: playerVirtual1783
2018-03-03 05:43:52,487 MCT_Register INFO     playerVirtual1783 register 1
2018-03-03 05:43:52,538 MCT_Register INFO     ------------------------------------------

2018-03-03 06:36:12,185 MCT_Register INFO     MSG RECEIVED FROM DISPATCH: 1002
2018-03-03 06:36:12,234 MCT_Register INFO     PLAYER ID NOT REGISTERED: playerVirtual1639
2018-03-03 06:36:12,243 MCT_Register INFO     playerVirtual1639 register 1
2018-03-03 06:36:12,290 MCT_Register INFO     ------------------------------------------

2018-03-03 07:36:26,321 MCT_Register INFO     MSG RECEIVED FROM DISPATCH: 1002
2018-03-03 07:36:26,324 MCT_Register INFO     PLAYER ID NOT REGISTERED: playerVirtual1157
2018-03-03 07:36:26,328 MCT_Register INFO     playerVirtual1157 register 1
2018-03-03 07:36:26,383 MCT_Register INFO     ------------------------------------------

2018-03-03 08:40:49,933 MCT_Register INFO     MSG RECEIVED FROM DISPATCH: 1002
2018-03-03 08:40:49,941 MCT_Register INFO     PLAYER ID NOT REGISTERED: playerVirtual1020
2018-03-03 08:40:49,946 MCT_Register INFO     playerVirtual1020 register 1
2018-03-03 08:40:50,012 MCT_Register INFO     ------------------------------------------

2018-03-03 09:47:43,004 MCT_Register INFO     MSG RECEIVED FROM DISPATCH: 1002
2018-03-03 09:47:43,010 MCT_Register INFO     PLAYER ID NOT REGISTERED: playerVirtual1143
2018-03-03 09:47:43,019 MCT_Register INFO     playerVirtual1143 register 1
2018-03-03 09:47:43,066 MCT_Register INFO     ------------------------------------------

2018-03-03 10:05:13,988 MCT_Register INFO     ###### STOP MCT_REGISTER ######

