2018-03-01 02:28:49,923 MCT_Register INFO     ###### START MCT_REGISTER ######

2018-03-01 02:29:07,721 MCT_Register INFO     MSG RECEIVED FROM DISPATCH: 1002
2018-03-01 02:29:07,768 MCT_Register INFO     PLAYER ID NOT REGISTERED: playerVirtual1
2018-03-01 02:29:07,782 MCT_Register INFO     playerVirtual1 register 1
2018-03-01 02:29:07,832 MCT_Register INFO     ------------------------------------------

2018-03-01 02:29:07,927 MCT_Register INFO     MSG RECEIVED FROM DISPATCH: 1002
2018-03-01 02:29:07,933 MCT_Register INFO     PLAYER ID NOT REGISTERED: playerVirtual2
2018-03-01 02:29:07,938 MCT_Register INFO     playerVirtual2 register 1
2018-03-01 02:29:07,994 MCT_Register INFO     ------------------------------------------

2018-03-01 02:34:12,217 MCT_Register INFO     MSG RECEIVED FROM DISPATCH: 1002
2018-03-01 02:34:12,226 MCT_Register INFO     PLAYER ID NOT REGISTERED: playerVirtual3
2018-03-01 02:34:12,233 MCT_Register INFO     playerVirtual3 register 1
2018-03-01 02:34:12,285 MCT_Register INFO     ------------------------------------------

2018-03-01 02:39:07,468 MCT_Register INFO     MSG RECEIVED FROM DISPATCH: 1002
2018-03-01 02:39:07,480 MCT_Register INFO     PLAYER ID NOT REGISTERED: playerVirtual4
2018-03-01 02:39:07,490 MCT_Register INFO     playerVirtual4 register 1
2018-03-01 02:39:07,539 MCT_Register INFO     ------------------------------------------

2018-03-01 02:39:07,658 MCT_Register INFO     MSG RECEIVED FROM DISPATCH: 1002
2018-03-01 02:39:07,669 MCT_Register INFO     PLAYER ID NOT REGISTERED: playerVirtual0
2018-03-01 02:39:07,716 MCT_Register INFO     playerVirtual0 register 1
2018-03-01 02:39:07,769 MCT_Register INFO     ------------------------------------------

2018-03-01 02:44:10,681 MCT_Register INFO     MSG RECEIVED FROM DISPATCH: 1002
2018-03-01 02:44:10,688 MCT_Register INFO     PLAYER ID NOT REGISTERED: playerVirtual5
2018-03-01 02:44:10,698 MCT_Register INFO     playerVirtual5 register 1
2018-03-01 02:44:10,753 MCT_Register INFO     ------------------------------------------

2018-03-01 02:49:07,016 MCT_Register INFO     MSG RECEIVED FROM DISPATCH: 1002
2018-03-01 02:49:07,022 MCT_Register INFO     PLAYER ID NOT REGISTERED: playerVirtual6
2018-03-01 02:49:07,028 MCT_Register INFO     playerVirtual6 register 1
2018-03-01 02:49:07,102 MCT_Register INFO     ------------------------------------------

2018-03-01 02:51:17,065 MCT_Register INFO     MSG RECEIVED FROM DISPATCH: 1002
2018-03-01 02:51:17,073 MCT_Register INFO     PLAYER ID NOT REGISTERED: playerVirtual1990
2018-03-01 02:51:17,079 MCT_Register INFO     playerVirtual1990 register 1
2018-03-01 02:51:17,132 MCT_Register INFO     ------------------------------------------

2018-03-01 02:54:12,291 MCT_Register INFO     MSG RECEIVED FROM DISPATCH: 1002
2018-03-01 02:54:12,303 MCT_Register INFO     PLAYER ID NOT REGISTERED: playerVirtual7
2018-03-01 02:54:12,310 MCT_Register INFO     playerVirtual7 register 1
2018-03-01 02:54:12,354 MCT_Register INFO     ------------------------------------------

2018-03-01 02:59:10,604 MCT_Register INFO     MSG RECEIVED FROM DISPATCH: 1002
2018-03-01 02:59:10,610 MCT_Register INFO     PLAYER ID NOT REGISTERED: playerVirtual8
2018-03-01 02:59:10,619 MCT_Register INFO     playerVirtual8 register 1
2018-03-01 02:59:10,666 MCT_Register INFO     ------------------------------------------

2018-03-01 03:04:03,248 MCT_Register INFO     MSG RECEIVED FROM DISPATCH: 1002
2018-03-01 03:04:03,261 MCT_Register INFO     PLAYER ID NOT REGISTERED: playerVirtual1153
2018-03-01 03:04:03,265 MCT_Register INFO     playerVirtual1153 register 1
2018-03-01 03:04:03,317 MCT_Register INFO     ------------------------------------------

2018-03-01 03:04:12,758 MCT_Register INFO     MSG RECEIVED FROM DISPATCH: 1002
2018-03-01 03:04:12,769 MCT_Register INFO     PLAYER ID NOT REGISTERED: playerVirtual9
2018-03-01 03:04:12,773 MCT_Register INFO     playerVirtual9 register 1
2018-03-01 03:04:12,838 MCT_Register INFO     ------------------------------------------

2018-03-01 03:09:07,335 MCT_Register INFO     MSG RECEIVED FROM DISPATCH: 1002
2018-03-01 03:09:07,342 MCT_Register INFO     PLAYER ID NOT REGISTERED: playerVirtual10
2018-03-01 03:09:07,400 MCT_Register INFO     playerVirtual10 register 1
2018-03-01 03:09:07,456 MCT_Register INFO     ------------------------------------------

2018-03-01 03:14:07,015 MCT_Register INFO     MSG RECEIVED FROM DISPATCH: 1002
2018-03-01 03:14:07,020 MCT_Register INFO     PLAYER ID NOT REGISTERED: playerVirtual11
2018-03-01 03:14:07,025 MCT_Register INFO     playerVirtual11 register 1
2018-03-01 03:14:07,081 MCT_Register INFO     ------------------------------------------

2018-03-01 03:16:12,493 MCT_Register INFO     MSG RECEIVED FROM DISPATCH: 1002
2018-03-01 03:16:12,501 MCT_Register INFO     PLAYER ID NOT REGISTERED: playerVirtual1755
2018-03-01 03:16:12,506 MCT_Register INFO     playerVirtual1755 register 1
2018-03-01 03:16:12,563 MCT_Register INFO     ------------------------------------------

2018-03-01 03:19:10,444 MCT_Register INFO     MSG RECEIVED FROM DISPATCH: 1002
2018-03-01 03:19:10,453 MCT_Register INFO     PLAYER ID NOT REGISTERED: playerVirtual12
2018-03-01 03:19:10,461 MCT_Register INFO     playerVirtual12 register 1
2018-03-01 03:19:10,523 MCT_Register INFO     ------------------------------------------

2018-03-01 03:24:07,914 MCT_Register INFO     MSG RECEIVED FROM DISPATCH: 1002
2018-03-01 03:24:07,920 MCT_Register INFO     PLAYER ID NOT REGISTERED: playerVirtual13
2018-03-01 03:24:08,000 MCT_Register INFO     playerVirtual13 register 1
2018-03-01 03:24:08,048 MCT_Register INFO     ------------------------------------------

2018-03-01 03:27:01,094 MCT_Register INFO     MSG RECEIVED FROM DISPATCH: 1002
2018-03-01 03:27:01,103 MCT_Register INFO     PLAYER ID NOT REGISTERED: playerVirtual1596
2018-03-01 03:27:01,145 MCT_Register INFO     playerVirtual1596 register 1
2018-03-01 03:27:01,198 MCT_Register INFO     ------------------------------------------

2018-03-01 03:29:07,845 MCT_Register INFO     MSG RECEIVED FROM DISPATCH: 1002
2018-03-01 03:29:07,854 MCT_Register INFO     PLAYER ID NOT REGISTERED: playerVirtual14
2018-03-01 03:29:07,858 MCT_Register INFO     playerVirtual14 register 1
2018-03-01 03:29:07,907 MCT_Register INFO     ------------------------------------------

2018-03-01 03:34:08,462 MCT_Register INFO     MSG RECEIVED FROM DISPATCH: 1002
2018-03-01 03:34:08,468 MCT_Register INFO     PLAYER ID NOT REGISTERED: playerVirtual15
2018-03-01 03:34:08,473 MCT_Register INFO     playerVirtual15 register 1
2018-03-01 03:34:08,527 MCT_Register INFO     ------------------------------------------

2018-03-01 03:39:10,977 MCT_Register INFO     MSG RECEIVED FROM DISPATCH: 1002
2018-03-01 03:39:10,986 MCT_Register INFO     PLAYER ID NOT REGISTERED: playerVirtual16
2018-03-01 03:39:10,995 MCT_Register INFO     playerVirtual16 register 1
2018-03-01 03:39:11,047 MCT_Register INFO     ------------------------------------------

2018-03-01 03:42:11,276 MCT_Register INFO     MSG RECEIVED FROM DISPATCH: 1002
2018-03-01 03:42:11,283 MCT_Register INFO     PLAYER ID NOT REGISTERED: playerVirtual1280
2018-03-01 03:42:11,290 MCT_Register INFO     playerVirtual1280 register 1
2018-03-01 03:42:11,345 MCT_Register INFO     ------------------------------------------

2018-03-01 03:44:10,258 MCT_Register INFO     MSG RECEIVED FROM DISPATCH: 1002
2018-03-01 03:44:10,265 MCT_Register INFO     PLAYER ID NOT REGISTERED: playerVirtual17
2018-03-01 03:44:10,312 MCT_Register INFO     playerVirtual17 register 1
2018-03-01 03:44:10,364 MCT_Register INFO     ------------------------------------------

2018-03-01 03:49:05,667 MCT_Register INFO     MSG RECEIVED FROM DISPATCH: 1002
2018-03-01 03:49:05,673 MCT_Register INFO     PLAYER ID NOT REGISTERED: playerVirtual18
2018-03-01 03:49:05,701 MCT_Register INFO     playerVirtual18 register 1
2018-03-01 03:49:05,754 MCT_Register INFO     ------------------------------------------

2018-03-01 03:54:07,939 MCT_Register INFO     MSG RECEIVED FROM DISPATCH: 1002
2018-03-01 03:54:07,947 MCT_Register INFO     PLAYER ID NOT REGISTERED: playerVirtual19
2018-03-01 03:54:07,984 MCT_Register INFO     playerVirtual19 register 1
2018-03-01 03:54:08,038 MCT_Register INFO     ------------------------------------------

2018-03-01 04:04:26,675 MCT_Register INFO     MSG RECEIVED FROM DISPATCH: 1002
2018-03-01 04:04:26,681 MCT_Register INFO     PLAYER ID NOT REGISTERED: playerVirtual1728
2018-03-01 04:04:26,687 MCT_Register INFO     playerVirtual1728 register 1
2018-03-01 04:04:26,745 MCT_Register INFO     ------------------------------------------

2018-03-01 04:29:38,379 MCT_Register INFO     MSG RECEIVED FROM DISPATCH: 1002
2018-03-01 04:29:38,386 MCT_Register INFO     PLAYER ID NOT REGISTERED: playerVirtual1107
2018-03-01 04:29:38,392 MCT_Register INFO     playerVirtual1107 register 1
2018-03-01 04:29:38,461 MCT_Register INFO     ------------------------------------------

2018-03-01 04:58:55,273 MCT_Register INFO     MSG RECEIVED FROM DISPATCH: 1002
2018-03-01 04:58:55,280 MCT_Register INFO     PLAYER ID NOT REGISTERED: playerVirtual1880
2018-03-01 04:58:55,290 MCT_Register INFO     playerVirtual1880 register 1
2018-03-01 04:58:55,346 MCT_Register INFO     ------------------------------------------

2018-03-01 05:30:41,829 MCT_Register INFO     MSG RECEIVED FROM DISPATCH: 1002
2018-03-01 05:30:41,836 MCT_Register INFO     PLAYER ID NOT REGISTERED: playerVirtual1557
2018-03-01 05:30:41,845 MCT_Register INFO     playerVirtual1557 register 1
2018-03-01 05:30:41,911 MCT_Register INFO     ------------------------------------------

2018-03-01 06:06:24,415 MCT_Register INFO     MSG RECEIVED FROM DISPATCH: 1002
2018-03-01 06:06:24,426 MCT_Register INFO     PLAYER ID NOT REGISTERED: playerVirtual1637
2018-03-01 06:06:24,431 MCT_Register INFO     playerVirtual1637 register 1
2018-03-01 06:06:24,486 MCT_Register INFO     ------------------------------------------

2018-03-01 06:45:35,378 MCT_Register INFO     MSG RECEIVED FROM DISPATCH: 1002
2018-03-01 06:45:35,390 MCT_Register INFO     PLAYER ID NOT REGISTERED: playerVirtual1775
2018-03-01 06:45:35,737 MCT_Register INFO     playerVirtual1775 register 1
2018-03-01 06:45:35,784 MCT_Register INFO     ------------------------------------------

2018-03-01 07:28:13,532 MCT_Register INFO     MSG RECEIVED FROM DISPATCH: 1002
2018-03-01 07:28:13,617 MCT_Register INFO     PLAYER ID NOT REGISTERED: playerVirtual1184
2018-03-01 07:28:13,634 MCT_Register INFO     playerVirtual1184 register 1
2018-03-01 07:28:13,695 MCT_Register INFO     ------------------------------------------

2018-03-01 08:13:13,339 MCT_Register INFO     MSG RECEIVED FROM DISPATCH: 1002
2018-03-01 08:13:13,346 MCT_Register INFO     PLAYER ID NOT REGISTERED: playerVirtual1975
2018-03-01 08:13:13,354 MCT_Register INFO     playerVirtual1975 register 1
2018-03-01 08:13:13,410 MCT_Register INFO     ------------------------------------------

2018-03-01 09:00:55,225 MCT_Register INFO     MSG RECEIVED FROM DISPATCH: 1002
2018-03-01 09:00:55,233 MCT_Register INFO     PLAYER ID NOT REGISTERED: playerVirtual1559
2018-03-01 09:00:55,240 MCT_Register INFO     playerVirtual1559 register 1
2018-03-01 09:00:55,301 MCT_Register INFO     ------------------------------------------

2018-03-01 09:51:50,668 MCT_Register INFO     MSG RECEIVED FROM DISPATCH: 1002
2018-03-01 09:51:50,675 MCT_Register INFO     PLAYER ID NOT REGISTERED: playerVirtual1334
2018-03-01 09:51:50,680 MCT_Register INFO     playerVirtual1334 register 1
2018-03-01 09:51:50,733 MCT_Register INFO     ------------------------------------------

2018-03-01 10:48:35,016 MCT_Register INFO     MSG RECEIVED FROM DISPATCH: 1002
2018-03-01 10:48:35,020 MCT_Register INFO     PLAYER ID NOT REGISTERED: playerVirtual1211
2018-03-01 10:48:35,025 MCT_Register INFO     playerVirtual1211 register 1
2018-03-01 10:48:35,078 MCT_Register INFO     ------------------------------------------

2018-03-01 11:51:19,197 MCT_Register INFO     MSG RECEIVED FROM DISPATCH: 1002
2018-03-01 11:51:19,205 MCT_Register INFO     PLAYER ID NOT REGISTERED: playerVirtual1738
2018-03-01 11:51:19,210 MCT_Register INFO     playerVirtual1738 register 1
2018-03-01 11:51:19,261 MCT_Register INFO     ------------------------------------------

2018-03-01 12:01:53,854 MCT_Register INFO     ###### STOP MCT_REGISTER ######

