2018-03-15 19:04:58,988 MCT_Register INFO     ###### START MCT_REGISTER ######

2018-03-15 19:05:18,163 MCT_Register INFO     MSG RECEIVED FROM DISPATCH: 1002
2018-03-15 19:05:18,211 MCT_Register INFO     PLAYER ID NOT REGISTERED: playerVirtual1
2018-03-15 19:05:18,251 MCT_Register INFO     playerVirtual1 register 1
2018-03-15 19:05:18,310 MCT_Register INFO     ------------------------------------------

2018-03-15 19:05:18,407 MCT_Register INFO     MSG RECEIVED FROM DISPATCH: 1002
2018-03-15 19:05:18,414 MCT_Register INFO     PLAYER ID NOT REGISTERED: playerVirtual2
2018-03-15 19:05:18,420 MCT_Register INFO     playerVirtual2 register 1
2018-03-15 19:05:18,469 MCT_Register INFO     ------------------------------------------

2018-03-15 19:05:18,470 MCT_Register INFO     MSG RECEIVED FROM DISPATCH: 1002
2018-03-15 19:05:18,477 MCT_Register INFO     PLAYER ID NOT REGISTERED: playerVirtual0
2018-03-15 19:05:18,551 MCT_Register INFO     playerVirtual0 register 1
2018-03-15 19:05:18,611 MCT_Register INFO     ------------------------------------------

2018-03-15 19:10:15,521 MCT_Register INFO     MSG RECEIVED FROM DISPATCH: 1002
2018-03-15 19:10:15,529 MCT_Register INFO     PLAYER ID NOT REGISTERED: playerVirtual3
2018-03-15 19:10:15,536 MCT_Register INFO     playerVirtual3 register 1
2018-03-15 19:10:15,596 MCT_Register INFO     ------------------------------------------

2018-03-15 19:15:15,671 MCT_Register INFO     MSG RECEIVED FROM DISPATCH: 1002
2018-03-15 19:15:15,678 MCT_Register INFO     PLAYER ID NOT REGISTERED: playerVirtual4
2018-03-15 19:15:15,684 MCT_Register INFO     playerVirtual4 register 1
2018-03-15 19:15:15,739 MCT_Register INFO     ------------------------------------------

2018-03-15 20:31:26,467 MCT_Register INFO     MSG RECEIVED FROM DISPATCH: 1002
2018-03-15 20:31:26,474 MCT_Register INFO     PLAYER ID NOT REGISTERED: playerVirtual5
2018-03-15 20:31:26,480 MCT_Register INFO     playerVirtual5 register 1
2018-03-15 20:31:26,531 MCT_Register INFO     ------------------------------------------

2018-03-15 21:11:27,376 MCT_Register INFO     MSG RECEIVED FROM DISPATCH: 1002
2018-03-15 21:11:27,383 MCT_Register INFO     PLAYER ID NOT REGISTERED: playerVirtual6
2018-03-15 21:11:27,389 MCT_Register INFO     playerVirtual6 register 1
2018-03-15 21:11:27,445 MCT_Register INFO     ------------------------------------------

2018-03-15 21:31:23,134 MCT_Register INFO     MSG RECEIVED FROM DISPATCH: 1002
2018-03-15 21:31:23,142 MCT_Register INFO     PLAYER ID NOT REGISTERED: playerVirtual7
2018-03-15 21:31:23,173 MCT_Register INFO     playerVirtual7 register 1
2018-03-15 21:31:23,229 MCT_Register INFO     ------------------------------------------

2018-03-15 21:34:40,113 MCT_Register INFO     MSG RECEIVED FROM DISPATCH: 1002
2018-03-15 21:34:40,119 MCT_Register INFO     PLAYER ID NOT REGISTERED: playerVirtual8
2018-03-15 21:34:40,126 MCT_Register INFO     playerVirtual8 register 1
2018-03-15 21:34:40,182 MCT_Register INFO     ------------------------------------------

2018-03-15 21:54:51,498 MCT_Register INFO     MSG RECEIVED FROM DISPATCH: 1002
2018-03-15 21:54:51,506 MCT_Register INFO     PLAYER ID NOT REGISTERED: playerVirtual9
2018-03-15 21:54:51,515 MCT_Register INFO     playerVirtual9 register 1
2018-03-15 21:54:51,568 MCT_Register INFO     ------------------------------------------

2018-03-16 07:48:51,207 MCT_Register INFO     ###### STOP MCT_REGISTER ######

