2018-03-04 10:27:16,491 MCT_Register INFO     ###### START MCT_REGISTER ######

2018-03-04 10:27:44,461 MCT_Register INFO     MSG RECEIVED FROM DISPATCH: 1002
2018-03-04 10:27:44,497 MCT_Register INFO     PLAYER ID NOT REGISTERED: playerVirtual1
2018-03-04 10:27:44,508 MCT_Register INFO     playerVirtual1 register 1
2018-03-04 10:27:44,568 MCT_Register INFO     ------------------------------------------

2018-03-04 10:27:44,729 MCT_Register INFO     MSG RECEIVED FROM DISPATCH: 1002
2018-03-04 10:27:44,735 MCT_Register INFO     PLAYER ID NOT REGISTERED: playerVirtual2
2018-03-04 10:27:44,741 MCT_Register INFO     playerVirtual2 register 1
2018-03-04 10:27:44,795 MCT_Register INFO     ------------------------------------------

2018-03-04 10:32:44,970 MCT_Register INFO     MSG RECEIVED FROM DISPATCH: 1002
2018-03-04 10:32:44,979 MCT_Register INFO     PLAYER ID NOT REGISTERED: playerVirtual3
2018-03-04 10:32:44,985 MCT_Register INFO     playerVirtual3 register 1
2018-03-04 10:32:45,033 MCT_Register INFO     ------------------------------------------

2018-03-04 10:37:44,972 MCT_Register INFO     MSG RECEIVED FROM DISPATCH: 1002
2018-03-04 10:37:44,981 MCT_Register INFO     PLAYER ID NOT REGISTERED: playerVirtual4
2018-03-04 10:37:45,058 MCT_Register INFO     playerVirtual4 register 1
2018-03-04 10:37:45,115 MCT_Register INFO     ------------------------------------------

2018-03-04 10:37:45,116 MCT_Register INFO     MSG RECEIVED FROM DISPATCH: 1002
2018-03-04 10:37:45,119 MCT_Register INFO     PLAYER ID NOT REGISTERED: playerVirtual0
2018-03-04 10:37:45,125 MCT_Register INFO     playerVirtual0 register 1
2018-03-04 10:37:45,175 MCT_Register INFO     ------------------------------------------

2018-03-04 10:42:42,506 MCT_Register INFO     MSG RECEIVED FROM DISPATCH: 1002
2018-03-04 10:42:42,511 MCT_Register INFO     PLAYER ID NOT REGISTERED: playerVirtual5
2018-03-04 10:42:42,520 MCT_Register INFO     playerVirtual5 register 1
2018-03-04 10:42:42,575 MCT_Register INFO     ------------------------------------------

2018-03-04 10:47:47,539 MCT_Register INFO     MSG RECEIVED FROM DISPATCH: 1002
2018-03-04 10:47:47,548 MCT_Register INFO     PLAYER ID NOT REGISTERED: playerVirtual6
2018-03-04 10:47:47,571 MCT_Register INFO     playerVirtual6 register 1
2018-03-04 10:47:47,631 MCT_Register INFO     ------------------------------------------

2018-03-04 10:49:59,293 MCT_Register INFO     MSG RECEIVED FROM DISPATCH: 1002
2018-03-04 10:49:59,302 MCT_Register INFO     PLAYER ID NOT REGISTERED: playerVirtual1146
2018-03-04 10:49:59,311 MCT_Register INFO     playerVirtual1146 register 1
2018-03-04 10:49:59,364 MCT_Register INFO     ------------------------------------------

2018-03-04 10:52:41,612 MCT_Register INFO     MSG RECEIVED FROM DISPATCH: 1002
2018-03-04 10:52:41,620 MCT_Register INFO     PLAYER ID NOT REGISTERED: playerVirtual7
2018-03-04 10:52:41,625 MCT_Register INFO     playerVirtual7 register 1
2018-03-04 10:52:41,673 MCT_Register INFO     ------------------------------------------

2018-03-04 10:57:43,355 MCT_Register INFO     MSG RECEIVED FROM DISPATCH: 1002
2018-03-04 10:57:43,363 MCT_Register INFO     PLAYER ID NOT REGISTERED: playerVirtual8
2018-03-04 10:57:43,369 MCT_Register INFO     playerVirtual8 register 1
2018-03-04 10:57:43,429 MCT_Register INFO     ------------------------------------------

2018-03-04 11:02:44,086 MCT_Register INFO     MSG RECEIVED FROM DISPATCH: 1002
2018-03-04 11:02:44,095 MCT_Register INFO     PLAYER ID NOT REGISTERED: playerVirtual9
2018-03-04 11:02:44,133 MCT_Register INFO     playerVirtual9 register 1
2018-03-04 11:02:44,188 MCT_Register INFO     ------------------------------------------

2018-03-04 11:02:44,280 MCT_Register INFO     MSG RECEIVED FROM DISPATCH: 1002
2018-03-04 11:02:44,290 MCT_Register INFO     PLAYER ID NOT REGISTERED: playerVirtual1130
2018-03-04 11:02:44,337 MCT_Register INFO     playerVirtual1130 register 1
2018-03-04 11:02:44,385 MCT_Register INFO     ------------------------------------------

2018-03-04 11:07:41,208 MCT_Register INFO     MSG RECEIVED FROM DISPATCH: 1002
2018-03-04 11:07:41,213 MCT_Register INFO     PLAYER ID NOT REGISTERED: playerVirtual10
2018-03-04 11:07:41,218 MCT_Register INFO     playerVirtual10 register 1
2018-03-04 11:07:41,276 MCT_Register INFO     ------------------------------------------

2018-03-04 11:12:46,803 MCT_Register INFO     MSG RECEIVED FROM DISPATCH: 1002
2018-03-04 11:12:46,811 MCT_Register INFO     PLAYER ID NOT REGISTERED: playerVirtual11
2018-03-04 11:12:46,849 MCT_Register INFO     playerVirtual11 register 1
2018-03-04 11:12:46,909 MCT_Register INFO     ------------------------------------------

2018-03-04 11:14:52,817 MCT_Register INFO     MSG RECEIVED FROM DISPATCH: 1002
2018-03-04 11:14:52,826 MCT_Register INFO     PLAYER ID NOT REGISTERED: playerVirtual1772
2018-03-04 11:14:52,832 MCT_Register INFO     playerVirtual1772 register 1
2018-03-04 11:14:52,882 MCT_Register INFO     ------------------------------------------

2018-03-04 11:17:48,031 MCT_Register INFO     MSG RECEIVED FROM DISPATCH: 1002
2018-03-04 11:17:48,042 MCT_Register INFO     PLAYER ID NOT REGISTERED: playerVirtual12
2018-03-04 11:17:48,051 MCT_Register INFO     playerVirtual12 register 1
2018-03-04 11:17:48,119 MCT_Register INFO     ------------------------------------------

2018-03-04 11:22:46,424 MCT_Register INFO     MSG RECEIVED FROM DISPATCH: 1002
2018-03-04 11:22:46,432 MCT_Register INFO     PLAYER ID NOT REGISTERED: playerVirtual13
2018-03-04 11:22:46,439 MCT_Register INFO     playerVirtual13 register 1
2018-03-04 11:22:46,500 MCT_Register INFO     ------------------------------------------

2018-03-04 11:25:47,073 MCT_Register INFO     MSG RECEIVED FROM DISPATCH: 1002
2018-03-04 11:25:47,079 MCT_Register INFO     PLAYER ID NOT REGISTERED: playerVirtual1450
2018-03-04 11:25:47,084 MCT_Register INFO     playerVirtual1450 register 1
2018-03-04 11:25:47,132 MCT_Register INFO     ------------------------------------------

2018-03-04 11:27:45,699 MCT_Register INFO     MSG RECEIVED FROM DISPATCH: 1002
2018-03-04 11:27:45,706 MCT_Register INFO     PLAYER ID NOT REGISTERED: playerVirtual14
2018-03-04 11:27:45,713 MCT_Register INFO     playerVirtual14 register 1
2018-03-04 11:27:45,770 MCT_Register INFO     ------------------------------------------

2018-03-04 11:32:47,882 MCT_Register INFO     MSG RECEIVED FROM DISPATCH: 1002
2018-03-04 11:32:47,890 MCT_Register INFO     PLAYER ID NOT REGISTERED: playerVirtual15
2018-03-04 11:32:47,926 MCT_Register INFO     playerVirtual15 register 1
2018-03-04 11:32:47,977 MCT_Register INFO     ------------------------------------------

2018-03-04 11:37:45,925 MCT_Register INFO     MSG RECEIVED FROM DISPATCH: 1002
2018-03-04 11:37:45,934 MCT_Register INFO     PLAYER ID NOT REGISTERED: playerVirtual16
2018-03-04 11:37:45,939 MCT_Register INFO     playerVirtual16 register 1
2018-03-04 11:37:45,994 MCT_Register INFO     ------------------------------------------

2018-03-04 11:39:28,083 MCT_Register INFO     MSG RECEIVED FROM DISPATCH: 1002
2018-03-04 11:39:28,093 MCT_Register INFO     PLAYER ID NOT REGISTERED: playerVirtual1656
2018-03-04 11:39:28,174 MCT_Register INFO     playerVirtual1656 register 1
2018-03-04 11:39:28,231 MCT_Register INFO     ------------------------------------------

2018-03-04 11:42:47,226 MCT_Register INFO     MSG RECEIVED FROM DISPATCH: 1002
2018-03-04 11:42:47,238 MCT_Register INFO     PLAYER ID NOT REGISTERED: playerVirtual17
2018-03-04 11:42:47,246 MCT_Register INFO     playerVirtual17 register 1
2018-03-04 11:42:47,299 MCT_Register INFO     ------------------------------------------

2018-03-04 11:47:46,447 MCT_Register INFO     MSG RECEIVED FROM DISPATCH: 1002
2018-03-04 11:47:46,458 MCT_Register INFO     PLAYER ID NOT REGISTERED: playerVirtual18
2018-03-04 11:47:46,515 MCT_Register INFO     playerVirtual18 register 1
2018-03-04 11:47:46,569 MCT_Register INFO     ------------------------------------------

2018-03-04 11:52:48,794 MCT_Register INFO     MSG RECEIVED FROM DISPATCH: 1002
2018-03-04 11:52:48,803 MCT_Register INFO     PLAYER ID NOT REGISTERED: playerVirtual19
2018-03-04 11:52:48,844 MCT_Register INFO     playerVirtual19 register 1
2018-03-04 11:52:48,895 MCT_Register INFO     ------------------------------------------

2018-03-04 12:01:57,610 MCT_Register INFO     MSG RECEIVED FROM DISPATCH: 1002
2018-03-04 12:01:57,621 MCT_Register INFO     PLAYER ID NOT REGISTERED: playerVirtual1068
2018-03-04 12:01:57,631 MCT_Register INFO     playerVirtual1068 register 1
2018-03-04 12:01:57,685 MCT_Register INFO     ------------------------------------------

2018-03-04 13:27:23,424 MCT_Register INFO     MSG RECEIVED FROM DISPATCH: 1002
2018-03-04 13:27:23,439 MCT_Register INFO     PLAYER ID NOT REGISTERED: playerVirtual1529
2018-03-04 13:27:23,445 MCT_Register INFO     playerVirtual1529 register 1
2018-03-04 13:27:23,489 MCT_Register INFO     ------------------------------------------

2018-03-04 14:02:53,707 MCT_Register INFO     MSG RECEIVED FROM DISPATCH: 1002
2018-03-04 14:02:53,717 MCT_Register INFO     PLAYER ID NOT REGISTERED: playerVirtual1687
2018-03-04 14:02:53,834 MCT_Register INFO     playerVirtual1687 register 1
2018-03-04 14:02:53,890 MCT_Register INFO     ------------------------------------------

2018-03-04 14:41:49,635 MCT_Register INFO     MSG RECEIVED FROM DISPATCH: 1002
2018-03-04 14:41:49,645 MCT_Register INFO     PLAYER ID NOT REGISTERED: playerVirtual1800
2018-03-04 14:41:49,653 MCT_Register INFO     playerVirtual1800 register 1
2018-03-04 14:41:49,700 MCT_Register INFO     ------------------------------------------

2018-03-04 14:43:20,490 MCT_Register INFO     ###### STOP MCT_REGISTER ######

