2018-04-15 15:34:32,178 MCT_Register INFO     ###### START MCT_REGISTER ######

2018-04-15 15:34:47,397 MCT_Register INFO     MSG RECEIVED FROM DISPATCH: 1002
2018-04-15 15:34:47,439 MCT_Register INFO     PLAYER ID NOT REGISTERED: playerVirtual1
2018-04-15 15:34:47,454 MCT_Register INFO     playerVirtual1 register 1
2018-04-15 15:34:47,517 MCT_Register INFO     ------------------------------------------

2018-04-15 15:34:47,535 MCT_Register INFO     MSG RECEIVED FROM DISPATCH: 1002
2018-04-15 15:34:47,546 MCT_Register INFO     PLAYER ID NOT REGISTERED: playerVirtual4
2018-04-15 15:34:47,568 MCT_Register INFO     playerVirtual4 register 1
2018-04-15 15:34:47,616 MCT_Register INFO     ------------------------------------------

2018-04-15 15:34:47,731 MCT_Register INFO     MSG RECEIVED FROM DISPATCH: 1002
2018-04-15 15:34:47,737 MCT_Register INFO     PLAYER ID NOT REGISTERED: playerVirtual8
2018-04-15 15:34:47,812 MCT_Register INFO     playerVirtual8 register 1
2018-04-15 15:34:47,863 MCT_Register INFO     ------------------------------------------

2018-04-15 15:34:47,864 MCT_Register INFO     MSG RECEIVED FROM DISPATCH: 1002
2018-04-15 15:34:47,871 MCT_Register INFO     PLAYER ID NOT REGISTERED: playerVirtual2
2018-04-15 15:34:47,878 MCT_Register INFO     playerVirtual2 register 1
2018-04-15 15:34:47,929 MCT_Register INFO     ------------------------------------------

2018-04-15 15:34:48,072 MCT_Register INFO     MSG RECEIVED FROM DISPATCH: 1002
2018-04-15 15:34:48,080 MCT_Register INFO     PLAYER ID NOT REGISTERED: playerVirtual6
2018-04-15 15:34:48,135 MCT_Register INFO     playerVirtual6 register 1
2018-04-15 15:34:48,180 MCT_Register INFO     ------------------------------------------

2018-04-15 15:34:48,359 MCT_Register INFO     MSG RECEIVED FROM DISPATCH: 1002
2018-04-15 15:34:48,369 MCT_Register INFO     PLAYER ID NOT REGISTERED: playerVirtual5
2018-04-15 15:34:48,376 MCT_Register INFO     playerVirtual5 register 1
2018-04-15 15:34:48,423 MCT_Register INFO     ------------------------------------------

2018-04-15 15:34:48,534 MCT_Register INFO     MSG RECEIVED FROM DISPATCH: 1002
2018-04-15 15:34:48,542 MCT_Register INFO     PLAYER ID NOT REGISTERED: playerVirtual3
2018-04-15 15:34:48,603 MCT_Register INFO     playerVirtual3 register 1
2018-04-15 15:34:48,663 MCT_Register INFO     ------------------------------------------

2018-04-15 15:34:48,738 MCT_Register INFO     MSG RECEIVED FROM DISPATCH: 1002
2018-04-15 15:34:48,752 MCT_Register INFO     PLAYER ID NOT REGISTERED: playerVirtual9
2018-04-15 15:34:48,757 MCT_Register INFO     playerVirtual9 register 1
2018-04-15 15:34:48,801 MCT_Register INFO     ------------------------------------------

2018-04-15 15:34:48,893 MCT_Register INFO     MSG RECEIVED FROM DISPATCH: 1002
2018-04-15 15:34:48,897 MCT_Register INFO     PLAYER ID NOT REGISTERED: playerVirtual7
2018-04-15 15:34:48,950 MCT_Register INFO     playerVirtual7 register 1
2018-04-15 15:34:49,000 MCT_Register INFO     ------------------------------------------

2018-04-15 15:34:49,002 MCT_Register INFO     MSG RECEIVED FROM DISPATCH: 1002
2018-04-15 15:34:49,007 MCT_Register INFO     PLAYER ID NOT REGISTERED: playerVirtual0
2018-04-15 15:34:49,020 MCT_Register INFO     playerVirtual0 register 1
2018-04-15 15:34:49,076 MCT_Register INFO     ------------------------------------------

2018-04-15 15:39:52,823 MCT_Register INFO     MSG RECEIVED FROM DISPATCH: 1002
2018-04-15 15:39:52,835 MCT_Register INFO     PLAYER ID NOT REGISTERED: playerVirtual10
2018-04-15 15:39:52,844 MCT_Register INFO     playerVirtual10 register 1
2018-04-15 15:39:52,906 MCT_Register INFO     ------------------------------------------

2018-04-15 15:44:57,599 MCT_Register INFO     MSG RECEIVED FROM DISPATCH: 1002
2018-04-15 15:44:57,606 MCT_Register INFO     PLAYER ID NOT REGISTERED: playerVirtual11
2018-04-15 15:44:57,615 MCT_Register INFO     playerVirtual11 register 1
2018-04-15 15:44:57,670 MCT_Register INFO     ------------------------------------------

2018-04-15 15:49:57,083 MCT_Register INFO     MSG RECEIVED FROM DISPATCH: 1002
2018-04-15 15:49:57,093 MCT_Register INFO     PLAYER ID NOT REGISTERED: playerVirtual12
2018-04-15 15:49:57,216 MCT_Register INFO     playerVirtual12 register 1
2018-04-15 15:49:57,271 MCT_Register INFO     ------------------------------------------

2018-04-15 15:54:56,488 MCT_Register INFO     MSG RECEIVED FROM DISPATCH: 1002
2018-04-15 15:54:56,498 MCT_Register INFO     PLAYER ID NOT REGISTERED: playerVirtual13
2018-04-15 15:54:56,506 MCT_Register INFO     playerVirtual13 register 1
2018-04-15 15:54:56,554 MCT_Register INFO     ------------------------------------------

2018-04-15 15:59:51,321 MCT_Register INFO     MSG RECEIVED FROM DISPATCH: 1002
2018-04-15 15:59:51,329 MCT_Register INFO     PLAYER ID NOT REGISTERED: playerVirtual14
2018-04-15 15:59:51,337 MCT_Register INFO     playerVirtual14 register 1
2018-04-15 15:59:51,387 MCT_Register INFO     ------------------------------------------

2018-04-15 16:04:58,903 MCT_Register INFO     MSG RECEIVED FROM DISPATCH: 1002
2018-04-15 16:04:58,914 MCT_Register INFO     PLAYER ID NOT REGISTERED: playerVirtual15
2018-04-15 16:04:58,923 MCT_Register INFO     playerVirtual15 register 1
2018-04-15 16:04:58,981 MCT_Register INFO     ------------------------------------------

2018-04-15 16:09:56,331 MCT_Register INFO     MSG RECEIVED FROM DISPATCH: 1002
2018-04-15 16:09:56,337 MCT_Register INFO     PLAYER ID NOT REGISTERED: playerVirtual16
2018-04-15 16:09:56,382 MCT_Register INFO     playerVirtual16 register 1
2018-04-15 16:09:56,431 MCT_Register INFO     ------------------------------------------

2018-04-15 16:14:54,168 MCT_Register INFO     MSG RECEIVED FROM DISPATCH: 1002
2018-04-15 16:14:54,176 MCT_Register INFO     PLAYER ID NOT REGISTERED: playerVirtual17
2018-04-15 16:14:54,186 MCT_Register INFO     playerVirtual17 register 1
2018-04-15 16:14:54,239 MCT_Register INFO     ------------------------------------------

2018-04-15 16:19:52,383 MCT_Register INFO     MSG RECEIVED FROM DISPATCH: 1002
2018-04-15 16:19:52,389 MCT_Register INFO     PLAYER ID NOT REGISTERED: playerVirtual18
2018-04-15 16:19:52,394 MCT_Register INFO     playerVirtual18 register 1
2018-04-15 16:19:52,450 MCT_Register INFO     ------------------------------------------

2018-04-15 16:24:55,926 MCT_Register INFO     MSG RECEIVED FROM DISPATCH: 1002
2018-04-15 16:24:55,933 MCT_Register INFO     PLAYER ID NOT REGISTERED: playerVirtual19
2018-04-15 16:24:56,152 MCT_Register INFO     playerVirtual19 register 1
2018-04-15 16:24:56,206 MCT_Register INFO     ------------------------------------------

2018-04-15 16:29:56,451 MCT_Register INFO     MSG RECEIVED FROM DISPATCH: 1002
2018-04-15 16:29:56,457 MCT_Register INFO     PLAYER ID NOT REGISTERED: playerVirtual20
2018-04-15 16:29:56,463 MCT_Register INFO     playerVirtual20 register 1
2018-04-15 16:29:56,520 MCT_Register INFO     ------------------------------------------

2018-04-15 16:34:59,978 MCT_Register INFO     MSG RECEIVED FROM DISPATCH: 1002
2018-04-15 16:34:59,986 MCT_Register INFO     PLAYER ID NOT REGISTERED: playerVirtual21
2018-04-15 16:35:00,019 MCT_Register INFO     playerVirtual21 register 1
2018-04-15 16:35:00,070 MCT_Register INFO     ------------------------------------------

2018-04-15 16:39:58,059 MCT_Register INFO     MSG RECEIVED FROM DISPATCH: 1002
2018-04-15 16:39:58,068 MCT_Register INFO     PLAYER ID NOT REGISTERED: playerVirtual22
2018-04-15 16:39:58,075 MCT_Register INFO     playerVirtual22 register 1
2018-04-15 16:39:58,124 MCT_Register INFO     ------------------------------------------

2018-04-15 16:44:52,151 MCT_Register INFO     MSG RECEIVED FROM DISPATCH: 1002
2018-04-15 16:44:52,157 MCT_Register INFO     PLAYER ID NOT REGISTERED: playerVirtual23
2018-04-15 16:44:52,162 MCT_Register INFO     playerVirtual23 register 1
2018-04-15 16:44:52,208 MCT_Register INFO     ------------------------------------------

2018-04-15 16:49:57,532 MCT_Register INFO     MSG RECEIVED FROM DISPATCH: 1002
2018-04-15 16:49:57,544 MCT_Register INFO     PLAYER ID NOT REGISTERED: playerVirtual24
2018-04-15 16:49:57,549 MCT_Register INFO     playerVirtual24 register 1
2018-04-15 16:49:57,599 MCT_Register INFO     ------------------------------------------

2018-04-15 16:54:59,590 MCT_Register INFO     MSG RECEIVED FROM DISPATCH: 1002
2018-04-15 16:54:59,599 MCT_Register INFO     PLAYER ID NOT REGISTERED: playerVirtual25
2018-04-15 16:54:59,605 MCT_Register INFO     playerVirtual25 register 1
2018-04-15 16:54:59,657 MCT_Register INFO     ------------------------------------------

2018-04-15 16:59:51,580 MCT_Register INFO     MSG RECEIVED FROM DISPATCH: 1002
2018-04-15 16:59:51,587 MCT_Register INFO     PLAYER ID NOT REGISTERED: playerVirtual26
2018-04-15 16:59:51,594 MCT_Register INFO     playerVirtual26 register 1
2018-04-15 16:59:51,650 MCT_Register INFO     ------------------------------------------

2018-04-15 17:04:55,148 MCT_Register INFO     MSG RECEIVED FROM DISPATCH: 1002
2018-04-15 17:04:55,154 MCT_Register INFO     PLAYER ID NOT REGISTERED: playerVirtual27
2018-04-15 17:04:55,204 MCT_Register INFO     playerVirtual27 register 1
2018-04-15 17:04:55,254 MCT_Register INFO     ------------------------------------------

2018-04-15 17:09:52,921 MCT_Register INFO     MSG RECEIVED FROM DISPATCH: 1002
2018-04-15 17:09:52,931 MCT_Register INFO     PLAYER ID NOT REGISTERED: playerVirtual28
2018-04-15 17:09:52,939 MCT_Register INFO     playerVirtual28 register 1
2018-04-15 17:09:52,986 MCT_Register INFO     ------------------------------------------

2018-04-15 17:14:54,478 MCT_Register INFO     MSG RECEIVED FROM DISPATCH: 1002
2018-04-15 17:14:54,487 MCT_Register INFO     PLAYER ID NOT REGISTERED: playerVirtual29
2018-04-15 17:14:54,491 MCT_Register INFO     playerVirtual29 register 1
2018-04-15 17:14:54,549 MCT_Register INFO     ------------------------------------------

2018-04-15 17:19:56,741 MCT_Register INFO     MSG RECEIVED FROM DISPATCH: 1002
2018-04-15 17:19:56,747 MCT_Register INFO     PLAYER ID NOT REGISTERED: playerVirtual30
2018-04-15 17:19:56,755 MCT_Register INFO     playerVirtual30 register 1
2018-04-15 17:19:56,807 MCT_Register INFO     ------------------------------------------

2018-04-15 17:24:51,784 MCT_Register INFO     MSG RECEIVED FROM DISPATCH: 1002
2018-04-15 17:24:51,788 MCT_Register INFO     PLAYER ID NOT REGISTERED: playerVirtual31
2018-04-15 17:24:51,792 MCT_Register INFO     playerVirtual31 register 1
2018-04-15 17:24:51,850 MCT_Register INFO     ------------------------------------------

2018-04-15 17:29:58,024 MCT_Register INFO     MSG RECEIVED FROM DISPATCH: 1002
2018-04-15 17:29:58,034 MCT_Register INFO     PLAYER ID NOT REGISTERED: playerVirtual32
2018-04-15 17:29:58,041 MCT_Register INFO     playerVirtual32 register 1
2018-04-15 17:29:58,106 MCT_Register INFO     ------------------------------------------

2018-04-15 17:34:58,766 MCT_Register INFO     MSG RECEIVED FROM DISPATCH: 1002
2018-04-15 17:34:58,770 MCT_Register INFO     PLAYER ID NOT REGISTERED: playerVirtual33
2018-04-15 17:34:58,805 MCT_Register INFO     playerVirtual33 register 1
2018-04-15 17:34:58,851 MCT_Register INFO     ------------------------------------------

2018-04-15 17:40:00,221 MCT_Register INFO     MSG RECEIVED FROM DISPATCH: 1002
2018-04-15 17:40:00,229 MCT_Register INFO     PLAYER ID NOT REGISTERED: playerVirtual34
2018-04-15 17:40:00,238 MCT_Register INFO     playerVirtual34 register 1
2018-04-15 17:40:00,286 MCT_Register INFO     ------------------------------------------

2018-04-15 17:44:58,397 MCT_Register INFO     MSG RECEIVED FROM DISPATCH: 1002
2018-04-15 17:44:58,404 MCT_Register INFO     PLAYER ID NOT REGISTERED: playerVirtual35
2018-04-15 17:44:58,411 MCT_Register INFO     playerVirtual35 register 1
2018-04-15 17:44:58,458 MCT_Register INFO     ------------------------------------------

2018-04-15 17:49:58,100 MCT_Register INFO     MSG RECEIVED FROM DISPATCH: 1002
2018-04-15 17:49:58,107 MCT_Register INFO     PLAYER ID NOT REGISTERED: playerVirtual36
2018-04-15 17:49:58,115 MCT_Register INFO     playerVirtual36 register 1
2018-04-15 17:49:58,181 MCT_Register INFO     ------------------------------------------

2018-04-15 17:55:00,671 MCT_Register INFO     MSG RECEIVED FROM DISPATCH: 1002
2018-04-15 17:55:00,677 MCT_Register INFO     PLAYER ID NOT REGISTERED: playerVirtual37
2018-04-15 17:55:00,681 MCT_Register INFO     playerVirtual37 register 1
2018-04-15 17:55:00,732 MCT_Register INFO     ------------------------------------------

2018-04-15 17:59:55,968 MCT_Register INFO     MSG RECEIVED FROM DISPATCH: 1002
2018-04-15 17:59:55,977 MCT_Register INFO     PLAYER ID NOT REGISTERED: playerVirtual38
2018-04-15 17:59:55,983 MCT_Register INFO     playerVirtual38 register 1
2018-04-15 17:59:56,035 MCT_Register INFO     ------------------------------------------

2018-04-15 18:04:59,862 MCT_Register INFO     MSG RECEIVED FROM DISPATCH: 1002
2018-04-15 18:04:59,871 MCT_Register INFO     PLAYER ID NOT REGISTERED: playerVirtual39
2018-04-15 18:04:59,899 MCT_Register INFO     playerVirtual39 register 1
2018-04-15 18:04:59,957 MCT_Register INFO     ------------------------------------------

2018-04-15 18:09:56,848 MCT_Register INFO     MSG RECEIVED FROM DISPATCH: 1002
2018-04-15 18:09:56,852 MCT_Register INFO     PLAYER ID NOT REGISTERED: playerVirtual40
2018-04-15 18:09:56,903 MCT_Register INFO     playerVirtual40 register 1
2018-04-15 18:09:56,954 MCT_Register INFO     ------------------------------------------

2018-04-15 18:14:56,026 MCT_Register INFO     MSG RECEIVED FROM DISPATCH: 1002
2018-04-15 18:14:56,033 MCT_Register INFO     PLAYER ID NOT REGISTERED: playerVirtual41
2018-04-15 18:14:56,037 MCT_Register INFO     playerVirtual41 register 1
2018-04-15 18:14:56,091 MCT_Register INFO     ------------------------------------------

2018-04-15 18:19:55,728 MCT_Register INFO     MSG RECEIVED FROM DISPATCH: 1002
2018-04-15 18:19:55,735 MCT_Register INFO     PLAYER ID NOT REGISTERED: playerVirtual42
2018-04-15 18:19:55,739 MCT_Register INFO     playerVirtual42 register 1
2018-04-15 18:19:55,787 MCT_Register INFO     ------------------------------------------

2018-04-15 18:24:54,319 MCT_Register INFO     MSG RECEIVED FROM DISPATCH: 1002
2018-04-15 18:24:54,324 MCT_Register INFO     PLAYER ID NOT REGISTERED: playerVirtual43
2018-04-15 18:24:54,346 MCT_Register INFO     playerVirtual43 register 1
2018-04-15 18:24:54,396 MCT_Register INFO     ------------------------------------------

2018-04-15 18:29:56,259 MCT_Register INFO     MSG RECEIVED FROM DISPATCH: 1002
2018-04-15 18:29:56,266 MCT_Register INFO     PLAYER ID NOT REGISTERED: playerVirtual44
2018-04-15 18:29:56,272 MCT_Register INFO     playerVirtual44 register 1
2018-04-15 18:29:56,322 MCT_Register INFO     ------------------------------------------

2018-04-15 18:34:57,245 MCT_Register INFO     MSG RECEIVED FROM DISPATCH: 1002
2018-04-15 18:34:57,259 MCT_Register INFO     PLAYER ID NOT REGISTERED: playerVirtual45
2018-04-15 18:34:57,264 MCT_Register INFO     playerVirtual45 register 1
2018-04-15 18:34:57,314 MCT_Register INFO     ------------------------------------------

2018-04-15 18:39:57,488 MCT_Register INFO     MSG RECEIVED FROM DISPATCH: 1002
2018-04-15 18:39:57,494 MCT_Register INFO     PLAYER ID NOT REGISTERED: playerVirtual46
2018-04-15 18:39:57,500 MCT_Register INFO     playerVirtual46 register 1
2018-04-15 18:39:57,548 MCT_Register INFO     ------------------------------------------

2018-04-15 18:44:54,740 MCT_Register INFO     MSG RECEIVED FROM DISPATCH: 1002
2018-04-15 18:44:54,749 MCT_Register INFO     PLAYER ID NOT REGISTERED: playerVirtual47
2018-04-15 18:44:54,812 MCT_Register INFO     playerVirtual47 register 1
2018-04-15 18:44:54,867 MCT_Register INFO     ------------------------------------------

2018-04-15 18:49:56,459 MCT_Register INFO     MSG RECEIVED FROM DISPATCH: 1002
2018-04-15 18:49:56,466 MCT_Register INFO     PLAYER ID NOT REGISTERED: playerVirtual48
2018-04-15 18:49:56,497 MCT_Register INFO     playerVirtual48 register 1
2018-04-15 18:49:56,553 MCT_Register INFO     ------------------------------------------

2018-04-15 18:54:54,632 MCT_Register INFO     MSG RECEIVED FROM DISPATCH: 1002
2018-04-15 18:54:54,636 MCT_Register INFO     PLAYER ID NOT REGISTERED: playerVirtual49
2018-04-15 18:54:54,671 MCT_Register INFO     playerVirtual49 register 1
2018-04-15 18:54:54,715 MCT_Register INFO     ------------------------------------------

2018-04-15 18:59:56,798 MCT_Register INFO     MSG RECEIVED FROM DISPATCH: 1002
2018-04-15 18:59:56,804 MCT_Register INFO     PLAYER ID NOT REGISTERED: playerVirtual50
2018-04-15 18:59:56,810 MCT_Register INFO     playerVirtual50 register 1
2018-04-15 18:59:56,860 MCT_Register INFO     ------------------------------------------

2018-04-15 19:04:57,240 MCT_Register INFO     MSG RECEIVED FROM DISPATCH: 1002
2018-04-15 19:04:57,244 MCT_Register INFO     PLAYER ID NOT REGISTERED: playerVirtual51
2018-04-15 19:04:57,249 MCT_Register INFO     playerVirtual51 register 1
2018-04-15 19:04:57,299 MCT_Register INFO     ------------------------------------------

2018-04-15 19:09:55,865 MCT_Register INFO     MSG RECEIVED FROM DISPATCH: 1002
2018-04-15 19:09:55,872 MCT_Register INFO     PLAYER ID NOT REGISTERED: playerVirtual52
2018-04-15 19:09:55,880 MCT_Register INFO     playerVirtual52 register 1
2018-04-15 19:09:55,924 MCT_Register INFO     ------------------------------------------

2018-04-15 19:14:55,903 MCT_Register INFO     MSG RECEIVED FROM DISPATCH: 1002
2018-04-15 19:14:55,909 MCT_Register INFO     PLAYER ID NOT REGISTERED: playerVirtual53
2018-04-15 19:14:55,917 MCT_Register INFO     playerVirtual53 register 1
2018-04-15 19:14:55,974 MCT_Register INFO     ------------------------------------------

2018-04-15 19:19:58,123 MCT_Register INFO     MSG RECEIVED FROM DISPATCH: 1002
2018-04-15 19:19:58,130 MCT_Register INFO     PLAYER ID NOT REGISTERED: playerVirtual54
2018-04-15 19:19:58,141 MCT_Register INFO     playerVirtual54 register 1
2018-04-15 19:19:58,189 MCT_Register INFO     ------------------------------------------

2018-04-15 19:24:53,556 MCT_Register INFO     MSG RECEIVED FROM DISPATCH: 1002
2018-04-15 19:24:53,562 MCT_Register INFO     PLAYER ID NOT REGISTERED: playerVirtual55
2018-04-15 19:24:53,589 MCT_Register INFO     playerVirtual55 register 1
2018-04-15 19:24:53,644 MCT_Register INFO     ------------------------------------------

2018-04-15 19:29:59,804 MCT_Register INFO     MSG RECEIVED FROM DISPATCH: 1002
2018-04-15 19:29:59,810 MCT_Register INFO     PLAYER ID NOT REGISTERED: playerVirtual56
2018-04-15 19:29:59,868 MCT_Register INFO     playerVirtual56 register 1
2018-04-15 19:29:59,918 MCT_Register INFO     ------------------------------------------

2018-04-15 19:35:00,057 MCT_Register INFO     MSG RECEIVED FROM DISPATCH: 1002
2018-04-15 19:35:00,064 MCT_Register INFO     PLAYER ID NOT REGISTERED: playerVirtual57
2018-04-15 19:35:00,070 MCT_Register INFO     playerVirtual57 register 1
2018-04-15 19:35:00,126 MCT_Register INFO     ------------------------------------------

2018-04-15 19:39:58,318 MCT_Register INFO     MSG RECEIVED FROM DISPATCH: 1002
2018-04-15 19:39:58,324 MCT_Register INFO     PLAYER ID NOT REGISTERED: playerVirtual58
2018-04-15 19:39:58,352 MCT_Register INFO     playerVirtual58 register 1
2018-04-15 19:39:58,403 MCT_Register INFO     ------------------------------------------

2018-04-15 19:44:57,286 MCT_Register INFO     MSG RECEIVED FROM DISPATCH: 1002
2018-04-15 19:44:57,289 MCT_Register INFO     PLAYER ID NOT REGISTERED: playerVirtual59
2018-04-15 19:44:57,346 MCT_Register INFO     playerVirtual59 register 1
2018-04-15 19:44:57,396 MCT_Register INFO     ------------------------------------------

2018-04-15 19:49:55,660 MCT_Register INFO     MSG RECEIVED FROM DISPATCH: 1002
2018-04-15 19:49:55,670 MCT_Register INFO     PLAYER ID NOT REGISTERED: playerVirtual60
2018-04-15 19:49:55,677 MCT_Register INFO     playerVirtual60 register 1
2018-04-15 19:49:55,727 MCT_Register INFO     ------------------------------------------

2018-04-15 19:54:57,429 MCT_Register INFO     MSG RECEIVED FROM DISPATCH: 1002
2018-04-15 19:54:57,436 MCT_Register INFO     PLAYER ID NOT REGISTERED: playerVirtual61
2018-04-15 19:54:57,493 MCT_Register INFO     playerVirtual61 register 1
2018-04-15 19:54:57,538 MCT_Register INFO     ------------------------------------------

2018-04-15 19:59:59,371 MCT_Register INFO     MSG RECEIVED FROM DISPATCH: 1002
2018-04-15 19:59:59,377 MCT_Register INFO     PLAYER ID NOT REGISTERED: playerVirtual62
2018-04-15 19:59:59,385 MCT_Register INFO     playerVirtual62 register 1
2018-04-15 19:59:59,444 MCT_Register INFO     ------------------------------------------

2018-04-15 20:04:54,647 MCT_Register INFO     MSG RECEIVED FROM DISPATCH: 1002
2018-04-15 20:04:54,651 MCT_Register INFO     PLAYER ID NOT REGISTERED: playerVirtual63
2018-04-15 20:04:54,699 MCT_Register INFO     playerVirtual63 register 1
2018-04-15 20:04:54,754 MCT_Register INFO     ------------------------------------------

2018-04-15 20:10:00,514 MCT_Register INFO     MSG RECEIVED FROM DISPATCH: 1002
2018-04-15 20:10:00,520 MCT_Register INFO     PLAYER ID NOT REGISTERED: playerVirtual64
2018-04-15 20:10:00,596 MCT_Register INFO     playerVirtual64 register 1
2018-04-15 20:10:00,646 MCT_Register INFO     ------------------------------------------

2018-04-15 20:14:55,236 MCT_Register INFO     MSG RECEIVED FROM DISPATCH: 1002
2018-04-15 20:14:55,241 MCT_Register INFO     PLAYER ID NOT REGISTERED: playerVirtual65
2018-04-15 20:14:55,300 MCT_Register INFO     playerVirtual65 register 1
2018-04-15 20:14:55,354 MCT_Register INFO     ------------------------------------------

2018-04-15 20:19:58,409 MCT_Register INFO     MSG RECEIVED FROM DISPATCH: 1002
2018-04-15 20:19:58,417 MCT_Register INFO     PLAYER ID NOT REGISTERED: playerVirtual66
2018-04-15 20:19:58,505 MCT_Register INFO     playerVirtual66 register 1
2018-04-15 20:19:58,557 MCT_Register INFO     ------------------------------------------

2018-04-15 20:24:59,029 MCT_Register INFO     MSG RECEIVED FROM DISPATCH: 1002
2018-04-15 20:24:59,035 MCT_Register INFO     PLAYER ID NOT REGISTERED: playerVirtual67
2018-04-15 20:24:59,056 MCT_Register INFO     playerVirtual67 register 1
2018-04-15 20:24:59,113 MCT_Register INFO     ------------------------------------------

2018-04-15 20:30:02,792 MCT_Register INFO     MSG RECEIVED FROM DISPATCH: 1002
2018-04-15 20:30:02,799 MCT_Register INFO     PLAYER ID NOT REGISTERED: playerVirtual68
2018-04-15 20:30:02,844 MCT_Register INFO     playerVirtual68 register 1
2018-04-15 20:30:02,899 MCT_Register INFO     ------------------------------------------

2018-04-15 20:35:00,591 MCT_Register INFO     MSG RECEIVED FROM DISPATCH: 1002
2018-04-15 20:35:00,597 MCT_Register INFO     PLAYER ID NOT REGISTERED: playerVirtual69
2018-04-15 20:35:00,606 MCT_Register INFO     playerVirtual69 register 1
2018-04-15 20:35:00,659 MCT_Register INFO     ------------------------------------------

2018-04-15 20:39:58,895 MCT_Register INFO     MSG RECEIVED FROM DISPATCH: 1002
2018-04-15 20:39:58,901 MCT_Register INFO     PLAYER ID NOT REGISTERED: playerVirtual70
2018-04-15 20:39:59,005 MCT_Register INFO     playerVirtual70 register 1
2018-04-15 20:39:59,055 MCT_Register INFO     ------------------------------------------

2018-04-15 20:43:43,726 MCT_Register INFO     ###### STOP MCT_REGISTER ######

