2018-04-13 15:52:13,954 MCT_Register INFO     ###### START MCT_REGISTER ######

2018-04-13 15:52:55,790 MCT_Register INFO     MSG RECEIVED FROM DISPATCH: 1002
2018-04-13 15:52:55,830 MCT_Register INFO     PLAYER ID NOT REGISTERED: playerVirtual1
2018-04-13 15:52:55,843 MCT_Register INFO     playerVirtual1 register 1
2018-04-13 15:52:55,887 MCT_Register INFO     ------------------------------------------

2018-04-13 15:52:56,046 MCT_Register INFO     MSG RECEIVED FROM DISPATCH: 1002
2018-04-13 15:52:56,052 MCT_Register INFO     PLAYER ID NOT REGISTERED: playerVirtual4
2018-04-13 15:52:56,099 MCT_Register INFO     playerVirtual4 register 1
2018-04-13 15:52:56,173 MCT_Register INFO     ------------------------------------------

2018-04-13 15:52:56,174 MCT_Register INFO     MSG RECEIVED FROM DISPATCH: 1002
2018-04-13 15:52:56,184 MCT_Register INFO     PLAYER ID NOT REGISTERED: playerVirtual8
2018-04-13 15:52:56,221 MCT_Register INFO     playerVirtual8 register 1
2018-04-13 15:52:56,281 MCT_Register INFO     ------------------------------------------

2018-04-13 15:52:56,423 MCT_Register INFO     MSG RECEIVED FROM DISPATCH: 1002
2018-04-13 15:52:56,427 MCT_Register INFO     PLAYER ID NOT REGISTERED: playerVirtual2
2018-04-13 15:52:56,437 MCT_Register INFO     playerVirtual2 register 1
2018-04-13 15:52:56,490 MCT_Register INFO     ------------------------------------------

2018-04-13 15:52:56,579 MCT_Register INFO     MSG RECEIVED FROM DISPATCH: 1002
2018-04-13 15:52:56,586 MCT_Register INFO     PLAYER ID NOT REGISTERED: playerVirtual3
2018-04-13 15:52:56,627 MCT_Register INFO     playerVirtual3 register 1
2018-04-13 15:52:56,680 MCT_Register INFO     ------------------------------------------

2018-04-13 15:52:56,850 MCT_Register INFO     MSG RECEIVED FROM DISPATCH: 1002
2018-04-13 15:52:56,857 MCT_Register INFO     PLAYER ID NOT REGISTERED: playerVirtual6
2018-04-13 15:52:56,863 MCT_Register INFO     playerVirtual6 register 1
2018-04-13 15:52:56,923 MCT_Register INFO     ------------------------------------------

2018-04-13 15:52:57,020 MCT_Register INFO     MSG RECEIVED FROM DISPATCH: 1002
2018-04-13 15:52:57,032 MCT_Register INFO     PLAYER ID NOT REGISTERED: playerVirtual5
2018-04-13 15:52:57,081 MCT_Register INFO     playerVirtual5 register 1
2018-04-13 15:52:57,132 MCT_Register INFO     ------------------------------------------

2018-04-13 15:52:57,149 MCT_Register INFO     MSG RECEIVED FROM DISPATCH: 1002
2018-04-13 15:52:57,155 MCT_Register INFO     PLAYER ID NOT REGISTERED: playerVirtual9
2018-04-13 15:52:57,177 MCT_Register INFO     playerVirtual9 register 1
2018-04-13 15:52:57,226 MCT_Register INFO     ------------------------------------------

2018-04-13 15:52:57,346 MCT_Register INFO     MSG RECEIVED FROM DISPATCH: 1002
2018-04-13 15:52:57,356 MCT_Register INFO     PLAYER ID NOT REGISTERED: playerVirtual7
2018-04-13 15:52:57,587 MCT_Register INFO     playerVirtual7 register 1
2018-04-13 15:52:57,638 MCT_Register INFO     ------------------------------------------

2018-04-13 15:52:57,724 MCT_Register INFO     MSG RECEIVED FROM DISPATCH: 1002
2018-04-13 15:52:57,734 MCT_Register INFO     PLAYER ID NOT REGISTERED: playerVirtual0
2018-04-13 15:52:57,742 MCT_Register INFO     playerVirtual0 register 1
2018-04-13 15:52:57,789 MCT_Register INFO     ------------------------------------------

2018-04-13 15:58:10,126 MCT_Register INFO     MSG RECEIVED FROM DISPATCH: 1002
2018-04-13 15:58:10,141 MCT_Register INFO     PLAYER ID NOT REGISTERED: playerVirtual10
2018-04-13 15:58:10,154 MCT_Register INFO     playerVirtual10 register 1
2018-04-13 15:58:10,214 MCT_Register INFO     ------------------------------------------

2018-04-13 16:03:08,171 MCT_Register INFO     MSG RECEIVED FROM DISPATCH: 1002
2018-04-13 16:03:08,190 MCT_Register INFO     PLAYER ID NOT REGISTERED: playerVirtual11
2018-04-13 16:03:08,200 MCT_Register INFO     playerVirtual11 register 1
2018-04-13 16:03:08,253 MCT_Register INFO     ------------------------------------------

2018-04-13 16:08:12,986 MCT_Register INFO     MSG RECEIVED FROM DISPATCH: 1002
2018-04-13 16:08:12,995 MCT_Register INFO     PLAYER ID NOT REGISTERED: playerVirtual12
2018-04-13 16:08:12,999 MCT_Register INFO     playerVirtual12 register 1
2018-04-13 16:08:13,048 MCT_Register INFO     ------------------------------------------

2018-04-13 16:13:06,154 MCT_Register INFO     MSG RECEIVED FROM DISPATCH: 1002
2018-04-13 16:13:06,161 MCT_Register INFO     PLAYER ID NOT REGISTERED: playerVirtual13
2018-04-13 16:13:06,169 MCT_Register INFO     playerVirtual13 register 1
2018-04-13 16:13:06,217 MCT_Register INFO     ------------------------------------------

2018-04-13 16:18:13,659 MCT_Register INFO     MSG RECEIVED FROM DISPATCH: 1002
2018-04-13 16:18:13,668 MCT_Register INFO     PLAYER ID NOT REGISTERED: playerVirtual14
2018-04-13 16:18:13,675 MCT_Register INFO     playerVirtual14 register 1
2018-04-13 16:18:13,729 MCT_Register INFO     ------------------------------------------

2018-04-13 16:23:04,171 MCT_Register INFO     MSG RECEIVED FROM DISPATCH: 1002
2018-04-13 16:23:04,177 MCT_Register INFO     PLAYER ID NOT REGISTERED: playerVirtual15
2018-04-13 16:23:04,180 MCT_Register INFO     playerVirtual15 register 1
2018-04-13 16:23:04,232 MCT_Register INFO     ------------------------------------------

2018-04-13 16:28:05,733 MCT_Register INFO     MSG RECEIVED FROM DISPATCH: 1002
2018-04-13 16:28:05,745 MCT_Register INFO     PLAYER ID NOT REGISTERED: playerVirtual16
2018-04-13 16:28:05,751 MCT_Register INFO     playerVirtual16 register 1
2018-04-13 16:28:05,803 MCT_Register INFO     ------------------------------------------

2018-04-13 16:33:08,954 MCT_Register INFO     MSG RECEIVED FROM DISPATCH: 1002
2018-04-13 16:33:08,961 MCT_Register INFO     PLAYER ID NOT REGISTERED: playerVirtual17
2018-04-13 16:33:08,968 MCT_Register INFO     playerVirtual17 register 1
2018-04-13 16:33:09,032 MCT_Register INFO     ------------------------------------------

2018-04-13 16:38:12,820 MCT_Register INFO     MSG RECEIVED FROM DISPATCH: 1002
2018-04-13 16:38:12,825 MCT_Register INFO     PLAYER ID NOT REGISTERED: playerVirtual18
2018-04-13 16:38:12,837 MCT_Register INFO     playerVirtual18 register 1
2018-04-13 16:38:12,888 MCT_Register INFO     ------------------------------------------

2018-04-13 16:43:13,614 MCT_Register INFO     MSG RECEIVED FROM DISPATCH: 1002
2018-04-13 16:43:13,618 MCT_Register INFO     PLAYER ID NOT REGISTERED: playerVirtual19
2018-04-13 16:43:13,623 MCT_Register INFO     playerVirtual19 register 1
2018-04-13 16:43:13,682 MCT_Register INFO     ------------------------------------------

2018-04-13 16:48:08,451 MCT_Register INFO     MSG RECEIVED FROM DISPATCH: 1002
2018-04-13 16:48:08,458 MCT_Register INFO     PLAYER ID NOT REGISTERED: playerVirtual20
2018-04-13 16:48:08,465 MCT_Register INFO     playerVirtual20 register 1
2018-04-13 16:48:08,512 MCT_Register INFO     ------------------------------------------

2018-04-13 16:53:11,171 MCT_Register INFO     MSG RECEIVED FROM DISPATCH: 1002
2018-04-13 16:53:11,185 MCT_Register INFO     PLAYER ID NOT REGISTERED: playerVirtual21
2018-04-13 16:53:11,194 MCT_Register INFO     playerVirtual21 register 1
2018-04-13 16:53:11,248 MCT_Register INFO     ------------------------------------------

2018-04-13 16:58:09,995 MCT_Register INFO     MSG RECEIVED FROM DISPATCH: 1002
2018-04-13 16:58:10,000 MCT_Register INFO     PLAYER ID NOT REGISTERED: playerVirtual22
2018-04-13 16:58:10,006 MCT_Register INFO     playerVirtual22 register 1
2018-04-13 16:58:10,058 MCT_Register INFO     ------------------------------------------

2018-04-13 17:03:08,326 MCT_Register INFO     MSG RECEIVED FROM DISPATCH: 1002
2018-04-13 17:03:08,335 MCT_Register INFO     PLAYER ID NOT REGISTERED: playerVirtual23
2018-04-13 17:03:08,424 MCT_Register INFO     playerVirtual23 register 1
2018-04-13 17:03:08,480 MCT_Register INFO     ------------------------------------------

2018-04-13 17:08:07,143 MCT_Register INFO     MSG RECEIVED FROM DISPATCH: 1002
2018-04-13 17:08:07,151 MCT_Register INFO     PLAYER ID NOT REGISTERED: playerVirtual24
2018-04-13 17:08:07,209 MCT_Register INFO     playerVirtual24 register 1
2018-04-13 17:08:07,264 MCT_Register INFO     ------------------------------------------

2018-04-13 17:13:05,801 MCT_Register INFO     MSG RECEIVED FROM DISPATCH: 1002
2018-04-13 17:13:05,805 MCT_Register INFO     PLAYER ID NOT REGISTERED: playerVirtual25
2018-04-13 17:13:05,810 MCT_Register INFO     playerVirtual25 register 1
2018-04-13 17:13:05,860 MCT_Register INFO     ------------------------------------------

2018-04-13 17:18:06,913 MCT_Register INFO     MSG RECEIVED FROM DISPATCH: 1002
2018-04-13 17:18:06,920 MCT_Register INFO     PLAYER ID NOT REGISTERED: playerVirtual26
2018-04-13 17:18:06,929 MCT_Register INFO     playerVirtual26 register 1
2018-04-13 17:18:06,993 MCT_Register INFO     ------------------------------------------

2018-04-13 17:23:05,064 MCT_Register INFO     MSG RECEIVED FROM DISPATCH: 1002
2018-04-13 17:23:05,072 MCT_Register INFO     PLAYER ID NOT REGISTERED: playerVirtual27
2018-04-13 17:23:05,114 MCT_Register INFO     playerVirtual27 register 1
2018-04-13 17:23:05,169 MCT_Register INFO     ------------------------------------------

2018-04-13 17:28:13,553 MCT_Register INFO     MSG RECEIVED FROM DISPATCH: 1002
2018-04-13 17:28:13,566 MCT_Register INFO     PLAYER ID NOT REGISTERED: playerVirtual28
2018-04-13 17:28:13,572 MCT_Register INFO     playerVirtual28 register 1
2018-04-13 17:28:13,616 MCT_Register INFO     ------------------------------------------

2018-04-13 17:33:07,700 MCT_Register INFO     MSG RECEIVED FROM DISPATCH: 1002
2018-04-13 17:33:07,711 MCT_Register INFO     PLAYER ID NOT REGISTERED: playerVirtual29
2018-04-13 17:33:07,717 MCT_Register INFO     playerVirtual29 register 1
2018-04-13 17:33:07,767 MCT_Register INFO     ------------------------------------------

2018-04-13 17:38:10,513 MCT_Register INFO     MSG RECEIVED FROM DISPATCH: 1002
2018-04-13 17:38:10,520 MCT_Register INFO     PLAYER ID NOT REGISTERED: playerVirtual30
2018-04-13 17:38:10,525 MCT_Register INFO     playerVirtual30 register 1
2018-04-13 17:38:10,580 MCT_Register INFO     ------------------------------------------

2018-04-13 17:43:11,105 MCT_Register INFO     MSG RECEIVED FROM DISPATCH: 1002
2018-04-13 17:43:11,117 MCT_Register INFO     PLAYER ID NOT REGISTERED: playerVirtual31
2018-04-13 17:43:11,127 MCT_Register INFO     playerVirtual31 register 1
2018-04-13 17:43:11,191 MCT_Register INFO     ------------------------------------------

2018-04-13 17:48:08,776 MCT_Register INFO     MSG RECEIVED FROM DISPATCH: 1002
2018-04-13 17:48:08,787 MCT_Register INFO     PLAYER ID NOT REGISTERED: playerVirtual32
2018-04-13 17:48:08,792 MCT_Register INFO     playerVirtual32 register 1
2018-04-13 17:48:08,842 MCT_Register INFO     ------------------------------------------

2018-04-13 17:53:07,795 MCT_Register INFO     MSG RECEIVED FROM DISPATCH: 1002
2018-04-13 17:53:07,806 MCT_Register INFO     PLAYER ID NOT REGISTERED: playerVirtual33
2018-04-13 17:53:07,812 MCT_Register INFO     playerVirtual33 register 1
2018-04-13 17:53:07,864 MCT_Register INFO     ------------------------------------------

2018-04-13 17:58:09,915 MCT_Register INFO     MSG RECEIVED FROM DISPATCH: 1002
2018-04-13 17:58:09,922 MCT_Register INFO     PLAYER ID NOT REGISTERED: playerVirtual34
2018-04-13 17:58:09,929 MCT_Register INFO     playerVirtual34 register 1
2018-04-13 17:58:09,982 MCT_Register INFO     ------------------------------------------

2018-04-13 18:03:10,764 MCT_Register INFO     MSG RECEIVED FROM DISPATCH: 1002
2018-04-13 18:03:10,772 MCT_Register INFO     PLAYER ID NOT REGISTERED: playerVirtual35
2018-04-13 18:03:10,779 MCT_Register INFO     playerVirtual35 register 1
2018-04-13 18:03:10,838 MCT_Register INFO     ------------------------------------------

2018-04-13 18:08:14,994 MCT_Register INFO     MSG RECEIVED FROM DISPATCH: 1002
2018-04-13 18:08:14,999 MCT_Register INFO     PLAYER ID NOT REGISTERED: playerVirtual36
2018-04-13 18:08:15,047 MCT_Register INFO     playerVirtual36 register 1
2018-04-13 18:08:15,098 MCT_Register INFO     ------------------------------------------

2018-04-13 18:13:05,843 MCT_Register INFO     MSG RECEIVED FROM DISPATCH: 1002
2018-04-13 18:13:05,846 MCT_Register INFO     PLAYER ID NOT REGISTERED: playerVirtual37
2018-04-13 18:13:05,945 MCT_Register INFO     playerVirtual37 register 1
2018-04-13 18:13:05,988 MCT_Register INFO     ------------------------------------------

2018-04-13 18:18:07,434 MCT_Register INFO     MSG RECEIVED FROM DISPATCH: 1002
2018-04-13 18:18:07,446 MCT_Register INFO     PLAYER ID NOT REGISTERED: playerVirtual38
2018-04-13 18:18:07,453 MCT_Register INFO     playerVirtual38 register 1
2018-04-13 18:18:07,506 MCT_Register INFO     ------------------------------------------

2018-04-13 18:23:14,201 MCT_Register INFO     MSG RECEIVED FROM DISPATCH: 1002
2018-04-13 18:23:14,207 MCT_Register INFO     PLAYER ID NOT REGISTERED: playerVirtual39
2018-04-13 18:23:14,219 MCT_Register INFO     playerVirtual39 register 1
2018-04-13 18:23:14,268 MCT_Register INFO     ------------------------------------------

2018-04-13 18:28:06,034 MCT_Register INFO     MSG RECEIVED FROM DISPATCH: 1002
2018-04-13 18:28:06,043 MCT_Register INFO     PLAYER ID NOT REGISTERED: playerVirtual40
2018-04-13 18:28:06,083 MCT_Register INFO     playerVirtual40 register 1
2018-04-13 18:28:06,139 MCT_Register INFO     ------------------------------------------

2018-04-13 18:33:07,761 MCT_Register INFO     MSG RECEIVED FROM DISPATCH: 1002
2018-04-13 18:33:07,766 MCT_Register INFO     PLAYER ID NOT REGISTERED: playerVirtual41
2018-04-13 18:33:07,772 MCT_Register INFO     playerVirtual41 register 1
2018-04-13 18:33:07,820 MCT_Register INFO     ------------------------------------------

2018-04-13 18:38:11,048 MCT_Register INFO     MSG RECEIVED FROM DISPATCH: 1002
2018-04-13 18:38:11,056 MCT_Register INFO     PLAYER ID NOT REGISTERED: playerVirtual42
2018-04-13 18:38:11,107 MCT_Register INFO     playerVirtual42 register 1
2018-04-13 18:38:11,167 MCT_Register INFO     ------------------------------------------

2018-04-13 18:43:11,615 MCT_Register INFO     MSG RECEIVED FROM DISPATCH: 1002
2018-04-13 18:43:11,623 MCT_Register INFO     PLAYER ID NOT REGISTERED: playerVirtual43
2018-04-13 18:43:11,653 MCT_Register INFO     playerVirtual43 register 1
2018-04-13 18:43:11,703 MCT_Register INFO     ------------------------------------------

2018-04-13 18:48:07,308 MCT_Register INFO     MSG RECEIVED FROM DISPATCH: 1002
2018-04-13 18:48:07,315 MCT_Register INFO     PLAYER ID NOT REGISTERED: playerVirtual44
2018-04-13 18:48:07,321 MCT_Register INFO     playerVirtual44 register 1
2018-04-13 18:48:07,366 MCT_Register INFO     ------------------------------------------

2018-04-13 18:53:09,803 MCT_Register INFO     MSG RECEIVED FROM DISPATCH: 1002
2018-04-13 18:53:09,811 MCT_Register INFO     PLAYER ID NOT REGISTERED: playerVirtual45
2018-04-13 18:53:09,925 MCT_Register INFO     playerVirtual45 register 1
2018-04-13 18:53:09,977 MCT_Register INFO     ------------------------------------------

2018-04-13 18:58:07,057 MCT_Register INFO     MSG RECEIVED FROM DISPATCH: 1002
2018-04-13 18:58:07,060 MCT_Register INFO     PLAYER ID NOT REGISTERED: playerVirtual46
2018-04-13 18:58:07,095 MCT_Register INFO     playerVirtual46 register 1
2018-04-13 18:58:07,146 MCT_Register INFO     ------------------------------------------

2018-04-13 19:03:11,221 MCT_Register INFO     MSG RECEIVED FROM DISPATCH: 1002
2018-04-13 19:03:11,228 MCT_Register INFO     PLAYER ID NOT REGISTERED: playerVirtual47
2018-04-13 19:03:11,672 MCT_Register INFO     playerVirtual47 register 1
2018-04-13 19:03:11,728 MCT_Register INFO     ------------------------------------------

2018-04-13 19:08:10,273 MCT_Register INFO     MSG RECEIVED FROM DISPATCH: 1002
2018-04-13 19:08:10,279 MCT_Register INFO     PLAYER ID NOT REGISTERED: playerVirtual48
2018-04-13 19:08:10,286 MCT_Register INFO     playerVirtual48 register 1
2018-04-13 19:08:10,334 MCT_Register INFO     ------------------------------------------

2018-04-13 19:13:16,336 MCT_Register INFO     MSG RECEIVED FROM DISPATCH: 1002
2018-04-13 19:13:16,340 MCT_Register INFO     PLAYER ID NOT REGISTERED: playerVirtual49
2018-04-13 19:13:16,345 MCT_Register INFO     playerVirtual49 register 1
2018-04-13 19:13:16,396 MCT_Register INFO     ------------------------------------------

2018-04-13 19:18:12,107 MCT_Register INFO     MSG RECEIVED FROM DISPATCH: 1002
2018-04-13 19:18:12,113 MCT_Register INFO     PLAYER ID NOT REGISTERED: playerVirtual50
2018-04-13 19:18:12,306 MCT_Register INFO     playerVirtual50 register 1
2018-04-13 19:18:12,358 MCT_Register INFO     ------------------------------------------

2018-04-13 19:23:14,824 MCT_Register INFO     MSG RECEIVED FROM DISPATCH: 1002
2018-04-13 19:23:14,830 MCT_Register INFO     PLAYER ID NOT REGISTERED: playerVirtual51
2018-04-13 19:23:14,838 MCT_Register INFO     playerVirtual51 register 1
2018-04-13 19:23:14,889 MCT_Register INFO     ------------------------------------------

2018-04-13 19:28:17,230 MCT_Register INFO     MSG RECEIVED FROM DISPATCH: 1002
2018-04-13 19:28:17,237 MCT_Register INFO     PLAYER ID NOT REGISTERED: playerVirtual52
2018-04-13 19:28:17,314 MCT_Register INFO     playerVirtual52 register 1
2018-04-13 19:28:17,364 MCT_Register INFO     ------------------------------------------

2018-04-13 19:33:07,405 MCT_Register INFO     MSG RECEIVED FROM DISPATCH: 1002
2018-04-13 19:33:07,411 MCT_Register INFO     PLAYER ID NOT REGISTERED: playerVirtual53
2018-04-13 19:33:07,418 MCT_Register INFO     playerVirtual53 register 1
2018-04-13 19:33:07,470 MCT_Register INFO     ------------------------------------------

2018-04-13 19:38:11,254 MCT_Register INFO     MSG RECEIVED FROM DISPATCH: 1002
2018-04-13 19:38:11,261 MCT_Register INFO     PLAYER ID NOT REGISTERED: playerVirtual54
2018-04-13 19:38:11,267 MCT_Register INFO     playerVirtual54 register 1
2018-04-13 19:38:11,317 MCT_Register INFO     ------------------------------------------

2018-04-13 19:43:10,540 MCT_Register INFO     MSG RECEIVED FROM DISPATCH: 1002
2018-04-13 19:43:10,551 MCT_Register INFO     PLAYER ID NOT REGISTERED: playerVirtual55
2018-04-13 19:43:10,570 MCT_Register INFO     playerVirtual55 register 1
2018-04-13 19:43:10,620 MCT_Register INFO     ------------------------------------------

2018-04-13 19:48:13,921 MCT_Register INFO     MSG RECEIVED FROM DISPATCH: 1002
2018-04-13 19:48:13,927 MCT_Register INFO     PLAYER ID NOT REGISTERED: playerVirtual56
2018-04-13 19:48:13,935 MCT_Register INFO     playerVirtual56 register 1
2018-04-13 19:48:13,994 MCT_Register INFO     ------------------------------------------

2018-04-13 19:53:16,127 MCT_Register INFO     MSG RECEIVED FROM DISPATCH: 1002
2018-04-13 19:53:16,133 MCT_Register INFO     PLAYER ID NOT REGISTERED: playerVirtual57
2018-04-13 19:53:16,166 MCT_Register INFO     playerVirtual57 register 1
2018-04-13 19:53:16,217 MCT_Register INFO     ------------------------------------------

2018-04-13 19:58:08,650 MCT_Register INFO     MSG RECEIVED FROM DISPATCH: 1002
2018-04-13 19:58:08,656 MCT_Register INFO     PLAYER ID NOT REGISTERED: playerVirtual58
2018-04-13 19:58:08,835 MCT_Register INFO     playerVirtual58 register 1
2018-04-13 19:58:08,883 MCT_Register INFO     ------------------------------------------

2018-04-13 20:03:14,392 MCT_Register INFO     MSG RECEIVED FROM DISPATCH: 1002
2018-04-13 20:03:14,401 MCT_Register INFO     PLAYER ID NOT REGISTERED: playerVirtual59
2018-04-13 20:03:14,481 MCT_Register INFO     playerVirtual59 register 1
2018-04-13 20:03:14,533 MCT_Register INFO     ------------------------------------------

2018-04-13 20:08:08,503 MCT_Register INFO     MSG RECEIVED FROM DISPATCH: 1002
2018-04-13 20:08:08,509 MCT_Register INFO     PLAYER ID NOT REGISTERED: playerVirtual60
2018-04-13 20:08:08,534 MCT_Register INFO     playerVirtual60 register 1
2018-04-13 20:08:08,581 MCT_Register INFO     ------------------------------------------

2018-04-13 20:13:08,165 MCT_Register INFO     MSG RECEIVED FROM DISPATCH: 1002
2018-04-13 20:13:08,175 MCT_Register INFO     PLAYER ID NOT REGISTERED: playerVirtual61
2018-04-13 20:13:08,236 MCT_Register INFO     playerVirtual61 register 1
2018-04-13 20:13:08,286 MCT_Register INFO     ------------------------------------------

2018-04-13 20:18:10,593 MCT_Register INFO     MSG RECEIVED FROM DISPATCH: 1002
2018-04-13 20:18:10,602 MCT_Register INFO     PLAYER ID NOT REGISTERED: playerVirtual62
2018-04-13 20:18:10,634 MCT_Register INFO     playerVirtual62 register 1
2018-04-13 20:18:10,696 MCT_Register INFO     ------------------------------------------

2018-04-13 20:23:10,449 MCT_Register INFO     MSG RECEIVED FROM DISPATCH: 1002
2018-04-13 20:23:10,452 MCT_Register INFO     PLAYER ID NOT REGISTERED: playerVirtual63
2018-04-13 20:23:10,643 MCT_Register INFO     playerVirtual63 register 1
2018-04-13 20:23:10,698 MCT_Register INFO     ------------------------------------------

2018-04-13 20:28:08,187 MCT_Register INFO     MSG RECEIVED FROM DISPATCH: 1002
2018-04-13 20:28:08,191 MCT_Register INFO     PLAYER ID NOT REGISTERED: playerVirtual64
2018-04-13 20:28:08,528 MCT_Register INFO     playerVirtual64 register 1
2018-04-13 20:28:08,579 MCT_Register INFO     ------------------------------------------

2018-04-13 20:33:16,837 MCT_Register INFO     MSG RECEIVED FROM DISPATCH: 1002
2018-04-13 20:33:16,843 MCT_Register INFO     PLAYER ID NOT REGISTERED: playerVirtual65
2018-04-13 20:33:16,849 MCT_Register INFO     playerVirtual65 register 1
2018-04-13 20:33:16,903 MCT_Register INFO     ------------------------------------------

2018-04-13 20:38:09,780 MCT_Register INFO     MSG RECEIVED FROM DISPATCH: 1002
2018-04-13 20:38:09,784 MCT_Register INFO     PLAYER ID NOT REGISTERED: playerVirtual66
2018-04-13 20:38:10,042 MCT_Register INFO     playerVirtual66 register 1
2018-04-13 20:38:10,096 MCT_Register INFO     ------------------------------------------

2018-04-13 20:43:08,259 MCT_Register INFO     MSG RECEIVED FROM DISPATCH: 1002
2018-04-13 20:43:08,271 MCT_Register INFO     PLAYER ID NOT REGISTERED: playerVirtual67
2018-04-13 20:43:08,277 MCT_Register INFO     playerVirtual67 register 1
2018-04-13 20:43:08,335 MCT_Register INFO     ------------------------------------------

2018-04-13 20:48:13,034 MCT_Register INFO     MSG RECEIVED FROM DISPATCH: 1002
2018-04-13 20:48:13,044 MCT_Register INFO     PLAYER ID NOT REGISTERED: playerVirtual68
2018-04-13 20:48:13,083 MCT_Register INFO     playerVirtual68 register 1
2018-04-13 20:48:13,140 MCT_Register INFO     ------------------------------------------

2018-04-13 20:53:14,719 MCT_Register INFO     MSG RECEIVED FROM DISPATCH: 1002
2018-04-13 20:53:14,727 MCT_Register INFO     PLAYER ID NOT REGISTERED: playerVirtual69
2018-04-13 20:53:14,795 MCT_Register INFO     playerVirtual69 register 1
2018-04-13 20:53:14,845 MCT_Register INFO     ------------------------------------------

2018-04-13 20:58:14,948 MCT_Register INFO     MSG RECEIVED FROM DISPATCH: 1002
2018-04-13 20:58:14,952 MCT_Register INFO     PLAYER ID NOT REGISTERED: playerVirtual70
2018-04-13 20:58:14,961 MCT_Register INFO     playerVirtual70 register 1
2018-04-13 20:58:15,007 MCT_Register INFO     ------------------------------------------

2018-04-13 21:03:11,202 MCT_Register INFO     MSG RECEIVED FROM DISPATCH: 1002
2018-04-13 21:03:11,211 MCT_Register INFO     PLAYER ID NOT REGISTERED: playerVirtual71
2018-04-13 21:03:11,217 MCT_Register INFO     playerVirtual71 register 1
2018-04-13 21:03:11,272 MCT_Register INFO     ------------------------------------------

2018-04-13 21:08:11,785 MCT_Register INFO     MSG RECEIVED FROM DISPATCH: 1002
2018-04-13 21:08:11,793 MCT_Register INFO     PLAYER ID NOT REGISTERED: playerVirtual72
2018-04-13 21:08:11,841 MCT_Register INFO     playerVirtual72 register 1
2018-04-13 21:08:11,890 MCT_Register INFO     ------------------------------------------

2018-04-13 21:13:11,842 MCT_Register INFO     MSG RECEIVED FROM DISPATCH: 1002
2018-04-13 21:13:11,848 MCT_Register INFO     PLAYER ID NOT REGISTERED: playerVirtual73
2018-04-13 21:13:11,854 MCT_Register INFO     playerVirtual73 register 1
2018-04-13 21:13:11,906 MCT_Register INFO     ------------------------------------------

2018-04-13 21:18:17,423 MCT_Register INFO     MSG RECEIVED FROM DISPATCH: 1002
2018-04-13 21:18:17,429 MCT_Register INFO     PLAYER ID NOT REGISTERED: playerVirtual74
2018-04-13 21:18:17,472 MCT_Register INFO     playerVirtual74 register 1
2018-04-13 21:18:17,519 MCT_Register INFO     ------------------------------------------

2018-04-13 21:23:08,444 MCT_Register INFO     MSG RECEIVED FROM DISPATCH: 1002
2018-04-13 21:23:08,451 MCT_Register INFO     PLAYER ID NOT REGISTERED: playerVirtual75
2018-04-13 21:23:08,457 MCT_Register INFO     playerVirtual75 register 1
2018-04-13 21:23:08,511 MCT_Register INFO     ------------------------------------------

2018-04-13 21:28:11,792 MCT_Register INFO     MSG RECEIVED FROM DISPATCH: 1002
2018-04-13 21:28:11,800 MCT_Register INFO     PLAYER ID NOT REGISTERED: playerVirtual76
2018-04-13 21:28:11,844 MCT_Register INFO     playerVirtual76 register 1
2018-04-13 21:28:11,902 MCT_Register INFO     ------------------------------------------

2018-04-13 21:33:13,664 MCT_Register INFO     MSG RECEIVED FROM DISPATCH: 1002
2018-04-13 21:33:13,670 MCT_Register INFO     PLAYER ID NOT REGISTERED: playerVirtual77
2018-04-13 21:33:14,067 MCT_Register INFO     playerVirtual77 register 1
2018-04-13 21:33:14,120 MCT_Register INFO     ------------------------------------------

2018-04-13 21:38:08,835 MCT_Register INFO     MSG RECEIVED FROM DISPATCH: 1002
2018-04-13 21:38:08,841 MCT_Register INFO     PLAYER ID NOT REGISTERED: playerVirtual78
2018-04-13 21:38:08,870 MCT_Register INFO     playerVirtual78 register 1
2018-04-13 21:38:08,915 MCT_Register INFO     ------------------------------------------

2018-04-13 21:43:15,781 MCT_Register INFO     MSG RECEIVED FROM DISPATCH: 1002
2018-04-13 21:43:15,785 MCT_Register INFO     PLAYER ID NOT REGISTERED: playerVirtual79
2018-04-13 21:43:15,789 MCT_Register INFO     playerVirtual79 register 1
2018-04-13 21:43:15,835 MCT_Register INFO     ------------------------------------------

2018-04-13 21:48:14,595 MCT_Register INFO     MSG RECEIVED FROM DISPATCH: 1002
2018-04-13 21:48:14,604 MCT_Register INFO     PLAYER ID NOT REGISTERED: playerVirtual80
2018-04-13 21:48:14,644 MCT_Register INFO     playerVirtual80 register 1
2018-04-13 21:48:14,700 MCT_Register INFO     ------------------------------------------

2018-04-13 21:53:14,888 MCT_Register INFO     MSG RECEIVED FROM DISPATCH: 1002
2018-04-13 21:53:14,894 MCT_Register INFO     PLAYER ID NOT REGISTERED: playerVirtual81
2018-04-13 21:53:14,899 MCT_Register INFO     playerVirtual81 register 1
2018-04-13 21:53:14,952 MCT_Register INFO     ------------------------------------------

2018-04-13 21:58:11,279 MCT_Register INFO     MSG RECEIVED FROM DISPATCH: 1002
2018-04-13 21:58:11,284 MCT_Register INFO     PLAYER ID NOT REGISTERED: playerVirtual82
2018-04-13 21:58:11,321 MCT_Register INFO     playerVirtual82 register 1
2018-04-13 21:58:11,370 MCT_Register INFO     ------------------------------------------

2018-04-13 22:03:16,111 MCT_Register INFO     MSG RECEIVED FROM DISPATCH: 1002
2018-04-13 22:03:16,115 MCT_Register INFO     PLAYER ID NOT REGISTERED: playerVirtual83
2018-04-13 22:03:16,275 MCT_Register INFO     playerVirtual83 register 1
2018-04-13 22:03:16,328 MCT_Register INFO     ------------------------------------------

2018-04-13 22:03:55,188 MCT_Register INFO     ###### STOP MCT_REGISTER ######

