2018-03-01 17:39:31,453 MCT_Register INFO     ###### START MCT_REGISTER ######

2018-03-01 17:39:48,093 MCT_Register INFO     MSG RECEIVED FROM DISPATCH: 1002
2018-03-01 17:39:48,130 MCT_Register INFO     PLAYER ID NOT REGISTERED: playerVirtual1
2018-03-01 17:39:48,168 MCT_Register INFO     playerVirtual1 register 1
2018-03-01 17:39:48,218 MCT_Register INFO     ------------------------------------------

2018-03-01 17:39:48,220 MCT_Register INFO     MSG RECEIVED FROM DISPATCH: 1002
2018-03-01 17:39:48,226 MCT_Register INFO     PLAYER ID NOT REGISTERED: playerVirtual2
2018-03-01 17:39:48,232 MCT_Register INFO     playerVirtual2 register 1
2018-03-01 17:39:48,284 MCT_Register INFO     ------------------------------------------

2018-03-01 17:44:50,139 MCT_Register INFO     MSG RECEIVED FROM DISPATCH: 1002
2018-03-01 17:44:50,148 MCT_Register INFO     PLAYER ID NOT REGISTERED: playerVirtual3
2018-03-01 17:44:50,154 MCT_Register INFO     playerVirtual3 register 1
2018-03-01 17:44:50,210 MCT_Register INFO     ------------------------------------------

2018-03-01 17:49:50,418 MCT_Register INFO     MSG RECEIVED FROM DISPATCH: 1002
2018-03-01 17:49:50,426 MCT_Register INFO     PLAYER ID NOT REGISTERED: playerVirtual4
2018-03-01 17:49:50,435 MCT_Register INFO     playerVirtual4 register 1
2018-03-01 17:49:50,493 MCT_Register INFO     ------------------------------------------

2018-03-01 17:49:50,575 MCT_Register INFO     MSG RECEIVED FROM DISPATCH: 1002
2018-03-01 17:49:50,586 MCT_Register INFO     PLAYER ID NOT REGISTERED: playerVirtual0
2018-03-01 17:49:50,596 MCT_Register INFO     playerVirtual0 register 1
2018-03-01 17:49:50,658 MCT_Register INFO     ------------------------------------------

2018-03-01 17:54:52,249 MCT_Register INFO     MSG RECEIVED FROM DISPATCH: 1002
2018-03-01 17:54:52,259 MCT_Register INFO     PLAYER ID NOT REGISTERED: playerVirtual5
2018-03-01 17:54:52,264 MCT_Register INFO     playerVirtual5 register 1
2018-03-01 17:54:52,321 MCT_Register INFO     ------------------------------------------

2018-03-01 17:59:49,941 MCT_Register INFO     MSG RECEIVED FROM DISPATCH: 1002
2018-03-01 17:59:49,950 MCT_Register INFO     PLAYER ID NOT REGISTERED: playerVirtual6
2018-03-01 17:59:49,969 MCT_Register INFO     playerVirtual6 register 1
2018-03-01 17:59:50,024 MCT_Register INFO     ------------------------------------------

2018-03-01 18:01:56,423 MCT_Register INFO     MSG RECEIVED FROM DISPATCH: 1002
2018-03-01 18:01:56,432 MCT_Register INFO     PLAYER ID NOT REGISTERED: playerVirtual1356
2018-03-01 18:01:56,437 MCT_Register INFO     playerVirtual1356 register 1
2018-03-01 18:01:56,486 MCT_Register INFO     ------------------------------------------

2018-03-01 18:04:52,881 MCT_Register INFO     MSG RECEIVED FROM DISPATCH: 1002
2018-03-01 18:04:52,892 MCT_Register INFO     PLAYER ID NOT REGISTERED: playerVirtual7
2018-03-01 18:04:52,909 MCT_Register INFO     playerVirtual7 register 1
2018-03-01 18:04:52,963 MCT_Register INFO     ------------------------------------------

2018-03-01 18:09:50,674 MCT_Register INFO     MSG RECEIVED FROM DISPATCH: 1002
2018-03-01 18:09:50,684 MCT_Register INFO     PLAYER ID NOT REGISTERED: playerVirtual8
2018-03-01 18:09:50,690 MCT_Register INFO     playerVirtual8 register 1
2018-03-01 18:09:50,749 MCT_Register INFO     ------------------------------------------

2018-03-01 18:14:47,407 MCT_Register INFO     MSG RECEIVED FROM DISPATCH: 1002
2018-03-01 18:14:47,418 MCT_Register INFO     PLAYER ID NOT REGISTERED: playerVirtual9
2018-03-01 18:14:47,440 MCT_Register INFO     playerVirtual9 register 1
2018-03-01 18:14:47,498 MCT_Register INFO     ------------------------------------------

2018-03-01 18:14:47,873 MCT_Register INFO     MSG RECEIVED FROM DISPATCH: 1002
2018-03-01 18:14:47,886 MCT_Register INFO     PLAYER ID NOT REGISTERED: playerVirtual1321
2018-03-01 18:14:47,915 MCT_Register INFO     playerVirtual1321 register 1
2018-03-01 18:14:47,967 MCT_Register INFO     ------------------------------------------

2018-03-01 18:19:49,847 MCT_Register INFO     MSG RECEIVED FROM DISPATCH: 1002
2018-03-01 18:19:49,858 MCT_Register INFO     PLAYER ID NOT REGISTERED: playerVirtual10
2018-03-01 18:19:49,864 MCT_Register INFO     playerVirtual10 register 1
2018-03-01 18:19:49,918 MCT_Register INFO     ------------------------------------------

2018-03-01 18:24:51,574 MCT_Register INFO     MSG RECEIVED FROM DISPATCH: 1002
2018-03-01 18:24:51,581 MCT_Register INFO     PLAYER ID NOT REGISTERED: playerVirtual11
2018-03-01 18:24:51,588 MCT_Register INFO     playerVirtual11 register 1
2018-03-01 18:24:51,639 MCT_Register INFO     ------------------------------------------

2018-03-01 18:25:54,777 MCT_Register INFO     MSG RECEIVED FROM DISPATCH: 1002
2018-03-01 18:25:54,782 MCT_Register INFO     PLAYER ID NOT REGISTERED: playerVirtual1292
2018-03-01 18:25:54,797 MCT_Register INFO     playerVirtual1292 register 1
2018-03-01 18:25:54,848 MCT_Register INFO     ------------------------------------------

2018-03-01 18:29:50,633 MCT_Register INFO     MSG RECEIVED FROM DISPATCH: 1002
2018-03-01 18:29:50,639 MCT_Register INFO     PLAYER ID NOT REGISTERED: playerVirtual12
2018-03-01 18:29:50,751 MCT_Register INFO     playerVirtual12 register 1
2018-03-01 18:29:50,834 MCT_Register INFO     ------------------------------------------

2018-03-01 18:34:51,676 MCT_Register INFO     MSG RECEIVED FROM DISPATCH: 1002
2018-03-01 18:34:51,682 MCT_Register INFO     PLAYER ID NOT REGISTERED: playerVirtual13
2018-03-01 18:34:51,753 MCT_Register INFO     playerVirtual13 register 1
2018-03-01 18:34:51,810 MCT_Register INFO     ------------------------------------------

2018-03-01 18:36:28,393 MCT_Register INFO     MSG RECEIVED FROM DISPATCH: 1002
2018-03-01 18:36:28,402 MCT_Register INFO     PLAYER ID NOT REGISTERED: playerVirtual1285
2018-03-01 18:36:28,409 MCT_Register INFO     playerVirtual1285 register 1
2018-03-01 18:36:28,466 MCT_Register INFO     ------------------------------------------

2018-03-01 18:39:46,932 MCT_Register INFO     MSG RECEIVED FROM DISPATCH: 1002
2018-03-01 18:39:46,940 MCT_Register INFO     PLAYER ID NOT REGISTERED: playerVirtual14
2018-03-01 18:39:46,948 MCT_Register INFO     playerVirtual14 register 1
2018-03-01 18:39:46,996 MCT_Register INFO     ------------------------------------------

2018-03-01 18:44:50,732 MCT_Register INFO     MSG RECEIVED FROM DISPATCH: 1002
2018-03-01 18:44:50,738 MCT_Register INFO     PLAYER ID NOT REGISTERED: playerVirtual15
2018-03-01 18:44:50,742 MCT_Register INFO     playerVirtual15 register 1
2018-03-01 18:44:50,794 MCT_Register INFO     ------------------------------------------

2018-03-01 18:49:50,727 MCT_Register INFO     MSG RECEIVED FROM DISPATCH: 1002
2018-03-01 18:49:50,739 MCT_Register INFO     PLAYER ID NOT REGISTERED: playerVirtual16
2018-03-01 18:49:50,772 MCT_Register INFO     playerVirtual16 register 1
2018-03-01 18:49:50,825 MCT_Register INFO     ------------------------------------------

2018-03-01 18:51:29,245 MCT_Register INFO     MSG RECEIVED FROM DISPATCH: 1002
2018-03-01 18:51:29,256 MCT_Register INFO     PLAYER ID NOT REGISTERED: playerVirtual1127
2018-03-01 18:51:29,264 MCT_Register INFO     playerVirtual1127 register 1
2018-03-01 18:51:29,314 MCT_Register INFO     ------------------------------------------

2018-03-01 18:54:51,752 MCT_Register INFO     MSG RECEIVED FROM DISPATCH: 1002
2018-03-01 18:54:51,759 MCT_Register INFO     PLAYER ID NOT REGISTERED: playerVirtual17
2018-03-01 18:54:51,766 MCT_Register INFO     playerVirtual17 register 1
2018-03-01 18:54:51,818 MCT_Register INFO     ------------------------------------------

2018-03-01 18:59:49,227 MCT_Register INFO     MSG RECEIVED FROM DISPATCH: 1002
2018-03-01 18:59:49,238 MCT_Register INFO     PLAYER ID NOT REGISTERED: playerVirtual18
2018-03-01 18:59:49,262 MCT_Register INFO     playerVirtual18 register 1
2018-03-01 18:59:49,312 MCT_Register INFO     ------------------------------------------

2018-03-01 19:04:45,302 MCT_Register INFO     MSG RECEIVED FROM DISPATCH: 1002
2018-03-01 19:04:45,313 MCT_Register INFO     PLAYER ID NOT REGISTERED: playerVirtual19
2018-03-01 19:04:45,401 MCT_Register INFO     playerVirtual19 register 1
2018-03-01 19:04:45,459 MCT_Register INFO     ------------------------------------------

2018-03-01 19:13:23,193 MCT_Register INFO     MSG RECEIVED FROM DISPATCH: 1002
2018-03-01 19:13:23,202 MCT_Register INFO     PLAYER ID NOT REGISTERED: playerVirtual1722
2018-03-01 19:13:23,208 MCT_Register INFO     playerVirtual1722 register 1
2018-03-01 19:13:23,269 MCT_Register INFO     ------------------------------------------

2018-03-01 19:38:27,344 MCT_Register INFO     MSG RECEIVED FROM DISPATCH: 1002
2018-03-01 19:38:27,352 MCT_Register INFO     PLAYER ID NOT REGISTERED: playerVirtual1917
2018-03-01 19:38:27,388 MCT_Register INFO     playerVirtual1917 register 1
2018-03-01 19:38:27,440 MCT_Register INFO     ------------------------------------------

2018-03-01 20:07:42,062 MCT_Register INFO     MSG RECEIVED FROM DISPATCH: 1002
2018-03-01 20:07:42,071 MCT_Register INFO     PLAYER ID NOT REGISTERED: playerVirtual1028
2018-03-01 20:07:42,080 MCT_Register INFO     playerVirtual1028 register 1
2018-03-01 20:07:42,131 MCT_Register INFO     ------------------------------------------

2018-03-01 20:20:29,558 MCT_Register INFO     ###### STOP MCT_REGISTER ######

