2018-02-09 11:53:36,348 MCT_Register INFO     ###### START MCT_REGISTER ######

2018-02-09 11:53:49,769 MCT_Register INFO     MSG RECEIVED FROM DISPATCH: 1002
2018-02-09 11:53:49,790 MCT_Register INFO     PLAYER ID NOT REGISTERED: playerVirtual0
2018-02-09 11:53:49,794 MCT_Register INFO     PLAYER REGISTERED: playerVirtual0
2018-02-09 11:53:49,804 MCT_Register INFO     ------------------------------------------

2018-02-09 11:53:49,805 MCT_Register INFO     MSG RECEIVED FROM DISPATCH: 1002
2018-02-09 11:53:49,809 MCT_Register INFO     PLAYER ID NOT REGISTERED: playerVirtual1
2018-02-09 11:53:49,811 MCT_Register INFO     PLAYER REGISTERED: playerVirtual1
2018-02-09 11:53:49,818 MCT_Register INFO     ------------------------------------------

2018-02-09 11:53:49,891 MCT_Register INFO     MSG RECEIVED FROM DISPATCH: 1002
2018-02-09 11:53:49,894 MCT_Register INFO     PLAYER ID NOT REGISTERED: playerVirtual4
2018-02-09 11:53:49,897 MCT_Register INFO     PLAYER REGISTERED: playerVirtual4
2018-02-09 11:53:49,904 MCT_Register INFO     ------------------------------------------

2018-02-09 11:53:49,930 MCT_Register INFO     MSG RECEIVED FROM DISPATCH: 1002
2018-02-09 11:53:49,933 MCT_Register INFO     PLAYER ID NOT REGISTERED: playerVirtual3
2018-02-09 11:53:49,935 MCT_Register INFO     PLAYER REGISTERED: playerVirtual3
2018-02-09 11:53:49,941 MCT_Register INFO     ------------------------------------------

2018-02-09 11:53:49,965 MCT_Register INFO     MSG RECEIVED FROM DISPATCH: 1002
2018-02-09 11:53:49,968 MCT_Register INFO     PLAYER ID NOT REGISTERED: playerVirtual5
2018-02-09 11:53:49,971 MCT_Register INFO     PLAYER REGISTERED: playerVirtual5
2018-02-09 11:53:49,978 MCT_Register INFO     ------------------------------------------

2018-02-09 11:53:50,003 MCT_Register INFO     MSG RECEIVED FROM DISPATCH: 1002
2018-02-09 11:53:50,006 MCT_Register INFO     PLAYER ID NOT REGISTERED: playerVirtual2
2018-02-09 11:53:50,009 MCT_Register INFO     PLAYER REGISTERED: playerVirtual2
2018-02-09 11:53:50,015 MCT_Register INFO     ------------------------------------------

2018-02-09 11:53:50,037 MCT_Register INFO     MSG RECEIVED FROM DISPATCH: 1002
2018-02-09 11:53:50,040 MCT_Register INFO     PLAYER ID NOT REGISTERED: playerVirtual7
2018-02-09 11:53:50,043 MCT_Register INFO     PLAYER REGISTERED: playerVirtual7
2018-02-09 11:53:50,049 MCT_Register INFO     ------------------------------------------

2018-02-09 11:53:50,076 MCT_Register INFO     MSG RECEIVED FROM DISPATCH: 1002
2018-02-09 11:53:50,079 MCT_Register INFO     PLAYER ID NOT REGISTERED: playerVirtual6
2018-02-09 11:53:50,081 MCT_Register INFO     PLAYER REGISTERED: playerVirtual6
2018-02-09 11:53:50,089 MCT_Register INFO     ------------------------------------------

2018-02-09 11:53:50,105 MCT_Register INFO     MSG RECEIVED FROM DISPATCH: 1002
2018-02-09 11:53:50,108 MCT_Register INFO     PLAYER ID NOT REGISTERED: playerVirtual8
2018-02-09 11:53:50,111 MCT_Register INFO     PLAYER REGISTERED: playerVirtual8
2018-02-09 11:53:50,120 MCT_Register INFO     ------------------------------------------

2018-02-09 11:53:50,120 MCT_Register INFO     MSG RECEIVED FROM DISPATCH: 1002
2018-02-09 11:53:50,124 MCT_Register INFO     PLAYER ID NOT REGISTERED: playerVirtual9
2018-02-09 11:53:50,126 MCT_Register INFO     PLAYER REGISTERED: playerVirtual9
2018-02-09 11:53:50,133 MCT_Register INFO     ------------------------------------------

2018-02-09 11:54:08,768 MCT_Register INFO     MSG RECEIVED FROM DISPATCH: 1002
2018-02-09 11:54:08,771 MCT_Register INFO     PLAYER ID NOT REGISTERED: playerVirtual10
2018-02-09 11:54:08,773 MCT_Register INFO     PLAYER REGISTERED: playerVirtual10
2018-02-09 11:54:08,781 MCT_Register INFO     ------------------------------------------

2018-02-09 11:54:08,845 MCT_Register INFO     MSG RECEIVED FROM DISPATCH: 1002
2018-02-09 11:54:08,848 MCT_Register INFO     PLAYER ID NOT REGISTERED: playerVirtual11
2018-02-09 11:54:08,851 MCT_Register INFO     PLAYER REGISTERED: playerVirtual11
2018-02-09 11:54:08,860 MCT_Register INFO     ------------------------------------------

2018-02-09 11:54:08,876 MCT_Register INFO     MSG RECEIVED FROM DISPATCH: 1002
2018-02-09 11:54:08,879 MCT_Register INFO     PLAYER ID NOT REGISTERED: playerVirtual12
2018-02-09 11:54:08,881 MCT_Register INFO     PLAYER REGISTERED: playerVirtual12
2018-02-09 11:54:08,889 MCT_Register INFO     ------------------------------------------

2018-02-09 11:54:08,912 MCT_Register INFO     MSG RECEIVED FROM DISPATCH: 1002
2018-02-09 11:54:08,915 MCT_Register INFO     PLAYER ID NOT REGISTERED: playerVirtual13
2018-02-09 11:54:08,917 MCT_Register INFO     PLAYER REGISTERED: playerVirtual13
2018-02-09 11:54:08,925 MCT_Register INFO     ------------------------------------------

2018-02-09 11:54:08,944 MCT_Register INFO     MSG RECEIVED FROM DISPATCH: 1002
2018-02-09 11:54:08,948 MCT_Register INFO     PLAYER ID NOT REGISTERED: playerVirtual14
2018-02-09 11:54:08,951 MCT_Register INFO     PLAYER REGISTERED: playerVirtual14
2018-02-09 11:54:08,958 MCT_Register INFO     ------------------------------------------

2018-02-09 11:54:08,999 MCT_Register INFO     MSG RECEIVED FROM DISPATCH: 1002
2018-02-09 11:54:09,003 MCT_Register INFO     PLAYER ID NOT REGISTERED: playerVirtual15
2018-02-09 11:54:09,005 MCT_Register INFO     PLAYER REGISTERED: playerVirtual15
2018-02-09 11:54:09,012 MCT_Register INFO     ------------------------------------------

2018-02-09 11:54:09,043 MCT_Register INFO     MSG RECEIVED FROM DISPATCH: 1002
2018-02-09 11:54:09,047 MCT_Register INFO     PLAYER ID NOT REGISTERED: playerVirtual16
2018-02-09 11:54:09,049 MCT_Register INFO     PLAYER REGISTERED: playerVirtual16
2018-02-09 11:54:09,056 MCT_Register INFO     ------------------------------------------

2018-02-09 11:54:09,073 MCT_Register INFO     MSG RECEIVED FROM DISPATCH: 1002
2018-02-09 11:54:09,077 MCT_Register INFO     PLAYER ID NOT REGISTERED: playerVirtual17
2018-02-09 11:54:09,080 MCT_Register INFO     PLAYER REGISTERED: playerVirtual17
2018-02-09 11:54:09,087 MCT_Register INFO     ------------------------------------------

2018-02-09 11:59:05,262 MCT_Register INFO     MSG RECEIVED FROM DISPATCH: 1002
2018-02-09 11:59:05,266 MCT_Register INFO     PLAYER ID NOT REGISTERED: playerVirtual18
2018-02-09 11:59:05,268 MCT_Register INFO     PLAYER REGISTERED: playerVirtual18
2018-02-09 11:59:05,276 MCT_Register INFO     ------------------------------------------

2018-02-09 11:59:05,299 MCT_Register INFO     MSG RECEIVED FROM DISPATCH: 1002
2018-02-09 11:59:05,302 MCT_Register INFO     PLAYER ID NOT REGISTERED: playerVirtual19
2018-02-09 11:59:05,304 MCT_Register INFO     PLAYER REGISTERED: playerVirtual19
2018-02-09 11:59:05,312 MCT_Register INFO     ------------------------------------------

2018-02-09 11:59:05,370 MCT_Register INFO     MSG RECEIVED FROM DISPATCH: 1002
2018-02-09 11:59:05,373 MCT_Register INFO     PLAYER ID NOT REGISTERED: playerVirtual21
2018-02-09 11:59:05,376 MCT_Register INFO     PLAYER REGISTERED: playerVirtual21
2018-02-09 11:59:05,383 MCT_Register INFO     ------------------------------------------

2018-02-09 11:59:05,398 MCT_Register INFO     MSG RECEIVED FROM DISPATCH: 1002
2018-02-09 11:59:05,401 MCT_Register INFO     PLAYER ID NOT REGISTERED: playerVirtual20
2018-02-09 11:59:05,403 MCT_Register INFO     PLAYER REGISTERED: playerVirtual20
2018-02-09 11:59:05,410 MCT_Register INFO     ------------------------------------------

2018-02-09 11:59:05,447 MCT_Register INFO     MSG RECEIVED FROM DISPATCH: 1002
2018-02-09 11:59:05,450 MCT_Register INFO     PLAYER ID NOT REGISTERED: playerVirtual22
2018-02-09 11:59:05,453 MCT_Register INFO     PLAYER REGISTERED: playerVirtual22
2018-02-09 11:59:05,460 MCT_Register INFO     ------------------------------------------

2018-02-09 11:59:05,501 MCT_Register INFO     MSG RECEIVED FROM DISPATCH: 1002
2018-02-09 11:59:05,504 MCT_Register INFO     PLAYER ID NOT REGISTERED: playerVirtual23
2018-02-09 11:59:05,506 MCT_Register INFO     PLAYER REGISTERED: playerVirtual23
2018-02-09 11:59:05,513 MCT_Register INFO     ------------------------------------------

2018-02-09 11:59:05,544 MCT_Register INFO     MSG RECEIVED FROM DISPATCH: 1002
2018-02-09 11:59:05,547 MCT_Register INFO     PLAYER ID NOT REGISTERED: playerVirtual24
2018-02-09 11:59:05,549 MCT_Register INFO     PLAYER REGISTERED: playerVirtual24
2018-02-09 11:59:05,558 MCT_Register INFO     ------------------------------------------

2018-02-09 11:59:05,561 MCT_Register INFO     MSG RECEIVED FROM DISPATCH: 1002
2018-02-09 11:59:05,563 MCT_Register INFO     PLAYER ID NOT REGISTERED: playerVirtual25
2018-02-09 11:59:05,566 MCT_Register INFO     PLAYER REGISTERED: playerVirtual25
2018-02-09 11:59:05,573 MCT_Register INFO     ------------------------------------------

2018-02-09 12:04:04,152 MCT_Register INFO     MSG RECEIVED FROM DISPATCH: 1002
2018-02-09 12:04:04,156 MCT_Register INFO     PLAYER ID NOT REGISTERED: playerVirtual26
2018-02-09 12:04:04,159 MCT_Register INFO     PLAYER REGISTERED: playerVirtual26
2018-02-09 12:04:04,165 MCT_Register INFO     ------------------------------------------

2018-02-09 12:04:04,180 MCT_Register INFO     MSG RECEIVED FROM DISPATCH: 1002
2018-02-09 12:04:04,183 MCT_Register INFO     PLAYER ID NOT REGISTERED: playerVirtual27
2018-02-09 12:04:04,186 MCT_Register INFO     PLAYER REGISTERED: playerVirtual27
2018-02-09 12:04:04,192 MCT_Register INFO     ------------------------------------------

2018-02-09 12:04:04,236 MCT_Register INFO     MSG RECEIVED FROM DISPATCH: 1002
2018-02-09 12:04:04,239 MCT_Register INFO     PLAYER ID NOT REGISTERED: playerVirtual28
2018-02-09 12:04:04,241 MCT_Register INFO     PLAYER REGISTERED: playerVirtual28
2018-02-09 12:04:04,248 MCT_Register INFO     ------------------------------------------

2018-02-09 12:04:04,322 MCT_Register INFO     MSG RECEIVED FROM DISPATCH: 1002
2018-02-09 12:04:04,325 MCT_Register INFO     PLAYER ID NOT REGISTERED: playerVirtual29
2018-02-09 12:04:04,327 MCT_Register INFO     PLAYER REGISTERED: playerVirtual29
2018-02-09 12:04:04,334 MCT_Register INFO     ------------------------------------------

2018-02-09 12:04:04,382 MCT_Register INFO     MSG RECEIVED FROM DISPATCH: 1002
2018-02-09 12:04:04,386 MCT_Register INFO     PLAYER ID NOT REGISTERED: playerVirtual30
2018-02-09 12:04:04,388 MCT_Register INFO     PLAYER REGISTERED: playerVirtual30
2018-02-09 12:04:04,396 MCT_Register INFO     ------------------------------------------

2018-02-09 12:04:04,423 MCT_Register INFO     MSG RECEIVED FROM DISPATCH: 1002
2018-02-09 12:04:04,426 MCT_Register INFO     PLAYER ID NOT REGISTERED: playerVirtual31
2018-02-09 12:04:04,428 MCT_Register INFO     PLAYER REGISTERED: playerVirtual31
2018-02-09 12:04:04,435 MCT_Register INFO     ------------------------------------------

2018-02-09 12:04:04,448 MCT_Register INFO     MSG RECEIVED FROM DISPATCH: 1002
2018-02-09 12:04:04,451 MCT_Register INFO     PLAYER ID NOT REGISTERED: playerVirtual32
2018-02-09 12:04:04,454 MCT_Register INFO     PLAYER REGISTERED: playerVirtual32
2018-02-09 12:04:04,461 MCT_Register INFO     ------------------------------------------

2018-02-09 12:04:04,509 MCT_Register INFO     MSG RECEIVED FROM DISPATCH: 1002
2018-02-09 12:04:04,512 MCT_Register INFO     PLAYER ID NOT REGISTERED: playerVirtual33
2018-02-09 12:04:04,514 MCT_Register INFO     PLAYER REGISTERED: playerVirtual33
2018-02-09 12:04:04,520 MCT_Register INFO     ------------------------------------------

2018-02-09 12:09:04,555 MCT_Register INFO     MSG RECEIVED FROM DISPATCH: 1002
2018-02-09 12:09:04,558 MCT_Register INFO     PLAYER ID NOT REGISTERED: playerVirtual34
2018-02-09 12:09:04,561 MCT_Register INFO     PLAYER REGISTERED: playerVirtual34
2018-02-09 12:09:04,568 MCT_Register INFO     ------------------------------------------

2018-02-09 12:09:04,627 MCT_Register INFO     MSG RECEIVED FROM DISPATCH: 1002
2018-02-09 12:09:04,630 MCT_Register INFO     PLAYER ID NOT REGISTERED: playerVirtual35
2018-02-09 12:09:04,633 MCT_Register INFO     PLAYER REGISTERED: playerVirtual35
2018-02-09 12:09:04,640 MCT_Register INFO     ------------------------------------------

2018-02-09 12:09:04,687 MCT_Register INFO     MSG RECEIVED FROM DISPATCH: 1002
2018-02-09 12:09:04,690 MCT_Register INFO     PLAYER ID NOT REGISTERED: playerVirtual36
2018-02-09 12:09:04,693 MCT_Register INFO     PLAYER REGISTERED: playerVirtual36
2018-02-09 12:09:04,700 MCT_Register INFO     ------------------------------------------

2018-02-09 12:09:04,723 MCT_Register INFO     MSG RECEIVED FROM DISPATCH: 1002
2018-02-09 12:09:04,726 MCT_Register INFO     PLAYER ID NOT REGISTERED: playerVirtual37
2018-02-09 12:09:04,728 MCT_Register INFO     PLAYER REGISTERED: playerVirtual37
2018-02-09 12:09:04,735 MCT_Register INFO     ------------------------------------------

2018-02-09 12:09:04,767 MCT_Register INFO     MSG RECEIVED FROM DISPATCH: 1002
2018-02-09 12:09:04,770 MCT_Register INFO     PLAYER ID NOT REGISTERED: playerVirtual38
2018-02-09 12:09:04,772 MCT_Register INFO     PLAYER REGISTERED: playerVirtual38
2018-02-09 12:09:04,781 MCT_Register INFO     ------------------------------------------

2018-02-09 12:09:04,782 MCT_Register INFO     MSG RECEIVED FROM DISPATCH: 1002
2018-02-09 12:09:04,785 MCT_Register INFO     PLAYER ID NOT REGISTERED: playerVirtual39
2018-02-09 12:09:04,788 MCT_Register INFO     PLAYER REGISTERED: playerVirtual39
2018-02-09 12:09:04,795 MCT_Register INFO     ------------------------------------------

2018-02-09 12:09:04,816 MCT_Register INFO     MSG RECEIVED FROM DISPATCH: 1002
2018-02-09 12:09:04,820 MCT_Register INFO     PLAYER ID NOT REGISTERED: playerVirtual40
2018-02-09 12:09:04,822 MCT_Register INFO     PLAYER REGISTERED: playerVirtual40
2018-02-09 12:09:04,830 MCT_Register INFO     ------------------------------------------

2018-02-09 12:09:04,844 MCT_Register INFO     MSG RECEIVED FROM DISPATCH: 1002
2018-02-09 12:09:04,847 MCT_Register INFO     PLAYER ID NOT REGISTERED: playerVirtual41
2018-02-09 12:09:04,850 MCT_Register INFO     PLAYER REGISTERED: playerVirtual41
2018-02-09 12:09:04,857 MCT_Register INFO     ------------------------------------------

2018-02-09 12:14:06,933 MCT_Register INFO     MSG RECEIVED FROM DISPATCH: 1002
2018-02-09 12:14:06,936 MCT_Register INFO     PLAYER ID NOT REGISTERED: playerVirtual42
2018-02-09 12:14:06,939 MCT_Register INFO     PLAYER REGISTERED: playerVirtual42
2018-02-09 12:14:06,946 MCT_Register INFO     ------------------------------------------

2018-02-09 12:14:06,990 MCT_Register INFO     MSG RECEIVED FROM DISPATCH: 1002
2018-02-09 12:14:06,994 MCT_Register INFO     PLAYER ID NOT REGISTERED: playerVirtual44
2018-02-09 12:14:06,996 MCT_Register INFO     PLAYER REGISTERED: playerVirtual44
2018-02-09 12:14:07,004 MCT_Register INFO     ------------------------------------------

2018-02-09 12:14:07,055 MCT_Register INFO     MSG RECEIVED FROM DISPATCH: 1002
2018-02-09 12:14:07,058 MCT_Register INFO     PLAYER ID NOT REGISTERED: playerVirtual43
2018-02-09 12:14:07,061 MCT_Register INFO     PLAYER REGISTERED: playerVirtual43
2018-02-09 12:14:07,068 MCT_Register INFO     ------------------------------------------

2018-02-09 12:14:07,088 MCT_Register INFO     MSG RECEIVED FROM DISPATCH: 1002
2018-02-09 12:14:07,091 MCT_Register INFO     PLAYER ID NOT REGISTERED: playerVirtual45
2018-02-09 12:14:07,095 MCT_Register INFO     PLAYER REGISTERED: playerVirtual45
2018-02-09 12:14:07,102 MCT_Register INFO     ------------------------------------------

2018-02-09 12:14:07,160 MCT_Register INFO     MSG RECEIVED FROM DISPATCH: 1002
2018-02-09 12:14:07,163 MCT_Register INFO     PLAYER ID NOT REGISTERED: playerVirtual46
2018-02-09 12:14:07,165 MCT_Register INFO     PLAYER REGISTERED: playerVirtual46
2018-02-09 12:14:07,173 MCT_Register INFO     ------------------------------------------

2018-02-09 12:14:07,215 MCT_Register INFO     MSG RECEIVED FROM DISPATCH: 1002
2018-02-09 12:14:07,218 MCT_Register INFO     PLAYER ID NOT REGISTERED: playerVirtual48
2018-02-09 12:14:07,221 MCT_Register INFO     PLAYER REGISTERED: playerVirtual48
2018-02-09 12:14:07,229 MCT_Register INFO     ------------------------------------------

2018-02-09 12:14:07,230 MCT_Register INFO     MSG RECEIVED FROM DISPATCH: 1002
2018-02-09 12:14:07,232 MCT_Register INFO     PLAYER ID NOT REGISTERED: playerVirtual49
2018-02-09 12:14:07,235 MCT_Register INFO     PLAYER REGISTERED: playerVirtual49
2018-02-09 12:14:07,241 MCT_Register INFO     ------------------------------------------

2018-02-09 12:14:07,264 MCT_Register INFO     MSG RECEIVED FROM DISPATCH: 1002
2018-02-09 12:14:07,267 MCT_Register INFO     PLAYER ID NOT REGISTERED: playerVirtual47
2018-02-09 12:14:07,269 MCT_Register INFO     PLAYER REGISTERED: playerVirtual47
2018-02-09 12:14:07,276 MCT_Register INFO     ------------------------------------------

2018-02-09 12:19:04,487 MCT_Register INFO     MSG RECEIVED FROM DISPATCH: 1002
2018-02-09 12:19:04,490 MCT_Register INFO     PLAYER ID NOT REGISTERED: playerVirtual50
2018-02-09 12:19:04,493 MCT_Register INFO     PLAYER REGISTERED: playerVirtual50
2018-02-09 12:19:04,500 MCT_Register INFO     ------------------------------------------

2018-02-09 12:19:04,521 MCT_Register INFO     MSG RECEIVED FROM DISPATCH: 1002
2018-02-09 12:19:04,524 MCT_Register INFO     PLAYER ID NOT REGISTERED: playerVirtual51
2018-02-09 12:19:04,527 MCT_Register INFO     PLAYER REGISTERED: playerVirtual51
2018-02-09 12:19:04,534 MCT_Register INFO     ------------------------------------------

2018-02-09 12:19:04,582 MCT_Register INFO     MSG RECEIVED FROM DISPATCH: 1002
2018-02-09 12:19:04,585 MCT_Register INFO     PLAYER ID NOT REGISTERED: playerVirtual52
2018-02-09 12:19:04,589 MCT_Register INFO     PLAYER REGISTERED: playerVirtual52
2018-02-09 12:19:04,596 MCT_Register INFO     ------------------------------------------

2018-02-09 12:19:04,637 MCT_Register INFO     MSG RECEIVED FROM DISPATCH: 1002
2018-02-09 12:19:04,640 MCT_Register INFO     PLAYER ID NOT REGISTERED: playerVirtual53
2018-02-09 12:19:04,642 MCT_Register INFO     PLAYER REGISTERED: playerVirtual53
2018-02-09 12:19:04,649 MCT_Register INFO     ------------------------------------------

2018-02-09 12:19:04,668 MCT_Register INFO     MSG RECEIVED FROM DISPATCH: 1002
2018-02-09 12:19:04,671 MCT_Register INFO     PLAYER ID NOT REGISTERED: playerVirtual54
2018-02-09 12:19:04,674 MCT_Register INFO     PLAYER REGISTERED: playerVirtual54
2018-02-09 12:19:04,681 MCT_Register INFO     ------------------------------------------

2018-02-09 12:19:04,716 MCT_Register INFO     MSG RECEIVED FROM DISPATCH: 1002
2018-02-09 12:19:04,719 MCT_Register INFO     PLAYER ID NOT REGISTERED: playerVirtual55
2018-02-09 12:19:04,722 MCT_Register INFO     PLAYER REGISTERED: playerVirtual55
2018-02-09 12:19:04,729 MCT_Register INFO     ------------------------------------------

2018-02-09 12:19:04,784 MCT_Register INFO     MSG RECEIVED FROM DISPATCH: 1002
2018-02-09 12:19:04,787 MCT_Register INFO     PLAYER ID NOT REGISTERED: playerVirtual57
2018-02-09 12:19:04,789 MCT_Register INFO     PLAYER REGISTERED: playerVirtual57
2018-02-09 12:19:04,797 MCT_Register INFO     ------------------------------------------

2018-02-09 12:19:04,812 MCT_Register INFO     MSG RECEIVED FROM DISPATCH: 1002
2018-02-09 12:19:04,816 MCT_Register INFO     PLAYER ID NOT REGISTERED: playerVirtual56
2018-02-09 12:19:04,818 MCT_Register INFO     PLAYER REGISTERED: playerVirtual56
2018-02-09 12:19:04,829 MCT_Register INFO     ------------------------------------------

2018-02-09 12:24:10,126 MCT_Register INFO     MSG RECEIVED FROM DISPATCH: 1002
2018-02-09 12:24:10,129 MCT_Register INFO     PLAYER ID NOT REGISTERED: playerVirtual58
2018-02-09 12:24:10,131 MCT_Register INFO     PLAYER REGISTERED: playerVirtual58
2018-02-09 12:24:10,139 MCT_Register INFO     ------------------------------------------

2018-02-09 12:24:10,228 MCT_Register INFO     MSG RECEIVED FROM DISPATCH: 1002
2018-02-09 12:24:10,231 MCT_Register INFO     PLAYER ID NOT REGISTERED: playerVirtual59
2018-02-09 12:24:10,234 MCT_Register INFO     PLAYER REGISTERED: playerVirtual59
2018-02-09 12:24:10,241 MCT_Register INFO     ------------------------------------------

2018-02-09 12:24:10,262 MCT_Register INFO     MSG RECEIVED FROM DISPATCH: 1002
2018-02-09 12:24:10,266 MCT_Register INFO     PLAYER ID NOT REGISTERED: playerVirtual60
2018-02-09 12:24:10,268 MCT_Register INFO     PLAYER REGISTERED: playerVirtual60
2018-02-09 12:24:10,275 MCT_Register INFO     ------------------------------------------

2018-02-09 12:24:10,318 MCT_Register INFO     MSG RECEIVED FROM DISPATCH: 1002
2018-02-09 12:24:10,321 MCT_Register INFO     PLAYER ID NOT REGISTERED: playerVirtual61
2018-02-09 12:24:10,324 MCT_Register INFO     PLAYER REGISTERED: playerVirtual61
2018-02-09 12:24:10,331 MCT_Register INFO     ------------------------------------------

2018-02-09 12:24:10,349 MCT_Register INFO     MSG RECEIVED FROM DISPATCH: 1002
2018-02-09 12:24:10,352 MCT_Register INFO     PLAYER ID NOT REGISTERED: playerVirtual62
2018-02-09 12:24:10,354 MCT_Register INFO     PLAYER REGISTERED: playerVirtual62
2018-02-09 12:24:10,361 MCT_Register INFO     ------------------------------------------

2018-02-09 12:24:10,395 MCT_Register INFO     MSG RECEIVED FROM DISPATCH: 1002
2018-02-09 12:24:10,399 MCT_Register INFO     PLAYER ID NOT REGISTERED: playerVirtual63
2018-02-09 12:24:10,401 MCT_Register INFO     PLAYER REGISTERED: playerVirtual63
2018-02-09 12:24:10,408 MCT_Register INFO     ------------------------------------------

2018-02-09 12:24:10,431 MCT_Register INFO     MSG RECEIVED FROM DISPATCH: 1002
2018-02-09 12:24:10,435 MCT_Register INFO     PLAYER ID NOT REGISTERED: playerVirtual64
2018-02-09 12:24:10,438 MCT_Register INFO     PLAYER REGISTERED: playerVirtual64
2018-02-09 12:24:10,445 MCT_Register INFO     ------------------------------------------

2018-02-09 12:24:10,465 MCT_Register INFO     MSG RECEIVED FROM DISPATCH: 1002
2018-02-09 12:24:10,468 MCT_Register INFO     PLAYER ID NOT REGISTERED: playerVirtual65
2018-02-09 12:24:10,470 MCT_Register INFO     PLAYER REGISTERED: playerVirtual65
2018-02-09 12:24:10,476 MCT_Register INFO     ------------------------------------------

2018-02-09 12:29:04,190 MCT_Register INFO     MSG RECEIVED FROM DISPATCH: 1002
2018-02-09 12:29:04,194 MCT_Register INFO     PLAYER ID NOT REGISTERED: playerVirtual66
2018-02-09 12:29:04,196 MCT_Register INFO     PLAYER REGISTERED: playerVirtual66
2018-02-09 12:29:04,203 MCT_Register INFO     ------------------------------------------

2018-02-09 12:29:04,253 MCT_Register INFO     MSG RECEIVED FROM DISPATCH: 1002
2018-02-09 12:29:04,256 MCT_Register INFO     PLAYER ID NOT REGISTERED: playerVirtual67
2018-02-09 12:29:04,259 MCT_Register INFO     PLAYER REGISTERED: playerVirtual67
2018-02-09 12:29:04,265 MCT_Register INFO     ------------------------------------------

2018-02-09 12:29:04,305 MCT_Register INFO     MSG RECEIVED FROM DISPATCH: 1002
2018-02-09 12:29:04,308 MCT_Register INFO     PLAYER ID NOT REGISTERED: playerVirtual68
2018-02-09 12:29:04,311 MCT_Register INFO     PLAYER REGISTERED: playerVirtual68
2018-02-09 12:29:04,318 MCT_Register INFO     ------------------------------------------

2018-02-09 12:29:04,350 MCT_Register INFO     MSG RECEIVED FROM DISPATCH: 1002
2018-02-09 12:29:04,353 MCT_Register INFO     PLAYER ID NOT REGISTERED: playerVirtual69
2018-02-09 12:29:04,356 MCT_Register INFO     PLAYER REGISTERED: playerVirtual69
2018-02-09 12:29:04,363 MCT_Register INFO     ------------------------------------------

2018-02-09 12:29:04,418 MCT_Register INFO     MSG RECEIVED FROM DISPATCH: 1002
2018-02-09 12:29:04,421 MCT_Register INFO     PLAYER ID NOT REGISTERED: playerVirtual70
2018-02-09 12:29:04,424 MCT_Register INFO     PLAYER REGISTERED: playerVirtual70
2018-02-09 12:29:04,431 MCT_Register INFO     ------------------------------------------

2018-02-09 12:29:04,457 MCT_Register INFO     MSG RECEIVED FROM DISPATCH: 1002
2018-02-09 12:29:04,461 MCT_Register INFO     PLAYER ID NOT REGISTERED: playerVirtual71
2018-02-09 12:29:04,463 MCT_Register INFO     PLAYER REGISTERED: playerVirtual71
2018-02-09 12:29:04,471 MCT_Register INFO     ------------------------------------------

2018-02-09 12:29:04,476 MCT_Register INFO     MSG RECEIVED FROM DISPATCH: 1002
2018-02-09 12:29:04,480 MCT_Register INFO     PLAYER ID NOT REGISTERED: playerVirtual72
2018-02-09 12:29:04,482 MCT_Register INFO     PLAYER REGISTERED: playerVirtual72
2018-02-09 12:29:04,489 MCT_Register INFO     ------------------------------------------

2018-02-09 12:29:04,520 MCT_Register INFO     MSG RECEIVED FROM DISPATCH: 1002
2018-02-09 12:29:04,523 MCT_Register INFO     PLAYER ID NOT REGISTERED: playerVirtual73
2018-02-09 12:29:04,525 MCT_Register INFO     PLAYER REGISTERED: playerVirtual73
2018-02-09 12:29:04,533 MCT_Register INFO     ------------------------------------------

2018-02-09 12:34:09,742 MCT_Register INFO     MSG RECEIVED FROM DISPATCH: 1002
2018-02-09 12:34:09,746 MCT_Register INFO     PLAYER ID NOT REGISTERED: playerVirtual74
2018-02-09 12:34:09,748 MCT_Register INFO     PLAYER REGISTERED: playerVirtual74
2018-02-09 12:34:09,756 MCT_Register INFO     ------------------------------------------

2018-02-09 12:34:09,832 MCT_Register INFO     MSG RECEIVED FROM DISPATCH: 1002
2018-02-09 12:34:09,836 MCT_Register INFO     PLAYER ID NOT REGISTERED: playerVirtual75
2018-02-09 12:34:09,838 MCT_Register INFO     PLAYER REGISTERED: playerVirtual75
2018-02-09 12:34:09,845 MCT_Register INFO     ------------------------------------------

2018-02-09 12:34:09,863 MCT_Register INFO     MSG RECEIVED FROM DISPATCH: 1002
2018-02-09 12:34:09,866 MCT_Register INFO     PLAYER ID NOT REGISTERED: playerVirtual76
2018-02-09 12:34:09,868 MCT_Register INFO     PLAYER REGISTERED: playerVirtual76
2018-02-09 12:34:09,875 MCT_Register INFO     ------------------------------------------

2018-02-09 12:34:09,923 MCT_Register INFO     MSG RECEIVED FROM DISPATCH: 1002
2018-02-09 12:34:09,927 MCT_Register INFO     PLAYER ID NOT REGISTERED: playerVirtual77
2018-02-09 12:34:09,929 MCT_Register INFO     PLAYER REGISTERED: playerVirtual77
2018-02-09 12:34:09,936 MCT_Register INFO     ------------------------------------------

2018-02-09 12:34:09,969 MCT_Register INFO     MSG RECEIVED FROM DISPATCH: 1002
2018-02-09 12:34:09,973 MCT_Register INFO     PLAYER ID NOT REGISTERED: playerVirtual78
2018-02-09 12:34:09,976 MCT_Register INFO     PLAYER REGISTERED: playerVirtual78
2018-02-09 12:34:09,984 MCT_Register INFO     ------------------------------------------

2018-02-09 12:34:10,000 MCT_Register INFO     MSG RECEIVED FROM DISPATCH: 1002
2018-02-09 12:34:10,003 MCT_Register INFO     PLAYER ID NOT REGISTERED: playerVirtual79
2018-02-09 12:34:10,007 MCT_Register INFO     PLAYER REGISTERED: playerVirtual79
2018-02-09 12:34:10,014 MCT_Register INFO     ------------------------------------------

2018-02-09 12:34:10,029 MCT_Register INFO     MSG RECEIVED FROM DISPATCH: 1002
2018-02-09 12:34:10,032 MCT_Register INFO     PLAYER ID NOT REGISTERED: playerVirtual80
2018-02-09 12:34:10,047 MCT_Register INFO     PLAYER REGISTERED: playerVirtual80
2018-02-09 12:34:10,054 MCT_Register INFO     ------------------------------------------

2018-02-09 12:34:10,080 MCT_Register INFO     MSG RECEIVED FROM DISPATCH: 1002
2018-02-09 12:34:10,083 MCT_Register INFO     PLAYER ID NOT REGISTERED: playerVirtual81
2018-02-09 12:34:10,085 MCT_Register INFO     PLAYER REGISTERED: playerVirtual81
2018-02-09 12:34:10,092 MCT_Register INFO     ------------------------------------------

2018-02-09 12:39:04,921 MCT_Register INFO     MSG RECEIVED FROM DISPATCH: 1002
2018-02-09 12:39:04,924 MCT_Register INFO     PLAYER ID NOT REGISTERED: playerVirtual87
2018-02-09 12:39:04,927 MCT_Register INFO     PLAYER REGISTERED: playerVirtual87
2018-02-09 12:39:04,934 MCT_Register INFO     ------------------------------------------

2018-02-09 12:39:05,049 MCT_Register INFO     MSG RECEIVED FROM DISPATCH: 1002
2018-02-09 12:39:05,053 MCT_Register INFO     PLAYER ID NOT REGISTERED: playerVirtual88
2018-02-09 12:39:05,055 MCT_Register INFO     PLAYER REGISTERED: playerVirtual88
2018-02-09 12:39:05,061 MCT_Register INFO     ------------------------------------------

2018-02-09 12:39:05,133 MCT_Register INFO     MSG RECEIVED FROM DISPATCH: 1002
2018-02-09 12:39:05,136 MCT_Register INFO     PLAYER ID NOT REGISTERED: playerVirtual83
2018-02-09 12:39:05,138 MCT_Register INFO     PLAYER REGISTERED: playerVirtual83
2018-02-09 12:39:05,146 MCT_Register INFO     ------------------------------------------

2018-02-09 12:39:05,186 MCT_Register INFO     MSG RECEIVED FROM DISPATCH: 1002
2018-02-09 12:39:05,189 MCT_Register INFO     PLAYER ID NOT REGISTERED: playerVirtual85
2018-02-09 12:39:05,192 MCT_Register INFO     PLAYER REGISTERED: playerVirtual85
2018-02-09 12:39:05,199 MCT_Register INFO     ------------------------------------------

2018-02-09 12:39:05,236 MCT_Register INFO     MSG RECEIVED FROM DISPATCH: 1002
2018-02-09 12:39:05,239 MCT_Register INFO     PLAYER ID NOT REGISTERED: playerVirtual89
2018-02-09 12:39:05,242 MCT_Register INFO     PLAYER REGISTERED: playerVirtual89
2018-02-09 12:39:05,249 MCT_Register INFO     ------------------------------------------

2018-02-09 12:39:05,391 MCT_Register INFO     MSG RECEIVED FROM DISPATCH: 1002
2018-02-09 12:39:05,394 MCT_Register INFO     PLAYER ID NOT REGISTERED: playerVirtual82
2018-02-09 12:39:05,397 MCT_Register INFO     PLAYER REGISTERED: playerVirtual82
2018-02-09 12:39:05,404 MCT_Register INFO     ------------------------------------------

2018-02-09 12:39:05,425 MCT_Register INFO     MSG RECEIVED FROM DISPATCH: 1002
2018-02-09 12:39:05,428 MCT_Register INFO     PLAYER ID NOT REGISTERED: playerVirtual84
2018-02-09 12:39:05,431 MCT_Register INFO     PLAYER REGISTERED: playerVirtual84
2018-02-09 12:39:05,438 MCT_Register INFO     ------------------------------------------

2018-02-09 12:39:05,455 MCT_Register INFO     MSG RECEIVED FROM DISPATCH: 1002
2018-02-09 12:39:05,458 MCT_Register INFO     PLAYER ID NOT REGISTERED: playerVirtual86
2018-02-09 12:39:05,460 MCT_Register INFO     PLAYER REGISTERED: playerVirtual86
2018-02-09 12:39:05,467 MCT_Register INFO     ------------------------------------------

2018-02-09 12:44:11,086 MCT_Register INFO     MSG RECEIVED FROM DISPATCH: 1002
2018-02-09 12:44:11,090 MCT_Register INFO     PLAYER ID NOT REGISTERED: playerVirtual92
2018-02-09 12:44:11,092 MCT_Register INFO     PLAYER REGISTERED: playerVirtual92
2018-02-09 12:44:11,099 MCT_Register INFO     ------------------------------------------

2018-02-09 12:44:11,134 MCT_Register INFO     MSG RECEIVED FROM DISPATCH: 1002
2018-02-09 12:44:11,138 MCT_Register INFO     PLAYER ID NOT REGISTERED: playerVirtual97
2018-02-09 12:44:11,140 MCT_Register INFO     PLAYER REGISTERED: playerVirtual97
2018-02-09 12:44:11,148 MCT_Register INFO     ------------------------------------------

2018-02-09 12:44:11,264 MCT_Register INFO     MSG RECEIVED FROM DISPATCH: 1002
2018-02-09 12:44:11,268 MCT_Register INFO     PLAYER ID NOT REGISTERED: playerVirtual93
2018-02-09 12:44:11,270 MCT_Register INFO     PLAYER REGISTERED: playerVirtual93
2018-02-09 12:44:11,279 MCT_Register INFO     ------------------------------------------

2018-02-09 12:44:11,359 MCT_Register INFO     MSG RECEIVED FROM DISPATCH: 1002
2018-02-09 12:44:11,362 MCT_Register INFO     PLAYER ID NOT REGISTERED: playerVirtual90
2018-02-09 12:44:11,365 MCT_Register INFO     PLAYER REGISTERED: playerVirtual90
2018-02-09 12:44:11,372 MCT_Register INFO     ------------------------------------------

2018-02-09 12:44:11,437 MCT_Register INFO     MSG RECEIVED FROM DISPATCH: 1002
2018-02-09 12:44:11,441 MCT_Register INFO     PLAYER ID NOT REGISTERED: playerVirtual94
2018-02-09 12:44:11,444 MCT_Register INFO     PLAYER REGISTERED: playerVirtual94
2018-02-09 12:44:11,455 MCT_Register INFO     ------------------------------------------

2018-02-09 12:44:11,456 MCT_Register INFO     MSG RECEIVED FROM DISPATCH: 1002
2018-02-09 12:44:11,458 MCT_Register INFO     PLAYER ID NOT REGISTERED: playerVirtual95
2018-02-09 12:44:11,461 MCT_Register INFO     PLAYER REGISTERED: playerVirtual95
2018-02-09 12:44:11,467 MCT_Register INFO     ------------------------------------------

2018-02-09 12:44:11,594 MCT_Register INFO     MSG RECEIVED FROM DISPATCH: 1002
2018-02-09 12:44:11,597 MCT_Register INFO     PLAYER ID NOT REGISTERED: playerVirtual91
2018-02-09 12:44:11,600 MCT_Register INFO     PLAYER REGISTERED: playerVirtual91
2018-02-09 12:44:11,607 MCT_Register INFO     ------------------------------------------

2018-02-09 12:44:11,626 MCT_Register INFO     MSG RECEIVED FROM DISPATCH: 1002
2018-02-09 12:44:11,630 MCT_Register INFO     PLAYER ID NOT REGISTERED: playerVirtual96
2018-02-09 12:44:11,633 MCT_Register INFO     PLAYER REGISTERED: playerVirtual96
2018-02-09 12:44:11,640 MCT_Register INFO     ------------------------------------------

