2018-03-02 00:18:35,618 MCT_Register INFO     ###### START MCT_REGISTER ######

2018-03-02 00:18:59,732 MCT_Register INFO     MSG RECEIVED FROM DISPATCH: 1002
2018-03-02 00:18:59,759 MCT_Register INFO     PLAYER ID NOT REGISTERED: playerVirtual1
2018-03-02 00:18:59,771 MCT_Register INFO     playerVirtual1 register 1
2018-03-02 00:18:59,828 MCT_Register INFO     ------------------------------------------

2018-03-02 00:18:59,846 MCT_Register INFO     MSG RECEIVED FROM DISPATCH: 1002
2018-03-02 00:18:59,856 MCT_Register INFO     PLAYER ID NOT REGISTERED: playerVirtual2
2018-03-02 00:18:59,868 MCT_Register INFO     playerVirtual2 register 1
2018-03-02 00:18:59,913 MCT_Register INFO     ------------------------------------------

2018-03-02 00:23:57,223 MCT_Register INFO     MSG RECEIVED FROM DISPATCH: 1002
2018-03-02 00:23:57,231 MCT_Register INFO     PLAYER ID NOT REGISTERED: playerVirtual3
2018-03-02 00:23:57,273 MCT_Register INFO     playerVirtual3 register 1
2018-03-02 00:23:57,326 MCT_Register INFO     ------------------------------------------

2018-03-02 00:28:57,726 MCT_Register INFO     MSG RECEIVED FROM DISPATCH: 1002
2018-03-02 00:28:57,731 MCT_Register INFO     PLAYER ID NOT REGISTERED: playerVirtual4
2018-03-02 00:28:57,745 MCT_Register INFO     playerVirtual4 register 1
2018-03-02 00:28:57,802 MCT_Register INFO     ------------------------------------------

2018-03-02 00:29:09,704 MCT_Register INFO     MSG RECEIVED FROM DISPATCH: 1002
2018-03-02 00:29:09,711 MCT_Register INFO     PLAYER ID NOT REGISTERED: playerVirtual0
2018-03-02 00:29:09,727 MCT_Register INFO     playerVirtual0 register 1
2018-03-02 00:29:09,777 MCT_Register INFO     ------------------------------------------

2018-03-02 00:33:57,777 MCT_Register INFO     MSG RECEIVED FROM DISPATCH: 1002
2018-03-02 00:33:57,786 MCT_Register INFO     PLAYER ID NOT REGISTERED: playerVirtual5
2018-03-02 00:33:57,826 MCT_Register INFO     playerVirtual5 register 1
2018-03-02 00:33:57,881 MCT_Register INFO     ------------------------------------------

2018-03-02 00:39:01,042 MCT_Register INFO     MSG RECEIVED FROM DISPATCH: 1002
2018-03-02 00:39:01,050 MCT_Register INFO     PLAYER ID NOT REGISTERED: playerVirtual6
2018-03-02 00:39:01,057 MCT_Register INFO     playerVirtual6 register 1
2018-03-02 00:39:01,112 MCT_Register INFO     ------------------------------------------

2018-03-02 00:41:20,171 MCT_Register INFO     MSG RECEIVED FROM DISPATCH: 1002
2018-03-02 00:41:20,180 MCT_Register INFO     PLAYER ID NOT REGISTERED: playerVirtual1610
2018-03-02 00:41:20,432 MCT_Register INFO     playerVirtual1610 register 1
2018-03-02 00:41:20,484 MCT_Register INFO     ------------------------------------------

2018-03-02 00:43:59,489 MCT_Register INFO     MSG RECEIVED FROM DISPATCH: 1002
2018-03-02 00:43:59,496 MCT_Register INFO     PLAYER ID NOT REGISTERED: playerVirtual7
2018-03-02 00:43:59,518 MCT_Register INFO     playerVirtual7 register 1
2018-03-02 00:43:59,585 MCT_Register INFO     ------------------------------------------

2018-03-02 00:49:00,569 MCT_Register INFO     MSG RECEIVED FROM DISPATCH: 1002
2018-03-02 00:49:00,579 MCT_Register INFO     PLAYER ID NOT REGISTERED: playerVirtual8
2018-03-02 00:49:00,584 MCT_Register INFO     playerVirtual8 register 1
2018-03-02 00:49:00,648 MCT_Register INFO     ------------------------------------------

2018-03-02 00:54:00,434 MCT_Register INFO     MSG RECEIVED FROM DISPATCH: 1002
2018-03-02 00:54:00,441 MCT_Register INFO     PLAYER ID NOT REGISTERED: playerVirtual9
2018-03-02 00:54:00,447 MCT_Register INFO     playerVirtual9 register 1
2018-03-02 00:54:00,496 MCT_Register INFO     ------------------------------------------

2018-03-02 00:54:08,554 MCT_Register INFO     MSG RECEIVED FROM DISPATCH: 1002
2018-03-02 00:54:08,568 MCT_Register INFO     PLAYER ID NOT REGISTERED: playerVirtual1022
2018-03-02 00:54:08,605 MCT_Register INFO     playerVirtual1022 register 1
2018-03-02 00:54:08,660 MCT_Register INFO     ------------------------------------------

2018-03-02 00:59:01,738 MCT_Register INFO     MSG RECEIVED FROM DISPATCH: 1002
2018-03-02 00:59:01,745 MCT_Register INFO     PLAYER ID NOT REGISTERED: playerVirtual10
2018-03-02 00:59:01,754 MCT_Register INFO     playerVirtual10 register 1
2018-03-02 00:59:01,803 MCT_Register INFO     ------------------------------------------

2018-03-02 01:03:56,266 MCT_Register INFO     MSG RECEIVED FROM DISPATCH: 1002
2018-03-02 01:03:56,275 MCT_Register INFO     PLAYER ID NOT REGISTERED: playerVirtual11
2018-03-02 01:03:56,283 MCT_Register INFO     playerVirtual11 register 1
2018-03-02 01:03:56,337 MCT_Register INFO     ------------------------------------------

2018-03-02 01:06:18,791 MCT_Register INFO     MSG RECEIVED FROM DISPATCH: 1002
2018-03-02 01:06:18,796 MCT_Register INFO     PLAYER ID NOT REGISTERED: playerVirtual1243
2018-03-02 01:06:18,825 MCT_Register INFO     playerVirtual1243 register 1
2018-03-02 01:06:18,878 MCT_Register INFO     ------------------------------------------

2018-03-02 01:08:57,057 MCT_Register INFO     MSG RECEIVED FROM DISPATCH: 1002
2018-03-02 01:08:57,064 MCT_Register INFO     PLAYER ID NOT REGISTERED: playerVirtual12
2018-03-02 01:08:57,071 MCT_Register INFO     playerVirtual12 register 1
2018-03-02 01:08:57,131 MCT_Register INFO     ------------------------------------------

2018-03-02 01:13:57,510 MCT_Register INFO     MSG RECEIVED FROM DISPATCH: 1002
2018-03-02 01:13:57,516 MCT_Register INFO     PLAYER ID NOT REGISTERED: playerVirtual13
2018-03-02 01:13:57,585 MCT_Register INFO     playerVirtual13 register 1
2018-03-02 01:13:57,635 MCT_Register INFO     ------------------------------------------

2018-03-02 01:17:08,113 MCT_Register INFO     MSG RECEIVED FROM DISPATCH: 1002
2018-03-02 01:17:08,123 MCT_Register INFO     PLAYER ID NOT REGISTERED: playerVirtual1165
2018-03-02 01:17:08,164 MCT_Register INFO     playerVirtual1165 register 1
2018-03-02 01:17:08,220 MCT_Register INFO     ------------------------------------------

2018-03-02 01:18:58,051 MCT_Register INFO     MSG RECEIVED FROM DISPATCH: 1002
2018-03-02 01:18:58,056 MCT_Register INFO     PLAYER ID NOT REGISTERED: playerVirtual14
2018-03-02 01:18:58,104 MCT_Register INFO     playerVirtual14 register 1
2018-03-02 01:18:58,162 MCT_Register INFO     ------------------------------------------

2018-03-02 01:23:57,942 MCT_Register INFO     MSG RECEIVED FROM DISPATCH: 1002
2018-03-02 01:23:57,952 MCT_Register INFO     PLAYER ID NOT REGISTERED: playerVirtual15
2018-03-02 01:23:57,958 MCT_Register INFO     playerVirtual15 register 1
2018-03-02 01:23:58,006 MCT_Register INFO     ------------------------------------------

2018-03-02 01:29:01,144 MCT_Register INFO     MSG RECEIVED FROM DISPATCH: 1002
2018-03-02 01:29:01,151 MCT_Register INFO     PLAYER ID NOT REGISTERED: playerVirtual16
2018-03-02 01:29:01,157 MCT_Register INFO     playerVirtual16 register 1
2018-03-02 01:29:01,209 MCT_Register INFO     ------------------------------------------

2018-03-02 01:31:15,272 MCT_Register INFO     MSG RECEIVED FROM DISPATCH: 1002
2018-03-02 01:31:15,280 MCT_Register INFO     PLAYER ID NOT REGISTERED: playerVirtual1873
2018-03-02 01:31:15,287 MCT_Register INFO     playerVirtual1873 register 1
2018-03-02 01:31:15,335 MCT_Register INFO     ------------------------------------------

2018-03-02 01:33:59,500 MCT_Register INFO     MSG RECEIVED FROM DISPATCH: 1002
2018-03-02 01:33:59,507 MCT_Register INFO     PLAYER ID NOT REGISTERED: playerVirtual17
2018-03-02 01:33:59,637 MCT_Register INFO     playerVirtual17 register 1
2018-03-02 01:33:59,692 MCT_Register INFO     ------------------------------------------

2018-03-02 01:39:00,914 MCT_Register INFO     MSG RECEIVED FROM DISPATCH: 1002
2018-03-02 01:39:00,928 MCT_Register INFO     PLAYER ID NOT REGISTERED: playerVirtual18
2018-03-02 01:39:00,934 MCT_Register INFO     playerVirtual18 register 1
2018-03-02 01:39:00,982 MCT_Register INFO     ------------------------------------------

2018-03-02 01:43:58,878 MCT_Register INFO     MSG RECEIVED FROM DISPATCH: 1002
2018-03-02 01:43:58,884 MCT_Register INFO     PLAYER ID NOT REGISTERED: playerVirtual19
2018-03-02 01:43:58,892 MCT_Register INFO     playerVirtual19 register 1
2018-03-02 01:43:58,949 MCT_Register INFO     ------------------------------------------

2018-03-02 01:53:28,526 MCT_Register INFO     MSG RECEIVED FROM DISPATCH: 1002
2018-03-02 01:53:28,533 MCT_Register INFO     PLAYER ID NOT REGISTERED: playerVirtual1960
2018-03-02 01:53:28,542 MCT_Register INFO     playerVirtual1960 register 1
2018-03-02 01:53:28,596 MCT_Register INFO     ------------------------------------------

2018-03-02 02:18:43,883 MCT_Register INFO     MSG RECEIVED FROM DISPATCH: 1002
2018-03-02 02:18:43,891 MCT_Register INFO     PLAYER ID NOT REGISTERED: playerVirtual1851
2018-03-02 02:18:43,985 MCT_Register INFO     playerVirtual1851 register 1
2018-03-02 02:18:44,042 MCT_Register INFO     ------------------------------------------

2018-03-02 02:47:57,496 MCT_Register INFO     MSG RECEIVED FROM DISPATCH: 1002
2018-03-02 02:47:57,511 MCT_Register INFO     PLAYER ID NOT REGISTERED: playerVirtual1227
2018-03-02 02:47:57,531 MCT_Register INFO     playerVirtual1227 register 1
2018-03-02 02:47:57,587 MCT_Register INFO     ------------------------------------------

2018-03-02 03:19:41,882 MCT_Register INFO     MSG RECEIVED FROM DISPATCH: 1002
2018-03-02 03:19:41,890 MCT_Register INFO     PLAYER ID NOT REGISTERED: playerVirtual1853
2018-03-02 03:19:41,902 MCT_Register INFO     playerVirtual1853 register 1
2018-03-02 03:19:41,957 MCT_Register INFO     ------------------------------------------

2018-03-02 03:55:24,627 MCT_Register INFO     MSG RECEIVED FROM DISPATCH: 1002
2018-03-02 03:55:24,637 MCT_Register INFO     PLAYER ID NOT REGISTERED: playerVirtual1322
2018-03-02 03:55:24,644 MCT_Register INFO     playerVirtual1322 register 1
2018-03-02 03:55:24,697 MCT_Register INFO     ------------------------------------------

2018-03-02 04:34:19,865 MCT_Register INFO     MSG RECEIVED FROM DISPATCH: 1002
2018-03-02 04:34:19,873 MCT_Register INFO     PLAYER ID NOT REGISTERED: playerVirtual1176
2018-03-02 04:34:19,879 MCT_Register INFO     playerVirtual1176 register 1
2018-03-02 04:34:19,927 MCT_Register INFO     ------------------------------------------

2018-03-02 05:17:04,235 MCT_Register INFO     MSG RECEIVED FROM DISPATCH: 1002
2018-03-02 05:17:04,245 MCT_Register INFO     PLAYER ID NOT REGISTERED: playerVirtual1788
2018-03-02 05:17:04,256 MCT_Register INFO     playerVirtual1788 register 1
2018-03-02 05:17:04,317 MCT_Register INFO     ------------------------------------------

2018-03-02 06:02:08,568 MCT_Register INFO     MSG RECEIVED FROM DISPATCH: 1002
2018-03-02 06:02:08,576 MCT_Register INFO     PLAYER ID NOT REGISTERED: playerVirtual1740
2018-03-02 06:02:08,582 MCT_Register INFO     playerVirtual1740 register 1
2018-03-02 06:02:08,629 MCT_Register INFO     ------------------------------------------

2018-03-02 06:50:04,745 MCT_Register INFO     MSG RECEIVED FROM DISPATCH: 1002
2018-03-02 06:50:04,817 MCT_Register INFO     PLAYER ID NOT REGISTERED: playerVirtual1442
2018-03-02 06:50:04,887 MCT_Register INFO     playerVirtual1442 register 1
2018-03-02 06:50:04,938 MCT_Register INFO     ------------------------------------------

2018-03-02 07:41:36,451 MCT_Register INFO     MSG RECEIVED FROM DISPATCH: 1002
2018-03-02 07:41:36,460 MCT_Register INFO     PLAYER ID NOT REGISTERED: playerVirtual1618
2018-03-02 07:41:36,497 MCT_Register INFO     playerVirtual1618 register 1
2018-03-02 07:41:36,566 MCT_Register INFO     ------------------------------------------

2018-03-02 08:39:43,802 MCT_Register INFO     MSG RECEIVED FROM DISPATCH: 1002
2018-03-02 08:39:43,810 MCT_Register INFO     PLAYER ID NOT REGISTERED: playerVirtual1735
2018-03-02 08:39:43,818 MCT_Register INFO     playerVirtual1735 register 1
2018-03-02 08:39:43,886 MCT_Register INFO     ------------------------------------------

2018-03-02 09:43:55,092 MCT_Register INFO     MSG RECEIVED FROM DISPATCH: 1002
2018-03-02 09:43:55,101 MCT_Register INFO     PLAYER ID NOT REGISTERED: playerVirtual1389
2018-03-02 09:43:55,105 MCT_Register INFO     playerVirtual1389 register 1
2018-03-02 09:43:55,155 MCT_Register INFO     ------------------------------------------

2018-03-02 10:50:11,177 MCT_Register INFO     MSG RECEIVED FROM DISPATCH: 1002
2018-03-02 10:50:11,186 MCT_Register INFO     PLAYER ID NOT REGISTERED: playerVirtual1515
2018-03-02 10:50:11,194 MCT_Register INFO     playerVirtual1515 register 1
2018-03-02 10:50:11,256 MCT_Register INFO     ------------------------------------------

2018-03-02 11:15:52,764 MCT_Register INFO     ###### STOP MCT_REGISTER ######

