2018-02-27 22:03:18,434 MCT_Register INFO     ###### START MCT_REGISTER ######

2018-02-27 22:03:31,689 MCT_Register INFO     MSG RECEIVED FROM DISPATCH: 1002
2018-02-27 22:03:31,717 MCT_Register INFO     PLAYER ID NOT REGISTERED: playerVirtual1
2018-02-27 22:03:31,728 MCT_Register INFO     playerVirtual1 register 1
2018-02-27 22:03:31,779 MCT_Register INFO     ------------------------------------------

2018-02-27 22:03:31,781 MCT_Register INFO     MSG RECEIVED FROM DISPATCH: 1002
2018-02-27 22:03:31,788 MCT_Register INFO     PLAYER ID NOT REGISTERED: playerVirtual2
2018-02-27 22:03:31,792 MCT_Register INFO     playerVirtual2 register 1
2018-02-27 22:03:31,839 MCT_Register INFO     ------------------------------------------

2018-02-27 22:08:32,885 MCT_Register INFO     MSG RECEIVED FROM DISPATCH: 1002
2018-02-27 22:08:32,891 MCT_Register INFO     PLAYER ID NOT REGISTERED: playerVirtual3
2018-02-27 22:08:32,900 MCT_Register INFO     playerVirtual3 register 1
2018-02-27 22:08:32,953 MCT_Register INFO     ------------------------------------------

2018-02-27 22:13:29,134 MCT_Register INFO     MSG RECEIVED FROM DISPATCH: 1002
2018-02-27 22:13:29,142 MCT_Register INFO     PLAYER ID NOT REGISTERED: playerVirtual4
2018-02-27 22:13:29,150 MCT_Register INFO     playerVirtual4 register 1
2018-02-27 22:13:29,197 MCT_Register INFO     ------------------------------------------

2018-02-27 22:13:38,096 MCT_Register INFO     MSG RECEIVED FROM DISPATCH: 1002
2018-02-27 22:13:38,103 MCT_Register INFO     PLAYER ID NOT REGISTERED: playerVirtual0
2018-02-27 22:13:38,112 MCT_Register INFO     playerVirtual0 register 1
2018-02-27 22:13:38,164 MCT_Register INFO     ------------------------------------------

2018-02-27 22:18:35,537 MCT_Register INFO     MSG RECEIVED FROM DISPATCH: 1002
2018-02-27 22:18:35,543 MCT_Register INFO     PLAYER ID NOT REGISTERED: playerVirtual5
2018-02-27 22:18:35,548 MCT_Register INFO     playerVirtual5 register 1
2018-02-27 22:18:35,601 MCT_Register INFO     ------------------------------------------

2018-02-27 22:23:30,464 MCT_Register INFO     MSG RECEIVED FROM DISPATCH: 1002
2018-02-27 22:23:30,469 MCT_Register INFO     PLAYER ID NOT REGISTERED: playerVirtual6
2018-02-27 22:23:30,473 MCT_Register INFO     playerVirtual6 register 1
2018-02-27 22:23:30,517 MCT_Register INFO     ------------------------------------------

2018-02-27 22:25:47,107 MCT_Register INFO     MSG RECEIVED FROM DISPATCH: 1002
2018-02-27 22:25:47,112 MCT_Register INFO     PLAYER ID NOT REGISTERED: playerVirtual1420
2018-02-27 22:25:47,117 MCT_Register INFO     playerVirtual1420 register 1
2018-02-27 22:25:47,162 MCT_Register INFO     ------------------------------------------

2018-02-27 22:28:32,418 MCT_Register INFO     MSG RECEIVED FROM DISPATCH: 1002
2018-02-27 22:28:32,426 MCT_Register INFO     PLAYER ID NOT REGISTERED: playerVirtual7
2018-02-27 22:28:32,436 MCT_Register INFO     playerVirtual7 register 1
2018-02-27 22:28:32,484 MCT_Register INFO     ------------------------------------------

2018-02-27 22:33:33,546 MCT_Register INFO     MSG RECEIVED FROM DISPATCH: 1002
2018-02-27 22:33:33,554 MCT_Register INFO     PLAYER ID NOT REGISTERED: playerVirtual8
2018-02-27 22:33:33,562 MCT_Register INFO     playerVirtual8 register 1
2018-02-27 22:33:33,621 MCT_Register INFO     ------------------------------------------

2018-02-27 22:38:32,574 MCT_Register INFO     MSG RECEIVED FROM DISPATCH: 1002
2018-02-27 22:38:32,581 MCT_Register INFO     PLAYER ID NOT REGISTERED: playerVirtual9
2018-02-27 22:38:32,639 MCT_Register INFO     playerVirtual9 register 1
2018-02-27 22:38:32,689 MCT_Register INFO     ------------------------------------------

2018-02-27 22:38:32,708 MCT_Register INFO     MSG RECEIVED FROM DISPATCH: 1002
2018-02-27 22:38:32,721 MCT_Register INFO     PLAYER ID NOT REGISTERED: playerVirtual1543
2018-02-27 22:38:32,839 MCT_Register INFO     playerVirtual1543 register 1
2018-02-27 22:38:32,898 MCT_Register INFO     ------------------------------------------

2018-02-27 22:43:32,409 MCT_Register INFO     MSG RECEIVED FROM DISPATCH: 1002
2018-02-27 22:43:32,419 MCT_Register INFO     PLAYER ID NOT REGISTERED: playerVirtual10
2018-02-27 22:43:32,423 MCT_Register INFO     playerVirtual10 register 1
2018-02-27 22:43:32,468 MCT_Register INFO     ------------------------------------------

2018-02-27 22:48:30,749 MCT_Register INFO     MSG RECEIVED FROM DISPATCH: 1002
2018-02-27 22:48:30,755 MCT_Register INFO     PLAYER ID NOT REGISTERED: playerVirtual11
2018-02-27 22:48:30,762 MCT_Register INFO     playerVirtual11 register 1
2018-02-27 22:48:30,813 MCT_Register INFO     ------------------------------------------

2018-02-27 22:50:36,477 MCT_Register INFO     MSG RECEIVED FROM DISPATCH: 1002
2018-02-27 22:50:36,489 MCT_Register INFO     PLAYER ID NOT REGISTERED: playerVirtual1931
2018-02-27 22:50:36,508 MCT_Register INFO     playerVirtual1931 register 1
2018-02-27 22:50:36,553 MCT_Register INFO     ------------------------------------------

2018-02-27 22:53:36,276 MCT_Register INFO     MSG RECEIVED FROM DISPATCH: 1002
2018-02-27 22:53:36,282 MCT_Register INFO     PLAYER ID NOT REGISTERED: playerVirtual12
2018-02-27 22:53:36,320 MCT_Register INFO     playerVirtual12 register 1
2018-02-27 22:53:36,375 MCT_Register INFO     ------------------------------------------

2018-02-27 22:58:36,786 MCT_Register INFO     MSG RECEIVED FROM DISPATCH: 1002
2018-02-27 22:58:36,790 MCT_Register INFO     PLAYER ID NOT REGISTERED: playerVirtual13
2018-02-27 22:58:36,796 MCT_Register INFO     playerVirtual13 register 1
2018-02-27 22:58:36,850 MCT_Register INFO     ------------------------------------------

2018-02-27 23:01:32,985 MCT_Register INFO     MSG RECEIVED FROM DISPATCH: 1002
2018-02-27 23:01:32,994 MCT_Register INFO     PLAYER ID NOT REGISTERED: playerVirtual1375
2018-02-27 23:01:33,003 MCT_Register INFO     playerVirtual1375 register 1
2018-02-27 23:01:33,059 MCT_Register INFO     ------------------------------------------

2018-02-27 23:03:34,906 MCT_Register INFO     MSG RECEIVED FROM DISPATCH: 1002
2018-02-27 23:03:34,914 MCT_Register INFO     PLAYER ID NOT REGISTERED: playerVirtual14
2018-02-27 23:03:34,959 MCT_Register INFO     playerVirtual14 register 1
2018-02-27 23:03:35,010 MCT_Register INFO     ------------------------------------------

2018-02-27 23:08:31,612 MCT_Register INFO     MSG RECEIVED FROM DISPATCH: 1002
2018-02-27 23:08:31,620 MCT_Register INFO     PLAYER ID NOT REGISTERED: playerVirtual15
2018-02-27 23:08:31,626 MCT_Register INFO     playerVirtual15 register 1
2018-02-27 23:08:31,674 MCT_Register INFO     ------------------------------------------

2018-02-27 23:13:36,567 MCT_Register INFO     MSG RECEIVED FROM DISPATCH: 1002
2018-02-27 23:13:36,572 MCT_Register INFO     PLAYER ID NOT REGISTERED: playerVirtual16
2018-02-27 23:13:36,576 MCT_Register INFO     playerVirtual16 register 1
2018-02-27 23:13:36,622 MCT_Register INFO     ------------------------------------------

2018-02-27 23:18:35,931 MCT_Register INFO     MSG RECEIVED FROM DISPATCH: 1002
2018-02-27 23:18:35,939 MCT_Register INFO     PLAYER ID NOT REGISTERED: playerVirtual17
2018-02-27 23:18:35,991 MCT_Register INFO     playerVirtual17 register 1
2018-02-27 23:18:36,044 MCT_Register INFO     ------------------------------------------

2018-02-27 23:23:30,680 MCT_Register INFO     MSG RECEIVED FROM DISPATCH: 1002
2018-02-27 23:23:30,687 MCT_Register INFO     PLAYER ID NOT REGISTERED: playerVirtual18
2018-02-27 23:23:30,691 MCT_Register INFO     playerVirtual18 register 1
2018-02-27 23:23:30,741 MCT_Register INFO     ------------------------------------------

2018-02-27 23:25:33,255 MCT_Register INFO     MSG RECEIVED FROM DISPATCH: 1002
2018-02-27 23:25:33,270 MCT_Register INFO     PLAYER ID NOT REGISTERED: playerVirtual1692
2018-02-27 23:25:33,321 MCT_Register INFO     playerVirtual1692 register 1
2018-02-27 23:25:33,376 MCT_Register INFO     ------------------------------------------

2018-02-27 23:28:35,184 MCT_Register INFO     MSG RECEIVED FROM DISPATCH: 1002
2018-02-27 23:28:35,188 MCT_Register INFO     PLAYER ID NOT REGISTERED: playerVirtual19
2018-02-27 23:28:35,220 MCT_Register INFO     playerVirtual19 register 1
2018-02-27 23:28:35,270 MCT_Register INFO     ------------------------------------------

2018-02-27 23:49:05,051 MCT_Register INFO     MSG RECEIVED FROM DISPATCH: 1002
2018-02-27 23:49:05,057 MCT_Register INFO     PLAYER ID NOT REGISTERED: playerVirtual1792
2018-02-27 23:49:05,094 MCT_Register INFO     playerVirtual1792 register 1
2018-02-27 23:49:05,152 MCT_Register INFO     ------------------------------------------

2018-02-28 00:16:08,103 MCT_Register INFO     MSG RECEIVED FROM DISPATCH: 1002
2018-02-28 00:16:08,108 MCT_Register INFO     PLAYER ID NOT REGISTERED: playerVirtual1562
2018-02-28 00:16:08,113 MCT_Register INFO     playerVirtual1562 register 1
2018-02-28 00:16:08,171 MCT_Register INFO     ------------------------------------------

2018-02-28 00:46:58,129 MCT_Register INFO     MSG RECEIVED FROM DISPATCH: 1002
2018-02-28 00:46:58,135 MCT_Register INFO     PLAYER ID NOT REGISTERED: playerVirtual1515
2018-02-28 00:46:58,183 MCT_Register INFO     playerVirtual1515 register 1
2018-02-28 00:46:58,238 MCT_Register INFO     ------------------------------------------

2018-02-28 01:20:27,632 MCT_Register INFO     MSG RECEIVED FROM DISPATCH: 1002
2018-02-28 01:20:27,640 MCT_Register INFO     PLAYER ID NOT REGISTERED: playerVirtual1167
2018-02-28 01:20:27,648 MCT_Register INFO     playerVirtual1167 register 1
2018-02-28 01:20:27,704 MCT_Register INFO     ------------------------------------------

2018-02-28 01:57:31,091 MCT_Register INFO     MSG RECEIVED FROM DISPATCH: 1002
2018-02-28 01:57:31,100 MCT_Register INFO     PLAYER ID NOT REGISTERED: playerVirtual1709
2018-02-28 01:57:31,108 MCT_Register INFO     playerVirtual1709 register 1
2018-02-28 01:57:31,162 MCT_Register INFO     ------------------------------------------

2018-02-28 02:37:29,784 MCT_Register INFO     MSG RECEIVED FROM DISPATCH: 1002
2018-02-28 02:37:29,797 MCT_Register INFO     PLAYER ID NOT REGISTERED: playerVirtual1270
2018-02-28 02:37:29,824 MCT_Register INFO     playerVirtual1270 register 1
2018-02-28 02:37:29,882 MCT_Register INFO     ------------------------------------------

2018-02-28 03:21:11,588 MCT_Register INFO     MSG RECEIVED FROM DISPATCH: 1002
2018-02-28 03:21:11,597 MCT_Register INFO     PLAYER ID NOT REGISTERED: playerVirtual1090
2018-02-28 03:21:11,605 MCT_Register INFO     playerVirtual1090 register 1
2018-02-28 03:21:11,652 MCT_Register INFO     ------------------------------------------

2018-02-28 04:07:35,644 MCT_Register INFO     MSG RECEIVED FROM DISPATCH: 1002
2018-02-28 04:07:35,651 MCT_Register INFO     PLAYER ID NOT REGISTERED: playerVirtual1002
2018-02-28 04:07:35,661 MCT_Register INFO     playerVirtual1002 register 1
2018-02-28 04:07:35,717 MCT_Register INFO     ------------------------------------------

2018-02-28 04:56:56,124 MCT_Register INFO     MSG RECEIVED FROM DISPATCH: 1002
2018-02-28 04:56:56,137 MCT_Register INFO     PLAYER ID NOT REGISTERED: playerVirtual1948
2018-02-28 04:56:56,142 MCT_Register INFO     playerVirtual1948 register 1
2018-02-28 04:56:56,188 MCT_Register INFO     ------------------------------------------

2018-02-28 05:49:24,916 MCT_Register INFO     MSG RECEIVED FROM DISPATCH: 1002
2018-02-28 05:49:24,925 MCT_Register INFO     PLAYER ID NOT REGISTERED: playerVirtual1774
2018-02-28 05:49:24,953 MCT_Register INFO     playerVirtual1774 register 1
2018-02-28 05:49:25,008 MCT_Register INFO     ------------------------------------------

2018-02-28 06:51:23,849 MCT_Register INFO     MSG RECEIVED FROM DISPATCH: 1002
2018-02-28 06:51:23,907 MCT_Register INFO     PLAYER ID NOT REGISTERED: playerVirtual1181
2018-02-28 06:51:23,944 MCT_Register INFO     playerVirtual1181 register 1
2018-02-28 06:51:24,002 MCT_Register INFO     ------------------------------------------

2018-02-28 07:00:22,987 MCT_Register INFO     ###### STOP MCT_REGISTER ######

