2018-02-01 05:29:06,650 MCT_Register INFO     ###### START MCT_REGISTER ######

2018-02-01 05:29:19,411 MCT_Register INFO     MSG RECEIVED FROM DISPATCH: 1002
2018-02-01 05:29:19,443 MCT_Register INFO     PLAYER ID NOT REGISTERED: playerVirtual1
2018-02-01 05:29:19,448 MCT_Register INFO     PLAYER REGISTERED: playerVirtual1
2018-02-01 05:29:19,460 MCT_Register INFO     ------------------------------------------

2018-02-01 05:29:19,460 MCT_Register INFO     MSG RECEIVED FROM DISPATCH: 1002
2018-02-01 05:29:19,465 MCT_Register INFO     PLAYER ID NOT REGISTERED: playerVirtual2
2018-02-01 05:29:19,468 MCT_Register INFO     PLAYER REGISTERED: playerVirtual2
2018-02-01 05:29:19,475 MCT_Register INFO     ------------------------------------------

2018-02-01 05:29:19,554 MCT_Register INFO     MSG RECEIVED FROM DISPATCH: 1002
2018-02-01 05:29:19,559 MCT_Register INFO     PLAYER ID NOT REGISTERED: playerVirtual3
2018-02-01 05:29:19,561 MCT_Register INFO     PLAYER REGISTERED: playerVirtual3
2018-02-01 05:29:19,570 MCT_Register INFO     ------------------------------------------

2018-02-01 05:29:19,571 MCT_Register INFO     MSG RECEIVED FROM DISPATCH: 1002
2018-02-01 05:29:19,573 MCT_Register INFO     PLAYER ID NOT REGISTERED: playerVirtual4
2018-02-01 05:29:19,576 MCT_Register INFO     PLAYER REGISTERED: playerVirtual4
2018-02-01 05:29:19,582 MCT_Register INFO     ------------------------------------------

2018-02-01 05:29:19,628 MCT_Register INFO     MSG RECEIVED FROM DISPATCH: 1002
2018-02-01 05:29:19,631 MCT_Register INFO     PLAYER ID NOT REGISTERED: playerVirtual5
2018-02-01 05:29:19,633 MCT_Register INFO     PLAYER REGISTERED: playerVirtual5
2018-02-01 05:29:19,641 MCT_Register INFO     ------------------------------------------

2018-02-01 05:29:19,681 MCT_Register INFO     MSG RECEIVED FROM DISPATCH: 1002
2018-02-01 05:29:19,685 MCT_Register INFO     PLAYER ID NOT REGISTERED: playerVirtual6
2018-02-01 05:29:19,687 MCT_Register INFO     PLAYER REGISTERED: playerVirtual6
2018-02-01 05:29:19,695 MCT_Register INFO     ------------------------------------------

2018-02-01 05:29:19,720 MCT_Register INFO     MSG RECEIVED FROM DISPATCH: 1002
2018-02-01 05:29:19,724 MCT_Register INFO     PLAYER ID NOT REGISTERED: playerVirtual7
2018-02-01 05:29:19,727 MCT_Register INFO     PLAYER REGISTERED: playerVirtual7
2018-02-01 05:29:19,734 MCT_Register INFO     ------------------------------------------

2018-02-01 05:29:19,760 MCT_Register INFO     MSG RECEIVED FROM DISPATCH: 1002
2018-02-01 05:29:19,764 MCT_Register INFO     PLAYER ID NOT REGISTERED: playerVirtual9
2018-02-01 05:29:19,767 MCT_Register INFO     PLAYER REGISTERED: playerVirtual9
2018-02-01 05:29:19,774 MCT_Register INFO     ------------------------------------------

2018-02-01 05:29:19,790 MCT_Register INFO     MSG RECEIVED FROM DISPATCH: 1002
2018-02-01 05:29:19,795 MCT_Register INFO     PLAYER ID NOT REGISTERED: playerVirtual0
2018-02-01 05:29:19,797 MCT_Register INFO     PLAYER REGISTERED: playerVirtual0
2018-02-01 05:29:19,807 MCT_Register INFO     ------------------------------------------

2018-02-01 05:29:19,808 MCT_Register INFO     MSG RECEIVED FROM DISPATCH: 1002
2018-02-01 05:29:19,811 MCT_Register INFO     PLAYER ID NOT REGISTERED: playerVirtual8
2018-02-01 05:29:19,814 MCT_Register INFO     PLAYER REGISTERED: playerVirtual8
2018-02-01 05:29:19,822 MCT_Register INFO     ------------------------------------------

2018-02-01 05:29:43,310 MCT_Register INFO     MSG RECEIVED FROM DISPATCH: 1002
2018-02-01 05:29:43,314 MCT_Register INFO     PLAYER ID NOT REGISTERED: playerVirtual10
2018-02-01 05:29:43,316 MCT_Register INFO     PLAYER REGISTERED: playerVirtual10
2018-02-01 05:29:43,323 MCT_Register INFO     ------------------------------------------

2018-02-01 05:34:43,099 MCT_Register INFO     MSG RECEIVED FROM DISPATCH: 1002
2018-02-01 05:34:43,103 MCT_Register INFO     PLAYER ID NOT REGISTERED: playerVirtual11
2018-02-01 05:34:43,105 MCT_Register INFO     PLAYER REGISTERED: playerVirtual11
2018-02-01 05:34:43,114 MCT_Register INFO     ------------------------------------------

2018-02-01 05:39:45,200 MCT_Register INFO     MSG RECEIVED FROM DISPATCH: 1002
2018-02-01 05:39:45,203 MCT_Register INFO     PLAYER ID NOT REGISTERED: playerVirtual12
2018-02-01 05:39:45,205 MCT_Register INFO     PLAYER REGISTERED: playerVirtual12
2018-02-01 05:39:45,212 MCT_Register INFO     ------------------------------------------

2018-02-01 05:44:48,717 MCT_Register INFO     MSG RECEIVED FROM DISPATCH: 1002
2018-02-01 05:44:48,720 MCT_Register INFO     PLAYER ID NOT REGISTERED: playerVirtual13
2018-02-01 05:44:48,723 MCT_Register INFO     PLAYER REGISTERED: playerVirtual13
2018-02-01 05:44:48,730 MCT_Register INFO     ------------------------------------------

2018-02-01 05:49:46,704 MCT_Register INFO     MSG RECEIVED FROM DISPATCH: 1002
2018-02-01 05:49:46,707 MCT_Register INFO     PLAYER ID NOT REGISTERED: playerVirtual14
2018-02-01 05:49:46,710 MCT_Register INFO     PLAYER REGISTERED: playerVirtual14
2018-02-01 05:49:46,717 MCT_Register INFO     ------------------------------------------

2018-02-01 05:54:51,059 MCT_Register INFO     MSG RECEIVED FROM DISPATCH: 1002
2018-02-01 05:54:51,063 MCT_Register INFO     PLAYER ID NOT REGISTERED: playerVirtual15
2018-02-01 05:54:51,066 MCT_Register INFO     PLAYER REGISTERED: playerVirtual15
2018-02-01 05:54:51,073 MCT_Register INFO     ------------------------------------------

2018-02-01 05:59:45,451 MCT_Register INFO     MSG RECEIVED FROM DISPATCH: 1002
2018-02-01 05:59:45,455 MCT_Register INFO     PLAYER ID NOT REGISTERED: playerVirtual16
2018-02-01 05:59:45,457 MCT_Register INFO     PLAYER REGISTERED: playerVirtual16
2018-02-01 05:59:45,465 MCT_Register INFO     ------------------------------------------

2018-02-01 06:04:45,848 MCT_Register INFO     MSG RECEIVED FROM DISPATCH: 1002
2018-02-01 06:04:45,851 MCT_Register INFO     PLAYER ID NOT REGISTERED: playerVirtual17
2018-02-01 06:04:45,854 MCT_Register INFO     PLAYER REGISTERED: playerVirtual17
2018-02-01 06:04:45,862 MCT_Register INFO     ------------------------------------------

2018-02-01 06:09:48,127 MCT_Register INFO     MSG RECEIVED FROM DISPATCH: 1002
2018-02-01 06:09:48,130 MCT_Register INFO     PLAYER ID NOT REGISTERED: playerVirtual18
2018-02-01 06:09:48,132 MCT_Register INFO     PLAYER REGISTERED: playerVirtual18
2018-02-01 06:09:48,140 MCT_Register INFO     ------------------------------------------

2018-02-01 06:14:46,152 MCT_Register INFO     MSG RECEIVED FROM DISPATCH: 1002
2018-02-01 06:14:46,156 MCT_Register INFO     PLAYER ID NOT REGISTERED: playerVirtual19
2018-02-01 06:14:46,158 MCT_Register INFO     PLAYER REGISTERED: playerVirtual19
2018-02-01 06:14:46,166 MCT_Register INFO     ------------------------------------------

2018-02-01 06:19:46,683 MCT_Register INFO     MSG RECEIVED FROM DISPATCH: 1002
2018-02-01 06:19:46,686 MCT_Register INFO     PLAYER ID NOT REGISTERED: playerVirtual20
2018-02-01 06:19:46,689 MCT_Register INFO     PLAYER REGISTERED: playerVirtual20
2018-02-01 06:19:46,696 MCT_Register INFO     ------------------------------------------

2018-02-01 06:24:48,525 MCT_Register INFO     MSG RECEIVED FROM DISPATCH: 1002
2018-02-01 06:24:48,528 MCT_Register INFO     PLAYER ID NOT REGISTERED: playerVirtual21
2018-02-01 06:24:48,530 MCT_Register INFO     PLAYER REGISTERED: playerVirtual21
2018-02-01 06:24:48,537 MCT_Register INFO     ------------------------------------------

2018-02-01 06:29:46,271 MCT_Register INFO     MSG RECEIVED FROM DISPATCH: 1002
2018-02-01 06:29:46,274 MCT_Register INFO     PLAYER ID NOT REGISTERED: playerVirtual22
2018-02-01 06:29:46,277 MCT_Register INFO     PLAYER REGISTERED: playerVirtual22
2018-02-01 06:29:46,284 MCT_Register INFO     ------------------------------------------

2018-02-01 06:34:43,878 MCT_Register INFO     MSG RECEIVED FROM DISPATCH: 1002
2018-02-01 06:34:43,882 MCT_Register INFO     PLAYER ID NOT REGISTERED: playerVirtual23
2018-02-01 06:34:43,884 MCT_Register INFO     PLAYER REGISTERED: playerVirtual23
2018-02-01 06:34:43,891 MCT_Register INFO     ------------------------------------------

2018-02-01 06:39:45,248 MCT_Register INFO     MSG RECEIVED FROM DISPATCH: 1002
2018-02-01 06:39:45,251 MCT_Register INFO     PLAYER ID NOT REGISTERED: playerVirtual24
2018-02-01 06:39:45,254 MCT_Register INFO     PLAYER REGISTERED: playerVirtual24
2018-02-01 06:39:45,268 MCT_Register INFO     ------------------------------------------

2018-02-01 06:44:53,245 MCT_Register INFO     MSG RECEIVED FROM DISPATCH: 1002
2018-02-01 06:44:53,248 MCT_Register INFO     PLAYER ID NOT REGISTERED: playerVirtual25
2018-02-01 06:44:53,250 MCT_Register INFO     PLAYER REGISTERED: playerVirtual25
2018-02-01 06:44:53,257 MCT_Register INFO     ------------------------------------------

2018-02-01 06:49:45,703 MCT_Register INFO     MSG RECEIVED FROM DISPATCH: 1002
2018-02-01 06:49:45,706 MCT_Register INFO     PLAYER ID NOT REGISTERED: playerVirtual26
2018-02-01 06:49:45,709 MCT_Register INFO     PLAYER REGISTERED: playerVirtual26
2018-02-01 06:49:45,716 MCT_Register INFO     ------------------------------------------

2018-02-01 06:54:50,969 MCT_Register INFO     MSG RECEIVED FROM DISPATCH: 1002
2018-02-01 06:54:50,972 MCT_Register INFO     PLAYER ID NOT REGISTERED: playerVirtual27
2018-02-01 06:54:50,974 MCT_Register INFO     PLAYER REGISTERED: playerVirtual27
2018-02-01 06:54:50,981 MCT_Register INFO     ------------------------------------------

2018-02-01 06:59:44,760 MCT_Register INFO     MSG RECEIVED FROM DISPATCH: 1002
2018-02-01 06:59:44,763 MCT_Register INFO     PLAYER ID NOT REGISTERED: playerVirtual28
2018-02-01 06:59:44,766 MCT_Register INFO     PLAYER REGISTERED: playerVirtual28
2018-02-01 06:59:44,774 MCT_Register INFO     ------------------------------------------

2018-02-01 07:04:46,835 MCT_Register INFO     MSG RECEIVED FROM DISPATCH: 1002
2018-02-01 07:04:46,839 MCT_Register INFO     PLAYER ID NOT REGISTERED: playerVirtual29
2018-02-01 07:04:46,841 MCT_Register INFO     PLAYER REGISTERED: playerVirtual29
2018-02-01 07:04:46,848 MCT_Register INFO     ------------------------------------------

2018-02-01 07:09:49,915 MCT_Register INFO     MSG RECEIVED FROM DISPATCH: 1002
2018-02-01 07:09:49,918 MCT_Register INFO     PLAYER ID NOT REGISTERED: playerVirtual30
2018-02-01 07:09:49,921 MCT_Register INFO     PLAYER REGISTERED: playerVirtual30
2018-02-01 07:09:49,928 MCT_Register INFO     ------------------------------------------

2018-02-01 07:14:44,843 MCT_Register INFO     MSG RECEIVED FROM DISPATCH: 1002
2018-02-01 07:14:44,846 MCT_Register INFO     PLAYER ID NOT REGISTERED: playerVirtual31
2018-02-01 07:14:44,849 MCT_Register INFO     PLAYER REGISTERED: playerVirtual31
2018-02-01 07:14:44,856 MCT_Register INFO     ------------------------------------------

2018-02-01 07:19:47,608 MCT_Register INFO     MSG RECEIVED FROM DISPATCH: 1002
2018-02-01 07:19:47,611 MCT_Register INFO     PLAYER ID NOT REGISTERED: playerVirtual32
2018-02-01 07:19:47,614 MCT_Register INFO     PLAYER REGISTERED: playerVirtual32
2018-02-01 07:19:47,621 MCT_Register INFO     ------------------------------------------

2018-02-01 07:24:50,969 MCT_Register INFO     MSG RECEIVED FROM DISPATCH: 1002
2018-02-01 07:24:50,972 MCT_Register INFO     PLAYER ID NOT REGISTERED: playerVirtual33
2018-02-01 07:24:50,975 MCT_Register INFO     PLAYER REGISTERED: playerVirtual33
2018-02-01 07:24:50,982 MCT_Register INFO     ------------------------------------------

2018-02-01 07:29:50,616 MCT_Register INFO     MSG RECEIVED FROM DISPATCH: 1002
2018-02-01 07:29:50,619 MCT_Register INFO     PLAYER ID NOT REGISTERED: playerVirtual34
2018-02-01 07:29:50,622 MCT_Register INFO     PLAYER REGISTERED: playerVirtual34
2018-02-01 07:29:50,628 MCT_Register INFO     ------------------------------------------

2018-02-01 07:34:48,009 MCT_Register INFO     MSG RECEIVED FROM DISPATCH: 1002
2018-02-01 07:34:48,012 MCT_Register INFO     PLAYER ID NOT REGISTERED: playerVirtual35
2018-02-01 07:34:48,014 MCT_Register INFO     PLAYER REGISTERED: playerVirtual35
2018-02-01 07:34:48,021 MCT_Register INFO     ------------------------------------------

2018-02-01 07:39:46,441 MCT_Register INFO     MSG RECEIVED FROM DISPATCH: 1002
2018-02-01 07:39:46,445 MCT_Register INFO     PLAYER ID NOT REGISTERED: playerVirtual36
2018-02-01 07:39:46,448 MCT_Register INFO     PLAYER REGISTERED: playerVirtual36
2018-02-01 07:39:46,455 MCT_Register INFO     ------------------------------------------

2018-02-01 07:44:47,913 MCT_Register INFO     MSG RECEIVED FROM DISPATCH: 1002
2018-02-01 07:44:47,916 MCT_Register INFO     PLAYER ID NOT REGISTERED: playerVirtual37
2018-02-01 07:44:47,919 MCT_Register INFO     PLAYER REGISTERED: playerVirtual37
2018-02-01 07:44:47,927 MCT_Register INFO     ------------------------------------------

2018-02-01 07:49:46,834 MCT_Register INFO     MSG RECEIVED FROM DISPATCH: 1002
2018-02-01 07:49:46,837 MCT_Register INFO     PLAYER ID NOT REGISTERED: playerVirtual38
2018-02-01 07:49:46,839 MCT_Register INFO     PLAYER REGISTERED: playerVirtual38
2018-02-01 07:49:46,847 MCT_Register INFO     ------------------------------------------

2018-02-01 07:54:46,412 MCT_Register INFO     MSG RECEIVED FROM DISPATCH: 1002
2018-02-01 07:54:46,415 MCT_Register INFO     PLAYER ID NOT REGISTERED: playerVirtual39
2018-02-01 07:54:46,418 MCT_Register INFO     PLAYER REGISTERED: playerVirtual39
2018-02-01 07:54:46,425 MCT_Register INFO     ------------------------------------------

2018-02-01 07:59:46,646 MCT_Register INFO     MSG RECEIVED FROM DISPATCH: 1002
2018-02-01 07:59:46,651 MCT_Register INFO     PLAYER ID NOT REGISTERED: playerVirtual40
2018-02-01 07:59:46,653 MCT_Register INFO     PLAYER REGISTERED: playerVirtual40
2018-02-01 07:59:46,661 MCT_Register INFO     ------------------------------------------

2018-02-01 08:04:49,095 MCT_Register INFO     MSG RECEIVED FROM DISPATCH: 1002
2018-02-01 08:04:49,098 MCT_Register INFO     PLAYER ID NOT REGISTERED: playerVirtual41
2018-02-01 08:04:49,100 MCT_Register INFO     PLAYER REGISTERED: playerVirtual41
2018-02-01 08:04:49,107 MCT_Register INFO     ------------------------------------------

2018-02-01 08:09:49,867 MCT_Register INFO     MSG RECEIVED FROM DISPATCH: 1002
2018-02-01 08:09:49,870 MCT_Register INFO     PLAYER ID NOT REGISTERED: playerVirtual42
2018-02-01 08:09:49,872 MCT_Register INFO     PLAYER REGISTERED: playerVirtual42
2018-02-01 08:09:49,879 MCT_Register INFO     ------------------------------------------

2018-02-01 08:14:46,189 MCT_Register INFO     MSG RECEIVED FROM DISPATCH: 1002
2018-02-01 08:14:46,192 MCT_Register INFO     PLAYER ID NOT REGISTERED: playerVirtual43
2018-02-01 08:14:46,195 MCT_Register INFO     PLAYER REGISTERED: playerVirtual43
2018-02-01 08:14:46,202 MCT_Register INFO     ------------------------------------------

2018-02-01 08:19:50,090 MCT_Register INFO     MSG RECEIVED FROM DISPATCH: 1002
2018-02-01 08:19:50,093 MCT_Register INFO     PLAYER ID NOT REGISTERED: playerVirtual44
2018-02-01 08:19:50,095 MCT_Register INFO     PLAYER REGISTERED: playerVirtual44
2018-02-01 08:19:50,102 MCT_Register INFO     ------------------------------------------

2018-02-01 08:24:55,126 MCT_Register INFO     MSG RECEIVED FROM DISPATCH: 1002
2018-02-01 08:24:55,129 MCT_Register INFO     PLAYER ID NOT REGISTERED: playerVirtual45
2018-02-01 08:24:55,133 MCT_Register INFO     PLAYER REGISTERED: playerVirtual45
2018-02-01 08:24:55,140 MCT_Register INFO     ------------------------------------------

2018-02-01 08:29:49,542 MCT_Register INFO     MSG RECEIVED FROM DISPATCH: 1002
2018-02-01 08:29:49,545 MCT_Register INFO     PLAYER ID NOT REGISTERED: playerVirtual46
2018-02-01 08:29:49,548 MCT_Register INFO     PLAYER REGISTERED: playerVirtual46
2018-02-01 08:29:49,554 MCT_Register INFO     ------------------------------------------

2018-02-01 08:34:47,505 MCT_Register INFO     MSG RECEIVED FROM DISPATCH: 1002
2018-02-01 08:34:47,508 MCT_Register INFO     PLAYER ID NOT REGISTERED: playerVirtual47
2018-02-01 08:34:47,511 MCT_Register INFO     PLAYER REGISTERED: playerVirtual47
2018-02-01 08:34:47,521 MCT_Register INFO     ------------------------------------------

2018-02-01 08:39:49,118 MCT_Register INFO     MSG RECEIVED FROM DISPATCH: 1002
2018-02-01 08:39:49,122 MCT_Register INFO     PLAYER ID NOT REGISTERED: playerVirtual48
2018-02-01 08:39:49,124 MCT_Register INFO     PLAYER REGISTERED: playerVirtual48
2018-02-01 08:39:49,131 MCT_Register INFO     ------------------------------------------

2018-02-01 08:44:49,890 MCT_Register INFO     MSG RECEIVED FROM DISPATCH: 1002
2018-02-01 08:44:49,893 MCT_Register INFO     PLAYER ID NOT REGISTERED: playerVirtual49
2018-02-01 08:44:49,896 MCT_Register INFO     PLAYER REGISTERED: playerVirtual49
2018-02-01 08:44:49,903 MCT_Register INFO     ------------------------------------------

2018-02-01 08:49:52,835 MCT_Register INFO     MSG RECEIVED FROM DISPATCH: 1002
2018-02-01 08:49:52,838 MCT_Register INFO     PLAYER ID NOT REGISTERED: playerVirtual50
2018-02-01 08:49:52,841 MCT_Register INFO     PLAYER REGISTERED: playerVirtual50
2018-02-01 08:49:52,847 MCT_Register INFO     ------------------------------------------

2018-02-01 08:54:47,740 MCT_Register INFO     MSG RECEIVED FROM DISPATCH: 1002
2018-02-01 08:54:47,743 MCT_Register INFO     PLAYER ID NOT REGISTERED: playerVirtual51
2018-02-01 08:54:47,746 MCT_Register INFO     PLAYER REGISTERED: playerVirtual51
2018-02-01 08:54:47,752 MCT_Register INFO     ------------------------------------------

2018-02-01 08:59:50,570 MCT_Register INFO     MSG RECEIVED FROM DISPATCH: 1002
2018-02-01 08:59:50,574 MCT_Register INFO     PLAYER ID NOT REGISTERED: playerVirtual52
2018-02-01 08:59:50,576 MCT_Register INFO     PLAYER REGISTERED: playerVirtual52
2018-02-01 08:59:50,583 MCT_Register INFO     ------------------------------------------

2018-02-01 09:04:47,308 MCT_Register INFO     MSG RECEIVED FROM DISPATCH: 1002
2018-02-01 09:04:47,311 MCT_Register INFO     PLAYER ID NOT REGISTERED: playerVirtual53
2018-02-01 09:04:47,314 MCT_Register INFO     PLAYER REGISTERED: playerVirtual53
2018-02-01 09:04:47,321 MCT_Register INFO     ------------------------------------------

2018-02-01 09:09:51,563 MCT_Register INFO     MSG RECEIVED FROM DISPATCH: 1002
2018-02-01 09:09:51,567 MCT_Register INFO     PLAYER ID NOT REGISTERED: playerVirtual54
2018-02-01 09:09:51,569 MCT_Register INFO     PLAYER REGISTERED: playerVirtual54
2018-02-01 09:09:51,576 MCT_Register INFO     ------------------------------------------

2018-02-01 09:14:52,890 MCT_Register INFO     MSG RECEIVED FROM DISPATCH: 1002
2018-02-01 09:14:52,894 MCT_Register INFO     PLAYER ID NOT REGISTERED: playerVirtual55
2018-02-01 09:14:52,896 MCT_Register INFO     PLAYER REGISTERED: playerVirtual55
2018-02-01 09:14:52,904 MCT_Register INFO     ------------------------------------------

2018-02-01 09:19:56,379 MCT_Register INFO     MSG RECEIVED FROM DISPATCH: 1002
2018-02-01 09:19:56,382 MCT_Register INFO     PLAYER ID NOT REGISTERED: playerVirtual56
2018-02-01 09:19:56,384 MCT_Register INFO     PLAYER REGISTERED: playerVirtual56
2018-02-01 09:19:56,392 MCT_Register INFO     ------------------------------------------

2018-02-01 09:24:55,343 MCT_Register INFO     MSG RECEIVED FROM DISPATCH: 1002
2018-02-01 09:24:55,347 MCT_Register INFO     PLAYER ID NOT REGISTERED: playerVirtual57
2018-02-01 09:24:55,349 MCT_Register INFO     PLAYER REGISTERED: playerVirtual57
2018-02-01 09:24:55,356 MCT_Register INFO     ------------------------------------------

2018-02-01 09:29:50,347 MCT_Register INFO     MSG RECEIVED FROM DISPATCH: 1002
2018-02-01 09:29:50,350 MCT_Register INFO     PLAYER ID NOT REGISTERED: playerVirtual58
2018-02-01 09:29:50,352 MCT_Register INFO     PLAYER REGISTERED: playerVirtual58
2018-02-01 09:29:50,359 MCT_Register INFO     ------------------------------------------

2018-02-01 09:34:55,785 MCT_Register INFO     MSG RECEIVED FROM DISPATCH: 1002
2018-02-01 09:34:55,788 MCT_Register INFO     PLAYER ID NOT REGISTERED: playerVirtual59
2018-02-01 09:34:55,790 MCT_Register INFO     PLAYER REGISTERED: playerVirtual59
2018-02-01 09:34:55,797 MCT_Register INFO     ------------------------------------------

2018-02-01 09:39:52,527 MCT_Register INFO     MSG RECEIVED FROM DISPATCH: 1002
2018-02-01 09:39:52,531 MCT_Register INFO     PLAYER ID NOT REGISTERED: playerVirtual60
2018-02-01 09:39:52,534 MCT_Register INFO     PLAYER REGISTERED: playerVirtual60
2018-02-01 09:39:52,541 MCT_Register INFO     ------------------------------------------

2018-02-01 09:44:54,784 MCT_Register INFO     MSG RECEIVED FROM DISPATCH: 1002
2018-02-01 09:44:54,787 MCT_Register INFO     PLAYER ID NOT REGISTERED: playerVirtual61
2018-02-01 09:44:54,790 MCT_Register INFO     PLAYER REGISTERED: playerVirtual61
2018-02-01 09:44:54,797 MCT_Register INFO     ------------------------------------------

2018-02-01 09:49:54,930 MCT_Register INFO     MSG RECEIVED FROM DISPATCH: 1002
2018-02-01 09:49:54,933 MCT_Register INFO     PLAYER ID NOT REGISTERED: playerVirtual62
2018-02-01 09:49:54,936 MCT_Register INFO     PLAYER REGISTERED: playerVirtual62
2018-02-01 09:49:54,944 MCT_Register INFO     ------------------------------------------

2018-02-01 09:54:52,123 MCT_Register INFO     MSG RECEIVED FROM DISPATCH: 1002
2018-02-01 09:54:52,127 MCT_Register INFO     PLAYER ID NOT REGISTERED: playerVirtual63
2018-02-01 09:54:52,129 MCT_Register INFO     PLAYER REGISTERED: playerVirtual63
2018-02-01 09:54:52,136 MCT_Register INFO     ------------------------------------------

2018-02-01 09:59:52,772 MCT_Register INFO     MSG RECEIVED FROM DISPATCH: 1002
2018-02-01 09:59:52,775 MCT_Register INFO     PLAYER ID NOT REGISTERED: playerVirtual64
2018-02-01 09:59:52,778 MCT_Register INFO     PLAYER REGISTERED: playerVirtual64
2018-02-01 09:59:52,785 MCT_Register INFO     ------------------------------------------

2018-02-01 10:04:50,224 MCT_Register INFO     MSG RECEIVED FROM DISPATCH: 1002
2018-02-01 10:04:50,227 MCT_Register INFO     PLAYER ID NOT REGISTERED: playerVirtual65
2018-02-01 10:04:50,230 MCT_Register INFO     PLAYER REGISTERED: playerVirtual65
2018-02-01 10:04:50,237 MCT_Register INFO     ------------------------------------------

2018-02-01 10:09:50,952 MCT_Register INFO     MSG RECEIVED FROM DISPATCH: 1002
2018-02-01 10:09:50,956 MCT_Register INFO     PLAYER ID NOT REGISTERED: playerVirtual66
2018-02-01 10:09:50,959 MCT_Register INFO     PLAYER REGISTERED: playerVirtual66
2018-02-01 10:09:50,966 MCT_Register INFO     ------------------------------------------

2018-02-01 10:14:54,225 MCT_Register INFO     MSG RECEIVED FROM DISPATCH: 1002
2018-02-01 10:14:54,229 MCT_Register INFO     PLAYER ID NOT REGISTERED: playerVirtual67
2018-02-01 10:14:54,231 MCT_Register INFO     PLAYER REGISTERED: playerVirtual67
2018-02-01 10:14:54,238 MCT_Register INFO     ------------------------------------------

2018-02-01 10:19:51,050 MCT_Register INFO     MSG RECEIVED FROM DISPATCH: 1002
2018-02-01 10:19:51,053 MCT_Register INFO     PLAYER ID NOT REGISTERED: playerVirtual68
2018-02-01 10:19:51,055 MCT_Register INFO     PLAYER REGISTERED: playerVirtual68
2018-02-01 10:19:51,063 MCT_Register INFO     ------------------------------------------

2018-02-01 10:24:51,893 MCT_Register INFO     MSG RECEIVED FROM DISPATCH: 1002
2018-02-01 10:24:51,896 MCT_Register INFO     PLAYER ID NOT REGISTERED: playerVirtual69
2018-02-01 10:24:51,899 MCT_Register INFO     PLAYER REGISTERED: playerVirtual69
2018-02-01 10:24:51,906 MCT_Register INFO     ------------------------------------------

2018-02-01 10:29:54,063 MCT_Register INFO     MSG RECEIVED FROM DISPATCH: 1002
2018-02-01 10:29:54,066 MCT_Register INFO     PLAYER ID NOT REGISTERED: playerVirtual70
2018-02-01 10:29:54,068 MCT_Register INFO     PLAYER REGISTERED: playerVirtual70
2018-02-01 10:29:54,076 MCT_Register INFO     ------------------------------------------

2018-02-01 10:34:54,022 MCT_Register INFO     MSG RECEIVED FROM DISPATCH: 1002
2018-02-01 10:34:54,025 MCT_Register INFO     PLAYER ID NOT REGISTERED: playerVirtual71
2018-02-01 10:34:54,029 MCT_Register INFO     PLAYER REGISTERED: playerVirtual71
2018-02-01 10:34:54,036 MCT_Register INFO     ------------------------------------------

2018-02-01 10:39:56,627 MCT_Register INFO     MSG RECEIVED FROM DISPATCH: 1002
2018-02-01 10:39:56,630 MCT_Register INFO     PLAYER ID NOT REGISTERED: playerVirtual72
2018-02-01 10:39:56,633 MCT_Register INFO     PLAYER REGISTERED: playerVirtual72
2018-02-01 10:39:56,641 MCT_Register INFO     ------------------------------------------

2018-02-01 10:44:57,128 MCT_Register INFO     MSG RECEIVED FROM DISPATCH: 1002
2018-02-01 10:44:57,131 MCT_Register INFO     PLAYER ID NOT REGISTERED: playerVirtual73
2018-02-01 10:44:57,134 MCT_Register INFO     PLAYER REGISTERED: playerVirtual73
2018-02-01 10:44:57,141 MCT_Register INFO     ------------------------------------------

2018-02-01 10:49:50,638 MCT_Register INFO     MSG RECEIVED FROM DISPATCH: 1002
2018-02-01 10:49:50,642 MCT_Register INFO     PLAYER ID NOT REGISTERED: playerVirtual74
2018-02-01 10:49:50,644 MCT_Register INFO     PLAYER REGISTERED: playerVirtual74
2018-02-01 10:49:50,651 MCT_Register INFO     ------------------------------------------

2018-02-01 10:54:55,087 MCT_Register INFO     MSG RECEIVED FROM DISPATCH: 1002
2018-02-01 10:54:55,090 MCT_Register INFO     PLAYER ID NOT REGISTERED: playerVirtual75
2018-02-01 10:54:55,092 MCT_Register INFO     PLAYER REGISTERED: playerVirtual75
2018-02-01 10:54:55,099 MCT_Register INFO     ------------------------------------------

2018-02-01 10:59:50,682 MCT_Register INFO     MSG RECEIVED FROM DISPATCH: 1002
2018-02-01 10:59:50,686 MCT_Register INFO     PLAYER ID NOT REGISTERED: playerVirtual76
2018-02-01 10:59:50,688 MCT_Register INFO     PLAYER REGISTERED: playerVirtual76
2018-02-01 10:59:50,696 MCT_Register INFO     ------------------------------------------

2018-02-01 11:04:55,307 MCT_Register INFO     MSG RECEIVED FROM DISPATCH: 1002
2018-02-01 11:04:55,311 MCT_Register INFO     PLAYER ID NOT REGISTERED: playerVirtual77
2018-02-01 11:04:55,313 MCT_Register INFO     PLAYER REGISTERED: playerVirtual77
2018-02-01 11:04:55,320 MCT_Register INFO     ------------------------------------------

2018-02-01 11:09:49,242 MCT_Register INFO     MSG RECEIVED FROM DISPATCH: 1002
2018-02-01 11:09:49,245 MCT_Register INFO     PLAYER ID NOT REGISTERED: playerVirtual78
2018-02-01 11:09:49,247 MCT_Register INFO     PLAYER REGISTERED: playerVirtual78
2018-02-01 11:09:49,255 MCT_Register INFO     ------------------------------------------

2018-02-01 11:14:53,571 MCT_Register INFO     MSG RECEIVED FROM DISPATCH: 1002
2018-02-01 11:14:53,574 MCT_Register INFO     PLAYER ID NOT REGISTERED: playerVirtual79
2018-02-01 11:14:53,578 MCT_Register INFO     PLAYER REGISTERED: playerVirtual79
2018-02-01 11:14:53,585 MCT_Register INFO     ------------------------------------------

2018-02-01 11:19:56,618 MCT_Register INFO     MSG RECEIVED FROM DISPATCH: 1002
2018-02-01 11:19:56,622 MCT_Register INFO     PLAYER ID NOT REGISTERED: playerVirtual80
2018-02-01 11:19:56,639 MCT_Register INFO     PLAYER REGISTERED: playerVirtual80
2018-02-01 11:19:56,646 MCT_Register INFO     ------------------------------------------

2018-02-01 11:24:55,266 MCT_Register INFO     MSG RECEIVED FROM DISPATCH: 1002
2018-02-01 11:24:55,270 MCT_Register INFO     PLAYER ID NOT REGISTERED: playerVirtual81
2018-02-01 11:24:55,272 MCT_Register INFO     PLAYER REGISTERED: playerVirtual81
2018-02-01 11:24:55,283 MCT_Register INFO     ------------------------------------------

2018-02-01 11:29:49,850 MCT_Register INFO     MSG RECEIVED FROM DISPATCH: 1002
2018-02-01 11:29:49,853 MCT_Register INFO     PLAYER ID NOT REGISTERED: playerVirtual82
2018-02-01 11:29:49,856 MCT_Register INFO     PLAYER REGISTERED: playerVirtual82
2018-02-01 11:29:49,863 MCT_Register INFO     ------------------------------------------

2018-02-01 11:34:49,645 MCT_Register INFO     MSG RECEIVED FROM DISPATCH: 1002
2018-02-01 11:34:49,648 MCT_Register INFO     PLAYER ID NOT REGISTERED: playerVirtual83
2018-02-01 11:34:49,650 MCT_Register INFO     PLAYER REGISTERED: playerVirtual83
2018-02-01 11:34:49,657 MCT_Register INFO     ------------------------------------------

2018-02-01 11:39:52,589 MCT_Register INFO     MSG RECEIVED FROM DISPATCH: 1002
2018-02-01 11:39:52,592 MCT_Register INFO     PLAYER ID NOT REGISTERED: playerVirtual84
2018-02-01 11:39:52,598 MCT_Register INFO     PLAYER REGISTERED: playerVirtual84
2018-02-01 11:39:52,605 MCT_Register INFO     ------------------------------------------

2018-02-01 11:44:49,846 MCT_Register INFO     MSG RECEIVED FROM DISPATCH: 1002
2018-02-01 11:44:49,849 MCT_Register INFO     PLAYER ID NOT REGISTERED: playerVirtual85
2018-02-01 11:44:49,852 MCT_Register INFO     PLAYER REGISTERED: playerVirtual85
2018-02-01 11:44:49,858 MCT_Register INFO     ------------------------------------------

2018-02-01 11:49:53,956 MCT_Register INFO     MSG RECEIVED FROM DISPATCH: 1002
2018-02-01 11:49:53,960 MCT_Register INFO     PLAYER ID NOT REGISTERED: playerVirtual86
2018-02-01 11:49:53,962 MCT_Register INFO     PLAYER REGISTERED: playerVirtual86
2018-02-01 11:49:53,969 MCT_Register INFO     ------------------------------------------

2018-02-01 11:54:52,445 MCT_Register INFO     MSG RECEIVED FROM DISPATCH: 1002
2018-02-01 11:54:52,448 MCT_Register INFO     PLAYER ID NOT REGISTERED: playerVirtual87
2018-02-01 11:54:52,451 MCT_Register INFO     PLAYER REGISTERED: playerVirtual87
2018-02-01 11:54:52,458 MCT_Register INFO     ------------------------------------------

2018-02-01 11:59:55,860 MCT_Register INFO     MSG RECEIVED FROM DISPATCH: 1002
2018-02-01 11:59:55,864 MCT_Register INFO     PLAYER ID NOT REGISTERED: playerVirtual88
2018-02-01 11:59:55,877 MCT_Register INFO     PLAYER REGISTERED: playerVirtual88
2018-02-01 11:59:55,884 MCT_Register INFO     ------------------------------------------

2018-02-01 12:04:58,521 MCT_Register INFO     MSG RECEIVED FROM DISPATCH: 1002
2018-02-01 12:04:58,524 MCT_Register INFO     PLAYER ID NOT REGISTERED: playerVirtual89
2018-02-01 12:04:58,527 MCT_Register INFO     PLAYER REGISTERED: playerVirtual89
2018-02-01 12:04:58,533 MCT_Register INFO     ------------------------------------------

2018-02-01 12:09:55,847 MCT_Register INFO     MSG RECEIVED FROM DISPATCH: 1002
2018-02-01 12:09:55,850 MCT_Register INFO     PLAYER ID NOT REGISTERED: playerVirtual90
2018-02-01 12:09:55,852 MCT_Register INFO     PLAYER REGISTERED: playerVirtual90
2018-02-01 12:09:55,860 MCT_Register INFO     ------------------------------------------

2018-02-01 12:14:52,136 MCT_Register INFO     MSG RECEIVED FROM DISPATCH: 1002
2018-02-01 12:14:52,140 MCT_Register INFO     PLAYER ID NOT REGISTERED: playerVirtual91
2018-02-01 12:14:52,142 MCT_Register INFO     PLAYER REGISTERED: playerVirtual91
2018-02-01 12:14:52,150 MCT_Register INFO     ------------------------------------------

2018-02-01 12:19:58,843 MCT_Register INFO     MSG RECEIVED FROM DISPATCH: 1002
2018-02-01 12:19:58,847 MCT_Register INFO     PLAYER ID NOT REGISTERED: playerVirtual92
2018-02-01 12:19:58,849 MCT_Register INFO     PLAYER REGISTERED: playerVirtual92
2018-02-01 12:19:58,857 MCT_Register INFO     ------------------------------------------

2018-02-01 12:24:58,068 MCT_Register INFO     MSG RECEIVED FROM DISPATCH: 1002
2018-02-01 12:24:58,071 MCT_Register INFO     PLAYER ID NOT REGISTERED: playerVirtual93
2018-02-01 12:24:58,073 MCT_Register INFO     PLAYER REGISTERED: playerVirtual93
2018-02-01 12:24:58,080 MCT_Register INFO     ------------------------------------------

2018-02-01 12:29:51,478 MCT_Register INFO     MSG RECEIVED FROM DISPATCH: 1002
2018-02-01 12:29:51,481 MCT_Register INFO     PLAYER ID NOT REGISTERED: playerVirtual94
2018-02-01 12:29:51,484 MCT_Register INFO     PLAYER REGISTERED: playerVirtual94
2018-02-01 12:29:51,491 MCT_Register INFO     ------------------------------------------

2018-02-01 12:34:55,293 MCT_Register INFO     MSG RECEIVED FROM DISPATCH: 1002
2018-02-01 12:34:55,296 MCT_Register INFO     PLAYER ID NOT REGISTERED: playerVirtual95
2018-02-01 12:34:55,298 MCT_Register INFO     PLAYER REGISTERED: playerVirtual95
2018-02-01 12:34:55,305 MCT_Register INFO     ------------------------------------------

2018-02-01 12:39:51,964 MCT_Register INFO     MSG RECEIVED FROM DISPATCH: 1002
2018-02-01 12:39:51,968 MCT_Register INFO     PLAYER ID NOT REGISTERED: playerVirtual96
2018-02-01 12:39:51,971 MCT_Register INFO     PLAYER REGISTERED: playerVirtual96
2018-02-01 12:39:51,979 MCT_Register INFO     ------------------------------------------

2018-02-01 12:44:52,590 MCT_Register INFO     MSG RECEIVED FROM DISPATCH: 1002
2018-02-01 12:44:52,593 MCT_Register INFO     PLAYER ID NOT REGISTERED: playerVirtual97
2018-02-01 12:44:52,596 MCT_Register INFO     PLAYER REGISTERED: playerVirtual97
2018-02-01 12:44:52,603 MCT_Register INFO     ------------------------------------------

2018-02-01 12:49:52,902 MCT_Register INFO     MSG RECEIVED FROM DISPATCH: 1002
2018-02-01 12:49:52,905 MCT_Register INFO     PLAYER ID NOT REGISTERED: playerVirtual98
2018-02-01 12:49:52,907 MCT_Register INFO     PLAYER REGISTERED: playerVirtual98
2018-02-01 12:49:52,914 MCT_Register INFO     ------------------------------------------

2018-02-01 12:54:52,295 MCT_Register INFO     MSG RECEIVED FROM DISPATCH: 1002
2018-02-01 12:54:52,299 MCT_Register INFO     PLAYER ID NOT REGISTERED: playerVirtual99
2018-02-01 12:54:52,301 MCT_Register INFO     PLAYER REGISTERED: playerVirtual99
2018-02-01 12:54:52,309 MCT_Register INFO     ------------------------------------------

