2018-03-01 12:05:05,414 MCT_Register INFO     ###### START MCT_REGISTER ######

2018-03-01 12:05:22,080 MCT_Register INFO     MSG RECEIVED FROM DISPATCH: 1002
2018-03-01 12:05:22,126 MCT_Register INFO     PLAYER ID NOT REGISTERED: playerVirtual1
2018-03-01 12:05:22,136 MCT_Register INFO     playerVirtual1 register 1
2018-03-01 12:05:22,194 MCT_Register INFO     ------------------------------------------

2018-03-01 12:05:22,299 MCT_Register INFO     MSG RECEIVED FROM DISPATCH: 1002
2018-03-01 12:05:22,307 MCT_Register INFO     PLAYER ID NOT REGISTERED: playerVirtual2
2018-03-01 12:05:22,428 MCT_Register INFO     playerVirtual2 register 1
2018-03-01 12:05:22,479 MCT_Register INFO     ------------------------------------------

2018-03-01 12:10:22,179 MCT_Register INFO     MSG RECEIVED FROM DISPATCH: 1002
2018-03-01 12:10:22,188 MCT_Register INFO     PLAYER ID NOT REGISTERED: playerVirtual3
2018-03-01 12:10:22,195 MCT_Register INFO     playerVirtual3 register 1
2018-03-01 12:10:22,249 MCT_Register INFO     ------------------------------------------

2018-03-01 12:15:26,414 MCT_Register INFO     MSG RECEIVED FROM DISPATCH: 1002
2018-03-01 12:15:26,425 MCT_Register INFO     PLAYER ID NOT REGISTERED: playerVirtual4
2018-03-01 12:15:26,435 MCT_Register INFO     playerVirtual4 register 1
2018-03-01 12:15:26,486 MCT_Register INFO     ------------------------------------------

2018-03-01 12:15:31,548 MCT_Register INFO     MSG RECEIVED FROM DISPATCH: 1002
2018-03-01 12:15:31,556 MCT_Register INFO     PLAYER ID NOT REGISTERED: playerVirtual0
2018-03-01 12:15:31,563 MCT_Register INFO     playerVirtual0 register 1
2018-03-01 12:15:31,621 MCT_Register INFO     ------------------------------------------

2018-03-01 12:20:22,461 MCT_Register INFO     MSG RECEIVED FROM DISPATCH: 1002
2018-03-01 12:20:22,469 MCT_Register INFO     PLAYER ID NOT REGISTERED: playerVirtual5
2018-03-01 12:20:22,477 MCT_Register INFO     playerVirtual5 register 1
2018-03-01 12:20:22,529 MCT_Register INFO     ------------------------------------------

2018-03-01 12:25:21,726 MCT_Register INFO     MSG RECEIVED FROM DISPATCH: 1002
2018-03-01 12:25:21,736 MCT_Register INFO     PLAYER ID NOT REGISTERED: playerVirtual6
2018-03-01 12:25:21,742 MCT_Register INFO     playerVirtual6 register 1
2018-03-01 12:25:21,802 MCT_Register INFO     ------------------------------------------

2018-03-01 12:27:42,394 MCT_Register INFO     MSG RECEIVED FROM DISPATCH: 1002
2018-03-01 12:27:42,402 MCT_Register INFO     PLAYER ID NOT REGISTERED: playerVirtual1959
2018-03-01 12:27:42,437 MCT_Register INFO     playerVirtual1959 register 1
2018-03-01 12:27:42,482 MCT_Register INFO     ------------------------------------------

2018-03-01 12:30:25,271 MCT_Register INFO     MSG RECEIVED FROM DISPATCH: 1002
2018-03-01 12:30:25,278 MCT_Register INFO     PLAYER ID NOT REGISTERED: playerVirtual7
2018-03-01 12:30:25,285 MCT_Register INFO     playerVirtual7 register 1
2018-03-01 12:30:25,334 MCT_Register INFO     ------------------------------------------

2018-03-01 12:35:21,327 MCT_Register INFO     MSG RECEIVED FROM DISPATCH: 1002
2018-03-01 12:35:21,334 MCT_Register INFO     PLAYER ID NOT REGISTERED: playerVirtual8
2018-03-01 12:35:21,450 MCT_Register INFO     playerVirtual8 register 1
2018-03-01 12:35:21,512 MCT_Register INFO     ------------------------------------------

2018-03-01 12:40:25,031 MCT_Register INFO     MSG RECEIVED FROM DISPATCH: 1002
2018-03-01 12:40:25,041 MCT_Register INFO     PLAYER ID NOT REGISTERED: playerVirtual9
2018-03-01 12:40:25,085 MCT_Register INFO     playerVirtual9 register 1
2018-03-01 12:40:25,135 MCT_Register INFO     ------------------------------------------

2018-03-01 12:40:31,266 MCT_Register INFO     MSG RECEIVED FROM DISPATCH: 1002
2018-03-01 12:40:31,276 MCT_Register INFO     PLAYER ID NOT REGISTERED: playerVirtual1033
2018-03-01 12:40:31,310 MCT_Register INFO     playerVirtual1033 register 1
2018-03-01 12:40:31,362 MCT_Register INFO     ------------------------------------------

2018-03-01 12:45:19,898 MCT_Register INFO     MSG RECEIVED FROM DISPATCH: 1002
2018-03-01 12:45:19,905 MCT_Register INFO     PLAYER ID NOT REGISTERED: playerVirtual10
2018-03-01 12:45:19,914 MCT_Register INFO     playerVirtual10 register 1
2018-03-01 12:45:19,965 MCT_Register INFO     ------------------------------------------

2018-03-01 12:50:23,764 MCT_Register INFO     MSG RECEIVED FROM DISPATCH: 1002
2018-03-01 12:50:23,772 MCT_Register INFO     PLAYER ID NOT REGISTERED: playerVirtual11
2018-03-01 12:50:23,776 MCT_Register INFO     playerVirtual11 register 1
2018-03-01 12:50:23,838 MCT_Register INFO     ------------------------------------------

2018-03-01 12:52:36,118 MCT_Register INFO     MSG RECEIVED FROM DISPATCH: 1002
2018-03-01 12:52:36,128 MCT_Register INFO     PLAYER ID NOT REGISTERED: playerVirtual1181
2018-03-01 12:52:36,132 MCT_Register INFO     playerVirtual1181 register 1
2018-03-01 12:52:36,180 MCT_Register INFO     ------------------------------------------

2018-03-01 12:55:20,564 MCT_Register INFO     MSG RECEIVED FROM DISPATCH: 1002
2018-03-01 12:55:20,573 MCT_Register INFO     PLAYER ID NOT REGISTERED: playerVirtual12
2018-03-01 12:55:20,577 MCT_Register INFO     playerVirtual12 register 1
2018-03-01 12:55:20,634 MCT_Register INFO     ------------------------------------------

2018-03-01 13:00:23,801 MCT_Register INFO     MSG RECEIVED FROM DISPATCH: 1002
2018-03-01 13:00:23,806 MCT_Register INFO     PLAYER ID NOT REGISTERED: playerVirtual13
2018-03-01 13:00:23,811 MCT_Register INFO     playerVirtual13 register 1
2018-03-01 13:00:23,866 MCT_Register INFO     ------------------------------------------

2018-03-01 13:03:32,638 MCT_Register INFO     MSG RECEIVED FROM DISPATCH: 1002
2018-03-01 13:03:32,649 MCT_Register INFO     PLAYER ID NOT REGISTERED: playerVirtual1699
2018-03-01 13:03:32,653 MCT_Register INFO     playerVirtual1699 register 1
2018-03-01 13:03:32,708 MCT_Register INFO     ------------------------------------------

2018-03-01 13:05:26,832 MCT_Register INFO     MSG RECEIVED FROM DISPATCH: 1002
2018-03-01 13:05:26,838 MCT_Register INFO     PLAYER ID NOT REGISTERED: playerVirtual14
2018-03-01 13:05:26,843 MCT_Register INFO     playerVirtual14 register 1
2018-03-01 13:05:26,895 MCT_Register INFO     ------------------------------------------

2018-03-01 13:10:28,028 MCT_Register INFO     MSG RECEIVED FROM DISPATCH: 1002
2018-03-01 13:10:28,037 MCT_Register INFO     PLAYER ID NOT REGISTERED: playerVirtual15
2018-03-01 13:10:28,041 MCT_Register INFO     playerVirtual15 register 1
2018-03-01 13:10:28,102 MCT_Register INFO     ------------------------------------------

2018-03-01 13:15:24,363 MCT_Register INFO     MSG RECEIVED FROM DISPATCH: 1002
2018-03-01 13:15:24,369 MCT_Register INFO     PLAYER ID NOT REGISTERED: playerVirtual16
2018-03-01 13:15:24,376 MCT_Register INFO     playerVirtual16 register 1
2018-03-01 13:15:24,432 MCT_Register INFO     ------------------------------------------

2018-03-01 13:17:11,149 MCT_Register INFO     MSG RECEIVED FROM DISPATCH: 1002
2018-03-01 13:17:11,156 MCT_Register INFO     PLAYER ID NOT REGISTERED: playerVirtual1030
2018-03-01 13:17:11,162 MCT_Register INFO     playerVirtual1030 register 1
2018-03-01 13:17:11,216 MCT_Register INFO     ------------------------------------------

2018-03-01 13:20:24,444 MCT_Register INFO     MSG RECEIVED FROM DISPATCH: 1002
2018-03-01 13:20:24,450 MCT_Register INFO     PLAYER ID NOT REGISTERED: playerVirtual17
2018-03-01 13:20:24,458 MCT_Register INFO     playerVirtual17 register 1
2018-03-01 13:20:24,517 MCT_Register INFO     ------------------------------------------

2018-03-01 13:25:20,073 MCT_Register INFO     MSG RECEIVED FROM DISPATCH: 1002
2018-03-01 13:25:20,081 MCT_Register INFO     PLAYER ID NOT REGISTERED: playerVirtual18
2018-03-01 13:25:20,089 MCT_Register INFO     playerVirtual18 register 1
2018-03-01 13:25:20,142 MCT_Register INFO     ------------------------------------------

2018-03-01 13:30:23,098 MCT_Register INFO     MSG RECEIVED FROM DISPATCH: 1002
2018-03-01 13:30:23,105 MCT_Register INFO     PLAYER ID NOT REGISTERED: playerVirtual19
2018-03-01 13:30:23,160 MCT_Register INFO     playerVirtual19 register 1
2018-03-01 13:30:23,214 MCT_Register INFO     ------------------------------------------

2018-03-01 13:39:25,105 MCT_Register INFO     MSG RECEIVED FROM DISPATCH: 1002
2018-03-01 13:39:25,110 MCT_Register INFO     PLAYER ID NOT REGISTERED: playerVirtual1828
2018-03-01 13:39:25,118 MCT_Register INFO     playerVirtual1828 register 1
2018-03-01 13:39:25,180 MCT_Register INFO     ------------------------------------------

2018-03-01 14:04:37,526 MCT_Register INFO     MSG RECEIVED FROM DISPATCH: 1002
2018-03-01 14:04:37,533 MCT_Register INFO     PLAYER ID NOT REGISTERED: playerVirtual1478
2018-03-01 14:04:37,543 MCT_Register INFO     playerVirtual1478 register 1
2018-03-01 14:04:37,597 MCT_Register INFO     ------------------------------------------

2018-03-01 14:33:44,678 MCT_Register INFO     MSG RECEIVED FROM DISPATCH: 1002
2018-03-01 14:33:44,684 MCT_Register INFO     PLAYER ID NOT REGISTERED: playerVirtual1256
2018-03-01 14:33:44,694 MCT_Register INFO     playerVirtual1256 register 1
2018-03-01 14:33:44,745 MCT_Register INFO     ------------------------------------------

2018-03-01 14:41:07,394 MCT_Register INFO     ###### STOP MCT_REGISTER ######

