2018-04-09 01:20:48,793 MCT_Register INFO     ###### START MCT_REGISTER ######

2018-04-09 01:21:05,373 MCT_Register INFO     MSG RECEIVED FROM DISPATCH: 1002
2018-04-09 01:21:05,398 MCT_Register INFO     PLAYER ID NOT REGISTERED: playerVirtual1
2018-04-09 01:21:05,424 MCT_Register INFO     playerVirtual1 register 1
2018-04-09 01:21:05,486 MCT_Register INFO     ------------------------------------------

2018-04-09 01:21:05,487 MCT_Register INFO     MSG RECEIVED FROM DISPATCH: 1002
2018-04-09 01:21:05,493 MCT_Register INFO     PLAYER ID NOT REGISTERED: playerVirtual4
2018-04-09 01:21:05,502 MCT_Register INFO     playerVirtual4 register 1
2018-04-09 01:21:05,550 MCT_Register INFO     ------------------------------------------

2018-04-09 01:21:05,680 MCT_Register INFO     MSG RECEIVED FROM DISPATCH: 1002
2018-04-09 01:21:05,689 MCT_Register INFO     PLAYER ID NOT REGISTERED: playerVirtual8
2018-04-09 01:21:05,773 MCT_Register INFO     playerVirtual8 register 1
2018-04-09 01:21:05,820 MCT_Register INFO     ------------------------------------------

2018-04-09 01:21:05,957 MCT_Register INFO     MSG RECEIVED FROM DISPATCH: 1002
2018-04-09 01:21:05,970 MCT_Register INFO     PLAYER ID NOT REGISTERED: playerVirtual2
2018-04-09 01:21:06,004 MCT_Register INFO     playerVirtual2 register 1
2018-04-09 01:21:06,060 MCT_Register INFO     ------------------------------------------

2018-04-09 01:21:06,217 MCT_Register INFO     MSG RECEIVED FROM DISPATCH: 1002
2018-04-09 01:21:06,224 MCT_Register INFO     PLAYER ID NOT REGISTERED: playerVirtual3
2018-04-09 01:21:06,252 MCT_Register INFO     playerVirtual3 register 1
2018-04-09 01:21:06,307 MCT_Register INFO     ------------------------------------------

2018-04-09 01:21:06,425 MCT_Register INFO     MSG RECEIVED FROM DISPATCH: 1002
2018-04-09 01:21:06,430 MCT_Register INFO     PLAYER ID NOT REGISTERED: playerVirtual6
2018-04-09 01:21:06,452 MCT_Register INFO     playerVirtual6 register 1
2018-04-09 01:21:06,507 MCT_Register INFO     ------------------------------------------

2018-04-09 01:21:06,669 MCT_Register INFO     MSG RECEIVED FROM DISPATCH: 1002
2018-04-09 01:21:06,675 MCT_Register INFO     PLAYER ID NOT REGISTERED: playerVirtual5
2018-04-09 01:21:06,681 MCT_Register INFO     playerVirtual5 register 1
2018-04-09 01:21:06,727 MCT_Register INFO     ------------------------------------------

2018-04-09 01:21:06,904 MCT_Register INFO     MSG RECEIVED FROM DISPATCH: 1002
2018-04-09 01:21:06,914 MCT_Register INFO     PLAYER ID NOT REGISTERED: playerVirtual9
2018-04-09 01:21:06,919 MCT_Register INFO     playerVirtual9 register 1
2018-04-09 01:21:06,976 MCT_Register INFO     ------------------------------------------

2018-04-09 01:21:07,068 MCT_Register INFO     MSG RECEIVED FROM DISPATCH: 1002
2018-04-09 01:21:07,073 MCT_Register INFO     PLAYER ID NOT REGISTERED: playerVirtual7
2018-04-09 01:21:07,182 MCT_Register INFO     playerVirtual7 register 1
2018-04-09 01:21:07,235 MCT_Register INFO     ------------------------------------------

2018-04-09 01:21:07,236 MCT_Register INFO     MSG RECEIVED FROM DISPATCH: 1002
2018-04-09 01:21:07,242 MCT_Register INFO     PLAYER ID NOT REGISTERED: playerVirtual0
2018-04-09 01:21:07,250 MCT_Register INFO     playerVirtual0 register 1
2018-04-09 01:21:07,299 MCT_Register INFO     ------------------------------------------

2018-04-09 01:26:14,341 MCT_Register INFO     MSG RECEIVED FROM DISPATCH: 1002
2018-04-09 01:26:14,348 MCT_Register INFO     PLAYER ID NOT REGISTERED: playerVirtual10
2018-04-09 01:26:14,355 MCT_Register INFO     playerVirtual10 register 1
2018-04-09 01:26:14,401 MCT_Register INFO     ------------------------------------------

2018-04-09 01:31:15,670 MCT_Register INFO     MSG RECEIVED FROM DISPATCH: 1002
2018-04-09 01:31:15,679 MCT_Register INFO     PLAYER ID NOT REGISTERED: playerVirtual11
2018-04-09 01:31:15,688 MCT_Register INFO     playerVirtual11 register 1
2018-04-09 01:31:15,744 MCT_Register INFO     ------------------------------------------

2018-04-09 01:36:17,816 MCT_Register INFO     MSG RECEIVED FROM DISPATCH: 1002
2018-04-09 01:36:17,823 MCT_Register INFO     PLAYER ID NOT REGISTERED: playerVirtual12
2018-04-09 01:36:17,848 MCT_Register INFO     playerVirtual12 register 1
2018-04-09 01:36:17,906 MCT_Register INFO     ------------------------------------------

2018-04-09 01:41:16,814 MCT_Register INFO     MSG RECEIVED FROM DISPATCH: 1002
2018-04-09 01:41:16,824 MCT_Register INFO     PLAYER ID NOT REGISTERED: playerVirtual13
2018-04-09 01:41:16,871 MCT_Register INFO     playerVirtual13 register 1
2018-04-09 01:41:16,924 MCT_Register INFO     ------------------------------------------

2018-04-09 01:46:12,900 MCT_Register INFO     MSG RECEIVED FROM DISPATCH: 1002
2018-04-09 01:46:12,910 MCT_Register INFO     PLAYER ID NOT REGISTERED: playerVirtual14
2018-04-09 01:46:12,915 MCT_Register INFO     playerVirtual14 register 1
2018-04-09 01:46:12,971 MCT_Register INFO     ------------------------------------------

2018-04-09 01:51:16,423 MCT_Register INFO     MSG RECEIVED FROM DISPATCH: 1002
2018-04-09 01:51:16,429 MCT_Register INFO     PLAYER ID NOT REGISTERED: playerVirtual15
2018-04-09 01:51:16,438 MCT_Register INFO     playerVirtual15 register 1
2018-04-09 01:51:16,494 MCT_Register INFO     ------------------------------------------

2018-04-09 01:56:16,533 MCT_Register INFO     MSG RECEIVED FROM DISPATCH: 1002
2018-04-09 01:56:16,544 MCT_Register INFO     PLAYER ID NOT REGISTERED: playerVirtual16
2018-04-09 01:56:16,553 MCT_Register INFO     playerVirtual16 register 1
2018-04-09 01:56:16,602 MCT_Register INFO     ------------------------------------------

2018-04-09 02:01:18,744 MCT_Register INFO     MSG RECEIVED FROM DISPATCH: 1002
2018-04-09 02:01:18,755 MCT_Register INFO     PLAYER ID NOT REGISTERED: playerVirtual17
2018-04-09 02:01:18,815 MCT_Register INFO     playerVirtual17 register 1
2018-04-09 02:01:18,864 MCT_Register INFO     ------------------------------------------

2018-04-09 02:06:17,814 MCT_Register INFO     MSG RECEIVED FROM DISPATCH: 1002
2018-04-09 02:06:17,819 MCT_Register INFO     PLAYER ID NOT REGISTERED: playerVirtual18
2018-04-09 02:06:17,823 MCT_Register INFO     playerVirtual18 register 1
2018-04-09 02:06:17,873 MCT_Register INFO     ------------------------------------------

2018-04-09 02:11:18,124 MCT_Register INFO     MSG RECEIVED FROM DISPATCH: 1002
2018-04-09 02:11:18,135 MCT_Register INFO     PLAYER ID NOT REGISTERED: playerVirtual19
2018-04-09 02:11:18,200 MCT_Register INFO     playerVirtual19 register 1
2018-04-09 02:11:18,256 MCT_Register INFO     ------------------------------------------

2018-04-09 02:16:16,261 MCT_Register INFO     MSG RECEIVED FROM DISPATCH: 1002
2018-04-09 02:16:16,274 MCT_Register INFO     PLAYER ID NOT REGISTERED: playerVirtual20
2018-04-09 02:16:16,330 MCT_Register INFO     playerVirtual20 register 1
2018-04-09 02:16:16,378 MCT_Register INFO     ------------------------------------------

2018-04-09 02:21:11,946 MCT_Register INFO     MSG RECEIVED FROM DISPATCH: 1002
2018-04-09 02:21:11,954 MCT_Register INFO     PLAYER ID NOT REGISTERED: playerVirtual21
2018-04-09 02:21:12,031 MCT_Register INFO     playerVirtual21 register 1
2018-04-09 02:21:12,082 MCT_Register INFO     ------------------------------------------

2018-04-09 02:26:13,404 MCT_Register INFO     MSG RECEIVED FROM DISPATCH: 1002
2018-04-09 02:26:13,414 MCT_Register INFO     PLAYER ID NOT REGISTERED: playerVirtual22
2018-04-09 02:26:13,448 MCT_Register INFO     playerVirtual22 register 1
2018-04-09 02:26:13,502 MCT_Register INFO     ------------------------------------------

2018-04-09 02:31:13,902 MCT_Register INFO     MSG RECEIVED FROM DISPATCH: 1002
2018-04-09 02:31:13,909 MCT_Register INFO     PLAYER ID NOT REGISTERED: playerVirtual23
2018-04-09 02:31:13,921 MCT_Register INFO     playerVirtual23 register 1
2018-04-09 02:31:13,972 MCT_Register INFO     ------------------------------------------

2018-04-09 02:36:13,256 MCT_Register INFO     MSG RECEIVED FROM DISPATCH: 1002
2018-04-09 02:36:13,260 MCT_Register INFO     PLAYER ID NOT REGISTERED: playerVirtual24
2018-04-09 02:36:13,293 MCT_Register INFO     playerVirtual24 register 1
2018-04-09 02:36:13,358 MCT_Register INFO     ------------------------------------------

2018-04-09 02:41:11,843 MCT_Register INFO     MSG RECEIVED FROM DISPATCH: 1002
2018-04-09 02:41:11,854 MCT_Register INFO     PLAYER ID NOT REGISTERED: playerVirtual25
2018-04-09 02:41:11,891 MCT_Register INFO     playerVirtual25 register 1
2018-04-09 02:41:11,939 MCT_Register INFO     ------------------------------------------

2018-04-09 02:46:13,982 MCT_Register INFO     MSG RECEIVED FROM DISPATCH: 1002
2018-04-09 02:46:13,988 MCT_Register INFO     PLAYER ID NOT REGISTERED: playerVirtual26
2018-04-09 02:46:14,048 MCT_Register INFO     playerVirtual26 register 1
2018-04-09 02:46:14,113 MCT_Register INFO     ------------------------------------------

2018-04-09 02:51:12,617 MCT_Register INFO     MSG RECEIVED FROM DISPATCH: 1002
2018-04-09 02:51:12,624 MCT_Register INFO     PLAYER ID NOT REGISTERED: playerVirtual27
2018-04-09 02:51:12,639 MCT_Register INFO     playerVirtual27 register 1
2018-04-09 02:51:12,687 MCT_Register INFO     ------------------------------------------

2018-04-09 02:56:20,696 MCT_Register INFO     MSG RECEIVED FROM DISPATCH: 1002
2018-04-09 02:56:20,709 MCT_Register INFO     PLAYER ID NOT REGISTERED: playerVirtual28
2018-04-09 02:56:20,800 MCT_Register INFO     playerVirtual28 register 1
2018-04-09 02:56:20,859 MCT_Register INFO     ------------------------------------------

2018-04-09 03:01:15,914 MCT_Register INFO     MSG RECEIVED FROM DISPATCH: 1002
2018-04-09 03:01:15,921 MCT_Register INFO     PLAYER ID NOT REGISTERED: playerVirtual29
2018-04-09 03:01:16,004 MCT_Register INFO     playerVirtual29 register 1
2018-04-09 03:01:16,062 MCT_Register INFO     ------------------------------------------

2018-04-09 03:06:13,322 MCT_Register INFO     MSG RECEIVED FROM DISPATCH: 1002
2018-04-09 03:06:13,328 MCT_Register INFO     PLAYER ID NOT REGISTERED: playerVirtual30
2018-04-09 03:06:13,369 MCT_Register INFO     playerVirtual30 register 1
2018-04-09 03:06:13,425 MCT_Register INFO     ------------------------------------------

2018-04-09 03:11:12,314 MCT_Register INFO     MSG RECEIVED FROM DISPATCH: 1002
2018-04-09 03:11:12,322 MCT_Register INFO     PLAYER ID NOT REGISTERED: playerVirtual31
2018-04-09 03:11:12,329 MCT_Register INFO     playerVirtual31 register 1
2018-04-09 03:11:12,382 MCT_Register INFO     ------------------------------------------

2018-04-09 03:16:14,565 MCT_Register INFO     MSG RECEIVED FROM DISPATCH: 1002
2018-04-09 03:16:14,576 MCT_Register INFO     PLAYER ID NOT REGISTERED: playerVirtual32
2018-04-09 03:16:14,618 MCT_Register INFO     playerVirtual32 register 1
2018-04-09 03:16:14,670 MCT_Register INFO     ------------------------------------------

2018-04-09 03:21:15,523 MCT_Register INFO     MSG RECEIVED FROM DISPATCH: 1002
2018-04-09 03:21:15,530 MCT_Register INFO     PLAYER ID NOT REGISTERED: playerVirtual33
2018-04-09 03:21:15,554 MCT_Register INFO     playerVirtual33 register 1
2018-04-09 03:21:15,622 MCT_Register INFO     ------------------------------------------

2018-04-09 03:26:15,508 MCT_Register INFO     MSG RECEIVED FROM DISPATCH: 1002
2018-04-09 03:26:15,524 MCT_Register INFO     PLAYER ID NOT REGISTERED: playerVirtual34
2018-04-09 03:26:15,537 MCT_Register INFO     playerVirtual34 register 1
2018-04-09 03:26:15,612 MCT_Register INFO     ------------------------------------------

2018-04-09 03:31:14,837 MCT_Register INFO     MSG RECEIVED FROM DISPATCH: 1002
2018-04-09 03:31:14,843 MCT_Register INFO     PLAYER ID NOT REGISTERED: playerVirtual35
2018-04-09 03:31:14,849 MCT_Register INFO     playerVirtual35 register 1
2018-04-09 03:31:14,915 MCT_Register INFO     ------------------------------------------

2018-04-09 03:36:13,399 MCT_Register INFO     MSG RECEIVED FROM DISPATCH: 1002
2018-04-09 03:36:13,414 MCT_Register INFO     PLAYER ID NOT REGISTERED: playerVirtual36
2018-04-09 03:36:13,423 MCT_Register INFO     playerVirtual36 register 1
2018-04-09 03:36:13,477 MCT_Register INFO     ------------------------------------------

2018-04-09 03:41:17,057 MCT_Register INFO     MSG RECEIVED FROM DISPATCH: 1002
2018-04-09 03:41:17,066 MCT_Register INFO     PLAYER ID NOT REGISTERED: playerVirtual37
2018-04-09 03:41:17,071 MCT_Register INFO     playerVirtual37 register 1
2018-04-09 03:41:17,127 MCT_Register INFO     ------------------------------------------

2018-04-09 03:46:18,652 MCT_Register INFO     MSG RECEIVED FROM DISPATCH: 1002
2018-04-09 03:46:18,661 MCT_Register INFO     PLAYER ID NOT REGISTERED: playerVirtual38
2018-04-09 03:46:18,736 MCT_Register INFO     playerVirtual38 register 1
2018-04-09 03:46:18,788 MCT_Register INFO     ------------------------------------------

2018-04-09 03:51:18,375 MCT_Register INFO     MSG RECEIVED FROM DISPATCH: 1002
2018-04-09 03:51:18,378 MCT_Register INFO     PLAYER ID NOT REGISTERED: playerVirtual39
2018-04-09 03:51:18,420 MCT_Register INFO     playerVirtual39 register 1
2018-04-09 03:51:18,475 MCT_Register INFO     ------------------------------------------

2018-04-09 03:52:47,713 MCT_Register INFO     ###### STOP MCT_REGISTER ######

