2018-04-08 21:43:08,536 MCT_Register INFO     ###### START MCT_REGISTER ######

2018-04-08 21:43:22,758 MCT_Register INFO     MSG RECEIVED FROM DISPATCH: 1002
2018-04-08 21:43:22,800 MCT_Register INFO     PLAYER ID NOT REGISTERED: playerVirtual1
2018-04-08 21:43:22,880 MCT_Register INFO     playerVirtual1 register 1
2018-04-08 21:43:22,950 MCT_Register INFO     ------------------------------------------

2018-04-08 21:43:22,951 MCT_Register INFO     MSG RECEIVED FROM DISPATCH: 1002
2018-04-08 21:43:22,964 MCT_Register INFO     PLAYER ID NOT REGISTERED: playerVirtual8
2018-04-08 21:43:22,984 MCT_Register INFO     playerVirtual8 register 1
2018-04-08 21:43:23,043 MCT_Register INFO     ------------------------------------------

2018-04-08 21:43:23,088 MCT_Register INFO     MSG RECEIVED FROM DISPATCH: 1002
2018-04-08 21:43:23,105 MCT_Register INFO     PLAYER ID NOT REGISTERED: playerVirtual4
2018-04-08 21:43:23,114 MCT_Register INFO     playerVirtual4 register 1
2018-04-08 21:43:23,174 MCT_Register INFO     ------------------------------------------

2018-04-08 21:43:23,210 MCT_Register INFO     MSG RECEIVED FROM DISPATCH: 1002
2018-04-08 21:43:23,215 MCT_Register INFO     PLAYER ID NOT REGISTERED: playerVirtual2
2018-04-08 21:43:23,248 MCT_Register INFO     playerVirtual2 register 1
2018-04-08 21:43:23,302 MCT_Register INFO     ------------------------------------------

2018-04-08 21:43:23,447 MCT_Register INFO     MSG RECEIVED FROM DISPATCH: 1002
2018-04-08 21:43:23,452 MCT_Register INFO     PLAYER ID NOT REGISTERED: playerVirtual3
2018-04-08 21:43:23,472 MCT_Register INFO     playerVirtual3 register 1
2018-04-08 21:43:23,538 MCT_Register INFO     ------------------------------------------

2018-04-08 21:43:23,641 MCT_Register INFO     MSG RECEIVED FROM DISPATCH: 1002
2018-04-08 21:43:23,646 MCT_Register INFO     PLAYER ID NOT REGISTERED: playerVirtual6
2018-04-08 21:43:23,796 MCT_Register INFO     playerVirtual6 register 1
2018-04-08 21:43:23,860 MCT_Register INFO     ------------------------------------------

2018-04-08 21:43:23,969 MCT_Register INFO     MSG RECEIVED FROM DISPATCH: 1002
2018-04-08 21:43:23,977 MCT_Register INFO     PLAYER ID NOT REGISTERED: playerVirtual9
2018-04-08 21:43:24,005 MCT_Register INFO     playerVirtual9 register 1
2018-04-08 21:43:24,081 MCT_Register INFO     ------------------------------------------

2018-04-08 21:43:24,167 MCT_Register INFO     MSG RECEIVED FROM DISPATCH: 1002
2018-04-08 21:43:24,173 MCT_Register INFO     PLAYER ID NOT REGISTERED: playerVirtual5
2018-04-08 21:43:24,179 MCT_Register INFO     playerVirtual5 register 1
2018-04-08 21:43:24,231 MCT_Register INFO     ------------------------------------------

2018-04-08 21:43:24,393 MCT_Register INFO     MSG RECEIVED FROM DISPATCH: 1002
2018-04-08 21:43:24,402 MCT_Register INFO     PLAYER ID NOT REGISTERED: playerVirtual7
2018-04-08 21:43:24,420 MCT_Register INFO     playerVirtual7 register 1
2018-04-08 21:43:24,469 MCT_Register INFO     ------------------------------------------

2018-04-08 21:43:24,590 MCT_Register INFO     MSG RECEIVED FROM DISPATCH: 1002
2018-04-08 21:43:24,597 MCT_Register INFO     PLAYER ID NOT REGISTERED: playerVirtual0
2018-04-08 21:43:24,604 MCT_Register INFO     playerVirtual0 register 1
2018-04-08 21:43:24,661 MCT_Register INFO     ------------------------------------------

2018-04-08 21:48:28,488 MCT_Register INFO     MSG RECEIVED FROM DISPATCH: 1002
2018-04-08 21:48:28,500 MCT_Register INFO     PLAYER ID NOT REGISTERED: playerVirtual10
2018-04-08 21:48:28,505 MCT_Register INFO     playerVirtual10 register 1
2018-04-08 21:48:28,556 MCT_Register INFO     ------------------------------------------

2018-04-08 21:53:32,699 MCT_Register INFO     MSG RECEIVED FROM DISPATCH: 1002
2018-04-08 21:53:32,705 MCT_Register INFO     PLAYER ID NOT REGISTERED: playerVirtual11
2018-04-08 21:53:32,723 MCT_Register INFO     playerVirtual11 register 1
2018-04-08 21:53:32,776 MCT_Register INFO     ------------------------------------------

2018-04-08 21:58:29,663 MCT_Register INFO     MSG RECEIVED FROM DISPATCH: 1002
2018-04-08 21:58:29,673 MCT_Register INFO     PLAYER ID NOT REGISTERED: playerVirtual12
2018-04-08 21:58:29,683 MCT_Register INFO     playerVirtual12 register 1
2018-04-08 21:58:29,742 MCT_Register INFO     ------------------------------------------

2018-04-08 22:03:31,989 MCT_Register INFO     MSG RECEIVED FROM DISPATCH: 1002
2018-04-08 22:03:31,996 MCT_Register INFO     PLAYER ID NOT REGISTERED: playerVirtual13
2018-04-08 22:03:32,000 MCT_Register INFO     playerVirtual13 register 1
2018-04-08 22:03:32,043 MCT_Register INFO     ------------------------------------------

2018-04-08 22:08:33,554 MCT_Register INFO     MSG RECEIVED FROM DISPATCH: 1002
2018-04-08 22:08:33,560 MCT_Register INFO     PLAYER ID NOT REGISTERED: playerVirtual14
2018-04-08 22:08:33,571 MCT_Register INFO     playerVirtual14 register 1
2018-04-08 22:08:33,621 MCT_Register INFO     ------------------------------------------

2018-04-08 22:13:29,290 MCT_Register INFO     MSG RECEIVED FROM DISPATCH: 1002
2018-04-08 22:13:29,295 MCT_Register INFO     PLAYER ID NOT REGISTERED: playerVirtual15
2018-04-08 22:13:29,319 MCT_Register INFO     playerVirtual15 register 1
2018-04-08 22:13:29,377 MCT_Register INFO     ------------------------------------------

2018-04-08 22:18:31,585 MCT_Register INFO     MSG RECEIVED FROM DISPATCH: 1002
2018-04-08 22:18:31,597 MCT_Register INFO     PLAYER ID NOT REGISTERED: playerVirtual16
2018-04-08 22:18:31,602 MCT_Register INFO     playerVirtual16 register 1
2018-04-08 22:18:31,664 MCT_Register INFO     ------------------------------------------

2018-04-08 22:23:32,395 MCT_Register INFO     MSG RECEIVED FROM DISPATCH: 1002
2018-04-08 22:23:32,402 MCT_Register INFO     PLAYER ID NOT REGISTERED: playerVirtual17
2018-04-08 22:23:32,406 MCT_Register INFO     playerVirtual17 register 1
2018-04-08 22:23:32,453 MCT_Register INFO     ------------------------------------------

2018-04-08 22:28:31,123 MCT_Register INFO     MSG RECEIVED FROM DISPATCH: 1002
2018-04-08 22:28:31,130 MCT_Register INFO     PLAYER ID NOT REGISTERED: playerVirtual18
2018-04-08 22:28:31,158 MCT_Register INFO     playerVirtual18 register 1
2018-04-08 22:28:31,212 MCT_Register INFO     ------------------------------------------

2018-04-08 22:33:37,680 MCT_Register INFO     MSG RECEIVED FROM DISPATCH: 1002
2018-04-08 22:33:37,690 MCT_Register INFO     PLAYER ID NOT REGISTERED: playerVirtual19
2018-04-08 22:33:37,698 MCT_Register INFO     playerVirtual19 register 1
2018-04-08 22:33:37,754 MCT_Register INFO     ------------------------------------------

2018-04-08 22:38:36,443 MCT_Register INFO     MSG RECEIVED FROM DISPATCH: 1002
2018-04-08 22:38:36,447 MCT_Register INFO     PLAYER ID NOT REGISTERED: playerVirtual20
2018-04-08 22:38:36,453 MCT_Register INFO     playerVirtual20 register 1
2018-04-08 22:38:36,504 MCT_Register INFO     ------------------------------------------

2018-04-08 22:43:34,743 MCT_Register INFO     MSG RECEIVED FROM DISPATCH: 1002
2018-04-08 22:43:34,753 MCT_Register INFO     PLAYER ID NOT REGISTERED: playerVirtual21
2018-04-08 22:43:34,905 MCT_Register INFO     playerVirtual21 register 1
2018-04-08 22:43:34,955 MCT_Register INFO     ------------------------------------------

2018-04-08 22:48:32,323 MCT_Register INFO     MSG RECEIVED FROM DISPATCH: 1002
2018-04-08 22:48:32,328 MCT_Register INFO     PLAYER ID NOT REGISTERED: playerVirtual22
2018-04-08 22:48:32,610 MCT_Register INFO     playerVirtual22 register 1
2018-04-08 22:48:32,658 MCT_Register INFO     ------------------------------------------

2018-04-08 22:53:35,750 MCT_Register INFO     MSG RECEIVED FROM DISPATCH: 1002
2018-04-08 22:53:35,759 MCT_Register INFO     PLAYER ID NOT REGISTERED: playerVirtual23
2018-04-08 22:53:35,783 MCT_Register INFO     playerVirtual23 register 1
2018-04-08 22:53:35,847 MCT_Register INFO     ------------------------------------------

2018-04-08 22:58:32,739 MCT_Register INFO     MSG RECEIVED FROM DISPATCH: 1002
2018-04-08 22:58:32,747 MCT_Register INFO     PLAYER ID NOT REGISTERED: playerVirtual24
2018-04-08 22:58:32,980 MCT_Register INFO     playerVirtual24 register 1
2018-04-08 22:58:33,039 MCT_Register INFO     ------------------------------------------

2018-04-08 23:03:30,345 MCT_Register INFO     MSG RECEIVED FROM DISPATCH: 1002
2018-04-08 23:03:30,351 MCT_Register INFO     PLAYER ID NOT REGISTERED: playerVirtual25
2018-04-08 23:03:30,389 MCT_Register INFO     playerVirtual25 register 1
2018-04-08 23:03:30,445 MCT_Register INFO     ------------------------------------------

2018-04-08 23:08:34,046 MCT_Register INFO     MSG RECEIVED FROM DISPATCH: 1002
2018-04-08 23:08:34,056 MCT_Register INFO     PLAYER ID NOT REGISTERED: playerVirtual26
2018-04-08 23:08:34,355 MCT_Register INFO     playerVirtual26 register 1
2018-04-08 23:08:34,417 MCT_Register INFO     ------------------------------------------

2018-04-08 23:13:28,718 MCT_Register INFO     MSG RECEIVED FROM DISPATCH: 1002
2018-04-08 23:13:28,726 MCT_Register INFO     PLAYER ID NOT REGISTERED: playerVirtual27
2018-04-08 23:13:28,798 MCT_Register INFO     playerVirtual27 register 1
2018-04-08 23:13:28,860 MCT_Register INFO     ------------------------------------------

2018-04-08 23:18:31,052 MCT_Register INFO     MSG RECEIVED FROM DISPATCH: 1002
2018-04-08 23:18:31,059 MCT_Register INFO     PLAYER ID NOT REGISTERED: playerVirtual28
2018-04-08 23:18:31,116 MCT_Register INFO     playerVirtual28 register 1
2018-04-08 23:18:31,182 MCT_Register INFO     ------------------------------------------

2018-04-08 23:23:30,022 MCT_Register INFO     MSG RECEIVED FROM DISPATCH: 1002
2018-04-08 23:23:30,027 MCT_Register INFO     PLAYER ID NOT REGISTERED: playerVirtual29
2018-04-08 23:23:30,039 MCT_Register INFO     playerVirtual29 register 1
2018-04-08 23:23:30,090 MCT_Register INFO     ------------------------------------------

2018-04-08 23:28:30,956 MCT_Register INFO     MSG RECEIVED FROM DISPATCH: 1002
2018-04-08 23:28:30,960 MCT_Register INFO     PLAYER ID NOT REGISTERED: playerVirtual30
2018-04-08 23:28:31,074 MCT_Register INFO     playerVirtual30 register 1
2018-04-08 23:28:31,125 MCT_Register INFO     ------------------------------------------

2018-04-08 23:33:33,128 MCT_Register INFO     MSG RECEIVED FROM DISPATCH: 1002
2018-04-08 23:33:33,133 MCT_Register INFO     PLAYER ID NOT REGISTERED: playerVirtual31
2018-04-08 23:33:33,198 MCT_Register INFO     playerVirtual31 register 1
2018-04-08 23:33:33,255 MCT_Register INFO     ------------------------------------------

2018-04-08 23:38:29,392 MCT_Register INFO     MSG RECEIVED FROM DISPATCH: 1002
2018-04-08 23:38:29,398 MCT_Register INFO     PLAYER ID NOT REGISTERED: playerVirtual32
2018-04-08 23:38:29,520 MCT_Register INFO     playerVirtual32 register 1
2018-04-08 23:38:29,574 MCT_Register INFO     ------------------------------------------

2018-04-08 23:43:29,722 MCT_Register INFO     MSG RECEIVED FROM DISPATCH: 1002
2018-04-08 23:43:29,731 MCT_Register INFO     PLAYER ID NOT REGISTERED: playerVirtual33
2018-04-08 23:43:29,737 MCT_Register INFO     playerVirtual33 register 1
2018-04-08 23:43:29,782 MCT_Register INFO     ------------------------------------------

2018-04-08 23:48:32,737 MCT_Register INFO     MSG RECEIVED FROM DISPATCH: 1002
2018-04-08 23:48:32,744 MCT_Register INFO     PLAYER ID NOT REGISTERED: playerVirtual34
2018-04-08 23:48:32,763 MCT_Register INFO     playerVirtual34 register 1
2018-04-08 23:48:32,818 MCT_Register INFO     ------------------------------------------

2018-04-08 23:53:36,320 MCT_Register INFO     MSG RECEIVED FROM DISPATCH: 1002
2018-04-08 23:53:36,326 MCT_Register INFO     PLAYER ID NOT REGISTERED: playerVirtual35
2018-04-08 23:53:36,386 MCT_Register INFO     playerVirtual35 register 1
2018-04-08 23:53:36,443 MCT_Register INFO     ------------------------------------------

2018-04-08 23:58:35,208 MCT_Register INFO     MSG RECEIVED FROM DISPATCH: 1002
2018-04-08 23:58:35,214 MCT_Register INFO     PLAYER ID NOT REGISTERED: playerVirtual36
2018-04-08 23:58:35,222 MCT_Register INFO     playerVirtual36 register 1
2018-04-08 23:58:35,280 MCT_Register INFO     ------------------------------------------

2018-04-09 00:03:37,394 MCT_Register INFO     MSG RECEIVED FROM DISPATCH: 1002
2018-04-09 00:03:37,404 MCT_Register INFO     PLAYER ID NOT REGISTERED: playerVirtual37
2018-04-09 00:03:37,418 MCT_Register INFO     playerVirtual37 register 1
2018-04-09 00:03:37,463 MCT_Register INFO     ------------------------------------------

2018-04-09 00:08:29,791 MCT_Register INFO     MSG RECEIVED FROM DISPATCH: 1002
2018-04-09 00:08:29,802 MCT_Register INFO     PLAYER ID NOT REGISTERED: playerVirtual38
2018-04-09 00:08:29,842 MCT_Register INFO     playerVirtual38 register 1
2018-04-09 00:08:29,890 MCT_Register INFO     ------------------------------------------

2018-04-09 00:13:33,904 MCT_Register INFO     MSG RECEIVED FROM DISPATCH: 1002
2018-04-09 00:13:33,913 MCT_Register INFO     PLAYER ID NOT REGISTERED: playerVirtual39
2018-04-09 00:13:34,255 MCT_Register INFO     playerVirtual39 register 1
2018-04-09 00:13:34,316 MCT_Register INFO     ------------------------------------------

2018-04-09 00:18:32,265 MCT_Register INFO     MSG RECEIVED FROM DISPATCH: 1002
2018-04-09 00:18:32,276 MCT_Register INFO     PLAYER ID NOT REGISTERED: playerVirtual40
2018-04-09 00:18:32,283 MCT_Register INFO     playerVirtual40 register 1
2018-04-09 00:18:32,333 MCT_Register INFO     ------------------------------------------

2018-04-09 00:23:37,432 MCT_Register INFO     MSG RECEIVED FROM DISPATCH: 1002
2018-04-09 00:23:37,440 MCT_Register INFO     PLAYER ID NOT REGISTERED: playerVirtual41
2018-04-09 00:23:37,481 MCT_Register INFO     playerVirtual41 register 1
2018-04-09 00:23:37,533 MCT_Register INFO     ------------------------------------------

2018-04-09 00:28:30,085 MCT_Register INFO     MSG RECEIVED FROM DISPATCH: 1002
2018-04-09 00:28:30,090 MCT_Register INFO     PLAYER ID NOT REGISTERED: playerVirtual42
2018-04-09 00:28:30,170 MCT_Register INFO     playerVirtual42 register 1
2018-04-09 00:28:30,220 MCT_Register INFO     ------------------------------------------

2018-04-09 00:33:36,780 MCT_Register INFO     MSG RECEIVED FROM DISPATCH: 1002
2018-04-09 00:33:36,786 MCT_Register INFO     PLAYER ID NOT REGISTERED: playerVirtual43
2018-04-09 00:33:36,791 MCT_Register INFO     playerVirtual43 register 1
2018-04-09 00:33:36,840 MCT_Register INFO     ------------------------------------------

2018-04-09 00:38:33,402 MCT_Register INFO     MSG RECEIVED FROM DISPATCH: 1002
2018-04-09 00:38:33,407 MCT_Register INFO     PLAYER ID NOT REGISTERED: playerVirtual44
2018-04-09 00:38:33,459 MCT_Register INFO     playerVirtual44 register 1
2018-04-09 00:38:33,511 MCT_Register INFO     ------------------------------------------

2018-04-09 00:43:33,783 MCT_Register INFO     MSG RECEIVED FROM DISPATCH: 1002
2018-04-09 00:43:33,786 MCT_Register INFO     PLAYER ID NOT REGISTERED: playerVirtual45
2018-04-09 00:43:33,884 MCT_Register INFO     playerVirtual45 register 1
2018-04-09 00:43:33,940 MCT_Register INFO     ------------------------------------------

2018-04-09 00:48:30,375 MCT_Register INFO     MSG RECEIVED FROM DISPATCH: 1002
2018-04-09 00:48:30,383 MCT_Register INFO     PLAYER ID NOT REGISTERED: playerVirtual46
2018-04-09 00:48:30,422 MCT_Register INFO     playerVirtual46 register 1
2018-04-09 00:48:30,482 MCT_Register INFO     ------------------------------------------

2018-04-09 00:53:39,417 MCT_Register INFO     MSG RECEIVED FROM DISPATCH: 1002
2018-04-09 00:53:39,426 MCT_Register INFO     PLAYER ID NOT REGISTERED: playerVirtual47
2018-04-09 00:53:39,462 MCT_Register INFO     playerVirtual47 register 1
2018-04-09 00:53:39,520 MCT_Register INFO     ------------------------------------------

2018-04-09 00:58:31,359 MCT_Register INFO     MSG RECEIVED FROM DISPATCH: 1002
2018-04-09 00:58:31,370 MCT_Register INFO     PLAYER ID NOT REGISTERED: playerVirtual48
2018-04-09 00:58:31,380 MCT_Register INFO     playerVirtual48 register 1
2018-04-09 00:58:31,432 MCT_Register INFO     ------------------------------------------

2018-04-09 01:03:38,266 MCT_Register INFO     MSG RECEIVED FROM DISPATCH: 1002
2018-04-09 01:03:38,272 MCT_Register INFO     PLAYER ID NOT REGISTERED: playerVirtual49
2018-04-09 01:03:38,275 MCT_Register INFO     playerVirtual49 register 1
2018-04-09 01:03:38,334 MCT_Register INFO     ------------------------------------------

2018-04-09 01:08:34,348 MCT_Register INFO     MSG RECEIVED FROM DISPATCH: 1002
2018-04-09 01:08:34,357 MCT_Register INFO     PLAYER ID NOT REGISTERED: playerVirtual50
2018-04-09 01:08:34,364 MCT_Register INFO     playerVirtual50 register 1
2018-04-09 01:08:34,415 MCT_Register INFO     ------------------------------------------

2018-04-09 01:13:31,591 MCT_Register INFO     MSG RECEIVED FROM DISPATCH: 1002
2018-04-09 01:13:31,599 MCT_Register INFO     PLAYER ID NOT REGISTERED: playerVirtual51
2018-04-09 01:13:31,608 MCT_Register INFO     playerVirtual51 register 1
2018-04-09 01:13:31,663 MCT_Register INFO     ------------------------------------------

2018-04-09 01:17:51,137 MCT_Register INFO     ###### STOP MCT_REGISTER ######

