2018-02-13 04:04:09,310 MCT_Register INFO     ###### START MCT_REGISTER ######

2018-02-13 04:04:28,085 MCT_Register INFO     MSG RECEIVED FROM DISPATCH: 1002
2018-02-13 04:04:28,123 MCT_Register INFO     PLAYER ID NOT REGISTERED: playerVirtual1
2018-02-13 04:04:28,140 MCT_Register INFO     PLAYER REGISTERED: playerVirtual1
2018-02-13 04:04:28,200 MCT_Register INFO     ------------------------------------------

2018-02-13 04:04:28,284 MCT_Register INFO     MSG RECEIVED FROM DISPATCH: 1002
2018-02-13 04:04:28,294 MCT_Register INFO     PLAYER ID NOT REGISTERED: playerVirtual11
2018-02-13 04:04:28,387 MCT_Register INFO     PLAYER REGISTERED: playerVirtual11
2018-02-13 04:04:28,442 MCT_Register INFO     ------------------------------------------

2018-02-13 04:04:28,443 MCT_Register INFO     MSG RECEIVED FROM DISPATCH: 1002
2018-02-13 04:04:28,451 MCT_Register INFO     PLAYER ID NOT REGISTERED: playerVirtual4
2018-02-13 04:04:28,460 MCT_Register INFO     PLAYER REGISTERED: playerVirtual4
2018-02-13 04:04:28,514 MCT_Register INFO     ------------------------------------------

2018-02-13 04:04:28,595 MCT_Register INFO     MSG RECEIVED FROM DISPATCH: 1002
2018-02-13 04:04:28,607 MCT_Register INFO     PLAYER ID NOT REGISTERED: playerVirtual8
2018-02-13 04:04:28,617 MCT_Register INFO     PLAYER REGISTERED: playerVirtual8
2018-02-13 04:04:28,672 MCT_Register INFO     ------------------------------------------

2018-02-13 04:04:28,771 MCT_Register INFO     MSG RECEIVED FROM DISPATCH: 1002
2018-02-13 04:04:28,780 MCT_Register INFO     PLAYER ID NOT REGISTERED: playerVirtual2
2018-02-13 04:04:28,790 MCT_Register INFO     PLAYER REGISTERED: playerVirtual2
2018-02-13 04:04:28,840 MCT_Register INFO     ------------------------------------------

2018-02-13 04:04:29,048 MCT_Register INFO     MSG RECEIVED FROM DISPATCH: 1002
2018-02-13 04:04:29,054 MCT_Register INFO     PLAYER ID NOT REGISTERED: playerVirtual13
2018-02-13 04:04:29,073 MCT_Register INFO     PLAYER REGISTERED: playerVirtual13
2018-02-13 04:04:29,136 MCT_Register INFO     ------------------------------------------

2018-02-13 04:04:29,285 MCT_Register INFO     MSG RECEIVED FROM DISPATCH: 1002
2018-02-13 04:04:29,291 MCT_Register INFO     PLAYER ID NOT REGISTERED: playerVirtual3
2018-02-13 04:04:29,324 MCT_Register INFO     PLAYER REGISTERED: playerVirtual3
2018-02-13 04:04:29,377 MCT_Register INFO     ------------------------------------------

2018-02-13 04:04:29,548 MCT_Register INFO     MSG RECEIVED FROM DISPATCH: 1002
2018-02-13 04:04:29,557 MCT_Register INFO     PLAYER ID NOT REGISTERED: playerVirtual6
2018-02-13 04:04:29,565 MCT_Register INFO     PLAYER REGISTERED: playerVirtual6
2018-02-13 04:04:29,622 MCT_Register INFO     ------------------------------------------

2018-02-13 04:04:29,749 MCT_Register INFO     MSG RECEIVED FROM DISPATCH: 1002
2018-02-13 04:04:29,756 MCT_Register INFO     PLAYER ID NOT REGISTERED: playerVirtual15
2018-02-13 04:04:29,762 MCT_Register INFO     PLAYER REGISTERED: playerVirtual15
2018-02-13 04:04:29,813 MCT_Register INFO     ------------------------------------------

2018-02-13 04:04:29,898 MCT_Register INFO     MSG RECEIVED FROM DISPATCH: 1002
2018-02-13 04:04:29,905 MCT_Register INFO     PLAYER ID NOT REGISTERED: playerVirtual17
2018-02-13 04:04:29,944 MCT_Register INFO     PLAYER REGISTERED: playerVirtual17
2018-02-13 04:04:30,001 MCT_Register INFO     ------------------------------------------

2018-02-13 04:04:30,003 MCT_Register INFO     MSG RECEIVED FROM DISPATCH: 1002
2018-02-13 04:04:30,015 MCT_Register INFO     PLAYER ID NOT REGISTERED: playerVirtual19
2018-02-13 04:04:30,061 MCT_Register INFO     PLAYER REGISTERED: playerVirtual19
2018-02-13 04:04:30,113 MCT_Register INFO     ------------------------------------------

2018-02-13 04:04:30,287 MCT_Register INFO     MSG RECEIVED FROM DISPATCH: 1002
2018-02-13 04:04:30,295 MCT_Register INFO     PLAYER ID NOT REGISTERED: playerVirtual5
2018-02-13 04:04:30,319 MCT_Register INFO     PLAYER REGISTERED: playerVirtual5
2018-02-13 04:04:30,378 MCT_Register INFO     ------------------------------------------

2018-02-13 04:04:30,458 MCT_Register INFO     MSG RECEIVED FROM DISPATCH: 1002
2018-02-13 04:04:30,463 MCT_Register INFO     PLAYER ID NOT REGISTERED: playerVirtual9
2018-02-13 04:04:30,528 MCT_Register INFO     PLAYER REGISTERED: playerVirtual9
2018-02-13 04:04:30,580 MCT_Register INFO     ------------------------------------------

2018-02-13 04:04:30,581 MCT_Register INFO     MSG RECEIVED FROM DISPATCH: 1002
2018-02-13 04:04:30,587 MCT_Register INFO     PLAYER ID NOT REGISTERED: playerVirtual7
2018-02-13 04:04:30,640 MCT_Register INFO     PLAYER REGISTERED: playerVirtual7
2018-02-13 04:04:30,688 MCT_Register INFO     ------------------------------------------

2018-02-13 04:04:30,690 MCT_Register INFO     MSG RECEIVED FROM DISPATCH: 1002
2018-02-13 04:04:30,700 MCT_Register INFO     PLAYER ID NOT REGISTERED: playerVirtual14
2018-02-13 04:04:30,819 MCT_Register INFO     PLAYER REGISTERED: playerVirtual14
2018-02-13 04:04:30,875 MCT_Register INFO     ------------------------------------------

2018-02-13 04:04:30,879 MCT_Register INFO     MSG RECEIVED FROM DISPATCH: 1002
2018-02-13 04:04:30,884 MCT_Register INFO     PLAYER ID NOT REGISTERED: playerVirtual12
2018-02-13 04:04:30,934 MCT_Register INFO     PLAYER REGISTERED: playerVirtual12
2018-02-13 04:04:30,988 MCT_Register INFO     ------------------------------------------

2018-02-13 04:04:31,176 MCT_Register INFO     MSG RECEIVED FROM DISPATCH: 1002
2018-02-13 04:04:31,191 MCT_Register INFO     PLAYER ID NOT REGISTERED: playerVirtual0
2018-02-13 04:04:31,240 MCT_Register INFO     PLAYER REGISTERED: playerVirtual0
2018-02-13 04:04:31,293 MCT_Register INFO     ------------------------------------------

2018-02-13 04:04:31,401 MCT_Register INFO     MSG RECEIVED FROM DISPATCH: 1002
2018-02-13 04:04:31,415 MCT_Register INFO     PLAYER ID NOT REGISTERED: playerVirtual16
2018-02-13 04:04:31,432 MCT_Register INFO     PLAYER REGISTERED: playerVirtual16
2018-02-13 04:04:31,488 MCT_Register INFO     ------------------------------------------

2018-02-13 04:04:32,009 MCT_Register INFO     MSG RECEIVED FROM DISPATCH: 1002
2018-02-13 04:04:32,013 MCT_Register INFO     PLAYER ID NOT REGISTERED: playerVirtual18
2018-02-13 04:04:32,036 MCT_Register INFO     PLAYER REGISTERED: playerVirtual18
2018-02-13 04:04:32,096 MCT_Register INFO     ------------------------------------------

2018-02-13 04:04:32,204 MCT_Register INFO     MSG RECEIVED FROM DISPATCH: 1002
2018-02-13 04:04:32,212 MCT_Register INFO     PLAYER ID NOT REGISTERED: playerVirtual10
2018-02-13 04:04:32,226 MCT_Register INFO     PLAYER REGISTERED: playerVirtual10
2018-02-13 04:04:32,279 MCT_Register INFO     ------------------------------------------

2018-02-13 16:37:13,962 MCT_Register INFO     ###### STOP MCT_REGISTER ######

