2018-02-22 10:12:14,737 MCT_Register INFO     ###### START MCT_REGISTER ######

2018-02-22 10:12:35,460 MCT_Register INFO     MSG RECEIVED FROM DISPATCH: 1002
2018-02-22 10:12:35,500 MCT_Register INFO     PLAYER ID NOT REGISTERED: playerVirtual1
2018-02-22 10:12:35,525 MCT_Register INFO     playerVirtual1 register 1
2018-02-22 10:12:35,572 MCT_Register INFO     ------------------------------------------

2018-02-22 10:12:35,593 MCT_Register INFO     MSG RECEIVED FROM DISPATCH: 1002
2018-02-22 10:12:35,604 MCT_Register INFO     PLAYER ID NOT REGISTERED: playerVirtual2
2018-02-22 10:12:35,609 MCT_Register INFO     playerVirtual2 register 1
2018-02-22 10:12:35,673 MCT_Register INFO     ------------------------------------------

2018-02-22 10:12:35,816 MCT_Register INFO     MSG RECEIVED FROM DISPATCH: 1002
2018-02-22 10:12:35,824 MCT_Register INFO     PLAYER ID NOT REGISTERED: playerVirtual0
2018-02-22 10:12:35,886 MCT_Register INFO     playerVirtual0 register 1
2018-02-22 10:12:35,953 MCT_Register INFO     ------------------------------------------

2018-02-22 10:17:31,637 MCT_Register INFO     MSG RECEIVED FROM DISPATCH: 1002
2018-02-22 10:17:31,642 MCT_Register INFO     PLAYER ID NOT REGISTERED: playerVirtual3
2018-02-22 10:17:31,649 MCT_Register INFO     playerVirtual3 register 1
2018-02-22 10:17:31,705 MCT_Register INFO     ------------------------------------------

2018-02-22 10:22:36,475 MCT_Register INFO     MSG RECEIVED FROM DISPATCH: 1002
2018-02-22 10:22:36,483 MCT_Register INFO     PLAYER ID NOT REGISTERED: playerVirtual4
2018-02-22 10:22:36,528 MCT_Register INFO     playerVirtual4 register 1
2018-02-22 10:22:36,580 MCT_Register INFO     ------------------------------------------

2018-02-22 10:24:23,868 MCT_Register INFO     MSG RECEIVED FROM DISPATCH: 1002
2018-02-22 10:24:23,874 MCT_Register INFO     PLAYER ID NOT REGISTERED: playerVirtual1557
2018-02-22 10:24:23,881 MCT_Register INFO     playerVirtual1557 register 1
2018-02-22 10:24:23,933 MCT_Register INFO     ------------------------------------------

2018-02-22 10:27:36,285 MCT_Register INFO     MSG RECEIVED FROM DISPATCH: 1002
2018-02-22 10:27:36,293 MCT_Register INFO     PLAYER ID NOT REGISTERED: playerVirtual5
2018-02-22 10:27:36,301 MCT_Register INFO     playerVirtual5 register 1
2018-02-22 10:27:36,349 MCT_Register INFO     ------------------------------------------

2018-02-22 10:32:34,821 MCT_Register INFO     MSG RECEIVED FROM DISPATCH: 1002
2018-02-22 10:32:34,829 MCT_Register INFO     PLAYER ID NOT REGISTERED: playerVirtual6
2018-02-22 10:32:34,837 MCT_Register INFO     playerVirtual6 register 1
2018-02-22 10:32:34,887 MCT_Register INFO     ------------------------------------------

2018-02-22 10:36:17,282 MCT_Register INFO     MSG RECEIVED FROM DISPATCH: 1002
2018-02-22 10:36:17,293 MCT_Register INFO     PLAYER ID NOT REGISTERED: playerVirtual1779
2018-02-22 10:36:17,298 MCT_Register INFO     playerVirtual1779 register 1
2018-02-22 10:36:17,352 MCT_Register INFO     ------------------------------------------

2018-02-22 10:37:36,026 MCT_Register INFO     MSG RECEIVED FROM DISPATCH: 1002
2018-02-22 10:37:36,035 MCT_Register INFO     PLAYER ID NOT REGISTERED: playerVirtual7
2018-02-22 10:37:36,042 MCT_Register INFO     playerVirtual7 register 1
2018-02-22 10:37:36,093 MCT_Register INFO     ------------------------------------------

2018-02-22 10:42:31,820 MCT_Register INFO     MSG RECEIVED FROM DISPATCH: 1002
2018-02-22 10:42:31,828 MCT_Register INFO     PLAYER ID NOT REGISTERED: playerVirtual8
2018-02-22 10:42:31,838 MCT_Register INFO     playerVirtual8 register 1
2018-02-22 10:42:31,882 MCT_Register INFO     ------------------------------------------

2018-02-22 10:47:30,940 MCT_Register INFO     MSG RECEIVED FROM DISPATCH: 1002
2018-02-22 10:47:30,952 MCT_Register INFO     PLAYER ID NOT REGISTERED: playerVirtual9
2018-02-22 10:47:31,238 MCT_Register INFO     playerVirtual9 register 1
2018-02-22 10:47:31,292 MCT_Register INFO     ------------------------------------------

2018-02-22 10:52:33,506 MCT_Register INFO     MSG RECEIVED FROM DISPATCH: 1002
2018-02-22 10:52:33,518 MCT_Register INFO     PLAYER ID NOT REGISTERED: playerVirtual10
2018-02-22 10:52:33,530 MCT_Register INFO     playerVirtual10 register 1
2018-02-22 10:52:33,578 MCT_Register INFO     ------------------------------------------

2018-02-22 10:56:54,878 MCT_Register INFO     MSG RECEIVED FROM DISPATCH: 1002
2018-02-22 10:56:54,888 MCT_Register INFO     PLAYER ID NOT REGISTERED: playerVirtual1295
2018-02-22 10:56:54,892 MCT_Register INFO     playerVirtual1295 register 1
2018-02-22 10:56:54,939 MCT_Register INFO     ------------------------------------------

2018-02-22 10:57:35,948 MCT_Register INFO     MSG RECEIVED FROM DISPATCH: 1002
2018-02-22 10:57:35,959 MCT_Register INFO     PLAYER ID NOT REGISTERED: playerVirtual11
2018-02-22 10:57:35,965 MCT_Register INFO     playerVirtual11 register 1
2018-02-22 10:57:36,017 MCT_Register INFO     ------------------------------------------

2018-02-22 11:02:34,058 MCT_Register INFO     MSG RECEIVED FROM DISPATCH: 1002
2018-02-22 11:02:34,069 MCT_Register INFO     PLAYER ID NOT REGISTERED: playerVirtual12
2018-02-22 11:02:34,103 MCT_Register INFO     playerVirtual12 register 1
2018-02-22 11:02:34,153 MCT_Register INFO     ------------------------------------------

2018-02-22 11:07:32,573 MCT_Register INFO     MSG RECEIVED FROM DISPATCH: 1002
2018-02-22 11:07:32,582 MCT_Register INFO     PLAYER ID NOT REGISTERED: playerVirtual13
2018-02-22 11:07:32,644 MCT_Register INFO     playerVirtual13 register 1
2018-02-22 11:07:32,702 MCT_Register INFO     ------------------------------------------

2018-02-22 11:12:33,327 MCT_Register INFO     MSG RECEIVED FROM DISPATCH: 1002
2018-02-22 11:12:33,340 MCT_Register INFO     PLAYER ID NOT REGISTERED: playerVirtual14
2018-02-22 11:12:33,347 MCT_Register INFO     playerVirtual14 register 1
2018-02-22 11:12:33,407 MCT_Register INFO     ------------------------------------------

2018-02-22 11:17:34,686 MCT_Register INFO     MSG RECEIVED FROM DISPATCH: 1002
2018-02-22 11:17:34,695 MCT_Register INFO     PLAYER ID NOT REGISTERED: playerVirtual15
2018-02-22 11:17:34,700 MCT_Register INFO     playerVirtual15 register 1
2018-02-22 11:17:34,751 MCT_Register INFO     ------------------------------------------

2018-02-22 11:22:35,793 MCT_Register INFO     MSG RECEIVED FROM DISPATCH: 1002
2018-02-22 11:22:35,800 MCT_Register INFO     PLAYER ID NOT REGISTERED: playerVirtual16
2018-02-22 11:22:35,848 MCT_Register INFO     playerVirtual16 register 1
2018-02-22 11:22:35,900 MCT_Register INFO     ------------------------------------------

2018-02-22 11:27:31,406 MCT_Register INFO     MSG RECEIVED FROM DISPATCH: 1002
2018-02-22 11:27:31,412 MCT_Register INFO     PLAYER ID NOT REGISTERED: playerVirtual17
2018-02-22 11:27:31,417 MCT_Register INFO     playerVirtual17 register 1
2018-02-22 11:27:31,474 MCT_Register INFO     ------------------------------------------

2018-02-22 11:32:37,706 MCT_Register INFO     MSG RECEIVED FROM DISPATCH: 1002
2018-02-22 11:32:37,715 MCT_Register INFO     PLAYER ID NOT REGISTERED: playerVirtual18
2018-02-22 11:32:37,720 MCT_Register INFO     playerVirtual18 register 1
2018-02-22 11:32:37,766 MCT_Register INFO     ------------------------------------------

2018-02-22 11:34:25,247 MCT_Register INFO     MSG RECEIVED FROM DISPATCH: 1002
2018-02-22 11:34:25,252 MCT_Register INFO     PLAYER ID NOT REGISTERED: playerVirtual1392
2018-02-22 11:34:25,257 MCT_Register INFO     playerVirtual1392 register 1
2018-02-22 11:34:25,302 MCT_Register INFO     ------------------------------------------

2018-02-22 11:37:30,472 MCT_Register INFO     MSG RECEIVED FROM DISPATCH: 1002
2018-02-22 11:37:30,480 MCT_Register INFO     PLAYER ID NOT REGISTERED: playerVirtual19
2018-02-22 11:37:30,485 MCT_Register INFO     playerVirtual19 register 1
2018-02-22 11:37:30,531 MCT_Register INFO     ------------------------------------------

2018-02-22 11:58:37,708 MCT_Register INFO     MSG RECEIVED FROM DISPATCH: 1002
2018-02-22 11:58:37,718 MCT_Register INFO     PLAYER ID NOT REGISTERED: playerVirtual1406
2018-02-22 11:58:37,726 MCT_Register INFO     playerVirtual1406 register 1
2018-02-22 11:58:37,776 MCT_Register INFO     ------------------------------------------

2018-02-22 12:26:46,855 MCT_Register INFO     MSG RECEIVED FROM DISPATCH: 1002
2018-02-22 12:26:46,863 MCT_Register INFO     PLAYER ID NOT REGISTERED: playerVirtual1105
2018-02-22 12:26:46,910 MCT_Register INFO     playerVirtual1105 register 1
2018-02-22 12:26:46,972 MCT_Register INFO     ------------------------------------------

2018-02-22 12:57:46,220 MCT_Register INFO     MSG RECEIVED FROM DISPATCH: 1002
2018-02-22 12:57:46,228 MCT_Register INFO     PLAYER ID NOT REGISTERED: playerVirtual1040
2018-02-22 12:57:46,234 MCT_Register INFO     playerVirtual1040 register 1
2018-02-22 12:57:46,289 MCT_Register INFO     ------------------------------------------

2018-02-22 13:32:06,021 MCT_Register INFO     MSG RECEIVED FROM DISPATCH: 1002
2018-02-22 13:32:06,029 MCT_Register INFO     PLAYER ID NOT REGISTERED: playerVirtual1327
2018-02-22 13:32:06,036 MCT_Register INFO     playerVirtual1327 register 1
2018-02-22 13:32:06,089 MCT_Register INFO     ------------------------------------------

2018-02-22 14:09:24,517 MCT_Register INFO     MSG RECEIVED FROM DISPATCH: 1002
2018-02-22 14:09:24,527 MCT_Register INFO     PLAYER ID NOT REGISTERED: playerVirtual1821
2018-02-22 14:09:24,538 MCT_Register INFO     playerVirtual1821 register 1
2018-02-22 14:09:24,595 MCT_Register INFO     ------------------------------------------

2018-02-22 14:50:06,203 MCT_Register INFO     MSG RECEIVED FROM DISPATCH: 1002
2018-02-22 14:50:06,209 MCT_Register INFO     PLAYER ID NOT REGISTERED: playerVirtual1055
2018-02-22 14:50:06,215 MCT_Register INFO     playerVirtual1055 register 1
2018-02-22 14:50:06,273 MCT_Register INFO     ------------------------------------------

2018-02-22 15:33:40,611 MCT_Register INFO     MSG RECEIVED FROM DISPATCH: 1002
2018-02-22 15:33:40,620 MCT_Register INFO     PLAYER ID NOT REGISTERED: playerVirtual1391
2018-02-22 15:33:40,626 MCT_Register INFO     playerVirtual1391 register 1
2018-02-22 15:33:40,680 MCT_Register INFO     ------------------------------------------

2018-02-22 16:19:57,277 MCT_Register INFO     MSG RECEIVED FROM DISPATCH: 1002
2018-02-22 16:19:57,283 MCT_Register INFO     PLAYER ID NOT REGISTERED: playerVirtual1726
2018-02-22 16:19:57,329 MCT_Register INFO     playerVirtual1726 register 1
2018-02-22 16:19:57,380 MCT_Register INFO     ------------------------------------------

2018-02-22 17:08:55,932 MCT_Register INFO     MSG RECEIVED FROM DISPATCH: 1002
2018-02-22 17:08:55,943 MCT_Register INFO     PLAYER ID NOT REGISTERED: playerVirtual1916
2018-02-22 17:08:55,949 MCT_Register INFO     playerVirtual1916 register 1
2018-02-22 17:08:55,994 MCT_Register INFO     ------------------------------------------

2018-02-22 18:00:30,114 MCT_Register INFO     MSG RECEIVED FROM DISPATCH: 1002
2018-02-22 18:00:30,122 MCT_Register INFO     PLAYER ID NOT REGISTERED: playerVirtual1753
2018-02-22 18:00:30,130 MCT_Register INFO     playerVirtual1753 register 1
2018-02-22 18:00:30,187 MCT_Register INFO     ------------------------------------------

2018-02-22 18:58:53,499 MCT_Register INFO     MSG RECEIVED FROM DISPATCH: 1002
2018-02-22 18:58:53,507 MCT_Register INFO     PLAYER ID NOT REGISTERED: playerVirtual1451
2018-02-22 18:58:53,515 MCT_Register INFO     playerVirtual1451 register 1
2018-02-22 18:58:53,572 MCT_Register INFO     ------------------------------------------

2018-02-22 20:02:31,887 MCT_Register INFO     MSG RECEIVED FROM DISPATCH: 1002
2018-02-22 20:02:31,897 MCT_Register INFO     PLAYER ID NOT REGISTERED: playerVirtual1443
2018-02-22 20:02:31,940 MCT_Register INFO     playerVirtual1443 register 1
2018-02-22 20:02:31,999 MCT_Register INFO     ------------------------------------------

2018-02-22 21:08:37,430 MCT_Register INFO     MSG RECEIVED FROM DISPATCH: 1002
2018-02-22 21:08:37,437 MCT_Register INFO     PLAYER ID NOT REGISTERED: playerVirtual1488
2018-02-22 21:08:37,448 MCT_Register INFO     playerVirtual1488 register 1
2018-02-22 21:08:37,500 MCT_Register INFO     ------------------------------------------

2018-02-22 22:17:07,105 MCT_Register INFO     MSG RECEIVED FROM DISPATCH: 1002
2018-02-22 22:17:07,115 MCT_Register INFO     PLAYER ID NOT REGISTERED: playerVirtual1410
2018-02-22 22:17:07,126 MCT_Register INFO     playerVirtual1410 register 1
2018-02-22 22:17:07,183 MCT_Register INFO     ------------------------------------------

2018-02-22 23:27:32,071 MCT_Register INFO     MSG RECEIVED FROM DISPATCH: 1002
2018-02-22 23:27:32,076 MCT_Register INFO     PLAYER ID NOT REGISTERED: playerVirtual1364
2018-02-22 23:27:32,082 MCT_Register INFO     playerVirtual1364 register 1
2018-02-22 23:27:32,131 MCT_Register INFO     ------------------------------------------

2018-02-22 23:34:43,130 MCT_Register INFO     ###### STOP MCT_REGISTER ######

