2018-01-25 14:00:23,820 MCT_Register INFO     ###### START MCT_REGISTER ######

2018-01-25 14:00:39,592 MCT_Register INFO     MSG RECEIVED FROM DISPATCH: 1002
2018-01-25 14:00:39,615 MCT_Register INFO     PLAYER ID NOT REGISTERED: playerVirtual1
2018-01-25 14:00:39,620 MCT_Register INFO     PLAYER REGISTERED: playerVirtual1
2018-01-25 14:00:39,629 MCT_Register INFO     ------------------------------------------

2018-01-25 14:00:39,629 MCT_Register INFO     MSG RECEIVED FROM DISPATCH: 1002
2018-01-25 14:00:39,633 MCT_Register INFO     PLAYER ID NOT REGISTERED: playerVirtual2
2018-01-25 14:00:39,636 MCT_Register INFO     PLAYER REGISTERED: playerVirtual2
2018-01-25 14:00:39,643 MCT_Register INFO     ------------------------------------------

2018-01-25 14:00:39,682 MCT_Register INFO     MSG RECEIVED FROM DISPATCH: 1002
2018-01-25 14:00:39,685 MCT_Register INFO     PLAYER ID NOT REGISTERED: playerVirtual3
2018-01-25 14:00:39,687 MCT_Register INFO     PLAYER REGISTERED: playerVirtual3
2018-01-25 14:00:39,697 MCT_Register INFO     ------------------------------------------

2018-01-25 14:00:39,697 MCT_Register INFO     MSG RECEIVED FROM DISPATCH: 1002
2018-01-25 14:00:39,700 MCT_Register INFO     PLAYER ID NOT REGISTERED: playerVirtual4
2018-01-25 14:00:39,703 MCT_Register INFO     PLAYER REGISTERED: playerVirtual4
2018-01-25 14:00:39,710 MCT_Register INFO     ------------------------------------------

2018-01-25 14:00:39,718 MCT_Register INFO     MSG RECEIVED FROM DISPATCH: 1002
2018-01-25 14:00:39,721 MCT_Register INFO     PLAYER ID NOT REGISTERED: playerVirtual5
2018-01-25 14:00:39,724 MCT_Register INFO     PLAYER REGISTERED: playerVirtual5
2018-01-25 14:00:39,729 MCT_Register INFO     ------------------------------------------

2018-01-25 14:00:39,782 MCT_Register INFO     MSG RECEIVED FROM DISPATCH: 1002
2018-01-25 14:00:39,785 MCT_Register INFO     PLAYER ID NOT REGISTERED: playerVirtual6
2018-01-25 14:00:39,787 MCT_Register INFO     PLAYER REGISTERED: playerVirtual6
2018-01-25 14:00:39,796 MCT_Register INFO     ------------------------------------------

2018-01-25 14:00:39,797 MCT_Register INFO     MSG RECEIVED FROM DISPATCH: 1002
2018-01-25 14:00:39,799 MCT_Register INFO     PLAYER ID NOT REGISTERED: playerVirtual7
2018-01-25 14:00:39,802 MCT_Register INFO     PLAYER REGISTERED: playerVirtual7
2018-01-25 14:00:39,811 MCT_Register INFO     ------------------------------------------

2018-01-25 14:00:39,823 MCT_Register INFO     MSG RECEIVED FROM DISPATCH: 1002
2018-01-25 14:00:39,826 MCT_Register INFO     PLAYER ID NOT REGISTERED: playerVirtual9
2018-01-25 14:00:39,828 MCT_Register INFO     PLAYER REGISTERED: playerVirtual9
2018-01-25 14:00:39,837 MCT_Register INFO     ------------------------------------------

2018-01-25 14:00:39,841 MCT_Register INFO     MSG RECEIVED FROM DISPATCH: 1002
2018-01-25 14:00:39,846 MCT_Register INFO     PLAYER ID NOT REGISTERED: playerVirtual0
2018-01-25 14:00:39,849 MCT_Register INFO     PLAYER REGISTERED: playerVirtual0
2018-01-25 14:00:39,858 MCT_Register INFO     ------------------------------------------

2018-01-25 14:00:45,321 MCT_Register INFO     MSG RECEIVED FROM DISPATCH: 1002
2018-01-25 14:00:45,324 MCT_Register INFO     PLAYER ID NOT REGISTERED: playerVirtual10
2018-01-25 14:00:45,326 MCT_Register INFO     PLAYER REGISTERED: playerVirtual10
2018-01-25 14:00:45,333 MCT_Register INFO     ------------------------------------------

2018-01-25 14:05:43,231 MCT_Register INFO     MSG RECEIVED FROM DISPATCH: 1002
2018-01-25 14:05:43,234 MCT_Register INFO     PLAYER ID NOT REGISTERED: playerVirtual11
2018-01-25 14:05:43,236 MCT_Register INFO     PLAYER REGISTERED: playerVirtual11
2018-01-25 14:05:43,243 MCT_Register INFO     ------------------------------------------

2018-01-25 14:10:42,944 MCT_Register INFO     MSG RECEIVED FROM DISPATCH: 1002
2018-01-25 14:10:42,947 MCT_Register INFO     PLAYER ID NOT REGISTERED: playerVirtual12
2018-01-25 14:10:42,949 MCT_Register INFO     PLAYER REGISTERED: playerVirtual12
2018-01-25 14:10:42,958 MCT_Register INFO     ------------------------------------------

2018-01-25 14:15:49,349 MCT_Register INFO     MSG RECEIVED FROM DISPATCH: 1002
2018-01-25 14:15:49,352 MCT_Register INFO     PLAYER ID NOT REGISTERED: playerVirtual13
2018-01-25 14:15:49,354 MCT_Register INFO     PLAYER REGISTERED: playerVirtual13
2018-01-25 14:15:49,361 MCT_Register INFO     ------------------------------------------

2018-01-25 14:20:49,270 MCT_Register INFO     MSG RECEIVED FROM DISPATCH: 1002
2018-01-25 14:20:49,273 MCT_Register INFO     PLAYER ID NOT REGISTERED: playerVirtual14
2018-01-25 14:20:49,276 MCT_Register INFO     PLAYER REGISTERED: playerVirtual14
2018-01-25 14:20:49,283 MCT_Register INFO     ------------------------------------------

2018-01-25 14:25:47,014 MCT_Register INFO     MSG RECEIVED FROM DISPATCH: 1002
2018-01-25 14:25:47,017 MCT_Register INFO     PLAYER ID NOT REGISTERED: playerVirtual15
2018-01-25 14:25:47,021 MCT_Register INFO     PLAYER REGISTERED: playerVirtual15
2018-01-25 14:25:47,028 MCT_Register INFO     ------------------------------------------

2018-01-25 14:30:52,030 MCT_Register INFO     MSG RECEIVED FROM DISPATCH: 1002
2018-01-25 14:30:52,033 MCT_Register INFO     PLAYER ID NOT REGISTERED: playerVirtual16
2018-01-25 14:30:52,035 MCT_Register INFO     PLAYER REGISTERED: playerVirtual16
2018-01-25 14:30:52,042 MCT_Register INFO     ------------------------------------------

2018-01-25 14:35:51,899 MCT_Register INFO     MSG RECEIVED FROM DISPATCH: 1002
2018-01-25 14:35:51,902 MCT_Register INFO     PLAYER ID NOT REGISTERED: playerVirtual17
2018-01-25 14:35:51,904 MCT_Register INFO     PLAYER REGISTERED: playerVirtual17
2018-01-25 14:35:51,912 MCT_Register INFO     ------------------------------------------

2018-01-25 14:40:50,624 MCT_Register INFO     MSG RECEIVED FROM DISPATCH: 1002
2018-01-25 14:40:50,627 MCT_Register INFO     PLAYER ID NOT REGISTERED: playerVirtual18
2018-01-25 14:40:50,630 MCT_Register INFO     PLAYER REGISTERED: playerVirtual18
2018-01-25 14:40:50,637 MCT_Register INFO     ------------------------------------------

2018-01-25 14:45:51,920 MCT_Register INFO     MSG RECEIVED FROM DISPATCH: 1002
2018-01-25 14:45:51,923 MCT_Register INFO     PLAYER ID NOT REGISTERED: playerVirtual19
2018-01-25 14:45:51,925 MCT_Register INFO     PLAYER REGISTERED: playerVirtual19
2018-01-25 14:45:51,933 MCT_Register INFO     ------------------------------------------

2018-01-25 14:50:53,157 MCT_Register INFO     MSG RECEIVED FROM DISPATCH: 1002
2018-01-25 14:50:53,161 MCT_Register INFO     PLAYER ID NOT REGISTERED: playerVirtual20
2018-01-25 14:50:53,163 MCT_Register INFO     PLAYER REGISTERED: playerVirtual20
2018-01-25 14:50:53,170 MCT_Register INFO     ------------------------------------------

2018-01-25 14:55:50,673 MCT_Register INFO     MSG RECEIVED FROM DISPATCH: 1002
2018-01-25 14:55:50,677 MCT_Register INFO     PLAYER ID NOT REGISTERED: playerVirtual21
2018-01-25 14:55:50,680 MCT_Register INFO     PLAYER REGISTERED: playerVirtual21
2018-01-25 14:55:50,690 MCT_Register INFO     ------------------------------------------

2018-01-25 15:00:44,436 MCT_Register INFO     MSG RECEIVED FROM DISPATCH: 1002
2018-01-25 15:00:44,439 MCT_Register INFO     PLAYER ID NOT REGISTERED: playerVirtual22
2018-01-25 15:00:44,441 MCT_Register INFO     PLAYER REGISTERED: playerVirtual22
2018-01-25 15:00:44,448 MCT_Register INFO     ------------------------------------------

2018-01-25 15:05:48,416 MCT_Register INFO     MSG RECEIVED FROM DISPATCH: 1002
2018-01-25 15:05:48,419 MCT_Register INFO     PLAYER ID NOT REGISTERED: playerVirtual23
2018-01-25 15:05:48,421 MCT_Register INFO     PLAYER REGISTERED: playerVirtual23
2018-01-25 15:05:48,429 MCT_Register INFO     ------------------------------------------

2018-01-25 15:10:52,583 MCT_Register INFO     MSG RECEIVED FROM DISPATCH: 1002
2018-01-25 15:10:52,586 MCT_Register INFO     PLAYER ID NOT REGISTERED: playerVirtual24
2018-01-25 15:10:52,589 MCT_Register INFO     PLAYER REGISTERED: playerVirtual24
2018-01-25 15:10:52,596 MCT_Register INFO     ------------------------------------------

2018-01-25 15:15:51,305 MCT_Register INFO     MSG RECEIVED FROM DISPATCH: 1002
2018-01-25 15:15:51,308 MCT_Register INFO     PLAYER ID NOT REGISTERED: playerVirtual25
2018-01-25 15:15:51,310 MCT_Register INFO     PLAYER REGISTERED: playerVirtual25
2018-01-25 15:15:51,318 MCT_Register INFO     ------------------------------------------

2018-01-25 15:20:47,294 MCT_Register INFO     MSG RECEIVED FROM DISPATCH: 1002
2018-01-25 15:20:47,297 MCT_Register INFO     PLAYER ID NOT REGISTERED: playerVirtual26
2018-01-25 15:20:47,300 MCT_Register INFO     PLAYER REGISTERED: playerVirtual26
2018-01-25 15:20:47,307 MCT_Register INFO     ------------------------------------------

2018-01-25 15:25:44,801 MCT_Register INFO     MSG RECEIVED FROM DISPATCH: 1002
2018-01-25 15:25:44,805 MCT_Register INFO     PLAYER ID NOT REGISTERED: playerVirtual27
2018-01-25 15:25:44,807 MCT_Register INFO     PLAYER REGISTERED: playerVirtual27
2018-01-25 15:25:44,814 MCT_Register INFO     ------------------------------------------

2018-01-25 15:30:46,759 MCT_Register INFO     MSG RECEIVED FROM DISPATCH: 1002
2018-01-25 15:30:46,763 MCT_Register INFO     PLAYER ID NOT REGISTERED: playerVirtual28
2018-01-25 15:30:46,765 MCT_Register INFO     PLAYER REGISTERED: playerVirtual28
2018-01-25 15:30:46,772 MCT_Register INFO     ------------------------------------------

2018-01-25 15:35:46,829 MCT_Register INFO     MSG RECEIVED FROM DISPATCH: 1002
2018-01-25 15:35:46,832 MCT_Register INFO     PLAYER ID NOT REGISTERED: playerVirtual29
2018-01-25 15:35:46,834 MCT_Register INFO     PLAYER REGISTERED: playerVirtual29
2018-01-25 15:35:46,842 MCT_Register INFO     ------------------------------------------

2018-01-25 15:40:51,359 MCT_Register INFO     MSG RECEIVED FROM DISPATCH: 1002
2018-01-25 15:40:51,363 MCT_Register INFO     PLAYER ID NOT REGISTERED: playerVirtual30
2018-01-25 15:40:51,365 MCT_Register INFO     PLAYER REGISTERED: playerVirtual30
2018-01-25 15:40:51,372 MCT_Register INFO     ------------------------------------------

2018-01-25 15:45:49,140 MCT_Register INFO     MSG RECEIVED FROM DISPATCH: 1002
2018-01-25 15:45:49,143 MCT_Register INFO     PLAYER ID NOT REGISTERED: playerVirtual31
2018-01-25 15:45:49,145 MCT_Register INFO     PLAYER REGISTERED: playerVirtual31
2018-01-25 15:45:49,152 MCT_Register INFO     ------------------------------------------

2018-01-25 15:50:51,285 MCT_Register INFO     MSG RECEIVED FROM DISPATCH: 1002
2018-01-25 15:50:51,289 MCT_Register INFO     PLAYER ID NOT REGISTERED: playerVirtual32
2018-01-25 15:50:51,291 MCT_Register INFO     PLAYER REGISTERED: playerVirtual32
2018-01-25 15:50:51,297 MCT_Register INFO     ------------------------------------------

2018-01-25 15:55:46,947 MCT_Register INFO     MSG RECEIVED FROM DISPATCH: 1002
2018-01-25 15:55:46,950 MCT_Register INFO     PLAYER ID NOT REGISTERED: playerVirtual33
2018-01-25 15:55:46,953 MCT_Register INFO     PLAYER REGISTERED: playerVirtual33
2018-01-25 15:55:46,960 MCT_Register INFO     ------------------------------------------

2018-01-25 16:00:50,725 MCT_Register INFO     MSG RECEIVED FROM DISPATCH: 1002
2018-01-25 16:00:50,728 MCT_Register INFO     PLAYER ID NOT REGISTERED: playerVirtual34
2018-01-25 16:00:50,731 MCT_Register INFO     PLAYER REGISTERED: playerVirtual34
2018-01-25 16:00:50,738 MCT_Register INFO     ------------------------------------------

2018-01-25 16:05:46,209 MCT_Register INFO     MSG RECEIVED FROM DISPATCH: 1002
2018-01-25 16:05:46,212 MCT_Register INFO     PLAYER ID NOT REGISTERED: playerVirtual35
2018-01-25 16:05:46,215 MCT_Register INFO     PLAYER REGISTERED: playerVirtual35
2018-01-25 16:05:46,222 MCT_Register INFO     ------------------------------------------

2018-01-25 16:10:46,861 MCT_Register INFO     MSG RECEIVED FROM DISPATCH: 1002
2018-01-25 16:10:46,864 MCT_Register INFO     PLAYER ID NOT REGISTERED: playerVirtual36
2018-01-25 16:10:46,866 MCT_Register INFO     PLAYER REGISTERED: playerVirtual36
2018-01-25 16:10:46,873 MCT_Register INFO     ------------------------------------------

2018-01-25 16:15:52,114 MCT_Register INFO     MSG RECEIVED FROM DISPATCH: 1002
2018-01-25 16:15:52,118 MCT_Register INFO     PLAYER ID NOT REGISTERED: playerVirtual37
2018-01-25 16:15:52,120 MCT_Register INFO     PLAYER REGISTERED: playerVirtual37
2018-01-25 16:15:52,127 MCT_Register INFO     ------------------------------------------

2018-01-25 16:20:51,513 MCT_Register INFO     MSG RECEIVED FROM DISPATCH: 1002
2018-01-25 16:20:51,516 MCT_Register INFO     PLAYER ID NOT REGISTERED: playerVirtual38
2018-01-25 16:20:51,519 MCT_Register INFO     PLAYER REGISTERED: playerVirtual38
2018-01-25 16:20:51,527 MCT_Register INFO     ------------------------------------------

2018-01-25 16:25:53,647 MCT_Register INFO     MSG RECEIVED FROM DISPATCH: 1002
2018-01-25 16:25:53,650 MCT_Register INFO     PLAYER ID NOT REGISTERED: playerVirtual39
2018-01-25 16:25:53,653 MCT_Register INFO     PLAYER REGISTERED: playerVirtual39
2018-01-25 16:25:53,660 MCT_Register INFO     ------------------------------------------

2018-01-25 16:30:50,846 MCT_Register INFO     MSG RECEIVED FROM DISPATCH: 1002
2018-01-25 16:30:50,850 MCT_Register INFO     PLAYER ID NOT REGISTERED: playerVirtual40
2018-01-25 16:30:50,853 MCT_Register INFO     PLAYER REGISTERED: playerVirtual40
2018-01-25 16:30:50,860 MCT_Register INFO     ------------------------------------------

2018-01-25 16:35:48,091 MCT_Register INFO     MSG RECEIVED FROM DISPATCH: 1002
2018-01-25 16:35:48,095 MCT_Register INFO     PLAYER ID NOT REGISTERED: playerVirtual41
2018-01-25 16:35:48,097 MCT_Register INFO     PLAYER REGISTERED: playerVirtual41
2018-01-25 16:35:48,105 MCT_Register INFO     ------------------------------------------

2018-01-25 16:40:48,659 MCT_Register INFO     MSG RECEIVED FROM DISPATCH: 1002
2018-01-25 16:40:48,662 MCT_Register INFO     PLAYER ID NOT REGISTERED: playerVirtual42
2018-01-25 16:40:48,664 MCT_Register INFO     PLAYER REGISTERED: playerVirtual42
2018-01-25 16:40:48,671 MCT_Register INFO     ------------------------------------------

2018-01-25 16:45:48,959 MCT_Register INFO     MSG RECEIVED FROM DISPATCH: 1002
2018-01-25 16:45:48,962 MCT_Register INFO     PLAYER ID NOT REGISTERED: playerVirtual43
2018-01-25 16:45:48,965 MCT_Register INFO     PLAYER REGISTERED: playerVirtual43
2018-01-25 16:45:48,972 MCT_Register INFO     ------------------------------------------

2018-01-25 16:50:48,790 MCT_Register INFO     MSG RECEIVED FROM DISPATCH: 1002
2018-01-25 16:50:48,793 MCT_Register INFO     PLAYER ID NOT REGISTERED: playerVirtual44
2018-01-25 16:50:48,796 MCT_Register INFO     PLAYER REGISTERED: playerVirtual44
2018-01-25 16:50:48,803 MCT_Register INFO     ------------------------------------------

2018-01-25 16:55:51,328 MCT_Register INFO     MSG RECEIVED FROM DISPATCH: 1002
2018-01-25 16:55:51,331 MCT_Register INFO     PLAYER ID NOT REGISTERED: playerVirtual45
2018-01-25 16:55:51,334 MCT_Register INFO     PLAYER REGISTERED: playerVirtual45
2018-01-25 16:55:51,341 MCT_Register INFO     ------------------------------------------

2018-01-25 17:00:52,869 MCT_Register INFO     MSG RECEIVED FROM DISPATCH: 1002
2018-01-25 17:00:52,873 MCT_Register INFO     PLAYER ID NOT REGISTERED: playerVirtual46
2018-01-25 17:00:52,876 MCT_Register INFO     PLAYER REGISTERED: playerVirtual46
2018-01-25 17:00:52,888 MCT_Register INFO     ------------------------------------------

2018-01-25 17:05:48,124 MCT_Register INFO     MSG RECEIVED FROM DISPATCH: 1002
2018-01-25 17:05:48,127 MCT_Register INFO     PLAYER ID NOT REGISTERED: playerVirtual47
2018-01-25 17:05:48,130 MCT_Register INFO     PLAYER REGISTERED: playerVirtual47
2018-01-25 17:05:48,137 MCT_Register INFO     ------------------------------------------

2018-01-25 17:10:50,136 MCT_Register INFO     MSG RECEIVED FROM DISPATCH: 1002
2018-01-25 17:10:50,140 MCT_Register INFO     PLAYER ID NOT REGISTERED: playerVirtual48
2018-01-25 17:10:50,142 MCT_Register INFO     PLAYER REGISTERED: playerVirtual48
2018-01-25 17:10:50,149 MCT_Register INFO     ------------------------------------------

2018-01-25 17:15:51,899 MCT_Register INFO     MSG RECEIVED FROM DISPATCH: 1002
2018-01-25 17:15:51,902 MCT_Register INFO     PLAYER ID NOT REGISTERED: playerVirtual49
2018-01-25 17:15:51,905 MCT_Register INFO     PLAYER REGISTERED: playerVirtual49
2018-01-25 17:15:51,912 MCT_Register INFO     ------------------------------------------

2018-01-25 17:20:48,074 MCT_Register INFO     MSG RECEIVED FROM DISPATCH: 1002
2018-01-25 17:20:48,077 MCT_Register INFO     PLAYER ID NOT REGISTERED: playerVirtual50
2018-01-25 17:20:48,079 MCT_Register INFO     PLAYER REGISTERED: playerVirtual50
2018-01-25 17:20:48,086 MCT_Register INFO     ------------------------------------------

2018-01-25 17:25:53,265 MCT_Register INFO     MSG RECEIVED FROM DISPATCH: 1002
2018-01-25 17:25:53,268 MCT_Register INFO     PLAYER ID NOT REGISTERED: playerVirtual51
2018-01-25 17:25:53,270 MCT_Register INFO     PLAYER REGISTERED: playerVirtual51
2018-01-25 17:25:53,278 MCT_Register INFO     ------------------------------------------

2018-01-25 17:30:50,236 MCT_Register INFO     MSG RECEIVED FROM DISPATCH: 1002
2018-01-25 17:30:50,240 MCT_Register INFO     PLAYER ID NOT REGISTERED: playerVirtual52
2018-01-25 17:30:50,242 MCT_Register INFO     PLAYER REGISTERED: playerVirtual52
2018-01-25 17:30:50,249 MCT_Register INFO     ------------------------------------------

2018-01-25 17:35:53,590 MCT_Register INFO     MSG RECEIVED FROM DISPATCH: 1002
2018-01-25 17:35:53,593 MCT_Register INFO     PLAYER ID NOT REGISTERED: playerVirtual53
2018-01-25 17:35:53,596 MCT_Register INFO     PLAYER REGISTERED: playerVirtual53
2018-01-25 17:35:53,603 MCT_Register INFO     ------------------------------------------

2018-01-25 17:40:49,729 MCT_Register INFO     MSG RECEIVED FROM DISPATCH: 1002
2018-01-25 17:40:49,732 MCT_Register INFO     PLAYER ID NOT REGISTERED: playerVirtual54
2018-01-25 17:40:49,734 MCT_Register INFO     PLAYER REGISTERED: playerVirtual54
2018-01-25 17:40:49,741 MCT_Register INFO     ------------------------------------------

2018-01-25 17:45:54,658 MCT_Register INFO     MSG RECEIVED FROM DISPATCH: 1002
2018-01-25 17:45:54,661 MCT_Register INFO     PLAYER ID NOT REGISTERED: playerVirtual55
2018-01-25 17:45:54,664 MCT_Register INFO     PLAYER REGISTERED: playerVirtual55
2018-01-25 17:45:54,671 MCT_Register INFO     ------------------------------------------

2018-01-25 17:50:52,056 MCT_Register INFO     MSG RECEIVED FROM DISPATCH: 1002
2018-01-25 17:50:52,059 MCT_Register INFO     PLAYER ID NOT REGISTERED: playerVirtual56
2018-01-25 17:50:52,062 MCT_Register INFO     PLAYER REGISTERED: playerVirtual56
2018-01-25 17:50:52,069 MCT_Register INFO     ------------------------------------------

2018-01-25 17:55:54,380 MCT_Register INFO     MSG RECEIVED FROM DISPATCH: 1002
2018-01-25 17:55:54,384 MCT_Register INFO     PLAYER ID NOT REGISTERED: playerVirtual57
2018-01-25 17:55:54,388 MCT_Register INFO     PLAYER REGISTERED: playerVirtual57
2018-01-25 17:55:54,395 MCT_Register INFO     ------------------------------------------

2018-01-25 18:00:49,539 MCT_Register INFO     MSG RECEIVED FROM DISPATCH: 1002
2018-01-25 18:00:49,542 MCT_Register INFO     PLAYER ID NOT REGISTERED: playerVirtual58
2018-01-25 18:00:49,554 MCT_Register INFO     PLAYER REGISTERED: playerVirtual58
2018-01-25 18:00:49,561 MCT_Register INFO     ------------------------------------------

2018-01-25 18:05:48,586 MCT_Register INFO     MSG RECEIVED FROM DISPATCH: 1002
2018-01-25 18:05:48,590 MCT_Register INFO     PLAYER ID NOT REGISTERED: playerVirtual59
2018-01-25 18:05:48,595 MCT_Register INFO     PLAYER REGISTERED: playerVirtual59
2018-01-25 18:05:48,602 MCT_Register INFO     ------------------------------------------

2018-01-25 18:10:51,712 MCT_Register INFO     MSG RECEIVED FROM DISPATCH: 1002
2018-01-25 18:10:51,715 MCT_Register INFO     PLAYER ID NOT REGISTERED: playerVirtual60
2018-01-25 18:10:51,717 MCT_Register INFO     PLAYER REGISTERED: playerVirtual60
2018-01-25 18:10:51,728 MCT_Register INFO     ------------------------------------------

2018-01-25 18:15:50,812 MCT_Register INFO     MSG RECEIVED FROM DISPATCH: 1002
2018-01-25 18:15:50,816 MCT_Register INFO     PLAYER ID NOT REGISTERED: playerVirtual61
2018-01-25 18:15:50,818 MCT_Register INFO     PLAYER REGISTERED: playerVirtual61
2018-01-25 18:15:50,826 MCT_Register INFO     ------------------------------------------

2018-01-25 18:20:53,014 MCT_Register INFO     MSG RECEIVED FROM DISPATCH: 1002
2018-01-25 18:20:53,018 MCT_Register INFO     PLAYER ID NOT REGISTERED: playerVirtual62
2018-01-25 18:20:53,020 MCT_Register INFO     PLAYER REGISTERED: playerVirtual62
2018-01-25 18:20:53,027 MCT_Register INFO     ------------------------------------------

2018-01-25 18:25:48,453 MCT_Register INFO     MSG RECEIVED FROM DISPATCH: 1002
2018-01-25 18:25:48,456 MCT_Register INFO     PLAYER ID NOT REGISTERED: playerVirtual63
2018-01-25 18:25:48,458 MCT_Register INFO     PLAYER REGISTERED: playerVirtual63
2018-01-25 18:25:48,467 MCT_Register INFO     ------------------------------------------

2018-01-25 18:30:55,565 MCT_Register INFO     MSG RECEIVED FROM DISPATCH: 1002
2018-01-25 18:30:55,569 MCT_Register INFO     PLAYER ID NOT REGISTERED: playerVirtual64
2018-01-25 18:30:55,571 MCT_Register INFO     PLAYER REGISTERED: playerVirtual64
2018-01-25 18:30:55,578 MCT_Register INFO     ------------------------------------------

2018-01-25 18:35:57,765 MCT_Register INFO     MSG RECEIVED FROM DISPATCH: 1002
2018-01-25 18:35:57,768 MCT_Register INFO     PLAYER ID NOT REGISTERED: playerVirtual65
2018-01-25 18:35:57,770 MCT_Register INFO     PLAYER REGISTERED: playerVirtual65
2018-01-25 18:35:57,777 MCT_Register INFO     ------------------------------------------

2018-01-25 18:40:54,116 MCT_Register INFO     MSG RECEIVED FROM DISPATCH: 1002
2018-01-25 18:40:54,120 MCT_Register INFO     PLAYER ID NOT REGISTERED: playerVirtual66
2018-01-25 18:40:54,122 MCT_Register INFO     PLAYER REGISTERED: playerVirtual66
2018-01-25 18:40:54,129 MCT_Register INFO     ------------------------------------------

2018-01-25 18:45:50,907 MCT_Register INFO     MSG RECEIVED FROM DISPATCH: 1002
2018-01-25 18:45:50,910 MCT_Register INFO     PLAYER ID NOT REGISTERED: playerVirtual67
2018-01-25 18:45:50,913 MCT_Register INFO     PLAYER REGISTERED: playerVirtual67
2018-01-25 18:45:50,922 MCT_Register INFO     ------------------------------------------

2018-01-25 18:50:53,895 MCT_Register INFO     MSG RECEIVED FROM DISPATCH: 1002
2018-01-25 18:50:53,899 MCT_Register INFO     PLAYER ID NOT REGISTERED: playerVirtual68
2018-01-25 18:50:53,902 MCT_Register INFO     PLAYER REGISTERED: playerVirtual68
2018-01-25 18:50:53,909 MCT_Register INFO     ------------------------------------------

2018-01-25 18:55:55,080 MCT_Register INFO     MSG RECEIVED FROM DISPATCH: 1002
2018-01-25 18:55:55,083 MCT_Register INFO     PLAYER ID NOT REGISTERED: playerVirtual69
2018-01-25 18:55:55,086 MCT_Register INFO     PLAYER REGISTERED: playerVirtual69
2018-01-25 18:55:55,093 MCT_Register INFO     ------------------------------------------

2018-01-25 19:00:57,217 MCT_Register INFO     MSG RECEIVED FROM DISPATCH: 1002
2018-01-25 19:00:57,221 MCT_Register INFO     PLAYER ID NOT REGISTERED: playerVirtual70
2018-01-25 19:00:57,223 MCT_Register INFO     PLAYER REGISTERED: playerVirtual70
2018-01-25 19:00:57,230 MCT_Register INFO     ------------------------------------------

2018-01-25 19:05:58,474 MCT_Register INFO     MSG RECEIVED FROM DISPATCH: 1002
2018-01-25 19:05:58,477 MCT_Register INFO     PLAYER ID NOT REGISTERED: playerVirtual71
2018-01-25 19:05:58,479 MCT_Register INFO     PLAYER REGISTERED: playerVirtual71
2018-01-25 19:05:58,486 MCT_Register INFO     ------------------------------------------

2018-01-25 19:10:54,543 MCT_Register INFO     MSG RECEIVED FROM DISPATCH: 1002
2018-01-25 19:10:54,546 MCT_Register INFO     PLAYER ID NOT REGISTERED: playerVirtual72
2018-01-25 19:10:54,549 MCT_Register INFO     PLAYER REGISTERED: playerVirtual72
2018-01-25 19:10:54,557 MCT_Register INFO     ------------------------------------------

2018-01-25 19:15:50,773 MCT_Register INFO     MSG RECEIVED FROM DISPATCH: 1002
2018-01-25 19:15:50,776 MCT_Register INFO     PLAYER ID NOT REGISTERED: playerVirtual73
2018-01-25 19:15:50,778 MCT_Register INFO     PLAYER REGISTERED: playerVirtual73
2018-01-25 19:15:50,786 MCT_Register INFO     ------------------------------------------

2018-01-25 19:20:55,697 MCT_Register INFO     MSG RECEIVED FROM DISPATCH: 1002
2018-01-25 19:20:55,701 MCT_Register INFO     PLAYER ID NOT REGISTERED: playerVirtual74
2018-01-25 19:20:55,703 MCT_Register INFO     PLAYER REGISTERED: playerVirtual74
2018-01-25 19:20:55,710 MCT_Register INFO     ------------------------------------------

2018-01-25 19:25:54,694 MCT_Register INFO     MSG RECEIVED FROM DISPATCH: 1002
2018-01-25 19:25:54,697 MCT_Register INFO     PLAYER ID NOT REGISTERED: playerVirtual75
2018-01-25 19:25:54,700 MCT_Register INFO     PLAYER REGISTERED: playerVirtual75
2018-01-25 19:25:54,707 MCT_Register INFO     ------------------------------------------

2018-01-25 19:30:53,387 MCT_Register INFO     MSG RECEIVED FROM DISPATCH: 1002
2018-01-25 19:30:53,391 MCT_Register INFO     PLAYER ID NOT REGISTERED: playerVirtual76
2018-01-25 19:30:53,393 MCT_Register INFO     PLAYER REGISTERED: playerVirtual76
2018-01-25 19:30:53,401 MCT_Register INFO     ------------------------------------------

2018-01-25 19:35:51,912 MCT_Register INFO     MSG RECEIVED FROM DISPATCH: 1002
2018-01-25 19:35:51,915 MCT_Register INFO     PLAYER ID NOT REGISTERED: playerVirtual77
2018-01-25 19:35:51,918 MCT_Register INFO     PLAYER REGISTERED: playerVirtual77
2018-01-25 19:35:51,925 MCT_Register INFO     ------------------------------------------

2018-01-25 19:40:50,132 MCT_Register INFO     MSG RECEIVED FROM DISPATCH: 1002
2018-01-25 19:40:50,135 MCT_Register INFO     PLAYER ID NOT REGISTERED: playerVirtual78
2018-01-25 19:40:50,138 MCT_Register INFO     PLAYER REGISTERED: playerVirtual78
2018-01-25 19:40:50,145 MCT_Register INFO     ------------------------------------------

2018-01-25 19:45:54,169 MCT_Register INFO     MSG RECEIVED FROM DISPATCH: 1002
2018-01-25 19:45:54,172 MCT_Register INFO     PLAYER ID NOT REGISTERED: playerVirtual79
2018-01-25 19:45:54,174 MCT_Register INFO     PLAYER REGISTERED: playerVirtual79
2018-01-25 19:45:54,181 MCT_Register INFO     ------------------------------------------

2018-01-25 19:50:54,867 MCT_Register INFO     MSG RECEIVED FROM DISPATCH: 1002
2018-01-25 19:50:54,870 MCT_Register INFO     PLAYER ID NOT REGISTERED: playerVirtual80
2018-01-25 19:50:54,874 MCT_Register INFO     PLAYER REGISTERED: playerVirtual80
2018-01-25 19:50:54,881 MCT_Register INFO     ------------------------------------------

2018-01-25 19:55:52,946 MCT_Register INFO     MSG RECEIVED FROM DISPATCH: 1002
2018-01-25 19:55:52,949 MCT_Register INFO     PLAYER ID NOT REGISTERED: playerVirtual81
2018-01-25 19:55:52,959 MCT_Register INFO     PLAYER REGISTERED: playerVirtual81
2018-01-25 19:55:52,967 MCT_Register INFO     ------------------------------------------

2018-01-25 20:00:56,207 MCT_Register INFO     MSG RECEIVED FROM DISPATCH: 1002
2018-01-25 20:00:56,210 MCT_Register INFO     PLAYER ID NOT REGISTERED: playerVirtual82
2018-01-25 20:00:56,213 MCT_Register INFO     PLAYER REGISTERED: playerVirtual82
2018-01-25 20:00:56,220 MCT_Register INFO     ------------------------------------------

2018-01-25 20:05:51,656 MCT_Register INFO     MSG RECEIVED FROM DISPATCH: 1002
2018-01-25 20:05:51,660 MCT_Register INFO     PLAYER ID NOT REGISTERED: playerVirtual83
2018-01-25 20:05:51,662 MCT_Register INFO     PLAYER REGISTERED: playerVirtual83
2018-01-25 20:05:51,670 MCT_Register INFO     ------------------------------------------

2018-01-25 20:10:59,937 MCT_Register INFO     MSG RECEIVED FROM DISPATCH: 1002
2018-01-25 20:10:59,940 MCT_Register INFO     PLAYER ID NOT REGISTERED: playerVirtual84
2018-01-25 20:10:59,943 MCT_Register INFO     PLAYER REGISTERED: playerVirtual84
2018-01-25 20:10:59,950 MCT_Register INFO     ------------------------------------------

2018-01-25 20:15:57,966 MCT_Register INFO     MSG RECEIVED FROM DISPATCH: 1002
2018-01-25 20:15:57,969 MCT_Register INFO     PLAYER ID NOT REGISTERED: playerVirtual85
2018-01-25 20:15:57,971 MCT_Register INFO     PLAYER REGISTERED: playerVirtual85
2018-01-25 20:15:57,978 MCT_Register INFO     ------------------------------------------

2018-01-25 20:20:54,413 MCT_Register INFO     MSG RECEIVED FROM DISPATCH: 1002
2018-01-25 20:20:54,416 MCT_Register INFO     PLAYER ID NOT REGISTERED: playerVirtual86
2018-01-25 20:20:54,419 MCT_Register INFO     PLAYER REGISTERED: playerVirtual86
2018-01-25 20:20:54,426 MCT_Register INFO     ------------------------------------------

2018-01-25 20:25:51,624 MCT_Register INFO     MSG RECEIVED FROM DISPATCH: 1002
2018-01-25 20:25:51,628 MCT_Register INFO     PLAYER ID NOT REGISTERED: playerVirtual87
2018-01-25 20:25:51,630 MCT_Register INFO     PLAYER REGISTERED: playerVirtual87
2018-01-25 20:25:51,637 MCT_Register INFO     ------------------------------------------

2018-01-25 20:30:58,549 MCT_Register INFO     MSG RECEIVED FROM DISPATCH: 1002
2018-01-25 20:30:58,552 MCT_Register INFO     PLAYER ID NOT REGISTERED: playerVirtual88
2018-01-25 20:30:58,554 MCT_Register INFO     PLAYER REGISTERED: playerVirtual88
2018-01-25 20:30:58,562 MCT_Register INFO     ------------------------------------------

2018-01-25 20:35:51,085 MCT_Register INFO     MSG RECEIVED FROM DISPATCH: 1002
2018-01-25 20:35:51,089 MCT_Register INFO     PLAYER ID NOT REGISTERED: playerVirtual89
2018-01-25 20:35:51,091 MCT_Register INFO     PLAYER REGISTERED: playerVirtual89
2018-01-25 20:35:51,099 MCT_Register INFO     ------------------------------------------

2018-01-25 20:40:56,071 MCT_Register INFO     MSG RECEIVED FROM DISPATCH: 1002
2018-01-25 20:40:56,074 MCT_Register INFO     PLAYER ID NOT REGISTERED: playerVirtual90
2018-01-25 20:40:56,077 MCT_Register INFO     PLAYER REGISTERED: playerVirtual90
2018-01-25 20:40:56,084 MCT_Register INFO     ------------------------------------------

2018-01-25 20:45:57,061 MCT_Register INFO     MSG RECEIVED FROM DISPATCH: 1002
2018-01-25 20:45:57,064 MCT_Register INFO     PLAYER ID NOT REGISTERED: playerVirtual91
2018-01-25 20:45:57,066 MCT_Register INFO     PLAYER REGISTERED: playerVirtual91
2018-01-25 20:45:57,074 MCT_Register INFO     ------------------------------------------

2018-01-25 20:50:53,613 MCT_Register INFO     MSG RECEIVED FROM DISPATCH: 1002
2018-01-25 20:50:53,617 MCT_Register INFO     PLAYER ID NOT REGISTERED: playerVirtual92
2018-01-25 20:50:53,620 MCT_Register INFO     PLAYER REGISTERED: playerVirtual92
2018-01-25 20:50:53,627 MCT_Register INFO     ------------------------------------------

2018-01-25 20:55:54,080 MCT_Register INFO     MSG RECEIVED FROM DISPATCH: 1002
2018-01-25 20:55:54,084 MCT_Register INFO     PLAYER ID NOT REGISTERED: playerVirtual93
2018-01-25 20:55:54,086 MCT_Register INFO     PLAYER REGISTERED: playerVirtual93
2018-01-25 20:55:54,093 MCT_Register INFO     ------------------------------------------

2018-01-25 21:00:52,248 MCT_Register INFO     MSG RECEIVED FROM DISPATCH: 1002
2018-01-25 21:00:52,252 MCT_Register INFO     PLAYER ID NOT REGISTERED: playerVirtual94
2018-01-25 21:00:52,255 MCT_Register INFO     PLAYER REGISTERED: playerVirtual94
2018-01-25 21:00:52,263 MCT_Register INFO     ------------------------------------------

2018-01-25 21:05:56,026 MCT_Register INFO     MSG RECEIVED FROM DISPATCH: 1002
2018-01-25 21:05:56,030 MCT_Register INFO     PLAYER ID NOT REGISTERED: playerVirtual95
2018-01-25 21:05:56,032 MCT_Register INFO     PLAYER REGISTERED: playerVirtual95
2018-01-25 21:05:56,040 MCT_Register INFO     ------------------------------------------

2018-01-25 21:10:59,652 MCT_Register INFO     MSG RECEIVED FROM DISPATCH: 1002
2018-01-25 21:10:59,655 MCT_Register INFO     PLAYER ID NOT REGISTERED: playerVirtual96
2018-01-25 21:10:59,658 MCT_Register INFO     PLAYER REGISTERED: playerVirtual96
2018-01-25 21:10:59,664 MCT_Register INFO     ------------------------------------------

2018-01-25 21:15:52,057 MCT_Register INFO     MSG RECEIVED FROM DISPATCH: 1002
2018-01-25 21:15:52,061 MCT_Register INFO     PLAYER ID NOT REGISTERED: playerVirtual97
2018-01-25 21:15:52,063 MCT_Register INFO     PLAYER REGISTERED: playerVirtual97
2018-01-25 21:15:52,070 MCT_Register INFO     ------------------------------------------

2018-01-25 21:20:54,425 MCT_Register INFO     MSG RECEIVED FROM DISPATCH: 1002
2018-01-25 21:20:54,428 MCT_Register INFO     PLAYER ID NOT REGISTERED: playerVirtual98
2018-01-25 21:20:54,430 MCT_Register INFO     PLAYER REGISTERED: playerVirtual98
2018-01-25 21:20:54,437 MCT_Register INFO     ------------------------------------------

2018-01-25 21:25:56,235 MCT_Register INFO     MSG RECEIVED FROM DISPATCH: 1002
2018-01-25 21:25:56,239 MCT_Register INFO     PLAYER ID NOT REGISTERED: playerVirtual99
2018-01-25 21:25:56,241 MCT_Register INFO     PLAYER REGISTERED: playerVirtual99
2018-01-25 21:25:56,248 MCT_Register INFO     ------------------------------------------

2018-01-26 05:11:04,500 MCT_Register INFO     ###### STOP MCT_REGISTER ######

