2018-02-21 04:40:16,587 MCT_Register INFO     ###### START MCT_REGISTER ######

2018-02-21 04:40:43,370 MCT_Register INFO     MSG RECEIVED FROM DISPATCH: 1002
2018-02-21 04:40:43,370 MCT_Register INFO     WITHOUT RESOURCES! playerVirtual1
2018-02-21 04:40:43,431 MCT_Register INFO     ------------------------------------------

2018-02-21 04:40:43,550 MCT_Register INFO     MSG RECEIVED FROM DISPATCH: 1002
2018-02-21 04:40:43,592 MCT_Register INFO     PLAYER ID NOT REGISTERED: playerVirtual2
2018-02-21 04:40:43,691 MCT_Register INFO     playerVirtual2 register 1
2018-02-21 04:40:43,745 MCT_Register INFO     ------------------------------------------

2018-02-21 04:40:43,833 MCT_Register INFO     MSG RECEIVED FROM DISPATCH: 1002
2018-02-21 04:40:43,842 MCT_Register INFO     PLAYER ID NOT REGISTERED: playerVirtual0
2018-02-21 04:40:43,871 MCT_Register INFO     playerVirtual0 register 1
2018-02-21 04:40:43,933 MCT_Register INFO     ------------------------------------------

2018-02-21 04:45:41,398 MCT_Register INFO     MSG RECEIVED FROM DISPATCH: 1002
2018-02-21 04:45:41,399 MCT_Register INFO     WITHOUT RESOURCES! playerVirtual3
2018-02-21 04:45:41,458 MCT_Register INFO     ------------------------------------------

2018-02-21 04:50:40,293 MCT_Register INFO     MSG RECEIVED FROM DISPATCH: 1002
2018-02-21 04:50:40,304 MCT_Register INFO     PLAYER ID NOT REGISTERED: playerVirtual4
2018-02-21 04:50:40,311 MCT_Register INFO     playerVirtual4 register 1
2018-02-21 04:50:40,372 MCT_Register INFO     ------------------------------------------

2018-02-21 04:52:18,671 MCT_Register INFO     MSG RECEIVED FROM DISPATCH: 1002
2018-02-21 04:52:18,680 MCT_Register INFO     PLAYER ID NOT REGISTERED: playerVirtual1358
2018-02-21 04:52:18,713 MCT_Register INFO     playerVirtual1358 register 1
2018-02-21 04:52:18,769 MCT_Register INFO     ------------------------------------------

2018-02-21 04:55:40,558 MCT_Register INFO     MSG RECEIVED FROM DISPATCH: 1002
2018-02-21 04:55:40,559 MCT_Register INFO     WITHOUT RESOURCES! playerVirtual5
2018-02-21 04:55:40,617 MCT_Register INFO     ------------------------------------------

2018-02-21 05:00:40,878 MCT_Register INFO     MSG RECEIVED FROM DISPATCH: 1002
2018-02-21 05:00:40,886 MCT_Register INFO     PLAYER ID NOT REGISTERED: playerVirtual6
2018-02-21 05:00:40,894 MCT_Register INFO     playerVirtual6 register 1
2018-02-21 05:00:40,940 MCT_Register INFO     ------------------------------------------

2018-02-21 05:04:01,902 MCT_Register INFO     MSG RECEIVED FROM DISPATCH: 1002
2018-02-21 05:04:01,909 MCT_Register INFO     PLAYER ID NOT REGISTERED: playerVirtual1471
2018-02-21 05:04:01,918 MCT_Register INFO     playerVirtual1471 register 1
2018-02-21 05:04:01,977 MCT_Register INFO     ------------------------------------------

2018-02-21 05:05:39,464 MCT_Register INFO     MSG RECEIVED FROM DISPATCH: 1002
2018-02-21 05:05:39,465 MCT_Register INFO     WITHOUT RESOURCES! playerVirtual7
2018-02-21 05:05:39,518 MCT_Register INFO     ------------------------------------------

2018-02-21 05:10:40,257 MCT_Register INFO     MSG RECEIVED FROM DISPATCH: 1002
2018-02-21 05:10:40,264 MCT_Register INFO     PLAYER ID NOT REGISTERED: playerVirtual8
2018-02-21 05:10:40,287 MCT_Register INFO     playerVirtual8 register 1
2018-02-21 05:10:40,350 MCT_Register INFO     ------------------------------------------

2018-02-21 05:15:42,707 MCT_Register INFO     MSG RECEIVED FROM DISPATCH: 1002
2018-02-21 05:15:42,708 MCT_Register INFO     WITHOUT RESOURCES! playerVirtual9
2018-02-21 05:15:42,765 MCT_Register INFO     ------------------------------------------

2018-02-21 05:20:39,669 MCT_Register INFO     MSG RECEIVED FROM DISPATCH: 1002
2018-02-21 05:20:39,674 MCT_Register INFO     PLAYER ID NOT REGISTERED: playerVirtual10
2018-02-21 05:20:39,681 MCT_Register INFO     playerVirtual10 register 1
2018-02-21 05:20:39,747 MCT_Register INFO     ------------------------------------------

2018-02-21 05:23:00,822 MCT_Register INFO     MSG RECEIVED FROM DISPATCH: 1002
2018-02-21 05:23:00,834 MCT_Register INFO     PLAYER ID NOT REGISTERED: playerVirtual1699
2018-02-21 05:23:00,848 MCT_Register INFO     playerVirtual1699 register 1
2018-02-21 05:23:00,898 MCT_Register INFO     ------------------------------------------

2018-02-21 05:25:46,098 MCT_Register INFO     MSG RECEIVED FROM DISPATCH: 1002
2018-02-21 05:25:46,098 MCT_Register INFO     WITHOUT RESOURCES! playerVirtual11
2018-02-21 05:25:46,160 MCT_Register INFO     ------------------------------------------

2018-02-21 05:30:40,810 MCT_Register INFO     MSG RECEIVED FROM DISPATCH: 1002
2018-02-21 05:30:40,813 MCT_Register INFO     WITHOUT RESOURCES! playerVirtual12
2018-02-21 05:30:40,870 MCT_Register INFO     ------------------------------------------

2018-02-21 05:35:46,258 MCT_Register INFO     MSG RECEIVED FROM DISPATCH: 1002
2018-02-21 05:35:46,259 MCT_Register INFO     WITHOUT RESOURCES! playerVirtual13
2018-02-21 05:35:46,311 MCT_Register INFO     ------------------------------------------

2018-02-21 05:40:45,854 MCT_Register INFO     MSG RECEIVED FROM DISPATCH: 1002
2018-02-21 05:40:45,855 MCT_Register INFO     WITHOUT RESOURCES! playerVirtual14
2018-02-21 05:40:45,910 MCT_Register INFO     ------------------------------------------

2018-02-21 05:45:15,499 MCT_Register INFO     MSG RECEIVED FROM DISPATCH: 1002
2018-02-21 05:45:15,506 MCT_Register INFO     PLAYER ID NOT REGISTERED: playerVirtual1064
2018-02-21 05:45:15,513 MCT_Register INFO     playerVirtual1064 register 1
2018-02-21 05:45:15,571 MCT_Register INFO     ------------------------------------------

2018-02-21 05:45:46,530 MCT_Register INFO     MSG RECEIVED FROM DISPATCH: 1002
2018-02-21 05:45:46,531 MCT_Register INFO     WITHOUT RESOURCES! playerVirtual15
2018-02-21 05:45:46,587 MCT_Register INFO     ------------------------------------------

2018-02-21 05:50:39,058 MCT_Register INFO     MSG RECEIVED FROM DISPATCH: 1002
2018-02-21 05:50:39,064 MCT_Register INFO     WITHOUT RESOURCES! playerVirtual16
2018-02-21 05:50:39,114 MCT_Register INFO     ------------------------------------------

2018-02-21 05:55:46,156 MCT_Register INFO     MSG RECEIVED FROM DISPATCH: 1002
2018-02-21 05:55:46,156 MCT_Register INFO     WITHOUT RESOURCES! playerVirtual17
2018-02-21 05:55:46,210 MCT_Register INFO     ------------------------------------------

2018-02-21 06:00:40,211 MCT_Register INFO     MSG RECEIVED FROM DISPATCH: 1002
2018-02-21 06:00:40,211 MCT_Register INFO     WITHOUT RESOURCES! playerVirtual18
2018-02-21 06:00:40,270 MCT_Register INFO     ------------------------------------------

2018-02-21 06:05:40,890 MCT_Register INFO     MSG RECEIVED FROM DISPATCH: 1002
2018-02-21 06:05:40,898 MCT_Register INFO     PLAYER ID NOT REGISTERED: playerVirtual19
2018-02-21 06:05:40,958 MCT_Register INFO     playerVirtual19 register 1
2018-02-21 06:05:41,013 MCT_Register INFO     ------------------------------------------

2018-02-21 06:09:09,666 MCT_Register INFO     MSG RECEIVED FROM DISPATCH: 1002
2018-02-21 06:09:09,681 MCT_Register INFO     PLAYER ID NOT REGISTERED: playerVirtual1956
2018-02-21 06:09:09,689 MCT_Register INFO     playerVirtual1956 register 1
2018-02-21 06:09:09,747 MCT_Register INFO     ------------------------------------------

2018-02-21 06:30:28,644 MCT_Register INFO     MSG RECEIVED FROM DISPATCH: 1002
2018-02-21 06:30:28,652 MCT_Register INFO     PLAYER ID NOT REGISTERED: playerVirtual1801
2018-02-21 06:30:28,691 MCT_Register INFO     playerVirtual1801 register 1
2018-02-21 06:30:28,744 MCT_Register INFO     ------------------------------------------

2018-02-21 06:50:17,750 MCT_Register INFO     MSG RECEIVED FROM DISPATCH: 1002
2018-02-21 06:50:17,759 MCT_Register INFO     PLAYER ID NOT REGISTERED: playerVirtual1898
2018-02-21 06:50:17,765 MCT_Register INFO     playerVirtual1898 register 1
2018-02-21 06:50:17,817 MCT_Register INFO     ------------------------------------------

2018-02-21 07:12:43,292 MCT_Register INFO     MSG RECEIVED FROM DISPATCH: 1002
2018-02-21 07:12:43,302 MCT_Register INFO     PLAYER ID NOT REGISTERED: playerVirtual1652
2018-02-21 07:12:43,312 MCT_Register INFO     playerVirtual1652 register 1
2018-02-21 07:12:43,364 MCT_Register INFO     ------------------------------------------

2018-02-21 07:31:26,810 MCT_Register INFO     ###### STOP MCT_REGISTER ######

