2018-03-05 14:12:46,020 MCT_Register INFO     ###### START MCT_REGISTER ######

2018-03-05 14:13:00,878 MCT_Register INFO     MSG RECEIVED FROM DISPATCH: 1002
2018-03-05 14:13:00,920 MCT_Register INFO     PLAYER ID NOT REGISTERED: playerVirtual1
2018-03-05 14:13:00,950 MCT_Register INFO     playerVirtual1 register 1
2018-03-05 14:13:01,018 MCT_Register INFO     ------------------------------------------

2018-03-05 14:13:01,029 MCT_Register INFO     MSG RECEIVED FROM DISPATCH: 1002
2018-03-05 14:13:01,036 MCT_Register INFO     PLAYER ID NOT REGISTERED: playerVirtual2
2018-03-05 14:13:01,045 MCT_Register INFO     playerVirtual2 register 1
2018-03-05 14:13:01,098 MCT_Register INFO     ------------------------------------------

2018-03-05 14:18:07,185 MCT_Register INFO     MSG RECEIVED FROM DISPATCH: 1002
2018-03-05 14:18:07,191 MCT_Register INFO     PLAYER ID NOT REGISTERED: playerVirtual3
2018-03-05 14:18:07,197 MCT_Register INFO     playerVirtual3 register 1
2018-03-05 14:18:07,255 MCT_Register INFO     ------------------------------------------

2018-03-05 14:22:59,725 MCT_Register INFO     MSG RECEIVED FROM DISPATCH: 1002
2018-03-05 14:22:59,737 MCT_Register INFO     PLAYER ID NOT REGISTERED: playerVirtual4
2018-03-05 14:22:59,746 MCT_Register INFO     playerVirtual4 register 1
2018-03-05 14:22:59,810 MCT_Register INFO     ------------------------------------------

2018-03-05 14:28:05,032 MCT_Register INFO     MSG RECEIVED FROM DISPATCH: 1002
2018-03-05 14:28:05,040 MCT_Register INFO     PLAYER ID NOT REGISTERED: playerVirtual5
2018-03-05 14:28:05,046 MCT_Register INFO     playerVirtual5 register 1
2018-03-05 14:28:05,113 MCT_Register INFO     ------------------------------------------

2018-03-05 14:33:03,594 MCT_Register INFO     MSG RECEIVED FROM DISPATCH: 1002
2018-03-05 14:33:03,599 MCT_Register INFO     PLAYER ID NOT REGISTERED: playerVirtual6
2018-03-05 14:33:03,634 MCT_Register INFO     playerVirtual6 register 1
2018-03-05 14:33:03,689 MCT_Register INFO     ------------------------------------------

2018-03-05 14:38:06,288 MCT_Register INFO     MSG RECEIVED FROM DISPATCH: 1002
2018-03-05 14:38:06,300 MCT_Register INFO     PLAYER ID NOT REGISTERED: playerVirtual7
2018-03-05 14:38:06,308 MCT_Register INFO     playerVirtual7 register 1
2018-03-05 14:38:06,359 MCT_Register INFO     ------------------------------------------

2018-03-05 14:40:52,786 MCT_Register INFO     ###### STOP MCT_REGISTER ######

2018-03-05 14:42:25,280 MCT_Register INFO     ###### START MCT_REGISTER ######

2018-03-05 14:42:36,641 MCT_Register INFO     MSG RECEIVED FROM DISPATCH: 1002
2018-03-05 14:42:36,697 MCT_Register INFO     PLAYER ID NOT REGISTERED: playerVirtual1
2018-03-05 14:42:36,749 MCT_Register INFO     playerVirtual1 register 1
2018-03-05 14:42:36,807 MCT_Register INFO     ------------------------------------------

2018-03-05 14:42:36,807 MCT_Register INFO     MSG RECEIVED FROM DISPATCH: 1002
2018-03-05 14:42:36,812 MCT_Register INFO     PLAYER ID NOT REGISTERED: playerVirtual2
2018-03-05 14:42:36,818 MCT_Register INFO     playerVirtual2 register 1
2018-03-05 14:42:36,868 MCT_Register INFO     ------------------------------------------

2018-03-05 14:47:37,448 MCT_Register INFO     MSG RECEIVED FROM DISPATCH: 1002
2018-03-05 14:47:37,459 MCT_Register INFO     PLAYER ID NOT REGISTERED: playerVirtual3
2018-03-05 14:47:37,566 MCT_Register INFO     playerVirtual3 register 1
2018-03-05 14:47:37,623 MCT_Register INFO     ------------------------------------------

2018-03-05 14:52:41,129 MCT_Register INFO     MSG RECEIVED FROM DISPATCH: 1002
2018-03-05 14:52:41,134 MCT_Register INFO     PLAYER ID NOT REGISTERED: playerVirtual4
2018-03-05 14:52:41,140 MCT_Register INFO     playerVirtual4 register 1
2018-03-05 14:52:41,190 MCT_Register INFO     ------------------------------------------

2018-03-05 14:52:41,298 MCT_Register INFO     MSG RECEIVED FROM DISPATCH: 1002
2018-03-05 14:52:41,303 MCT_Register INFO     PLAYER ID NOT REGISTERED: playerVirtual0
2018-03-05 14:52:41,351 MCT_Register INFO     playerVirtual0 register 1
2018-03-05 14:52:41,409 MCT_Register INFO     ------------------------------------------

2018-03-05 14:57:39,035 MCT_Register INFO     MSG RECEIVED FROM DISPATCH: 1002
2018-03-05 14:57:39,046 MCT_Register INFO     PLAYER ID NOT REGISTERED: playerVirtual5
2018-03-05 14:57:39,055 MCT_Register INFO     playerVirtual5 register 1
2018-03-05 14:57:39,110 MCT_Register INFO     ------------------------------------------

2018-03-05 15:02:36,235 MCT_Register INFO     MSG RECEIVED FROM DISPATCH: 1002
2018-03-05 15:02:36,240 MCT_Register INFO     PLAYER ID NOT REGISTERED: playerVirtual6
2018-03-05 15:02:36,258 MCT_Register INFO     playerVirtual6 register 1
2018-03-05 15:02:36,313 MCT_Register INFO     ------------------------------------------

2018-03-05 15:04:52,505 MCT_Register INFO     MSG RECEIVED FROM DISPATCH: 1002
2018-03-05 15:04:52,510 MCT_Register INFO     PLAYER ID NOT REGISTERED: playerVirtual1930
2018-03-05 15:04:52,518 MCT_Register INFO     playerVirtual1930 register 1
2018-03-05 15:04:52,579 MCT_Register INFO     ------------------------------------------

2018-03-05 15:07:35,340 MCT_Register INFO     MSG RECEIVED FROM DISPATCH: 1002
2018-03-05 15:07:35,350 MCT_Register INFO     PLAYER ID NOT REGISTERED: playerVirtual7
2018-03-05 15:07:35,361 MCT_Register INFO     playerVirtual7 register 1
2018-03-05 15:07:35,422 MCT_Register INFO     ------------------------------------------

2018-03-05 15:12:34,251 MCT_Register INFO     MSG RECEIVED FROM DISPATCH: 1002
2018-03-05 15:12:34,265 MCT_Register INFO     PLAYER ID NOT REGISTERED: playerVirtual8
2018-03-05 15:12:34,282 MCT_Register INFO     playerVirtual8 register 1
2018-03-05 15:12:34,351 MCT_Register INFO     ------------------------------------------

2018-03-05 15:17:38,150 MCT_Register INFO     MSG RECEIVED FROM DISPATCH: 1002
2018-03-05 15:17:38,156 MCT_Register INFO     PLAYER ID NOT REGISTERED: playerVirtual9
2018-03-05 15:17:38,163 MCT_Register INFO     playerVirtual9 register 1
2018-03-05 15:17:38,218 MCT_Register INFO     ------------------------------------------

2018-03-05 15:17:38,309 MCT_Register INFO     MSG RECEIVED FROM DISPATCH: 1002
2018-03-05 15:17:38,320 MCT_Register INFO     PLAYER ID NOT REGISTERED: playerVirtual1377
2018-03-05 15:17:38,324 MCT_Register INFO     playerVirtual1377 register 1
2018-03-05 15:17:38,377 MCT_Register INFO     ------------------------------------------

2018-03-05 15:22:38,625 MCT_Register INFO     MSG RECEIVED FROM DISPATCH: 1002
2018-03-05 15:22:38,635 MCT_Register INFO     PLAYER ID NOT REGISTERED: playerVirtual10
2018-03-05 15:22:38,641 MCT_Register INFO     playerVirtual10 register 1
2018-03-05 15:22:38,707 MCT_Register INFO     ------------------------------------------

2018-03-05 15:27:39,254 MCT_Register INFO     MSG RECEIVED FROM DISPATCH: 1002
2018-03-05 15:27:39,261 MCT_Register INFO     PLAYER ID NOT REGISTERED: playerVirtual11
2018-03-05 15:27:39,265 MCT_Register INFO     playerVirtual11 register 1
2018-03-05 15:27:39,326 MCT_Register INFO     ------------------------------------------

2018-03-05 15:29:43,069 MCT_Register INFO     MSG RECEIVED FROM DISPATCH: 1002
2018-03-05 15:29:43,077 MCT_Register INFO     PLAYER ID NOT REGISTERED: playerVirtual1200
2018-03-05 15:29:43,086 MCT_Register INFO     playerVirtual1200 register 1
2018-03-05 15:29:43,137 MCT_Register INFO     ------------------------------------------

2018-03-05 15:32:43,761 MCT_Register INFO     MSG RECEIVED FROM DISPATCH: 1002
2018-03-05 15:32:43,768 MCT_Register INFO     PLAYER ID NOT REGISTERED: playerVirtual12
2018-03-05 15:32:43,773 MCT_Register INFO     playerVirtual12 register 1
2018-03-05 15:32:43,834 MCT_Register INFO     ------------------------------------------

2018-03-05 15:37:42,236 MCT_Register INFO     MSG RECEIVED FROM DISPATCH: 1002
2018-03-05 15:37:42,245 MCT_Register INFO     PLAYER ID NOT REGISTERED: playerVirtual13
2018-03-05 15:37:42,337 MCT_Register INFO     playerVirtual13 register 1
2018-03-05 15:37:42,396 MCT_Register INFO     ------------------------------------------

2018-03-05 15:40:32,619 MCT_Register INFO     MSG RECEIVED FROM DISPATCH: 1002
2018-03-05 15:40:32,625 MCT_Register INFO     PLAYER ID NOT REGISTERED: playerVirtual1338
2018-03-05 15:40:32,636 MCT_Register INFO     playerVirtual1338 register 1
2018-03-05 15:40:32,696 MCT_Register INFO     ------------------------------------------

2018-03-05 15:42:34,475 MCT_Register INFO     MSG RECEIVED FROM DISPATCH: 1002
2018-03-05 15:42:34,481 MCT_Register INFO     PLAYER ID NOT REGISTERED: playerVirtual14
2018-03-05 15:42:34,487 MCT_Register INFO     playerVirtual14 register 1
2018-03-05 15:42:34,548 MCT_Register INFO     ------------------------------------------

2018-03-05 15:47:36,547 MCT_Register INFO     MSG RECEIVED FROM DISPATCH: 1002
2018-03-05 15:47:36,556 MCT_Register INFO     PLAYER ID NOT REGISTERED: playerVirtual15
2018-03-05 15:47:36,565 MCT_Register INFO     playerVirtual15 register 1
2018-03-05 15:47:36,620 MCT_Register INFO     ------------------------------------------

2018-03-05 15:52:39,931 MCT_Register INFO     MSG RECEIVED FROM DISPATCH: 1002
2018-03-05 15:52:39,942 MCT_Register INFO     PLAYER ID NOT REGISTERED: playerVirtual16
2018-03-05 15:52:40,018 MCT_Register INFO     playerVirtual16 register 1
2018-03-05 15:52:40,070 MCT_Register INFO     ------------------------------------------

2018-03-05 15:55:44,057 MCT_Register INFO     MSG RECEIVED FROM DISPATCH: 1002
2018-03-05 15:55:44,064 MCT_Register INFO     PLAYER ID NOT REGISTERED: playerVirtual1142
2018-03-05 15:55:44,071 MCT_Register INFO     playerVirtual1142 register 1
2018-03-05 15:55:44,121 MCT_Register INFO     ------------------------------------------

2018-03-05 15:57:36,521 MCT_Register INFO     MSG RECEIVED FROM DISPATCH: 1002
2018-03-05 15:57:36,529 MCT_Register INFO     PLAYER ID NOT REGISTERED: playerVirtual17
2018-03-05 15:57:36,539 MCT_Register INFO     playerVirtual17 register 1
2018-03-05 15:57:36,603 MCT_Register INFO     ------------------------------------------

2018-03-05 16:02:41,232 MCT_Register INFO     MSG RECEIVED FROM DISPATCH: 1002
2018-03-05 16:02:41,242 MCT_Register INFO     PLAYER ID NOT REGISTERED: playerVirtual18
2018-03-05 16:02:41,249 MCT_Register INFO     playerVirtual18 register 1
2018-03-05 16:02:41,298 MCT_Register INFO     ------------------------------------------

2018-03-05 16:07:38,477 MCT_Register INFO     MSG RECEIVED FROM DISPATCH: 1002
2018-03-05 16:07:38,485 MCT_Register INFO     PLAYER ID NOT REGISTERED: playerVirtual19
2018-03-05 16:07:38,914 MCT_Register INFO     playerVirtual19 register 1
2018-03-05 16:07:38,971 MCT_Register INFO     ------------------------------------------

2018-03-05 16:17:54,201 MCT_Register INFO     MSG RECEIVED FROM DISPATCH: 1002
2018-03-05 16:17:54,208 MCT_Register INFO     PLAYER ID NOT REGISTERED: playerVirtual1256
2018-03-05 16:17:54,213 MCT_Register INFO     playerVirtual1256 register 1
2018-03-05 16:17:54,264 MCT_Register INFO     ------------------------------------------

2018-03-05 16:43:10,364 MCT_Register INFO     MSG RECEIVED FROM DISPATCH: 1002
2018-03-05 16:43:10,372 MCT_Register INFO     PLAYER ID NOT REGISTERED: playerVirtual1755
2018-03-05 16:43:10,419 MCT_Register INFO     playerVirtual1755 register 1
2018-03-05 16:43:10,468 MCT_Register INFO     ------------------------------------------

2018-03-05 17:12:28,655 MCT_Register INFO     MSG RECEIVED FROM DISPATCH: 1002
2018-03-05 17:12:28,665 MCT_Register INFO     PLAYER ID NOT REGISTERED: playerVirtual1184
2018-03-05 17:12:28,672 MCT_Register INFO     playerVirtual1184 register 1
2018-03-05 17:12:28,735 MCT_Register INFO     ------------------------------------------

2018-03-05 17:44:12,246 MCT_Register INFO     MSG RECEIVED FROM DISPATCH: 1002
2018-03-05 17:44:12,256 MCT_Register INFO     PLAYER ID NOT REGISTERED: playerVirtual1593
2018-03-05 17:44:12,262 MCT_Register INFO     playerVirtual1593 register 1
2018-03-05 17:44:12,321 MCT_Register INFO     ------------------------------------------

2018-03-05 18:19:45,042 MCT_Register INFO     MSG RECEIVED FROM DISPATCH: 1002
2018-03-05 18:19:45,049 MCT_Register INFO     PLAYER ID NOT REGISTERED: playerVirtual1211
2018-03-05 18:19:45,053 MCT_Register INFO     playerVirtual1211 register 1
2018-03-05 18:19:45,116 MCT_Register INFO     ------------------------------------------

2018-03-05 18:58:27,053 MCT_Register INFO     MSG RECEIVED FROM DISPATCH: 1002
2018-03-05 18:58:27,057 MCT_Register INFO     PLAYER ID NOT REGISTERED: playerVirtual1496
2018-03-05 18:58:27,063 MCT_Register INFO     playerVirtual1496 register 1
2018-03-05 18:58:27,125 MCT_Register INFO     ------------------------------------------

2018-03-05 19:33:20,785 MCT_Register INFO     ###### STOP MCT_REGISTER ######

