2018-03-03 10:09:19,589 MCT_Register INFO     ###### START MCT_REGISTER ######

2018-03-03 10:09:47,134 MCT_Register INFO     MSG RECEIVED FROM DISPATCH: 1002
2018-03-03 10:09:47,181 MCT_Register INFO     PLAYER ID NOT REGISTERED: playerVirtual1
2018-03-03 10:09:47,189 MCT_Register INFO     playerVirtual1 register 1
2018-03-03 10:09:47,240 MCT_Register INFO     ------------------------------------------

2018-03-03 10:09:47,241 MCT_Register INFO     MSG RECEIVED FROM DISPATCH: 1002
2018-03-03 10:09:47,255 MCT_Register INFO     PLAYER ID NOT REGISTERED: playerVirtual2
2018-03-03 10:09:47,263 MCT_Register INFO     playerVirtual2 register 1
2018-03-03 10:09:47,317 MCT_Register INFO     ------------------------------------------

2018-03-03 10:14:49,210 MCT_Register INFO     MSG RECEIVED FROM DISPATCH: 1002
2018-03-03 10:14:49,218 MCT_Register INFO     PLAYER ID NOT REGISTERED: playerVirtual3
2018-03-03 10:14:49,224 MCT_Register INFO     playerVirtual3 register 1
2018-03-03 10:14:49,280 MCT_Register INFO     ------------------------------------------

2018-03-03 10:19:46,989 MCT_Register INFO     MSG RECEIVED FROM DISPATCH: 1002
2018-03-03 10:19:46,997 MCT_Register INFO     PLAYER ID NOT REGISTERED: playerVirtual4
2018-03-03 10:19:47,205 MCT_Register INFO     playerVirtual4 register 1
2018-03-03 10:19:47,257 MCT_Register INFO     ------------------------------------------

2018-03-03 10:20:31,278 MCT_Register INFO     MSG RECEIVED FROM DISPATCH: 1002
2018-03-03 10:20:31,283 MCT_Register INFO     PLAYER ID NOT REGISTERED: playerVirtual0
2018-03-03 10:20:31,287 MCT_Register INFO     playerVirtual0 register 1
2018-03-03 10:20:31,338 MCT_Register INFO     ------------------------------------------

2018-03-03 10:24:44,508 MCT_Register INFO     MSG RECEIVED FROM DISPATCH: 1002
2018-03-03 10:24:44,518 MCT_Register INFO     PLAYER ID NOT REGISTERED: playerVirtual5
2018-03-03 10:24:44,526 MCT_Register INFO     playerVirtual5 register 1
2018-03-03 10:24:44,585 MCT_Register INFO     ------------------------------------------

2018-03-03 10:29:52,826 MCT_Register INFO     MSG RECEIVED FROM DISPATCH: 1002
2018-03-03 10:29:52,833 MCT_Register INFO     PLAYER ID NOT REGISTERED: playerVirtual6
2018-03-03 10:29:52,842 MCT_Register INFO     playerVirtual6 register 1
2018-03-03 10:29:52,903 MCT_Register INFO     ------------------------------------------

2018-03-03 10:33:34,006 MCT_Register INFO     MSG RECEIVED FROM DISPATCH: 1002
2018-03-03 10:33:34,012 MCT_Register INFO     PLAYER ID NOT REGISTERED: playerVirtual1590
2018-03-03 10:33:34,039 MCT_Register INFO     playerVirtual1590 register 1
2018-03-03 10:33:34,092 MCT_Register INFO     ------------------------------------------

2018-03-03 10:34:45,421 MCT_Register INFO     MSG RECEIVED FROM DISPATCH: 1002
2018-03-03 10:34:45,430 MCT_Register INFO     PLAYER ID NOT REGISTERED: playerVirtual7
2018-03-03 10:34:45,475 MCT_Register INFO     playerVirtual7 register 1
2018-03-03 10:34:45,536 MCT_Register INFO     ------------------------------------------

2018-03-03 10:39:45,332 MCT_Register INFO     MSG RECEIVED FROM DISPATCH: 1002
2018-03-03 10:39:45,339 MCT_Register INFO     PLAYER ID NOT REGISTERED: playerVirtual8
2018-03-03 10:39:45,345 MCT_Register INFO     playerVirtual8 register 1
2018-03-03 10:39:45,399 MCT_Register INFO     ------------------------------------------

2018-03-03 10:41:35,327 MCT_Register INFO     MSG RECEIVED FROM DISPATCH: 1002
2018-03-03 10:41:35,333 MCT_Register INFO     PLAYER ID NOT REGISTERED: playerVirtual1985
2018-03-03 10:41:35,531 MCT_Register INFO     playerVirtual1985 register 1
2018-03-03 10:41:35,589 MCT_Register INFO     ------------------------------------------

2018-03-03 10:44:51,352 MCT_Register INFO     MSG RECEIVED FROM DISPATCH: 1002
2018-03-03 10:44:51,367 MCT_Register INFO     PLAYER ID NOT REGISTERED: playerVirtual9
2018-03-03 10:44:51,372 MCT_Register INFO     playerVirtual9 register 1
2018-03-03 10:44:51,424 MCT_Register INFO     ------------------------------------------

2018-03-03 10:49:48,240 MCT_Register INFO     MSG RECEIVED FROM DISPATCH: 1002
2018-03-03 10:49:48,245 MCT_Register INFO     PLAYER ID NOT REGISTERED: playerVirtual10
2018-03-03 10:49:48,250 MCT_Register INFO     playerVirtual10 register 1
2018-03-03 10:49:48,307 MCT_Register INFO     ------------------------------------------

2018-03-03 10:53:21,482 MCT_Register INFO     MSG RECEIVED FROM DISPATCH: 1002
2018-03-03 10:53:21,494 MCT_Register INFO     PLAYER ID NOT REGISTERED: playerVirtual1161
2018-03-03 10:53:21,528 MCT_Register INFO     playerVirtual1161 register 1
2018-03-03 10:53:21,580 MCT_Register INFO     ------------------------------------------

2018-03-03 10:54:45,496 MCT_Register INFO     MSG RECEIVED FROM DISPATCH: 1002
2018-03-03 10:54:45,505 MCT_Register INFO     PLAYER ID NOT REGISTERED: playerVirtual11
2018-03-03 10:54:45,511 MCT_Register INFO     playerVirtual11 register 1
2018-03-03 10:54:45,570 MCT_Register INFO     ------------------------------------------

2018-03-03 10:59:45,054 MCT_Register INFO     MSG RECEIVED FROM DISPATCH: 1002
2018-03-03 10:59:45,062 MCT_Register INFO     PLAYER ID NOT REGISTERED: playerVirtual12
2018-03-03 10:59:45,068 MCT_Register INFO     playerVirtual12 register 1
2018-03-03 10:59:45,121 MCT_Register INFO     ------------------------------------------

2018-03-03 11:04:48,349 MCT_Register INFO     MSG RECEIVED FROM DISPATCH: 1002
2018-03-03 11:04:48,360 MCT_Register INFO     PLAYER ID NOT REGISTERED: playerVirtual13
2018-03-03 11:04:48,371 MCT_Register INFO     playerVirtual13 register 1
2018-03-03 11:04:48,426 MCT_Register INFO     ------------------------------------------

2018-03-03 11:09:46,778 MCT_Register INFO     MSG RECEIVED FROM DISPATCH: 1002
2018-03-03 11:09:46,787 MCT_Register INFO     PLAYER ID NOT REGISTERED: playerVirtual14
2018-03-03 11:09:46,810 MCT_Register INFO     playerVirtual14 register 1
2018-03-03 11:09:46,861 MCT_Register INFO     ------------------------------------------

2018-03-03 11:14:46,028 MCT_Register INFO     MSG RECEIVED FROM DISPATCH: 1002
2018-03-03 11:14:46,032 MCT_Register INFO     PLAYER ID NOT REGISTERED: playerVirtual15
2018-03-03 11:14:46,084 MCT_Register INFO     playerVirtual15 register 1
2018-03-03 11:14:46,138 MCT_Register INFO     ------------------------------------------

2018-03-03 11:19:50,881 MCT_Register INFO     MSG RECEIVED FROM DISPATCH: 1002
2018-03-03 11:19:50,889 MCT_Register INFO     PLAYER ID NOT REGISTERED: playerVirtual1205
2018-03-03 11:19:50,898 MCT_Register INFO     playerVirtual1205 register 1
2018-03-03 11:19:50,953 MCT_Register INFO     ------------------------------------------

2018-03-03 11:19:51,053 MCT_Register INFO     MSG RECEIVED FROM DISPATCH: 1002
2018-03-03 11:19:51,066 MCT_Register INFO     PLAYER ID NOT REGISTERED: playerVirtual16
2018-03-03 11:19:51,178 MCT_Register INFO     playerVirtual16 register 1
2018-03-03 11:19:51,238 MCT_Register INFO     ------------------------------------------

2018-03-03 11:24:50,813 MCT_Register INFO     MSG RECEIVED FROM DISPATCH: 1002
2018-03-03 11:24:50,824 MCT_Register INFO     PLAYER ID NOT REGISTERED: playerVirtual17
2018-03-03 11:24:50,831 MCT_Register INFO     playerVirtual17 register 1
2018-03-03 11:24:50,888 MCT_Register INFO     ------------------------------------------

2018-03-03 11:29:45,827 MCT_Register INFO     MSG RECEIVED FROM DISPATCH: 1002
2018-03-03 11:29:45,833 MCT_Register INFO     PLAYER ID NOT REGISTERED: playerVirtual18
2018-03-03 11:29:45,861 MCT_Register INFO     playerVirtual18 register 1
2018-03-03 11:29:45,915 MCT_Register INFO     ------------------------------------------

2018-03-03 11:34:47,382 MCT_Register INFO     MSG RECEIVED FROM DISPATCH: 1002
2018-03-03 11:34:47,386 MCT_Register INFO     PLAYER ID NOT REGISTERED: playerVirtual19
2018-03-03 11:34:47,391 MCT_Register INFO     playerVirtual19 register 1
2018-03-03 11:34:47,439 MCT_Register INFO     ------------------------------------------

2018-03-03 11:41:26,778 MCT_Register INFO     MSG RECEIVED FROM DISPATCH: 1002
2018-03-03 11:41:26,781 MCT_Register INFO     PLAYER ID NOT REGISTERED: playerVirtual1553
2018-03-03 11:41:26,815 MCT_Register INFO     playerVirtual1553 register 1
2018-03-03 11:41:26,868 MCT_Register INFO     ------------------------------------------

2018-03-03 12:06:02,558 MCT_Register INFO     MSG RECEIVED FROM DISPATCH: 1002
2018-03-03 12:06:02,566 MCT_Register INFO     PLAYER ID NOT REGISTERED: playerVirtual1848
2018-03-03 12:06:02,574 MCT_Register INFO     playerVirtual1848 register 1
2018-03-03 12:06:02,624 MCT_Register INFO     ------------------------------------------

2018-03-03 12:34:41,516 MCT_Register INFO     MSG RECEIVED FROM DISPATCH: 1002
2018-03-03 12:34:41,525 MCT_Register INFO     PLAYER ID NOT REGISTERED: playerVirtual1655
2018-03-03 12:34:41,532 MCT_Register INFO     playerVirtual1655 register 1
2018-03-03 12:34:41,586 MCT_Register INFO     ------------------------------------------

2018-03-03 13:05:41,729 MCT_Register INFO     MSG RECEIVED FROM DISPATCH: 1002
2018-03-03 13:05:41,736 MCT_Register INFO     PLAYER ID NOT REGISTERED: playerVirtual1544
2018-03-03 13:05:41,763 MCT_Register INFO     playerVirtual1544 register 1
2018-03-03 13:05:41,813 MCT_Register INFO     ------------------------------------------

2018-03-03 13:39:35,209 MCT_Register INFO     MSG RECEIVED FROM DISPATCH: 1002
2018-03-03 13:39:35,219 MCT_Register INFO     PLAYER ID NOT REGISTERED: playerVirtual1856
2018-03-03 13:39:35,225 MCT_Register INFO     playerVirtual1856 register 1
2018-03-03 13:39:35,274 MCT_Register INFO     ------------------------------------------

2018-03-03 14:17:24,470 MCT_Register INFO     MSG RECEIVED FROM DISPATCH: 1002
2018-03-03 14:17:24,476 MCT_Register INFO     PLAYER ID NOT REGISTERED: playerVirtual1079
2018-03-03 14:17:24,481 MCT_Register INFO     playerVirtual1079 register 1
2018-03-03 14:17:24,533 MCT_Register INFO     ------------------------------------------

2018-03-03 14:58:22,091 MCT_Register INFO     MSG RECEIVED FROM DISPATCH: 1002
2018-03-03 14:58:22,098 MCT_Register INFO     PLAYER ID NOT REGISTERED: playerVirtual1653
2018-03-03 14:58:22,142 MCT_Register INFO     playerVirtual1653 register 1
2018-03-03 14:58:22,203 MCT_Register INFO     ------------------------------------------

2018-03-03 15:42:11,780 MCT_Register INFO     MSG RECEIVED FROM DISPATCH: 1002
2018-03-03 15:42:11,785 MCT_Register INFO     PLAYER ID NOT REGISTERED: playerVirtual1335
2018-03-03 15:42:11,860 MCT_Register INFO     playerVirtual1335 register 1
2018-03-03 15:42:11,914 MCT_Register INFO     ------------------------------------------

2018-03-03 16:29:02,861 MCT_Register INFO     MSG RECEIVED FROM DISPATCH: 1002
2018-03-03 16:29:02,870 MCT_Register INFO     PLAYER ID NOT REGISTERED: playerVirtual1859
2018-03-03 16:29:02,875 MCT_Register INFO     playerVirtual1859 register 1
2018-03-03 16:29:02,933 MCT_Register INFO     ------------------------------------------

2018-03-03 17:19:38,822 MCT_Register INFO     MSG RECEIVED FROM DISPATCH: 1002
2018-03-03 17:19:38,833 MCT_Register INFO     PLAYER ID NOT REGISTERED: playerVirtual1258
2018-03-03 17:19:38,840 MCT_Register INFO     playerVirtual1258 register 1
2018-03-03 17:19:38,903 MCT_Register INFO     ------------------------------------------

2018-03-03 18:15:45,893 MCT_Register INFO     MSG RECEIVED FROM DISPATCH: 1002
2018-03-03 18:15:45,901 MCT_Register INFO     PLAYER ID NOT REGISTERED: playerVirtual1176
2018-03-03 18:15:45,907 MCT_Register INFO     playerVirtual1176 register 1
2018-03-03 18:15:45,959 MCT_Register INFO     ------------------------------------------

2018-03-03 19:18:03,235 MCT_Register INFO     MSG RECEIVED FROM DISPATCH: 1002
2018-03-03 19:18:03,243 MCT_Register INFO     PLAYER ID NOT REGISTERED: playerVirtual1635
2018-03-03 19:18:03,281 MCT_Register INFO     playerVirtual1635 register 1
2018-03-03 19:18:03,335 MCT_Register INFO     ------------------------------------------

2018-03-03 20:23:36,588 MCT_Register INFO     MSG RECEIVED FROM DISPATCH: 1002
2018-03-03 20:23:36,594 MCT_Register INFO     PLAYER ID NOT REGISTERED: playerVirtual1461
2018-03-03 20:23:36,617 MCT_Register INFO     playerVirtual1461 register 1
2018-03-03 20:23:36,674 MCT_Register INFO     ------------------------------------------

2018-03-03 21:32:16,165 MCT_Register INFO     MSG RECEIVED FROM DISPATCH: 1002
2018-03-03 21:32:16,172 MCT_Register INFO     PLAYER ID NOT REGISTERED: playerVirtual1924
2018-03-03 21:32:16,268 MCT_Register INFO     playerVirtual1924 register 1
2018-03-03 21:32:16,325 MCT_Register INFO     ------------------------------------------

2018-03-03 22:42:19,183 MCT_Register INFO     ###### STOP MCT_REGISTER ######

