2018-03-04 17:53:45,467 MCT_Register INFO     ###### START MCT_REGISTER ######

2018-03-04 17:54:01,054 MCT_Register INFO     MSG RECEIVED FROM DISPATCH: 1002
2018-03-04 17:54:01,094 MCT_Register INFO     PLAYER ID NOT REGISTERED: playerVirtual1
2018-03-04 17:54:01,102 MCT_Register INFO     playerVirtual1 register 1
2018-03-04 17:54:01,169 MCT_Register INFO     ------------------------------------------

2018-03-04 17:54:01,282 MCT_Register INFO     MSG RECEIVED FROM DISPATCH: 1002
2018-03-04 17:54:01,289 MCT_Register INFO     PLAYER ID NOT REGISTERED: playerVirtual2
2018-03-04 17:54:01,314 MCT_Register INFO     playerVirtual2 register 1
2018-03-04 17:54:01,375 MCT_Register INFO     ------------------------------------------

2018-03-04 17:59:04,682 MCT_Register INFO     MSG RECEIVED FROM DISPATCH: 1002
2018-03-04 17:59:04,692 MCT_Register INFO     PLAYER ID NOT REGISTERED: playerVirtual3
2018-03-04 17:59:04,698 MCT_Register INFO     playerVirtual3 register 1
2018-03-04 17:59:04,758 MCT_Register INFO     ------------------------------------------

2018-03-04 18:04:05,941 MCT_Register INFO     MSG RECEIVED FROM DISPATCH: 1002
2018-03-04 18:04:05,948 MCT_Register INFO     PLAYER ID NOT REGISTERED: playerVirtual4
2018-03-04 18:04:05,961 MCT_Register INFO     playerVirtual4 register 1
2018-03-04 18:04:06,017 MCT_Register INFO     ------------------------------------------

2018-03-04 18:04:06,359 MCT_Register INFO     MSG RECEIVED FROM DISPATCH: 1002
2018-03-04 18:04:06,365 MCT_Register INFO     PLAYER ID NOT REGISTERED: playerVirtual0
2018-03-04 18:04:06,621 MCT_Register INFO     playerVirtual0 register 1
2018-03-04 18:04:06,677 MCT_Register INFO     ------------------------------------------

2018-03-04 18:09:06,331 MCT_Register INFO     MSG RECEIVED FROM DISPATCH: 1002
2018-03-04 18:09:06,339 MCT_Register INFO     PLAYER ID NOT REGISTERED: playerVirtual5
2018-03-04 18:09:06,345 MCT_Register INFO     playerVirtual5 register 1
2018-03-04 18:09:06,405 MCT_Register INFO     ------------------------------------------

2018-03-04 18:14:00,506 MCT_Register INFO     MSG RECEIVED FROM DISPATCH: 1002
2018-03-04 18:14:00,514 MCT_Register INFO     PLAYER ID NOT REGISTERED: playerVirtual6
2018-03-04 18:14:00,524 MCT_Register INFO     playerVirtual6 register 1
2018-03-04 18:14:00,572 MCT_Register INFO     ------------------------------------------

2018-03-04 18:16:16,791 MCT_Register INFO     MSG RECEIVED FROM DISPATCH: 1002
2018-03-04 18:16:16,798 MCT_Register INFO     PLAYER ID NOT REGISTERED: playerVirtual1374
2018-03-04 18:16:16,804 MCT_Register INFO     playerVirtual1374 register 1
2018-03-04 18:16:16,863 MCT_Register INFO     ------------------------------------------

2018-03-04 18:19:03,105 MCT_Register INFO     MSG RECEIVED FROM DISPATCH: 1002
2018-03-04 18:19:03,110 MCT_Register INFO     PLAYER ID NOT REGISTERED: playerVirtual7
2018-03-04 18:19:03,114 MCT_Register INFO     playerVirtual7 register 1
2018-03-04 18:19:03,168 MCT_Register INFO     ------------------------------------------

2018-03-04 18:24:00,620 MCT_Register INFO     MSG RECEIVED FROM DISPATCH: 1002
2018-03-04 18:24:00,624 MCT_Register INFO     PLAYER ID NOT REGISTERED: playerVirtual8
2018-03-04 18:24:00,628 MCT_Register INFO     playerVirtual8 register 1
2018-03-04 18:24:00,685 MCT_Register INFO     ------------------------------------------

2018-03-04 18:29:03,234 MCT_Register INFO     MSG RECEIVED FROM DISPATCH: 1002
2018-03-04 18:29:03,241 MCT_Register INFO     PLAYER ID NOT REGISTERED: playerVirtual1864
2018-03-04 18:29:03,251 MCT_Register INFO     playerVirtual1864 register 1
2018-03-04 18:29:03,305 MCT_Register INFO     ------------------------------------------

2018-03-04 18:29:03,409 MCT_Register INFO     MSG RECEIVED FROM DISPATCH: 1002
2018-03-04 18:29:03,424 MCT_Register INFO     PLAYER ID NOT REGISTERED: playerVirtual9
2018-03-04 18:29:03,435 MCT_Register INFO     playerVirtual9 register 1
2018-03-04 18:29:03,490 MCT_Register INFO     ------------------------------------------

2018-03-04 18:34:02,889 MCT_Register INFO     MSG RECEIVED FROM DISPATCH: 1002
2018-03-04 18:34:02,899 MCT_Register INFO     PLAYER ID NOT REGISTERED: playerVirtual10
2018-03-04 18:34:02,908 MCT_Register INFO     playerVirtual10 register 1
2018-03-04 18:34:02,970 MCT_Register INFO     ------------------------------------------

2018-03-04 18:39:03,024 MCT_Register INFO     MSG RECEIVED FROM DISPATCH: 1002
2018-03-04 18:39:03,030 MCT_Register INFO     PLAYER ID NOT REGISTERED: playerVirtual11
2018-03-04 18:39:03,113 MCT_Register INFO     playerVirtual11 register 1
2018-03-04 18:39:03,168 MCT_Register INFO     ------------------------------------------

2018-03-04 18:41:06,426 MCT_Register INFO     MSG RECEIVED FROM DISPATCH: 1002
2018-03-04 18:41:06,439 MCT_Register INFO     PLAYER ID NOT REGISTERED: playerVirtual1242
2018-03-04 18:41:06,501 MCT_Register INFO     playerVirtual1242 register 1
2018-03-04 18:41:06,558 MCT_Register INFO     ------------------------------------------

2018-03-04 18:44:01,049 MCT_Register INFO     MSG RECEIVED FROM DISPATCH: 1002
2018-03-04 18:44:01,057 MCT_Register INFO     PLAYER ID NOT REGISTERED: playerVirtual12
2018-03-04 18:44:01,064 MCT_Register INFO     playerVirtual12 register 1
2018-03-04 18:44:01,119 MCT_Register INFO     ------------------------------------------

2018-03-04 18:49:04,590 MCT_Register INFO     MSG RECEIVED FROM DISPATCH: 1002
2018-03-04 18:49:04,596 MCT_Register INFO     PLAYER ID NOT REGISTERED: playerVirtual13
2018-03-04 18:49:04,637 MCT_Register INFO     playerVirtual13 register 1
2018-03-04 18:49:04,698 MCT_Register INFO     ------------------------------------------

2018-03-04 18:51:56,543 MCT_Register INFO     MSG RECEIVED FROM DISPATCH: 1002
2018-03-04 18:51:56,555 MCT_Register INFO     PLAYER ID NOT REGISTERED: playerVirtual1812
2018-03-04 18:51:56,570 MCT_Register INFO     playerVirtual1812 register 1
2018-03-04 18:51:56,636 MCT_Register INFO     ------------------------------------------

2018-03-04 18:54:03,190 MCT_Register INFO     MSG RECEIVED FROM DISPATCH: 1002
2018-03-04 18:54:03,199 MCT_Register INFO     PLAYER ID NOT REGISTERED: playerVirtual14
2018-03-04 18:54:03,249 MCT_Register INFO     playerVirtual14 register 1
2018-03-04 18:54:03,304 MCT_Register INFO     ------------------------------------------

2018-03-04 18:59:05,154 MCT_Register INFO     MSG RECEIVED FROM DISPATCH: 1002
2018-03-04 18:59:05,159 MCT_Register INFO     PLAYER ID NOT REGISTERED: playerVirtual15
2018-03-04 18:59:05,232 MCT_Register INFO     playerVirtual15 register 1
2018-03-04 18:59:05,294 MCT_Register INFO     ------------------------------------------

2018-03-04 19:04:01,361 MCT_Register INFO     MSG RECEIVED FROM DISPATCH: 1002
2018-03-04 19:04:01,371 MCT_Register INFO     PLAYER ID NOT REGISTERED: playerVirtual16
2018-03-04 19:04:01,377 MCT_Register INFO     playerVirtual16 register 1
2018-03-04 19:04:01,437 MCT_Register INFO     ------------------------------------------

2018-03-04 19:07:07,332 MCT_Register INFO     MSG RECEIVED FROM DISPATCH: 1002
2018-03-04 19:07:07,339 MCT_Register INFO     PLAYER ID NOT REGISTERED: playerVirtual1738
2018-03-04 19:07:07,347 MCT_Register INFO     playerVirtual1738 register 1
2018-03-04 19:07:07,402 MCT_Register INFO     ------------------------------------------

2018-03-04 19:09:04,958 MCT_Register INFO     MSG RECEIVED FROM DISPATCH: 1002
2018-03-04 19:09:04,964 MCT_Register INFO     PLAYER ID NOT REGISTERED: playerVirtual17
2018-03-04 19:09:05,022 MCT_Register INFO     playerVirtual17 register 1
2018-03-04 19:09:05,085 MCT_Register INFO     ------------------------------------------

2018-03-04 19:14:06,033 MCT_Register INFO     MSG RECEIVED FROM DISPATCH: 1002
2018-03-04 19:14:06,039 MCT_Register INFO     PLAYER ID NOT REGISTERED: playerVirtual18
2018-03-04 19:14:06,043 MCT_Register INFO     playerVirtual18 register 1
2018-03-04 19:14:06,090 MCT_Register INFO     ------------------------------------------

2018-03-04 19:19:03,535 MCT_Register INFO     MSG RECEIVED FROM DISPATCH: 1002
2018-03-04 19:19:03,542 MCT_Register INFO     PLAYER ID NOT REGISTERED: playerVirtual19
2018-03-04 19:19:03,655 MCT_Register INFO     playerVirtual19 register 1
2018-03-04 19:19:03,715 MCT_Register INFO     ------------------------------------------

2018-03-04 19:29:22,758 MCT_Register INFO     MSG RECEIVED FROM DISPATCH: 1002
2018-03-04 19:29:22,764 MCT_Register INFO     PLAYER ID NOT REGISTERED: playerVirtual1014
2018-03-04 19:29:22,830 MCT_Register INFO     playerVirtual1014 register 1
2018-03-04 19:29:22,892 MCT_Register INFO     ------------------------------------------

2018-03-04 19:54:25,781 MCT_Register INFO     MSG RECEIVED FROM DISPATCH: 1002
2018-03-04 19:54:25,789 MCT_Register INFO     PLAYER ID NOT REGISTERED: playerVirtual1173
2018-03-04 19:54:25,879 MCT_Register INFO     playerVirtual1173 register 1
2018-03-04 19:54:25,930 MCT_Register INFO     ------------------------------------------

2018-03-04 20:23:44,209 MCT_Register INFO     MSG RECEIVED FROM DISPATCH: 1002
2018-03-04 20:23:44,218 MCT_Register INFO     PLAYER ID NOT REGISTERED: playerVirtual1384
2018-03-04 20:23:44,225 MCT_Register INFO     playerVirtual1384 register 1
2018-03-04 20:23:44,275 MCT_Register INFO     ------------------------------------------

2018-03-04 20:54:36,711 MCT_Register INFO     ###### STOP MCT_REGISTER ######

