2018-03-01 14:43:28,670 MCT_Register INFO     ###### START MCT_REGISTER ######

2018-03-01 14:43:42,295 MCT_Register INFO     MSG RECEIVED FROM DISPATCH: 1002
2018-03-01 14:43:42,343 MCT_Register INFO     PLAYER ID NOT REGISTERED: playerVirtual1
2018-03-01 14:43:42,351 MCT_Register INFO     playerVirtual1 register 1
2018-03-01 14:43:42,399 MCT_Register INFO     ------------------------------------------

2018-03-01 14:43:42,498 MCT_Register INFO     MSG RECEIVED FROM DISPATCH: 1002
2018-03-01 14:43:42,508 MCT_Register INFO     PLAYER ID NOT REGISTERED: playerVirtual2
2018-03-01 14:43:42,516 MCT_Register INFO     playerVirtual2 register 1
2018-03-01 14:43:42,566 MCT_Register INFO     ------------------------------------------

2018-03-01 14:48:40,023 MCT_Register INFO     MSG RECEIVED FROM DISPATCH: 1002
2018-03-01 14:48:40,028 MCT_Register INFO     PLAYER ID NOT REGISTERED: playerVirtual3
2018-03-01 14:48:40,549 MCT_Register INFO     playerVirtual3 register 1
2018-03-01 14:48:40,599 MCT_Register INFO     ------------------------------------------

2018-03-01 14:53:41,751 MCT_Register INFO     MSG RECEIVED FROM DISPATCH: 1002
2018-03-01 14:53:41,759 MCT_Register INFO     PLAYER ID NOT REGISTERED: playerVirtual4
2018-03-01 14:53:41,886 MCT_Register INFO     playerVirtual4 register 1
2018-03-01 14:53:41,949 MCT_Register INFO     ------------------------------------------

2018-03-01 14:53:50,494 MCT_Register INFO     MSG RECEIVED FROM DISPATCH: 1002
2018-03-01 14:53:50,504 MCT_Register INFO     PLAYER ID NOT REGISTERED: playerVirtual0
2018-03-01 14:53:50,614 MCT_Register INFO     playerVirtual0 register 1
2018-03-01 14:53:50,669 MCT_Register INFO     ------------------------------------------

2018-03-01 14:58:41,221 MCT_Register INFO     MSG RECEIVED FROM DISPATCH: 1002
2018-03-01 14:58:41,226 MCT_Register INFO     PLAYER ID NOT REGISTERED: playerVirtual5
2018-03-01 14:58:41,233 MCT_Register INFO     playerVirtual5 register 1
2018-03-01 14:58:41,285 MCT_Register INFO     ------------------------------------------

2018-03-01 15:03:44,580 MCT_Register INFO     MSG RECEIVED FROM DISPATCH: 1002
2018-03-01 15:03:44,588 MCT_Register INFO     PLAYER ID NOT REGISTERED: playerVirtual6
2018-03-01 15:03:44,595 MCT_Register INFO     playerVirtual6 register 1
2018-03-01 15:03:44,651 MCT_Register INFO     ------------------------------------------

2018-03-01 15:06:00,981 MCT_Register INFO     MSG RECEIVED FROM DISPATCH: 1002
2018-03-01 15:06:00,990 MCT_Register INFO     PLAYER ID NOT REGISTERED: playerVirtual1741
2018-03-01 15:06:00,996 MCT_Register INFO     playerVirtual1741 register 1
2018-03-01 15:06:01,051 MCT_Register INFO     ------------------------------------------

2018-03-01 15:08:40,894 MCT_Register INFO     MSG RECEIVED FROM DISPATCH: 1002
2018-03-01 15:08:40,902 MCT_Register INFO     PLAYER ID NOT REGISTERED: playerVirtual7
2018-03-01 15:08:40,908 MCT_Register INFO     playerVirtual7 register 1
2018-03-01 15:08:40,962 MCT_Register INFO     ------------------------------------------

2018-03-01 15:13:40,022 MCT_Register INFO     MSG RECEIVED FROM DISPATCH: 1002
2018-03-01 15:13:40,026 MCT_Register INFO     PLAYER ID NOT REGISTERED: playerVirtual8
2018-03-01 15:13:40,033 MCT_Register INFO     playerVirtual8 register 1
2018-03-01 15:13:40,088 MCT_Register INFO     ------------------------------------------

2018-03-01 15:18:45,628 MCT_Register INFO     MSG RECEIVED FROM DISPATCH: 1002
2018-03-01 15:18:45,637 MCT_Register INFO     PLAYER ID NOT REGISTERED: playerVirtual9
2018-03-01 15:18:45,641 MCT_Register INFO     playerVirtual9 register 1
2018-03-01 15:18:45,700 MCT_Register INFO     ------------------------------------------

2018-03-01 15:18:45,823 MCT_Register INFO     MSG RECEIVED FROM DISPATCH: 1002
2018-03-01 15:18:45,835 MCT_Register INFO     PLAYER ID NOT REGISTERED: playerVirtual1578
2018-03-01 15:18:45,885 MCT_Register INFO     playerVirtual1578 register 1
2018-03-01 15:18:45,941 MCT_Register INFO     ------------------------------------------

2018-03-01 15:23:44,846 MCT_Register INFO     MSG RECEIVED FROM DISPATCH: 1002
2018-03-01 15:23:44,857 MCT_Register INFO     PLAYER ID NOT REGISTERED: playerVirtual10
2018-03-01 15:23:44,872 MCT_Register INFO     playerVirtual10 register 1
2018-03-01 15:23:44,930 MCT_Register INFO     ------------------------------------------

2018-03-01 15:28:46,644 MCT_Register INFO     MSG RECEIVED FROM DISPATCH: 1002
2018-03-01 15:28:46,653 MCT_Register INFO     PLAYER ID NOT REGISTERED: playerVirtual11
2018-03-01 15:28:46,662 MCT_Register INFO     playerVirtual11 register 1
2018-03-01 15:28:46,722 MCT_Register INFO     ------------------------------------------

2018-03-01 15:30:54,273 MCT_Register INFO     MSG RECEIVED FROM DISPATCH: 1002
2018-03-01 15:30:54,283 MCT_Register INFO     PLAYER ID NOT REGISTERED: playerVirtual1448
2018-03-01 15:30:54,293 MCT_Register INFO     playerVirtual1448 register 1
2018-03-01 15:30:54,345 MCT_Register INFO     ------------------------------------------

2018-03-01 15:33:41,815 MCT_Register INFO     MSG RECEIVED FROM DISPATCH: 1002
2018-03-01 15:33:41,824 MCT_Register INFO     PLAYER ID NOT REGISTERED: playerVirtual12
2018-03-01 15:33:42,029 MCT_Register INFO     playerVirtual12 register 1
2018-03-01 15:33:42,082 MCT_Register INFO     ------------------------------------------

2018-03-01 15:38:56,313 MCT_Register INFO     MSG RECEIVED FROM DISPATCH: 1002
2018-03-01 15:38:56,323 MCT_Register INFO     PLAYER ID NOT REGISTERED: playerVirtual13
2018-03-01 15:38:56,892 MCT_Register INFO     playerVirtual13 register 1
2018-03-01 15:38:56,941 MCT_Register INFO     ------------------------------------------

2018-03-01 15:41:48,351 MCT_Register INFO     MSG RECEIVED FROM DISPATCH: 1002
2018-03-01 15:41:48,359 MCT_Register INFO     PLAYER ID NOT REGISTERED: playerVirtual1081
2018-03-01 15:41:48,815 MCT_Register INFO     playerVirtual1081 register 1
2018-03-01 15:41:48,862 MCT_Register INFO     ------------------------------------------

2018-03-01 15:43:44,946 MCT_Register INFO     MSG RECEIVED FROM DISPATCH: 1002
2018-03-01 15:43:44,958 MCT_Register INFO     PLAYER ID NOT REGISTERED: playerVirtual14
2018-03-01 15:43:44,980 MCT_Register INFO     playerVirtual14 register 1
2018-03-01 15:43:45,034 MCT_Register INFO     ------------------------------------------

2018-03-01 15:48:44,060 MCT_Register INFO     MSG RECEIVED FROM DISPATCH: 1002
2018-03-01 15:48:44,066 MCT_Register INFO     PLAYER ID NOT REGISTERED: playerVirtual15
2018-03-01 15:48:44,074 MCT_Register INFO     playerVirtual15 register 1
2018-03-01 15:48:44,130 MCT_Register INFO     ------------------------------------------

2018-03-01 15:53:40,658 MCT_Register INFO     MSG RECEIVED FROM DISPATCH: 1002
2018-03-01 15:53:40,665 MCT_Register INFO     PLAYER ID NOT REGISTERED: playerVirtual16
2018-03-01 15:53:40,673 MCT_Register INFO     playerVirtual16 register 1
2018-03-01 15:53:40,743 MCT_Register INFO     ------------------------------------------

2018-03-01 15:55:26,184 MCT_Register INFO     MSG RECEIVED FROM DISPATCH: 1002
2018-03-01 15:55:26,198 MCT_Register INFO     PLAYER ID NOT REGISTERED: playerVirtual1284
2018-03-01 15:55:26,217 MCT_Register INFO     playerVirtual1284 register 1
2018-03-01 15:55:26,273 MCT_Register INFO     ------------------------------------------

2018-03-01 15:58:47,207 MCT_Register INFO     MSG RECEIVED FROM DISPATCH: 1002
2018-03-01 15:58:47,223 MCT_Register INFO     PLAYER ID NOT REGISTERED: playerVirtual17
2018-03-01 15:58:47,227 MCT_Register INFO     playerVirtual17 register 1
2018-03-01 15:58:47,289 MCT_Register INFO     ------------------------------------------

2018-03-01 16:03:48,370 MCT_Register INFO     MSG RECEIVED FROM DISPATCH: 1002
2018-03-01 16:03:48,381 MCT_Register INFO     PLAYER ID NOT REGISTERED: playerVirtual18
2018-03-01 16:03:48,408 MCT_Register INFO     playerVirtual18 register 1
2018-03-01 16:03:48,461 MCT_Register INFO     ------------------------------------------

2018-03-01 16:08:44,847 MCT_Register INFO     MSG RECEIVED FROM DISPATCH: 1002
2018-03-01 16:08:44,857 MCT_Register INFO     PLAYER ID NOT REGISTERED: playerVirtual19
2018-03-01 16:08:44,863 MCT_Register INFO     playerVirtual19 register 1
2018-03-01 16:08:44,916 MCT_Register INFO     ------------------------------------------

2018-03-01 16:17:54,720 MCT_Register INFO     MSG RECEIVED FROM DISPATCH: 1002
2018-03-01 16:17:54,731 MCT_Register INFO     PLAYER ID NOT REGISTERED: playerVirtual1012
2018-03-01 16:17:54,741 MCT_Register INFO     playerVirtual1012 register 1
2018-03-01 16:17:54,806 MCT_Register INFO     ------------------------------------------

2018-03-01 16:43:24,874 MCT_Register INFO     MSG RECEIVED FROM DISPATCH: 1002
2018-03-01 16:43:24,880 MCT_Register INFO     PLAYER ID NOT REGISTERED: playerVirtual1224
2018-03-01 16:43:24,924 MCT_Register INFO     playerVirtual1224 register 1
2018-03-01 16:43:24,975 MCT_Register INFO     ------------------------------------------

2018-03-01 17:12:53,274 MCT_Register INFO     MSG RECEIVED FROM DISPATCH: 1002
2018-03-01 17:12:53,286 MCT_Register INFO     PLAYER ID NOT REGISTERED: playerVirtual1061
2018-03-01 17:12:53,292 MCT_Register INFO     playerVirtual1061 register 1
2018-03-01 17:12:53,357 MCT_Register INFO     ------------------------------------------

2018-03-01 17:37:08,228 MCT_Register INFO     ###### STOP MCT_REGISTER ######

